#
# A fatal error has been detected by the Java Runtime Environment:
#
#  SIGSEGV (0xb) at pc=0x00007fbd2925e9f0, pid=13438, tid=13461
#
# JRE version: Java(TM) SE Runtime Environment (11.0.2+9) (build 11.0.2+9-LTS)
# Java VM: Java HotSpot(TM) 64-Bit Server VM (11.0.2+9-LTS, mixed mode, tiered, compressed oops, g1 gc, linux-amd64)
# Problematic frame:
# C  [ld-linux-x86-64.so.2+0x199f0]  __tls_get_addr+0x0
#
# Core dump will be written. Default location: Core dumps may be processed with "/usr/share/apport/apport %p %s %c %d %P" (or dumping to /home/tobiasbe/Dokumente/Programmierung/Projekte/spring5-shop/rating/core.13438)
#
# If you would like to submit a bug report, please visit:
#   http://bugreport.java.com/bugreport/crash.jsp
#

---------------  S U M M A R Y ------------

Command Line: -javaagent:/snap/intellij-idea-community/158/lib/idea_rt.jar=42765:/snap/intellij-idea-community/158/bin -Dfile.encoding=UTF-8 de.tobiasbecode.spring5shop.rating.RatingApplication

Host: AMD Ryzen 5 1600 Six-Core Processor, 12 cores, 15G, Ubuntu 18.04.2 LTS
Time: Sun Jul  7 12:30:50 2019 CEST elapsed time: 3 seconds (0d 0h 0m 3s)

---------------  T H R E A D  ---------------

Current thread (0x00007fbd20295000):  JavaThread "C2 CompilerThread0" daemon [_thread_in_native, id=13461, stack(0x00007fbcf86aa000,0x00007fbcf87ab000)]


Current CompileTask:
C2:   3008 2940       4       jdk.internal.loader.ClassLoaders$AppClassLoader::loadClass (40 bytes)

Stack: [0x00007fbcf86aa000,0x00007fbcf87ab000],  sp=0x00007fbcf87a6208,  free space=1008k
Native frames: (J=compiled Java code, A=aot compiled Java code, j=interpreted, Vv=VM code, C=native code)
C  [ld-linux-x86-64.so.2+0x199f0]  __tls_get_addr+0x0
V  [libjvm.so+0xa7297d]  PhaseLive::freeset(Block*)+0x13d
V  [libjvm.so+0xa736b9]  PhaseLive::compute(unsigned int)+0x759
V  [libjvm.so+0x7ef17a]  PhaseCFG::global_code_motion()+0xb7a
V  [libjvm.so+0x7ef25a]  PhaseCFG::do_global_code_motion()+0x4a
V  [libjvm.so+0x6390c5]  Compile::Code_Gen()+0x1d5
V  [libjvm.so+0x63c6f0]  Compile::Compile(ciEnv*, C2Compiler*, ciMethod*, int, bool, bool, bool, DirectiveSet*)+0xc80
V  [libjvm.so+0x548061]  C2Compiler::compile_method(ciEnv*, ciMethod*, int, DirectiveSet*)+0xb1
V  [libjvm.so+0x64664c]  CompileBroker::invoke_compiler_on_method(CompileTask*)+0x4fc
V  [libjvm.so+0x6481c8]  CompileBroker::compiler_thread_loop()+0x598
V  [libjvm.so+0xdc4bbd]  JavaThread::thread_main_inner()+0x21d
V  [libjvm.so+0xdc4f67]  JavaThread::run()+0x377
V  [libjvm.so+0xc09750]  thread_native_entry(Thread*)+0xf0


siginfo: si_signo: 11 (SIGSEGV), si_code: 1 (SEGV_MAPERR), si_addr: 0x00007fbd2a3ead50

Register to memory mapping:

RAX=0x00007fbd285c1f60: <offset 0x000000000144bf60> in /usr/lib/jvm/java-11-oracle/lib/server/libjvm.so at 0x00007fbd27176000
RBX=0x0000000000000001 is an unknown value
RCX=0x000000000000197f is an unknown value
RDX=0x00007fbcccc9e120 points into unknown readable memory: c0 b4 2f ac bc 7f 00 00
RSP=0x00007fbcf87a6208 is pointing into the stack for thread: 0x00007fbd20295000
RBP=0x00007fbcf87a6240 is pointing into the stack for thread: 0x00007fbd20295000
RSI=0x000000000000197f is an unknown value
RDI=0x00007fbd28573fd0: <offset 0x00000000013fdfd0> in /usr/lib/jvm/java-11-oracle/lib/server/libjvm.so at 0x00007fbd27176000
R8 =0x0 is NULL
R9 =0x0000000080000000 is an unknown value
R10=0x0 is NULL
R11=0x0 is NULL
R12=0x000000000000197f is an unknown value
R13=0x00007fbccd314db0 points into unknown readable memory: 17 00 00 00 00 00 00 00
R14=0x00007fbccd314db0 points into unknown readable memory: 17 00 00 00 00 00 00 00
R15=0x00007fbcccee2970 points into unknown readable memory: 23 00 00 00 00 00 00 00


Registers:
RAX=0x00007fbd285c1f60, RBX=0x0000000000000001, RCX=0x000000000000197f, RDX=0x00007fbcccc9e120
RSP=0x00007fbcf87a6208, RBP=0x00007fbcf87a6240, RSI=0x000000000000197f, RDI=0x00007fbd28573fd0
R8 =0x0000000000000000, R9 =0x0000000080000000, R10=0x0000000000000000, R11=0x0000000000000000
R12=0x000000000000197f, R13=0x00007fbccd314db0, R14=0x00007fbccd314db0, R15=0x00007fbcccee2970
RIP=0x00007fbd2925e9f0, EFLAGS=0x0000000000010202, CSGSFS=0x002b000000000033, ERR=0x0000000000000004
  TRAPNO=0x000000000000000e

Top of Stack: (sp=0x00007fbcf87a6208)
0x00007fbcf87a6208:   00007fbd279c8ad7 00007fbcf87a6570
0x00007fbcf87a6218:   0000000000000001 00007fbcac718fb0
0x00007fbcf87a6228:   00007fbcf87a6570 00007fbccd314db0
0x00007fbcf87a6238:   00007fbcccee2970 00007fbcf87a62d0 

Instructions: (pc=0x00007fbd2925e9f0)
0x00007fbd2925e9d0:   30 48 8b 54 24 38 48 8b 4c 24 40 48 83 c4 48 ff
0x00007fbd2925e9e0:   20 66 2e 0f 1f 84 00 00 00 00 00 0f 1f 44 00 00
0x00007fbd2925e9f0:   64 48 8b 14 25 08 00 00 00 48 8b 05 b8 f5 20 00
0x00007fbd2925ea00:   48 39 02 75 16 48 8b 07 48 c1 e0 04 48 8b 04 02 

Stack slot to memory mapping:
stack at sp + 0 slots: 0x00007fbd279c8ad7: <offset 0x0000000000852ad7> in /usr/lib/jvm/java-11-oracle/lib/server/libjvm.so at 0x00007fbd27176000
stack at sp + 1 slots: 0x00007fbcf87a6570 is pointing into the stack for thread: 0x00007fbd20295000
stack at sp + 2 slots: 0x0000000000000001 is an unknown value
stack at sp + 3 slots: 0x00007fbcac718fb0 points into unknown readable memory: 48 7d 4b 28 bd 7f 00 00
stack at sp + 4 slots: 0x00007fbcf87a6570 is pointing into the stack for thread: 0x00007fbd20295000
stack at sp + 5 slots: 0x00007fbccd314db0 points into unknown readable memory: 17 00 00 00 00 00 00 00
stack at sp + 6 slots: 0x00007fbcccee2970 points into unknown readable memory: 23 00 00 00 00 00 00 00
stack at sp + 7 slots: 0x00007fbcf87a62d0 is pointing into the stack for thread: 0x00007fbd20295000


---------------  P R O C E S S  ---------------

Threads class SMR info:
_java_thread_list=0x00007fbc8c471370, length=15, elements={
0x00007fbd20016000, 0x00007fbd2027c800, 0x00007fbd20280800, 0x00007fbd20293000,
0x00007fbd20295000, 0x00007fbd20297000, 0x00007fbd20299000, 0x00007fbd2033e800,
0x00007fbd205ca000, 0x00007fbd208bc000, 0x00007fbcd0259000, 0x00007fbcd025c800,
0x00007fbd20e56000, 0x00007fbc94003000, 0x00007fbcd4001000
}

Java Threads: ( => current thread )
  0x00007fbd20016000 JavaThread "main" [_thread_blocked, id=13442, stack(0x00007fbd29350000,0x00007fbd29451000)]
  0x00007fbd2027c800 JavaThread "Reference Handler" daemon [_thread_blocked, id=13458, stack(0x00007fbcf89ad000,0x00007fbcf8aae000)]
  0x00007fbd20280800 JavaThread "Finalizer" daemon [_thread_blocked, id=13459, stack(0x00007fbcf88ac000,0x00007fbcf89ad000)]
  0x00007fbd20293000 JavaThread "Signal Dispatcher" daemon [_thread_blocked, id=13460, stack(0x00007fbcf87ab000,0x00007fbcf88ac000)]
=>0x00007fbd20295000 JavaThread "C2 CompilerThread0" daemon [_thread_in_native, id=13461, stack(0x00007fbcf86aa000,0x00007fbcf87ab000)]
  0x00007fbd20297000 JavaThread "C1 CompilerThread0" daemon [_thread_blocked, id=13462, stack(0x00007fbcf85a9000,0x00007fbcf86aa000)]
  0x00007fbd20299000 JavaThread "Sweeper thread" daemon [_thread_blocked, id=13463, stack(0x00007fbcf84a8000,0x00007fbcf85a9000)]
  0x00007fbd2033e800 JavaThread "Common-Cleaner" daemon [_thread_blocked, id=13469, stack(0x00007fbcf83a7000,0x00007fbcf84a8000)]
  0x00007fbd205ca000 JavaThread "Monitor Ctrl-Break" daemon [_thread_in_native, id=13471, stack(0x00007fbcf8095000,0x00007fbcf8196000)]
  0x00007fbd208bc000 JavaThread "Service Thread" daemon [_thread_blocked, id=13472, stack(0x00007fbcdb318000,0x00007fbcdb419000)]
  0x00007fbcd0259000 JavaThread "C2 CompilerThread1" daemon [_thread_in_native, id=13475, stack(0x00007fbcdad12000,0x00007fbcdae13000)]
  0x00007fbcd025c800 JavaThread "C2 CompilerThread2" daemon [_thread_in_native, id=13476, stack(0x00007fbcdac11000,0x00007fbcdad12000)]
  0x00007fbd20e56000 JavaThread "Thread-0" [_thread_blocked, id=13484, stack(0x00007fbcd9ffb000,0x00007fbcda0fc000)]
  0x00007fbc94003000 JavaThread "restartedMain" [_thread_in_vm, id=13485, stack(0x00007fbcd9efa000,0x00007fbcd9ffb000)]
  0x00007fbcd4001000 JavaThread "Attach Listener" daemon [_thread_blocked, id=13495, stack(0x00007fbcd98f8000,0x00007fbcd99f9000)]

Other Threads:
  0x00007fbd20274000 VMThread "VM Thread" [stack: 0x00007fbcf8ab0000,0x00007fbcf8bb0000] [id=13456]
  0x00007fbd208be800 WatcherThread [stack: 0x00007fbcdb218000,0x00007fbcdb318000] [id=13473]
  0x00007fbd2003e800 GCTaskThread "GC Thread#0" [stack: 0x00007fbd2564d000,0x00007fbd2574d000] [id=13443]
  0x00007fbce8001000 GCTaskThread "GC Thread#1" [stack: 0x00007fbcda706000,0x00007fbcda806000] [id=13478]
  0x00007fbce8002800 GCTaskThread "GC Thread#2" [stack: 0x00007fbcda604000,0x00007fbcda704000] [id=13479]
  0x00007fbce8004000 GCTaskThread "GC Thread#3" [stack: 0x00007fbcda502000,0x00007fbcda602000] [id=13480]
  0x00007fbce8005800 GCTaskThread "GC Thread#4" [stack: 0x00007fbcda400000,0x00007fbcda500000] [id=13481]
  0x00007fbce8007000 GCTaskThread "GC Thread#5" [stack: 0x00007fbcda2fe000,0x00007fbcda3fe000] [id=13482]
  0x00007fbce80da000 GCTaskThread "GC Thread#6" [stack: 0x00007fbcd8dd3000,0x00007fbcd8ed3000] [id=13500]
  0x00007fbce80db800 GCTaskThread "GC Thread#7" [stack: 0x00007fbcd8cd1000,0x00007fbcd8dd1000] [id=13502]
  0x00007fbd2009d000 ConcurrentGCThread "G1 Main Marker" [stack: 0x00007fbd24267000,0x00007fbd24367000] [id=13444]
  0x00007fbd2009f000 ConcurrentGCThread "G1 Conc#0" [stack: 0x00007fbd24165000,0x00007fbd24265000] [id=13445]
  0x00007fbcf4001000 ConcurrentGCThread "G1 Conc#1" [stack: 0x00007fbcd8bcf000,0x00007fbcd8ccf000] [id=13503]
  0x00007fbcf4002800 ConcurrentGCThread "G1 Conc#2" [stack: 0x00007fbcd8acd000,0x00007fbcd8bcd000] [id=13504]
  0x00007fbd201a8800 ConcurrentGCThread "G1 Refine#0" [stack: 0x00007fbcf94b4000,0x00007fbcf95b4000] [id=13448]
  0x00007fbd201aa800 ConcurrentGCThread "G1 Young RemSet Sampling" [stack: 0x00007fbcf93b2000,0x00007fbcf94b2000] [id=13449]

Threads with active compile tasks:
C2 CompilerThread02940       4       jdk.internal.loader.ClassLoaders$AppClassLoader::loadClass (40 bytes)
C2 CompilerThread13131   !   4       org.springframework.core.type.classreading.AnnotationAttributesReadingVisitor::recursivelyCollectMetaAnnotations (155 bytes)
C2 CompilerThread23127   !   4       java.net.URL::<init> (543 bytes)

VM state:not at safepoint (normal execution)

VM Mutex/Monitor currently owned by a thread: None

Heap address: 0x0000000705200000, size: 4014 MB, Compressed Oops mode: Zero based, Oop shift amount: 3
Narrow klass base: 0x0000000800000000, Narrow klass shift: 0
Compressed class space size: 1073741824 Address: 0x0000000800000000

Heap:
 garbage-first heap   total 258048K, used 40219K [0x0000000705200000, 0x0000000800000000)
  region size 1024K, 32 young (32768K), 5 survivors (5120K)
 Metaspace       used 33679K, capacity 34446K, committed 34812K, reserved 1079296K
  class space    used 3929K, capacity 4267K, committed 4348K, reserved 1048576K
Heap Regions: E=young(eden), S=young(survivor), O=old, HS=humongous(starts), HC=humongous(continues), CS=collection set, F=free, A=archive, TAMS=top-at-mark-start (previous, next)
|   0|0x0000000705200000, 0x0000000705300000, 0x0000000705300000|100%| O|  |TAMS 0x0000000705300000, 0x0000000705200000| Untracked 
|   1|0x0000000705300000, 0x0000000705400000, 0x0000000705400000|100%| O|  |TAMS 0x0000000705400000, 0x0000000705300000| Untracked 
|   2|0x0000000705400000, 0x0000000705500000, 0x0000000705500000|100%| O|  |TAMS 0x0000000705500000, 0x0000000705400000| Untracked 
|   3|0x0000000705500000, 0x0000000705600000, 0x0000000705600000|100%| O|  |TAMS 0x000000070559cc00, 0x0000000705500000| Untracked 
|   4|0x0000000705600000, 0x0000000705700000, 0x0000000705700000|100%| O|  |TAMS 0x0000000705600000, 0x0000000705600000| Untracked 
|   5|0x0000000705700000, 0x0000000705800000, 0x0000000705800000|100%| O|  |TAMS 0x0000000705700000, 0x0000000705700000| Untracked 
|   6|0x0000000705800000, 0x0000000705900000, 0x0000000705900000|100%| O|  |TAMS 0x0000000705800000, 0x0000000705800000| Untracked 
|   7|0x0000000705900000, 0x0000000705a00000, 0x0000000705a00000|100%| O|  |TAMS 0x0000000705900000, 0x0000000705900000| Untracked 
|   8|0x0000000705a00000, 0x0000000705ae9800, 0x0000000705b00000| 91%| O|  |TAMS 0x0000000705a00000, 0x0000000705a00000| Untracked 
|   9|0x0000000705b00000, 0x0000000705b00000, 0x0000000705c00000|  0%| F|  |TAMS 0x0000000705b00000, 0x0000000705b00000| Untracked 
|  10|0x0000000705c00000, 0x0000000705c00000, 0x0000000705d00000|  0%| F|  |TAMS 0x0000000705c00000, 0x0000000705c00000| Untracked 
|  11|0x0000000705d00000, 0x0000000705d00000, 0x0000000705e00000|  0%| F|  |TAMS 0x0000000705d00000, 0x0000000705d00000| Untracked 
|  12|0x0000000705e00000, 0x0000000705e00000, 0x0000000705f00000|  0%| F|  |TAMS 0x0000000705e00000, 0x0000000705e00000| Untracked 
|  13|0x0000000705f00000, 0x0000000705f00000, 0x0000000706000000|  0%| F|  |TAMS 0x0000000705f00000, 0x0000000705f00000| Untracked 
|  14|0x0000000706000000, 0x0000000706000000, 0x0000000706100000|  0%| F|  |TAMS 0x0000000706000000, 0x0000000706000000| Untracked 
|  15|0x0000000706100000, 0x0000000706100000, 0x0000000706200000|  0%| F|  |TAMS 0x0000000706100000, 0x0000000706100000| Untracked 
|  16|0x0000000706200000, 0x0000000706200000, 0x0000000706300000|  0%| F|  |TAMS 0x0000000706200000, 0x0000000706200000| Untracked 
|  17|0x0000000706300000, 0x0000000706300000, 0x0000000706400000|  0%| F|  |TAMS 0x0000000706300000, 0x0000000706300000| Untracked 
|  18|0x0000000706400000, 0x0000000706400000, 0x0000000706500000|  0%| F|  |TAMS 0x0000000706400000, 0x0000000706400000| Untracked 
|  19|0x0000000706500000, 0x0000000706500000, 0x0000000706600000|  0%| F|  |TAMS 0x0000000706500000, 0x0000000706500000| Untracked 
|  20|0x0000000706600000, 0x0000000706600000, 0x0000000706700000|  0%| F|  |TAMS 0x0000000706600000, 0x0000000706600000| Untracked 
|  21|0x0000000706700000, 0x0000000706700000, 0x0000000706800000|  0%| F|  |TAMS 0x0000000706700000, 0x0000000706700000| Untracked 
|  22|0x0000000706800000, 0x0000000706800000, 0x0000000706900000|  0%| F|  |TAMS 0x0000000706800000, 0x0000000706800000| Untracked 
|  23|0x0000000706900000, 0x0000000706900000, 0x0000000706a00000|  0%| F|  |TAMS 0x0000000706900000, 0x0000000706900000| Untracked 
|  24|0x0000000706a00000, 0x0000000706a00000, 0x0000000706b00000|  0%| F|  |TAMS 0x0000000706a00000, 0x0000000706a00000| Untracked 
|  25|0x0000000706b00000, 0x0000000706b00000, 0x0000000706c00000|  0%| F|  |TAMS 0x0000000706b00000, 0x0000000706b00000| Untracked 
|  26|0x0000000706c00000, 0x0000000706c00000, 0x0000000706d00000|  0%| F|  |TAMS 0x0000000706c00000, 0x0000000706c00000| Untracked 
|  27|0x0000000706d00000, 0x0000000706d00000, 0x0000000706e00000|  0%| F|  |TAMS 0x0000000706d00000, 0x0000000706d00000| Untracked 
|  28|0x0000000706e00000, 0x0000000706e00000, 0x0000000706f00000|  0%| F|  |TAMS 0x0000000706e00000, 0x0000000706e00000| Untracked 
|  29|0x0000000706f00000, 0x0000000706f00000, 0x0000000707000000|  0%| F|  |TAMS 0x0000000706f00000, 0x0000000706f00000| Untracked 
|  30|0x0000000707000000, 0x0000000707000000, 0x0000000707100000|  0%| F|  |TAMS 0x0000000707000000, 0x0000000707000000| Untracked 
|  31|0x0000000707100000, 0x0000000707100000, 0x0000000707200000|  0%| F|  |TAMS 0x0000000707100000, 0x0000000707100000| Untracked 
|  32|0x0000000707200000, 0x0000000707200000, 0x0000000707300000|  0%| F|  |TAMS 0x0000000707200000, 0x0000000707200000| Untracked 
|  33|0x0000000707300000, 0x0000000707300000, 0x0000000707400000|  0%| F|  |TAMS 0x0000000707300000, 0x0000000707300000| Untracked 
|  34|0x0000000707400000, 0x0000000707400000, 0x0000000707500000|  0%| F|  |TAMS 0x0000000707400000, 0x0000000707400000| Untracked 
|  35|0x0000000707500000, 0x0000000707500000, 0x0000000707600000|  0%| F|  |TAMS 0x0000000707500000, 0x0000000707500000| Untracked 
|  36|0x0000000707600000, 0x0000000707600000, 0x0000000707700000|  0%| F|  |TAMS 0x0000000707600000, 0x0000000707600000| Untracked 
|  37|0x0000000707700000, 0x0000000707700000, 0x0000000707800000|  0%| F|  |TAMS 0x0000000707700000, 0x0000000707700000| Untracked 
|  38|0x0000000707800000, 0x0000000707800000, 0x0000000707900000|  0%| F|  |TAMS 0x0000000707800000, 0x0000000707800000| Untracked 
|  39|0x0000000707900000, 0x0000000707900000, 0x0000000707a00000|  0%| F|  |TAMS 0x0000000707900000, 0x0000000707900000| Untracked 
|  40|0x0000000707a00000, 0x0000000707a00000, 0x0000000707b00000|  0%| F|  |TAMS 0x0000000707a00000, 0x0000000707a00000| Untracked 
|  41|0x0000000707b00000, 0x0000000707b00000, 0x0000000707c00000|  0%| F|  |TAMS 0x0000000707b00000, 0x0000000707b00000| Untracked 
|  42|0x0000000707c00000, 0x0000000707c00000, 0x0000000707d00000|  0%| F|  |TAMS 0x0000000707c00000, 0x0000000707c00000| Untracked 
|  43|0x0000000707d00000, 0x0000000707d00000, 0x0000000707e00000|  0%| F|  |TAMS 0x0000000707d00000, 0x0000000707d00000| Untracked 
|  44|0x0000000707e00000, 0x0000000707e00000, 0x0000000707f00000|  0%| F|  |TAMS 0x0000000707e00000, 0x0000000707e00000| Untracked 
|  45|0x0000000707f00000, 0x0000000707f00000, 0x0000000708000000|  0%| F|  |TAMS 0x0000000707f00000, 0x0000000707f00000| Untracked 
|  46|0x0000000708000000, 0x0000000708000000, 0x0000000708100000|  0%| F|  |TAMS 0x0000000708000000, 0x0000000708000000| Untracked 
|  47|0x0000000708100000, 0x0000000708100000, 0x0000000708200000|  0%| F|  |TAMS 0x0000000708100000, 0x0000000708100000| Untracked 
|  48|0x0000000708200000, 0x0000000708200000, 0x0000000708300000|  0%| F|  |TAMS 0x0000000708200000, 0x0000000708200000| Untracked 
|  49|0x0000000708300000, 0x0000000708300000, 0x0000000708400000|  0%| F|  |TAMS 0x0000000708300000, 0x0000000708300000| Untracked 
|  50|0x0000000708400000, 0x0000000708400000, 0x0000000708500000|  0%| F|  |TAMS 0x0000000708400000, 0x0000000708400000| Untracked 
|  51|0x0000000708500000, 0x0000000708500000, 0x0000000708600000|  0%| F|  |TAMS 0x0000000708500000, 0x0000000708500000| Untracked 
|  52|0x0000000708600000, 0x0000000708600000, 0x0000000708700000|  0%| F|  |TAMS 0x0000000708600000, 0x0000000708600000| Untracked 
|  53|0x0000000708700000, 0x0000000708700000, 0x0000000708800000|  0%| F|  |TAMS 0x0000000708700000, 0x0000000708700000| Untracked 
|  54|0x0000000708800000, 0x0000000708800000, 0x0000000708900000|  0%| F|  |TAMS 0x0000000708800000, 0x0000000708800000| Untracked 
|  55|0x0000000708900000, 0x0000000708900000, 0x0000000708a00000|  0%| F|  |TAMS 0x0000000708900000, 0x0000000708900000| Untracked 
|  56|0x0000000708a00000, 0x0000000708a00000, 0x0000000708b00000|  0%| F|  |TAMS 0x0000000708a00000, 0x0000000708a00000| Untracked 
|  57|0x0000000708b00000, 0x0000000708b00000, 0x0000000708c00000|  0%| F|  |TAMS 0x0000000708b00000, 0x0000000708b00000| Untracked 
|  58|0x0000000708c00000, 0x0000000708c00000, 0x0000000708d00000|  0%| F|  |TAMS 0x0000000708c00000, 0x0000000708c00000| Untracked 
|  59|0x0000000708d00000, 0x0000000708d00000, 0x0000000708e00000|  0%| F|  |TAMS 0x0000000708d00000, 0x0000000708d00000| Untracked 
|  60|0x0000000708e00000, 0x0000000708e00000, 0x0000000708f00000|  0%| F|  |TAMS 0x0000000708e00000, 0x0000000708e00000| Untracked 
|  61|0x0000000708f00000, 0x0000000708f00000, 0x0000000709000000|  0%| F|  |TAMS 0x0000000708f00000, 0x0000000708f00000| Untracked 
|  62|0x0000000709000000, 0x0000000709000000, 0x0000000709100000|  0%| F|  |TAMS 0x0000000709000000, 0x0000000709000000| Untracked 
|  63|0x0000000709100000, 0x0000000709100000, 0x0000000709200000|  0%| F|  |TAMS 0x0000000709100000, 0x0000000709100000| Untracked 
|  64|0x0000000709200000, 0x0000000709200000, 0x0000000709300000|  0%| F|  |TAMS 0x0000000709200000, 0x0000000709200000| Untracked 
|  65|0x0000000709300000, 0x0000000709300000, 0x0000000709400000|  0%| F|  |TAMS 0x0000000709300000, 0x0000000709300000| Untracked 
|  66|0x0000000709400000, 0x0000000709400000, 0x0000000709500000|  0%| F|  |TAMS 0x0000000709400000, 0x0000000709400000| Untracked 
|  67|0x0000000709500000, 0x0000000709500000, 0x0000000709600000|  0%| F|  |TAMS 0x0000000709500000, 0x0000000709500000| Untracked 
|  68|0x0000000709600000, 0x0000000709600000, 0x0000000709700000|  0%| F|  |TAMS 0x0000000709600000, 0x0000000709600000| Untracked 
|  69|0x0000000709700000, 0x0000000709700000, 0x0000000709800000|  0%| F|  |TAMS 0x0000000709700000, 0x0000000709700000| Untracked 
|  70|0x0000000709800000, 0x0000000709800000, 0x0000000709900000|  0%| F|  |TAMS 0x0000000709800000, 0x0000000709800000| Untracked 
|  71|0x0000000709900000, 0x0000000709900000, 0x0000000709a00000|  0%| F|  |TAMS 0x0000000709900000, 0x0000000709900000| Untracked 
|  72|0x0000000709a00000, 0x0000000709a00000, 0x0000000709b00000|  0%| F|  |TAMS 0x0000000709a00000, 0x0000000709a00000| Untracked 
|  73|0x0000000709b00000, 0x0000000709b00000, 0x0000000709c00000|  0%| F|  |TAMS 0x0000000709b00000, 0x0000000709b00000| Untracked 
|  74|0x0000000709c00000, 0x0000000709c00000, 0x0000000709d00000|  0%| F|  |TAMS 0x0000000709c00000, 0x0000000709c00000| Untracked 
|  75|0x0000000709d00000, 0x0000000709d00000, 0x0000000709e00000|  0%| F|  |TAMS 0x0000000709d00000, 0x0000000709d00000| Untracked 
|  76|0x0000000709e00000, 0x0000000709e00000, 0x0000000709f00000|  0%| F|  |TAMS 0x0000000709e00000, 0x0000000709e00000| Untracked 
|  77|0x0000000709f00000, 0x0000000709f00000, 0x000000070a000000|  0%| F|  |TAMS 0x0000000709f00000, 0x0000000709f00000| Untracked 
|  78|0x000000070a000000, 0x000000070a000000, 0x000000070a100000|  0%| F|  |TAMS 0x000000070a000000, 0x000000070a000000| Untracked 
|  79|0x000000070a100000, 0x000000070a100000, 0x000000070a200000|  0%| F|  |TAMS 0x000000070a100000, 0x000000070a100000| Untracked 
|  80|0x000000070a200000, 0x000000070a200000, 0x000000070a300000|  0%| F|  |TAMS 0x000000070a200000, 0x000000070a200000| Untracked 
|  81|0x000000070a300000, 0x000000070a300000, 0x000000070a400000|  0%| F|  |TAMS 0x000000070a300000, 0x000000070a300000| Untracked 
|  82|0x000000070a400000, 0x000000070a400000, 0x000000070a500000|  0%| F|  |TAMS 0x000000070a400000, 0x000000070a400000| Untracked 
|  83|0x000000070a500000, 0x000000070a500000, 0x000000070a600000|  0%| F|  |TAMS 0x000000070a500000, 0x000000070a500000| Untracked 
|  84|0x000000070a600000, 0x000000070a600000, 0x000000070a700000|  0%| F|  |TAMS 0x000000070a600000, 0x000000070a600000| Untracked 
|  85|0x000000070a700000, 0x000000070a700000, 0x000000070a800000|  0%| F|  |TAMS 0x000000070a700000, 0x000000070a700000| Untracked 
|  86|0x000000070a800000, 0x000000070a800000, 0x000000070a900000|  0%| F|  |TAMS 0x000000070a800000, 0x000000070a800000| Untracked 
|  87|0x000000070a900000, 0x000000070a900000, 0x000000070aa00000|  0%| F|  |TAMS 0x000000070a900000, 0x000000070a900000| Untracked 
|  88|0x000000070aa00000, 0x000000070aa00000, 0x000000070ab00000|  0%| F|  |TAMS 0x000000070aa00000, 0x000000070aa00000| Untracked 
|  89|0x000000070ab00000, 0x000000070ab00000, 0x000000070ac00000|  0%| F|  |TAMS 0x000000070ab00000, 0x000000070ab00000| Untracked 
|  90|0x000000070ac00000, 0x000000070ac00000, 0x000000070ad00000|  0%| F|  |TAMS 0x000000070ac00000, 0x000000070ac00000| Untracked 
|  91|0x000000070ad00000, 0x000000070ad00000, 0x000000070ae00000|  0%| F|  |TAMS 0x000000070ad00000, 0x000000070ad00000| Untracked 
|  92|0x000000070ae00000, 0x000000070ae00000, 0x000000070af00000|  0%| F|  |TAMS 0x000000070ae00000, 0x000000070ae00000| Untracked 
|  93|0x000000070af00000, 0x000000070af00000, 0x000000070b000000|  0%| F|  |TAMS 0x000000070af00000, 0x000000070af00000| Untracked 
|  94|0x000000070b000000, 0x000000070b000000, 0x000000070b100000|  0%| F|  |TAMS 0x000000070b000000, 0x000000070b000000| Untracked 
|  95|0x000000070b100000, 0x000000070b100000, 0x000000070b200000|  0%| F|  |TAMS 0x000000070b100000, 0x000000070b100000| Untracked 
|  96|0x000000070b200000, 0x000000070b200000, 0x000000070b300000|  0%| F|  |TAMS 0x000000070b200000, 0x000000070b200000| Untracked 
|  97|0x000000070b300000, 0x000000070b300000, 0x000000070b400000|  0%| F|  |TAMS 0x000000070b300000, 0x000000070b300000| Untracked 
|  98|0x000000070b400000, 0x000000070b400000, 0x000000070b500000|  0%| F|  |TAMS 0x000000070b400000, 0x000000070b400000| Untracked 
|  99|0x000000070b500000, 0x000000070b500000, 0x000000070b600000|  0%| F|  |TAMS 0x000000070b500000, 0x000000070b500000| Untracked 
| 100|0x000000070b600000, 0x000000070b600000, 0x000000070b700000|  0%| F|  |TAMS 0x000000070b600000, 0x000000070b600000| Untracked 
| 101|0x000000070b700000, 0x000000070b700000, 0x000000070b800000|  0%| F|  |TAMS 0x000000070b700000, 0x000000070b700000| Untracked 
| 102|0x000000070b800000, 0x000000070b800000, 0x000000070b900000|  0%| F|  |TAMS 0x000000070b800000, 0x000000070b800000| Untracked 
| 103|0x000000070b900000, 0x000000070b900000, 0x000000070ba00000|  0%| F|  |TAMS 0x000000070b900000, 0x000000070b900000| Untracked 
| 104|0x000000070ba00000, 0x000000070ba00000, 0x000000070bb00000|  0%| F|  |TAMS 0x000000070ba00000, 0x000000070ba00000| Untracked 
| 105|0x000000070bb00000, 0x000000070bb00000, 0x000000070bc00000|  0%| F|  |TAMS 0x000000070bb00000, 0x000000070bb00000| Untracked 
| 106|0x000000070bc00000, 0x000000070bc00000, 0x000000070bd00000|  0%| F|  |TAMS 0x000000070bc00000, 0x000000070bc00000| Untracked 
| 107|0x000000070bd00000, 0x000000070bd00000, 0x000000070be00000|  0%| F|  |TAMS 0x000000070bd00000, 0x000000070bd00000| Untracked 
| 108|0x000000070be00000, 0x000000070be00000, 0x000000070bf00000|  0%| F|  |TAMS 0x000000070be00000, 0x000000070be00000| Untracked 
| 109|0x000000070bf00000, 0x000000070bf00000, 0x000000070c000000|  0%| F|  |TAMS 0x000000070bf00000, 0x000000070bf00000| Untracked 
| 110|0x000000070c000000, 0x000000070c000000, 0x000000070c100000|  0%| F|  |TAMS 0x000000070c000000, 0x000000070c000000| Untracked 
| 111|0x000000070c100000, 0x000000070c100000, 0x000000070c200000|  0%| F|  |TAMS 0x000000070c100000, 0x000000070c100000| Untracked 
| 112|0x000000070c200000, 0x000000070c200000, 0x000000070c300000|  0%| F|  |TAMS 0x000000070c200000, 0x000000070c200000| Untracked 
| 113|0x000000070c300000, 0x000000070c300000, 0x000000070c400000|  0%| F|  |TAMS 0x000000070c300000, 0x000000070c300000| Untracked 
| 114|0x000000070c400000, 0x000000070c400000, 0x000000070c500000|  0%| F|  |TAMS 0x000000070c400000, 0x000000070c400000| Untracked 
| 115|0x000000070c500000, 0x000000070c500000, 0x000000070c600000|  0%| F|  |TAMS 0x000000070c500000, 0x000000070c500000| Untracked 
| 116|0x000000070c600000, 0x000000070c600000, 0x000000070c700000|  0%| F|  |TAMS 0x000000070c600000, 0x000000070c600000| Untracked 
| 117|0x000000070c700000, 0x000000070c700000, 0x000000070c800000|  0%| F|  |TAMS 0x000000070c700000, 0x000000070c700000| Untracked 
| 118|0x000000070c800000, 0x000000070c800000, 0x000000070c900000|  0%| F|  |TAMS 0x000000070c800000, 0x000000070c800000| Untracked 
| 119|0x000000070c900000, 0x000000070c900000, 0x000000070ca00000|  0%| F|  |TAMS 0x000000070c900000, 0x000000070c900000| Untracked 
| 120|0x000000070ca00000, 0x000000070ca00000, 0x000000070cb00000|  0%| F|  |TAMS 0x000000070ca00000, 0x000000070ca00000| Untracked 
| 121|0x000000070cb00000, 0x000000070cb00000, 0x000000070cc00000|  0%| F|  |TAMS 0x000000070cb00000, 0x000000070cb00000| Untracked 
| 122|0x000000070cc00000, 0x000000070cc00000, 0x000000070cd00000|  0%| F|  |TAMS 0x000000070cc00000, 0x000000070cc00000| Untracked 
| 123|0x000000070cd00000, 0x000000070cd00000, 0x000000070ce00000|  0%| F|  |TAMS 0x000000070cd00000, 0x000000070cd00000| Untracked 
| 124|0x000000070ce00000, 0x000000070ce00000, 0x000000070cf00000|  0%| F|  |TAMS 0x000000070ce00000, 0x000000070ce00000| Untracked 
| 125|0x000000070cf00000, 0x000000070cf00000, 0x000000070d000000|  0%| F|  |TAMS 0x000000070cf00000, 0x000000070cf00000| Untracked 
| 126|0x000000070d000000, 0x000000070d000000, 0x000000070d100000|  0%| F|  |TAMS 0x000000070d000000, 0x000000070d000000| Untracked 
| 127|0x000000070d100000, 0x000000070d100000, 0x000000070d200000|  0%| F|  |TAMS 0x000000070d100000, 0x000000070d100000| Untracked 
| 128|0x000000070d200000, 0x000000070d200000, 0x000000070d300000|  0%| F|  |TAMS 0x000000070d200000, 0x000000070d200000| Untracked 
| 129|0x000000070d300000, 0x000000070d300000, 0x000000070d400000|  0%| F|  |TAMS 0x000000070d300000, 0x000000070d300000| Untracked 
| 130|0x000000070d400000, 0x000000070d400000, 0x000000070d500000|  0%| F|  |TAMS 0x000000070d400000, 0x000000070d400000| Untracked 
| 131|0x000000070d500000, 0x000000070d500000, 0x000000070d600000|  0%| F|  |TAMS 0x000000070d500000, 0x000000070d500000| Untracked 
| 132|0x000000070d600000, 0x000000070d600000, 0x000000070d700000|  0%| F|  |TAMS 0x000000070d600000, 0x000000070d600000| Untracked 
| 133|0x000000070d700000, 0x000000070d700000, 0x000000070d800000|  0%| F|  |TAMS 0x000000070d700000, 0x000000070d700000| Untracked 
| 134|0x000000070d800000, 0x000000070d800000, 0x000000070d900000|  0%| F|  |TAMS 0x000000070d800000, 0x000000070d800000| Untracked 
| 135|0x000000070d900000, 0x000000070d900000, 0x000000070da00000|  0%| F|  |TAMS 0x000000070d900000, 0x000000070d900000| Untracked 
| 136|0x000000070da00000, 0x000000070da00000, 0x000000070db00000|  0%| F|  |TAMS 0x000000070da00000, 0x000000070da00000| Untracked 
| 137|0x000000070db00000, 0x000000070db00000, 0x000000070dc00000|  0%| F|  |TAMS 0x000000070db00000, 0x000000070db00000| Untracked 
| 138|0x000000070dc00000, 0x000000070dc00000, 0x000000070dd00000|  0%| F|  |TAMS 0x000000070dc00000, 0x000000070dc00000| Untracked 
| 139|0x000000070dd00000, 0x000000070dd00000, 0x000000070de00000|  0%| F|  |TAMS 0x000000070dd00000, 0x000000070dd00000| Untracked 
| 140|0x000000070de00000, 0x000000070de00000, 0x000000070df00000|  0%| F|  |TAMS 0x000000070de00000, 0x000000070de00000| Untracked 
| 141|0x000000070df00000, 0x000000070df00000, 0x000000070e000000|  0%| F|  |TAMS 0x000000070df00000, 0x000000070df00000| Untracked 
| 142|0x000000070e000000, 0x000000070e000000, 0x000000070e100000|  0%| F|  |TAMS 0x000000070e000000, 0x000000070e000000| Untracked 
| 143|0x000000070e100000, 0x000000070e100000, 0x000000070e200000|  0%| F|  |TAMS 0x000000070e100000, 0x000000070e100000| Untracked 
| 144|0x000000070e200000, 0x000000070e200000, 0x000000070e300000|  0%| F|  |TAMS 0x000000070e200000, 0x000000070e200000| Untracked 
| 145|0x000000070e300000, 0x000000070e300000, 0x000000070e400000|  0%| F|  |TAMS 0x000000070e300000, 0x000000070e300000| Untracked 
| 146|0x000000070e400000, 0x000000070e400000, 0x000000070e500000|  0%| F|  |TAMS 0x000000070e400000, 0x000000070e400000| Untracked 
| 147|0x000000070e500000, 0x000000070e500000, 0x000000070e600000|  0%| F|  |TAMS 0x000000070e500000, 0x000000070e500000| Untracked 
| 148|0x000000070e600000, 0x000000070e600000, 0x000000070e700000|  0%| F|  |TAMS 0x000000070e600000, 0x000000070e600000| Untracked 
| 149|0x000000070e700000, 0x000000070e700000, 0x000000070e800000|  0%| F|  |TAMS 0x000000070e700000, 0x000000070e700000| Untracked 
| 150|0x000000070e800000, 0x000000070e800000, 0x000000070e900000|  0%| F|  |TAMS 0x000000070e800000, 0x000000070e800000| Untracked 
| 151|0x000000070e900000, 0x000000070e900000, 0x000000070ea00000|  0%| F|  |TAMS 0x000000070e900000, 0x000000070e900000| Untracked 
| 152|0x000000070ea00000, 0x000000070ea00000, 0x000000070eb00000|  0%| F|  |TAMS 0x000000070ea00000, 0x000000070ea00000| Untracked 
| 153|0x000000070eb00000, 0x000000070eb00000, 0x000000070ec00000|  0%| F|  |TAMS 0x000000070eb00000, 0x000000070eb00000| Untracked 
| 154|0x000000070ec00000, 0x000000070ec00000, 0x000000070ed00000|  0%| F|  |TAMS 0x000000070ec00000, 0x000000070ec00000| Untracked 
| 155|0x000000070ed00000, 0x000000070ed00000, 0x000000070ee00000|  0%| F|  |TAMS 0x000000070ed00000, 0x000000070ed00000| Untracked 
| 156|0x000000070ee00000, 0x000000070ee00000, 0x000000070ef00000|  0%| F|  |TAMS 0x000000070ee00000, 0x000000070ee00000| Untracked 
| 157|0x000000070ef00000, 0x000000070ef00000, 0x000000070f000000|  0%| F|  |TAMS 0x000000070ef00000, 0x000000070ef00000| Untracked 
| 158|0x000000070f000000, 0x000000070f000000, 0x000000070f100000|  0%| F|  |TAMS 0x000000070f000000, 0x000000070f000000| Untracked 
| 159|0x000000070f100000, 0x000000070f100000, 0x000000070f200000|  0%| F|  |TAMS 0x000000070f100000, 0x000000070f100000| Untracked 
| 160|0x000000070f200000, 0x000000070f200000, 0x000000070f300000|  0%| F|  |TAMS 0x000000070f200000, 0x000000070f200000| Untracked 
| 161|0x000000070f300000, 0x000000070f300000, 0x000000070f400000|  0%| F|  |TAMS 0x000000070f300000, 0x000000070f300000| Untracked 
| 162|0x000000070f400000, 0x000000070f400000, 0x000000070f500000|  0%| F|  |TAMS 0x000000070f400000, 0x000000070f400000| Untracked 
| 163|0x000000070f500000, 0x000000070f500000, 0x000000070f600000|  0%| F|  |TAMS 0x000000070f500000, 0x000000070f500000| Untracked 
| 164|0x000000070f600000, 0x000000070f600000, 0x000000070f700000|  0%| F|  |TAMS 0x000000070f600000, 0x000000070f600000| Untracked 
| 165|0x000000070f700000, 0x000000070f700000, 0x000000070f800000|  0%| F|  |TAMS 0x000000070f700000, 0x000000070f700000| Untracked 
| 166|0x000000070f800000, 0x000000070f800000, 0x000000070f900000|  0%| F|  |TAMS 0x000000070f800000, 0x000000070f800000| Untracked 
| 167|0x000000070f900000, 0x000000070f900000, 0x000000070fa00000|  0%| F|  |TAMS 0x000000070f900000, 0x000000070f900000| Untracked 
| 168|0x000000070fa00000, 0x000000070fa00000, 0x000000070fb00000|  0%| F|  |TAMS 0x000000070fa00000, 0x000000070fa00000| Untracked 
| 169|0x000000070fb00000, 0x000000070fb00000, 0x000000070fc00000|  0%| F|  |TAMS 0x000000070fb00000, 0x000000070fb00000| Untracked 
| 170|0x000000070fc00000, 0x000000070fc00000, 0x000000070fd00000|  0%| F|  |TAMS 0x000000070fc00000, 0x000000070fc00000| Untracked 
| 171|0x000000070fd00000, 0x000000070fd00000, 0x000000070fe00000|  0%| F|  |TAMS 0x000000070fd00000, 0x000000070fd00000| Untracked 
| 172|0x000000070fe00000, 0x000000070fe00000, 0x000000070ff00000|  0%| F|  |TAMS 0x000000070fe00000, 0x000000070fe00000| Untracked 
| 173|0x000000070ff00000, 0x000000070ff00000, 0x0000000710000000|  0%| F|  |TAMS 0x000000070ff00000, 0x000000070ff00000| Untracked 
| 174|0x0000000710000000, 0x000000071005d480, 0x0000000710100000| 36%| S|CS|TAMS 0x0000000710000000, 0x0000000710000000| Complete 
| 175|0x0000000710100000, 0x0000000710200000, 0x0000000710200000|100%| S|CS|TAMS 0x0000000710100000, 0x0000000710100000| Complete 
| 176|0x0000000710200000, 0x0000000710300000, 0x0000000710300000|100%| S|CS|TAMS 0x0000000710200000, 0x0000000710200000| Complete 
| 177|0x0000000710300000, 0x0000000710400000, 0x0000000710400000|100%| S|CS|TAMS 0x0000000710300000, 0x0000000710300000| Complete 
| 178|0x0000000710400000, 0x0000000710500000, 0x0000000710500000|100%| S|CS|TAMS 0x0000000710400000, 0x0000000710400000| Complete 
| 179|0x0000000710500000, 0x0000000710500000, 0x0000000710600000|  0%| F|  |TAMS 0x0000000710500000, 0x0000000710500000| Untracked 
| 180|0x0000000710600000, 0x0000000710600000, 0x0000000710700000|  0%| F|  |TAMS 0x0000000710600000, 0x0000000710600000| Untracked 
| 181|0x0000000710700000, 0x0000000710700000, 0x0000000710800000|  0%| F|  |TAMS 0x0000000710700000, 0x0000000710700000| Untracked 
| 182|0x0000000710800000, 0x0000000710800000, 0x0000000710900000|  0%| F|  |TAMS 0x0000000710800000, 0x0000000710800000| Untracked 
| 183|0x0000000710900000, 0x0000000710900000, 0x0000000710a00000|  0%| F|  |TAMS 0x0000000710900000, 0x0000000710900000| Untracked 
| 184|0x0000000710a00000, 0x0000000710a00000, 0x0000000710b00000|  0%| F|  |TAMS 0x0000000710a00000, 0x0000000710a00000| Untracked 
| 185|0x0000000710b00000, 0x0000000710b00000, 0x0000000710c00000|  0%| F|  |TAMS 0x0000000710b00000, 0x0000000710b00000| Untracked 
| 186|0x0000000710c00000, 0x0000000710c00000, 0x0000000710d00000|  0%| F|  |TAMS 0x0000000710c00000, 0x0000000710c00000| Untracked 
| 187|0x0000000710d00000, 0x0000000710d00000, 0x0000000710e00000|  0%| F|  |TAMS 0x0000000710d00000, 0x0000000710d00000| Untracked 
| 188|0x0000000710e00000, 0x0000000710e00000, 0x0000000710f00000|  0%| F|  |TAMS 0x0000000710e00000, 0x0000000710e00000| Untracked 
| 189|0x0000000710f00000, 0x0000000710f00000, 0x0000000711000000|  0%| F|  |TAMS 0x0000000710f00000, 0x0000000710f00000| Untracked 
| 190|0x0000000711000000, 0x0000000711000000, 0x0000000711100000|  0%| F|  |TAMS 0x0000000711000000, 0x0000000711000000| Untracked 
| 191|0x0000000711100000, 0x0000000711100000, 0x0000000711200000|  0%| F|  |TAMS 0x0000000711100000, 0x0000000711100000| Untracked 
| 192|0x0000000711200000, 0x0000000711200000, 0x0000000711300000|  0%| F|  |TAMS 0x0000000711200000, 0x0000000711200000| Untracked 
| 193|0x0000000711300000, 0x0000000711300000, 0x0000000711400000|  0%| F|  |TAMS 0x0000000711300000, 0x0000000711300000| Untracked 
| 194|0x0000000711400000, 0x0000000711400000, 0x0000000711500000|  0%| F|  |TAMS 0x0000000711400000, 0x0000000711400000| Untracked 
| 195|0x0000000711500000, 0x0000000711500000, 0x0000000711600000|  0%| F|  |TAMS 0x0000000711500000, 0x0000000711500000| Untracked 
| 196|0x0000000711600000, 0x0000000711600000, 0x0000000711700000|  0%| F|  |TAMS 0x0000000711600000, 0x0000000711600000| Untracked 
| 197|0x0000000711700000, 0x0000000711700000, 0x0000000711800000|  0%| F|  |TAMS 0x0000000711700000, 0x0000000711700000| Untracked 
| 198|0x0000000711800000, 0x0000000711800000, 0x0000000711900000|  0%| F|  |TAMS 0x0000000711800000, 0x0000000711800000| Untracked 
| 199|0x0000000711900000, 0x0000000711900000, 0x0000000711a00000|  0%| F|  |TAMS 0x0000000711900000, 0x0000000711900000| Untracked 
| 200|0x0000000711a00000, 0x0000000711a00000, 0x0000000711b00000|  0%| F|  |TAMS 0x0000000711a00000, 0x0000000711a00000| Untracked 
| 201|0x0000000711b00000, 0x0000000711b00000, 0x0000000711c00000|  0%| F|  |TAMS 0x0000000711b00000, 0x0000000711b00000| Untracked 
| 202|0x0000000711c00000, 0x0000000711c00000, 0x0000000711d00000|  0%| F|  |TAMS 0x0000000711c00000, 0x0000000711c00000| Untracked 
| 203|0x0000000711d00000, 0x0000000711d00000, 0x0000000711e00000|  0%| F|  |TAMS 0x0000000711d00000, 0x0000000711d00000| Untracked 
| 204|0x0000000711e00000, 0x0000000711e00000, 0x0000000711f00000|  0%| F|  |TAMS 0x0000000711e00000, 0x0000000711e00000| Untracked 
| 205|0x0000000711f00000, 0x0000000711f00000, 0x0000000712000000|  0%| F|  |TAMS 0x0000000711f00000, 0x0000000711f00000| Untracked 
| 206|0x0000000712000000, 0x0000000712000000, 0x0000000712100000|  0%| F|  |TAMS 0x0000000712000000, 0x0000000712000000| Untracked 
| 207|0x0000000712100000, 0x0000000712100000, 0x0000000712200000|  0%| F|  |TAMS 0x0000000712100000, 0x0000000712100000| Untracked 
| 208|0x0000000712200000, 0x0000000712200000, 0x0000000712300000|  0%| F|  |TAMS 0x0000000712200000, 0x0000000712200000| Untracked 
| 209|0x0000000712300000, 0x0000000712300000, 0x0000000712400000|  0%| F|  |TAMS 0x0000000712300000, 0x0000000712300000| Untracked 
| 210|0x0000000712400000, 0x0000000712400000, 0x0000000712500000|  0%| F|  |TAMS 0x0000000712400000, 0x0000000712400000| Untracked 
| 211|0x0000000712500000, 0x0000000712500000, 0x0000000712600000|  0%| F|  |TAMS 0x0000000712500000, 0x0000000712500000| Untracked 
| 212|0x0000000712600000, 0x0000000712600000, 0x0000000712700000|  0%| F|  |TAMS 0x0000000712600000, 0x0000000712600000| Untracked 
| 213|0x0000000712700000, 0x0000000712700000, 0x0000000712800000|  0%| F|  |TAMS 0x0000000712700000, 0x0000000712700000| Untracked 
| 214|0x0000000712800000, 0x0000000712800000, 0x0000000712900000|  0%| F|  |TAMS 0x0000000712800000, 0x0000000712800000| Untracked 
| 215|0x0000000712900000, 0x0000000712900000, 0x0000000712a00000|  0%| F|  |TAMS 0x0000000712900000, 0x0000000712900000| Untracked 
| 216|0x0000000712a00000, 0x0000000712a00000, 0x0000000712b00000|  0%| F|  |TAMS 0x0000000712a00000, 0x0000000712a00000| Untracked 
| 217|0x0000000712b00000, 0x0000000712b00000, 0x0000000712c00000|  0%| F|  |TAMS 0x0000000712b00000, 0x0000000712b00000| Untracked 
| 218|0x0000000712c00000, 0x0000000712c00000, 0x0000000712d00000|  0%| F|  |TAMS 0x0000000712c00000, 0x0000000712c00000| Untracked 
| 219|0x0000000712d00000, 0x0000000712d00000, 0x0000000712e00000|  0%| F|  |TAMS 0x0000000712d00000, 0x0000000712d00000| Untracked 
| 220|0x0000000712e00000, 0x0000000712e00000, 0x0000000712f00000|  0%| F|  |TAMS 0x0000000712e00000, 0x0000000712e00000| Untracked 
| 221|0x0000000712f00000, 0x0000000712f00000, 0x0000000713000000|  0%| F|  |TAMS 0x0000000712f00000, 0x0000000712f00000| Untracked 
| 222|0x0000000713000000, 0x0000000713000000, 0x0000000713100000|  0%| F|  |TAMS 0x0000000713000000, 0x0000000713000000| Untracked 
| 223|0x0000000713100000, 0x0000000713100000, 0x0000000713200000|  0%| F|  |TAMS 0x0000000713100000, 0x0000000713100000| Untracked 
| 224|0x0000000713200000, 0x0000000713300000, 0x0000000713300000|100%| E|  |TAMS 0x0000000713200000, 0x0000000713200000| Complete 
| 225|0x0000000713300000, 0x0000000713400000, 0x0000000713400000|100%| E|CS|TAMS 0x0000000713300000, 0x0000000713300000| Complete 
| 226|0x0000000713400000, 0x0000000713500000, 0x0000000713500000|100%| E|CS|TAMS 0x0000000713400000, 0x0000000713400000| Complete 
| 227|0x0000000713500000, 0x0000000713600000, 0x0000000713600000|100%| E|CS|TAMS 0x0000000713500000, 0x0000000713500000| Complete 
| 228|0x0000000713600000, 0x0000000713700000, 0x0000000713700000|100%| E|CS|TAMS 0x0000000713600000, 0x0000000713600000| Complete 
| 229|0x0000000713700000, 0x0000000713800000, 0x0000000713800000|100%| E|CS|TAMS 0x0000000713700000, 0x0000000713700000| Complete 
| 230|0x0000000713800000, 0x0000000713900000, 0x0000000713900000|100%| E|CS|TAMS 0x0000000713800000, 0x0000000713800000| Complete 
| 231|0x0000000713900000, 0x0000000713a00000, 0x0000000713a00000|100%| E|CS|TAMS 0x0000000713900000, 0x0000000713900000| Complete 
| 232|0x0000000713a00000, 0x0000000713b00000, 0x0000000713b00000|100%| E|CS|TAMS 0x0000000713a00000, 0x0000000713a00000| Complete 
| 233|0x0000000713b00000, 0x0000000713c00000, 0x0000000713c00000|100%| E|CS|TAMS 0x0000000713b00000, 0x0000000713b00000| Complete 
| 234|0x0000000713c00000, 0x0000000713d00000, 0x0000000713d00000|100%| E|CS|TAMS 0x0000000713c00000, 0x0000000713c00000| Complete 
| 235|0x0000000713d00000, 0x0000000713e00000, 0x0000000713e00000|100%| E|CS|TAMS 0x0000000713d00000, 0x0000000713d00000| Complete 
| 236|0x0000000713e00000, 0x0000000713f00000, 0x0000000713f00000|100%| E|CS|TAMS 0x0000000713e00000, 0x0000000713e00000| Complete 
| 237|0x0000000713f00000, 0x0000000714000000, 0x0000000714000000|100%| E|CS|TAMS 0x0000000713f00000, 0x0000000713f00000| Complete 
| 238|0x0000000714000000, 0x0000000714100000, 0x0000000714100000|100%| E|CS|TAMS 0x0000000714000000, 0x0000000714000000| Complete 
| 239|0x0000000714100000, 0x0000000714200000, 0x0000000714200000|100%| E|CS|TAMS 0x0000000714100000, 0x0000000714100000| Complete 
| 240|0x0000000714200000, 0x0000000714300000, 0x0000000714300000|100%| E|CS|TAMS 0x0000000714200000, 0x0000000714200000| Complete 
| 241|0x0000000714300000, 0x0000000714400000, 0x0000000714400000|100%| E|CS|TAMS 0x0000000714300000, 0x0000000714300000| Complete 
| 242|0x0000000714400000, 0x0000000714500000, 0x0000000714500000|100%| E|CS|TAMS 0x0000000714400000, 0x0000000714400000| Complete 
| 243|0x0000000714500000, 0x0000000714600000, 0x0000000714600000|100%| E|CS|TAMS 0x0000000714500000, 0x0000000714500000| Complete 
| 244|0x0000000714600000, 0x0000000714700000, 0x0000000714700000|100%| E|CS|TAMS 0x0000000714600000, 0x0000000714600000| Complete 
| 245|0x0000000714700000, 0x0000000714800000, 0x0000000714800000|100%| E|CS|TAMS 0x0000000714700000, 0x0000000714700000| Complete 
| 246|0x0000000714800000, 0x0000000714900000, 0x0000000714900000|100%| E|CS|TAMS 0x0000000714800000, 0x0000000714800000| Complete 
| 247|0x0000000714900000, 0x0000000714a00000, 0x0000000714a00000|100%| E|CS|TAMS 0x0000000714900000, 0x0000000714900000| Complete 
| 248|0x0000000714a00000, 0x0000000714b00000, 0x0000000714b00000|100%| E|CS|TAMS 0x0000000714a00000, 0x0000000714a00000| Complete 
| 249|0x0000000714b00000, 0x0000000714c00000, 0x0000000714c00000|100%| E|CS|TAMS 0x0000000714b00000, 0x0000000714b00000| Complete 
| 250|0x0000000714c00000, 0x0000000714d00000, 0x0000000714d00000|100%| E|CS|TAMS 0x0000000714c00000, 0x0000000714c00000| Complete 
| 251|0x0000000714d00000, 0x0000000714e00000, 0x0000000714e00000|100%| E|CS|TAMS 0x0000000714d00000, 0x0000000714d00000| Complete 

Card table byte_map: [0x00007fbd0846b000,0x00007fbd08c42000] _byte_map_base: 0x00007fbd04c42000

Marking Bits (Prev, Next): (CMBitMap*) 0x00007fbd2008caf0, (CMBitMap*) 0x00007fbd2008cab8
 Prev Bits: [0x00007fbcfbab9000, 0x00007fbcff971000)
 Next Bits: [0x00007fbcff971000, 0x00007fbd03829000)

Polling page: 0x00007fbd2946a000

Metaspace:

Usage:
  Non-class:     29,53 MB capacity,    29,06 MB ( 98%) used,   398,05 KB (  1%) free+waste,    89,44 KB ( <1%) overhead. 
      Class:      4,17 MB capacity,     3,84 MB ( 92%) used,   293,67 KB (  7%) free+waste,    42,38 KB ( <1%) overhead. 
       Both:     33,70 MB capacity,    32,90 MB ( 98%) used,   691,72 KB (  2%) free+waste,   131,81 KB ( <1%) overhead. 

Virtual space:
  Non-class space:       30,00 MB reserved,      29,75 MB (>99%) committed 
      Class space:        1,00 GB reserved,       4,25 MB ( <1%) committed 
             Both:        1,03 GB reserved,      34,00 MB (  3%) committed 

Chunk freelists:
   Non-Class:  6,12 KB
       Class:  2,62 KB
        Both:  8,75 KB

CodeHeap 'non-profiled nmethods': size=120032Kb used=1510Kb max_used=1510Kb free=118521Kb
 bounds [0x00007fbd1070a000, 0x00007fbd1097a000, 0x00007fbd17c42000]
CodeHeap 'profiled nmethods': size=120028Kb used=7094Kb max_used=7094Kb free=112933Kb
 bounds [0x00007fbd091d3000, 0x00007fbd098c3000, 0x00007fbd1070a000]
CodeHeap 'non-nmethods': size=5700Kb used=1145Kb max_used=1202Kb free=4554Kb
 bounds [0x00007fbd08c42000, 0x00007fbd08eb2000, 0x00007fbd091d3000]
 total_blobs=4468 nmethods=3067 adapters=391
 compilation: enabled
              stopped_count=0, restarted_count=0
 full_count=0

Compilation events (10 events):
Event: 2,987 Thread 0x00007fbd20297000 nmethod 3153 0x00007fbd098a2b90 code [0x00007fbd098a2d60, 0x00007fbd098a3030]
Event: 2,987 Thread 0x00007fbd20297000 3154       3       java.util.regex.Pattern::lambda$DOT$5 (34 bytes)
Event: 2,987 Thread 0x00007fbd20297000 nmethod 3154 0x00007fbd098a3110 code [0x00007fbd098a32c0, 0x00007fbd098a3510]
Event: 2,987 Thread 0x00007fbd20297000 3155       3       org.springframework.util.AntPathMatcher::matchStrings (11 bytes)
Event: 2,987 Thread 0x00007fbd20297000 nmethod 3155 0x00007fbd098a3590 code [0x00007fbd098a3760, 0x00007fbd098a3958]
Event: 2,987 Thread 0x00007fbd20297000 3156       3       java.util.zip.ZipFile::getZipEntry (308 bytes)
Event: 2,989 Thread 0x00007fbd20297000 nmethod 3156 0x00007fbd098a3a90 code [0x00007fbd098a3e20, 0x00007fbd098a5c28]
Event: 2,989 Thread 0x00007fbd20297000 3157       3       java.util.zip.ZipUtils::CENTIM (9 bytes)
Event: 2,990 Thread 0x00007fbd20297000 nmethod 3157 0x00007fbd098a6790 code [0x00007fbd098a6960, 0x00007fbd098a6c90]
Event: 2,990 Thread 0x00007fbd20297000 3158       3       java.util.zip.ZipUtils::CENCRC (9 bytes)

GC Heap History (8 events):
Event: 0,644 GC heap before
{Heap before GC invocations=0 (full 0):
 garbage-first heap   total 258048K, used 23552K [0x0000000705200000, 0x0000000800000000)
  region size 1024K, 24 young (24576K), 0 survivors (0K)
 Metaspace       used 11031K, capacity 11286K, committed 11392K, reserved 1058816K
  class space    used 1051K, capacity 1100K, committed 1152K, reserved 1048576K
}
Event: 0,650 GC heap after
{Heap after GC invocations=1 (full 0):
 garbage-first heap   total 258048K, used 6771K [0x0000000705200000, 0x0000000800000000)
  region size 1024K, 3 young (3072K), 3 survivors (3072K)
 Metaspace       used 11031K, capacity 11286K, committed 11392K, reserved 1058816K
  class space    used 1051K, capacity 1100K, committed 1152K, reserved 1048576K
}
Event: 1,406 GC heap before
{Heap before GC invocations=1 (full 0):
 garbage-first heap   total 258048K, used 70259K [0x0000000705200000, 0x0000000800000000)
  region size 1024K, 67 young (68608K), 3 survivors (3072K)
 Metaspace       used 20706K, capacity 21194K, committed 21248K, reserved 1069056K
  class space    used 2349K, capacity 2540K, committed 2560K, reserved 1048576K
}
Event: 1,447 GC heap after
{Heap after GC invocations=2 (full 0):
 garbage-first heap   total 258048K, used 9508K [0x0000000705200000, 0x0000000800000000)
  region size 1024K, 6 young (6144K), 6 survivors (6144K)
 Metaspace       used 20706K, capacity 21194K, committed 21248K, reserved 1069056K
  class space    used 2349K, capacity 2540K, committed 2560K, reserved 1048576K
}
Event: 1,639 GC heap before
{Heap before GC invocations=3 (full 0):
 garbage-first heap   total 258048K, used 24868K [0x0000000705200000, 0x0000000800000000)
  region size 1024K, 22 young (22528K), 6 survivors (6144K)
 Metaspace       used 23662K, capacity 24153K, committed 24444K, reserved 1071104K
  class space    used 2695K, capacity 2908K, committed 2940K, reserved 1048576K
}
Event: 1,646 GC heap after
{Heap after GC invocations=4 (full 0):
 garbage-first heap   total 258048K, used 9901K [0x0000000705200000, 0x0000000800000000)
  region size 1024K, 1 young (1024K), 1 survivors (1024K)
 Metaspace       used 23662K, capacity 24153K, committed 24444K, reserved 1071104K
  class space    used 2695K, capacity 2908K, committed 2940K, reserved 1048576K
}
Event: 2,777 GC heap before
{Heap before GC invocations=4 (full 0):
 garbage-first heap   total 258048K, used 82605K [0x0000000705200000, 0x0000000800000000)
  region size 1024K, 73 young (74752K), 1 survivors (1024K)
 Metaspace       used 33242K, capacity 34007K, committed 34172K, reserved 1079296K
  class space    used 3873K, capacity 4193K, committed 4220K, reserved 1048576K
}
Event: 2,784 GC heap after
{Heap after GC invocations=5 (full 0):
 garbage-first heap   total 258048K, used 13595K [0x0000000705200000, 0x0000000800000000)
  region size 1024K, 5 young (5120K), 5 survivors (5120K)
 Metaspace       used 33242K, capacity 34007K, committed 34172K, reserved 1079296K
  class space    used 3873K, capacity 4193K, committed 4220K, reserved 1048576K
}

Deoptimization events (10 events):
Event: 2,451 Thread 0x00007fbc94003000 Uncommon trap: reason=unstable_if action=reinterpret pc=0x00007fbd107271ec method=java.util.zip.ZipFile$Source.getEntryPos([BZ)I @ 156 c2
Event: 2,519 Thread 0x00007fbc94003000 Uncommon trap: reason=unstable_if action=reinterpret pc=0x00007fbd10776ba0 method=java.util.jar.Manifest$FastInputStream.readLine([BII)I @ 106 c2
Event: 2,519 Thread 0x00007fbc94003000 Uncommon trap: reason=unstable_if action=reinterpret pc=0x00007fbd10755294 method=java.util.jar.Manifest$FastInputStream.readLine([BII)I @ 106 c2
Event: 2,730 Thread 0x00007fbc94003000 Uncommon trap: reason=intrinsic_or_type_checked_inlining action=make_not_entrant pc=0x00007fbd1085c86c method=java.util.Arrays.copyOf([Ljava/lang/Object;ILjava/lang/Class;)[Ljava/lang/Object; @ 35 c2
Event: 2,949 Thread 0x00007fbc94003000 Uncommon trap: reason=predicate action=maybe_recompile pc=0x00007fbd10881778 method=java.util.AbstractCollection.toArray([Ljava/lang/Object;)[Ljava/lang/Object; @ 43 c2
Event: 2,954 Thread 0x00007fbc94003000 Uncommon trap: reason=unstable_if action=reinterpret pc=0x00007fbd107bbe78 method=org.springframework.boot.context.properties.source.ConfigurationPropertyName.equals(Ljava/lang/Object;)Z @ 90 c2
Event: 2,956 Thread 0x00007fbc94003000 Uncommon trap: reason=array_check action=maybe_recompile pc=0x00007fbd10882074 method=java.util.AbstractCollection.toArray([Ljava/lang/Object;)[Ljava/lang/Object; @ 116 c2
Event: 2,956 Thread 0x00007fbc94003000 Uncommon trap: reason=array_check action=maybe_recompile pc=0x00007fbd10882074 method=java.util.AbstractCollection.toArray([Ljava/lang/Object;)[Ljava/lang/Object; @ 116 c2
Event: 2,956 Thread 0x00007fbc94003000 Uncommon trap: reason=array_check action=maybe_recompile pc=0x00007fbd10882074 method=java.util.AbstractCollection.toArray([Ljava/lang/Object;)[Ljava/lang/Object; @ 116 c2
Event: 2,956 Thread 0x00007fbc94003000 Uncommon trap: reason=array_check action=maybe_recompile pc=0x00007fbd10882074 method=java.util.AbstractCollection.toArray([Ljava/lang/Object;)[Ljava/lang/Object; @ 116 c2

Classes redefined (0 events):
No events

Internal exceptions (10 events):
Event: 1,839 Thread 0x00007fbc9803f800 Implicit null exception at 0x00007fbd107696e6 to 0x00007fbd10769e32
Event: 1,988 Thread 0x00007fbc94003000 Exception <a 'java/lang/NoSuchMethodError'{0x000000071399a620}: java.lang.invoke.DirectMethodHandle$Holder.invokeSpecial(Ljava/lang/Object;Ljava/lang/Object;Ljava/lang/Object;Ljava/lang/Object;Ljava/lang/Object;)I> (0x000000071399a620) thrown at [/scratch
Event: 1,991 Thread 0x00007fbc94003000 Exception <a 'java/lang/NoSuchMethodError'{0x00000007139b7b20}: java.lang.invoke.DirectMethodHandle$Holder.invokeInterface(Ljava/lang/Object;Ljava/lang/Object;Ljava/lang/Object;Ljava/lang/Object;)V> (0x00000007139b7b20) thrown at [/scratch/opt/mach5/mesos
Event: 2,150 Thread 0x00007fbc9803f800 Exception <a 'java/lang/IncompatibleClassChangeError'{0x0000000712e07d10}: Found class java.lang.Object, but interface was expected> (0x0000000712e07d10) thrown at [/scratch/opt/mach5/mesos/work_dir/slaves/2dd962d0-8988-479b-a804-57ab764ada59-S1222/framew
Event: 2,195 Thread 0x00007fbc9803f800 Exception <a 'java/lang/NoSuchMethodError'{0x0000000712c29f80}: java.lang.invoke.DirectMethodHandle$Holder.invokeStatic(Ljava/lang/Object;Ljava/lang/Object;Ljava/lang/Object;Ljava/lang/Object;Ljava/lang/Object;Ljava/lang/Object;Ljava/lang/Object;Ljava/lan
Event: 2,197 Thread 0x00007fbc9803f800 Exception <a 'java/lang/NoSuchMethodError'{0x0000000712c47f00}: java.lang.invoke.DirectMethodHandle$Holder.invokeStatic(Ljava/lang/Object;Ljava/lang/Object;Ljava/lang/Object;Ljava/lang/Object;Ljava/lang/Object;Ljava/lang/Object;Ljava/lang/Object;Ljava/lan
Event: 2,199 Thread 0x00007fbc9803f800 Exception <a 'java/lang/NoSuchMethodError'{0x0000000712c66f30}: java.lang.invoke.DirectMethodHandle$Holder.invokeStatic(Ljava/lang/Object;Ljava/lang/Object;Ljava/lang/Object;Ljava/lang/Object;Ljava/lang/Object;Ljava/lang/Object;Ljava/lang/Object;Ljava/lan
Event: 2,201 Thread 0x00007fbc9803f800 Exception <a 'java/lang/NoSuchMethodError'{0x0000000712c87c88}: java.lang.invoke.DirectMethodHandle$Holder.invokeStatic(Ljava/lang/Object;Ljava/lang/Object;Ljava/lang/Object;Ljava/lang/Object;Ljava/lang/Object;Ljava/lang/Object;Ljava/lang/Object;Ljava/lan
Event: 2,402 Thread 0x00007fbc94003000 Exception <a 'java/lang/NoClassDefFoundError'{0x0000000712177f48}: org/springframework/jdbc/CannotGetJdbcConnectionException> (0x0000000712177f48) thrown at [/scratch/opt/mach5/mesos/work_dir/slaves/2dd962d0-8988-479b-a804-57ab764ada59-S1222/frameworks/17
Event: 2,605 Thread 0x00007fbc94003000 Exception <a 'java/lang/IncompatibleClassChangeError'{0x0000000711350998}: Found class java.lang.Object, but interface was expected> (0x0000000711350998) thrown at [/scratch/opt/mach5/mesos/work_dir/slaves/2dd962d0-8988-479b-a804-57ab764ada59-S1222/framew

Events (10 events):
Event: 2,980 loading class org/springframework/hateoas/config/HateoasConfiguration
Event: 2,980 loading class org/springframework/hateoas/config/HateoasConfiguration done
Event: 2,980 loading class org/springframework/hateoas/config/EntityLinksConfiguration
Event: 2,980 loading class org/springframework/hateoas/config/EntityLinksConfiguration done
Event: 2,980 loading class org/springframework/hateoas/config/JaxRsConfigurationImportSelector
Event: 2,980 loading class org/springframework/hateoas/config/JaxRsConfigurationImportSelector done
Event: 2,985 loading class org/springframework/data/rest/webmvc/RepositoryRestController
Event: 2,985 loading class org/springframework/data/rest/webmvc/RepositoryRestController done
Event: 2,985 loading class org/springframework/data/rest/webmvc/BasePathAwareController
Event: 2,985 loading class org/springframework/data/rest/webmvc/BasePathAwareController done


Dynamic libraries:
00400000-00401000 r-xp 00000000 08:17 2501090                            /usr/lib/jvm/java-11-oracle/bin/java
00600000-00601000 r--p 00000000 08:17 2501090                            /usr/lib/jvm/java-11-oracle/bin/java
00601000-00602000 rw-p 00001000 08:17 2501090                            /usr/lib/jvm/java-11-oracle/bin/java
00eed000-00f0e000 rw-p 00000000 00:00 0                                  [heap]
705200000-714e00000 rw-p 00000000 00:00 0 
714e00000-800000000 ---p 00000000 00:00 0 
800000000-80043f000 rw-p 00000000 00:00 0 
80043f000-840000000 ---p 00000000 00:00 0 
7fbc7b91a000-7fbc7c000000 rw-p 00000000 00:00 0 
7fbc7c000000-7fbc7c021000 rw-p 00000000 00:00 0 
7fbc7c021000-7fbc80000000 ---p 00000000 00:00 0 
7fbc80000000-7fbc80021000 rw-p 00000000 00:00 0 
7fbc80021000-7fbc84000000 ---p 00000000 00:00 0 
7fbc84000000-7fbc84021000 rw-p 00000000 00:00 0 
7fbc84021000-7fbc88000000 ---p 00000000 00:00 0 
7fbc88000000-7fbc88021000 rw-p 00000000 00:00 0 
7fbc88021000-7fbc8c000000 ---p 00000000 00:00 0 
7fbc8c000000-7fbc8c475000 rw-p 00000000 00:00 0 
7fbc8c475000-7fbc90000000 ---p 00000000 00:00 0 
7fbc90000000-7fbc90033000 rw-p 00000000 00:00 0 
7fbc90033000-7fbc94000000 ---p 00000000 00:00 0 
7fbc94000000-7fbc94021000 rw-p 00000000 00:00 0 
7fbc94021000-7fbc98000000 ---p 00000000 00:00 0 
7fbc98000000-7fbc989de000 rw-p 00000000 00:00 0 
7fbc989de000-7fbc9c000000 ---p 00000000 00:00 0 
7fbc9c000000-7fbc9c021000 rw-p 00000000 00:00 0 
7fbc9c021000-7fbca0000000 ---p 00000000 00:00 0 
7fbca0000000-7fbca0021000 rw-p 00000000 00:00 0 
7fbca0021000-7fbca4000000 ---p 00000000 00:00 0 
7fbca4000000-7fbca4021000 rw-p 00000000 00:00 0 
7fbca4021000-7fbca8000000 ---p 00000000 00:00 0 
7fbca8000000-7fbca8021000 rw-p 00000000 00:00 0 
7fbca8021000-7fbcac000000 ---p 00000000 00:00 0 
7fbcac000000-7fbcacccc000 rw-p 00000000 00:00 0 
7fbcacccc000-7fbcb0000000 ---p 00000000 00:00 0 
7fbcb0000000-7fbcb0021000 rw-p 00000000 00:00 0 
7fbcb0021000-7fbcb4000000 ---p 00000000 00:00 0 
7fbcb4000000-7fbcb4021000 rw-p 00000000 00:00 0 
7fbcb4021000-7fbcb8000000 ---p 00000000 00:00 0 
7fbcb8000000-7fbcb90f4000 rw-p 00000000 00:00 0 
7fbcb90f4000-7fbcbc000000 ---p 00000000 00:00 0 
7fbcbc000000-7fbcbc021000 rw-p 00000000 00:00 0 
7fbcbc021000-7fbcc0000000 ---p 00000000 00:00 0 
7fbcc0000000-7fbcc0021000 rw-p 00000000 00:00 0 
7fbcc0021000-7fbcc4000000 ---p 00000000 00:00 0 
7fbcc4000000-7fbcc4021000 rw-p 00000000 00:00 0 
7fbcc4021000-7fbcc8000000 ---p 00000000 00:00 0 
7fbcc8000000-7fbcc8021000 rw-p 00000000 00:00 0 
7fbcc8021000-7fbccc000000 ---p 00000000 00:00 0 
7fbccc000000-7fbccd4e7000 rw-p 00000000 00:00 0 
7fbccd4e7000-7fbcd0000000 ---p 00000000 00:00 0 
7fbcd0000000-7fbcd0959000 rw-p 00000000 00:00 0 
7fbcd0959000-7fbcd4000000 ---p 00000000 00:00 0 
7fbcd4000000-7fbcd4021000 rw-p 00000000 00:00 0 
7fbcd4021000-7fbcd8000000 ---p 00000000 00:00 0 
7fbcd80cb000-7fbcd828b000 rw-p 00000000 00:00 0 
7fbcd828b000-7fbcd82cb000 ---p 00000000 00:00 0 
7fbcd82cb000-7fbcd84cb000 rw-p 00000000 00:00 0 
7fbcd84cb000-7fbcd86cb000 rw-p 00000000 00:00 0 
7fbcd86cb000-7fbcd88cb000 rw-p 00000000 00:00 0 
7fbcd88cb000-7fbcd8acb000 rw-p 00000000 00:00 0 
7fbcd8acb000-7fbcd8acc000 ---p 00000000 00:00 0 
7fbcd8acc000-7fbcd8bcd000 rw-p 00000000 00:00 0 
7fbcd8bcd000-7fbcd8bce000 ---p 00000000 00:00 0 
7fbcd8bce000-7fbcd8ccf000 rw-p 00000000 00:00 0 
7fbcd8ccf000-7fbcd8cd0000 ---p 00000000 00:00 0 
7fbcd8cd0000-7fbcd8dd1000 rw-p 00000000 00:00 0 
7fbcd8dd1000-7fbcd8dd2000 ---p 00000000 00:00 0 
7fbcd8dd2000-7fbcd90d3000 rw-p 00000000 00:00 0 
7fbcd90d3000-7fbcd92d3000 rw-p 00000000 00:00 0 
7fbcd92d3000-7fbcd92ea000 r-xp 00000000 08:17 2102813                    /lib/x86_64-linux-gnu/libresolv-2.27.so
7fbcd92ea000-7fbcd94ea000 ---p 00017000 08:17 2102813                    /lib/x86_64-linux-gnu/libresolv-2.27.so
7fbcd94ea000-7fbcd94eb000 r--p 00017000 08:17 2102813                    /lib/x86_64-linux-gnu/libresolv-2.27.so
7fbcd94eb000-7fbcd94ec000 rw-p 00018000 08:17 2102813                    /lib/x86_64-linux-gnu/libresolv-2.27.so
7fbcd94ec000-7fbcd94ee000 rw-p 00000000 00:00 0 
7fbcd94ee000-7fbcd94f3000 r-xp 00000000 08:17 2102762                    /lib/x86_64-linux-gnu/libnss_dns-2.27.so
7fbcd94f3000-7fbcd96f3000 ---p 00005000 08:17 2102762                    /lib/x86_64-linux-gnu/libnss_dns-2.27.so
7fbcd96f3000-7fbcd96f4000 r--p 00005000 08:17 2102762                    /lib/x86_64-linux-gnu/libnss_dns-2.27.so
7fbcd96f4000-7fbcd96f5000 rw-p 00006000 08:17 2102762                    /lib/x86_64-linux-gnu/libnss_dns-2.27.so
7fbcd96f5000-7fbcd96f7000 r-xp 00000000 08:17 2102770                    /lib/x86_64-linux-gnu/libnss_mdns4_minimal.so.2
7fbcd96f7000-7fbcd98f6000 ---p 00002000 08:17 2102770                    /lib/x86_64-linux-gnu/libnss_mdns4_minimal.so.2
7fbcd98f6000-7fbcd98f7000 r--p 00001000 08:17 2102770                    /lib/x86_64-linux-gnu/libnss_mdns4_minimal.so.2
7fbcd98f7000-7fbcd98f8000 rw-p 00002000 08:17 2102770                    /lib/x86_64-linux-gnu/libnss_mdns4_minimal.so.2
7fbcd98f8000-7fbcd98fc000 ---p 00000000 00:00 0 
7fbcd98fc000-7fbcd9bf9000 rw-p 00000000 00:00 0 
7fbcd9bf9000-7fbcd9df9000 rw-p 00000000 00:00 0 
7fbcd9df9000-7fbcd9dfd000 ---p 00000000 00:00 0 
7fbcd9dfd000-7fbcd9efa000 rw-p 00000000 00:00 0 
7fbcd9efa000-7fbcd9efe000 ---p 00000000 00:00 0 
7fbcd9efe000-7fbcd9ffb000 rw-p 00000000 00:00 0 
7fbcd9ffb000-7fbcd9fff000 ---p 00000000 00:00 0 
7fbcd9fff000-7fbcda2fc000 rw-p 00000000 00:00 0 
7fbcda2fc000-7fbcda2fd000 ---p 00000000 00:00 0 
7fbcda2fd000-7fbcda3fe000 rw-p 00000000 00:00 0 
7fbcda3fe000-7fbcda3ff000 ---p 00000000 00:00 0 
7fbcda3ff000-7fbcda500000 rw-p 00000000 00:00 0 
7fbcda500000-7fbcda501000 ---p 00000000 00:00 0 
7fbcda501000-7fbcda602000 rw-p 00000000 00:00 0 
7fbcda602000-7fbcda603000 ---p 00000000 00:00 0 
7fbcda603000-7fbcda704000 rw-p 00000000 00:00 0 
7fbcda704000-7fbcda705000 ---p 00000000 00:00 0 
7fbcda705000-7fbcda806000 rw-p 00000000 00:00 0 
7fbcda806000-7fbcda80b000 r-xp 00000000 08:17 2635681                    /usr/lib/jvm/java-11-oracle/lib/libmanagement_ext.so
7fbcda80b000-7fbcdaa0a000 ---p 00005000 08:17 2635681                    /usr/lib/jvm/java-11-oracle/lib/libmanagement_ext.so
7fbcdaa0a000-7fbcdaa0b000 r--p 00004000 08:17 2635681                    /usr/lib/jvm/java-11-oracle/lib/libmanagement_ext.so
7fbcdaa0b000-7fbcdaa0c000 rw-p 00005000 08:17 2635681                    /usr/lib/jvm/java-11-oracle/lib/libmanagement_ext.so
7fbcdaa0c000-7fbcdaa10000 r-xp 00000000 08:17 2635679                    /usr/lib/jvm/java-11-oracle/lib/libmanagement.so
7fbcdaa10000-7fbcdac0f000 ---p 00004000 08:17 2635679                    /usr/lib/jvm/java-11-oracle/lib/libmanagement.so
7fbcdac0f000-7fbcdac10000 r--p 00003000 08:17 2635679                    /usr/lib/jvm/java-11-oracle/lib/libmanagement.so
7fbcdac10000-7fbcdac11000 rw-p 00004000 08:17 2635679                    /usr/lib/jvm/java-11-oracle/lib/libmanagement.so
7fbcdac11000-7fbcdac15000 ---p 00000000 00:00 0 
7fbcdac15000-7fbcdad12000 rw-p 00000000 00:00 0 
7fbcdad12000-7fbcdad16000 ---p 00000000 00:00 0 
7fbcdad16000-7fbcdb013000 rw-p 00000000 00:00 0 
7fbcdb013000-7fbcdb015000 r-xp 00000000 08:17 2635664                    /usr/lib/jvm/java-11-oracle/lib/libextnet.so
7fbcdb015000-7fbcdb214000 ---p 00002000 08:17 2635664                    /usr/lib/jvm/java-11-oracle/lib/libextnet.so
7fbcdb214000-7fbcdb215000 r--p 00001000 08:17 2635664                    /usr/lib/jvm/java-11-oracle/lib/libextnet.so
7fbcdb215000-7fbcdb216000 rw-p 00002000 08:17 2635664                    /usr/lib/jvm/java-11-oracle/lib/libextnet.so
7fbcdb216000-7fbcdb217000 ---p 00000000 00:00 0 
7fbcdb217000-7fbcdb318000 rw-p 00000000 00:00 0 
7fbcdb318000-7fbcdb31c000 ---p 00000000 00:00 0 
7fbcdb31c000-7fbcdb419000 rw-p 00000000 00:00 0 
7fbcdb419000-7fbcdb42f000 r-xp 00000000 08:17 2635683                    /usr/lib/jvm/java-11-oracle/lib/libnet.so
7fbcdb42f000-7fbcdb62f000 ---p 00016000 08:17 2635683                    /usr/lib/jvm/java-11-oracle/lib/libnet.so
7fbcdb62f000-7fbcdb630000 r--p 00016000 08:17 2635683                    /usr/lib/jvm/java-11-oracle/lib/libnet.so
7fbcdb630000-7fbcdb631000 rw-p 00017000 08:17 2635683                    /usr/lib/jvm/java-11-oracle/lib/libnet.so
7fbcdb631000-7fbcdc000000 r--p 00000000 08:17 2497264                    /usr/lib/locale/locale-archive
7fbcdc000000-7fbcdc021000 rw-p 00000000 00:00 0 
7fbcdc021000-7fbce0000000 ---p 00000000 00:00 0 
7fbce0000000-7fbce0021000 rw-p 00000000 00:00 0 
7fbce0021000-7fbce4000000 ---p 00000000 00:00 0 
7fbce4000000-7fbce4021000 rw-p 00000000 00:00 0 
7fbce4021000-7fbce8000000 ---p 00000000 00:00 0 
7fbce8000000-7fbce811b000 rw-p 00000000 00:00 0 
7fbce811b000-7fbcec000000 ---p 00000000 00:00 0 
7fbcec000000-7fbcec021000 rw-p 00000000 00:00 0 
7fbcec021000-7fbcf0000000 ---p 00000000 00:00 0 
7fbcf0000000-7fbcf0021000 rw-p 00000000 00:00 0 
7fbcf0021000-7fbcf4000000 ---p 00000000 00:00 0 
7fbcf4000000-7fbcf4021000 rw-p 00000000 00:00 0 
7fbcf4021000-7fbcf8000000 ---p 00000000 00:00 0 
7fbcf8095000-7fbcf8099000 ---p 00000000 00:00 0 
7fbcf8099000-7fbcf8196000 rw-p 00000000 00:00 0 
7fbcf8196000-7fbcf81a6000 r-xp 00000000 08:17 2635684                    /usr/lib/jvm/java-11-oracle/lib/libnio.so
7fbcf81a6000-7fbcf83a5000 ---p 00010000 08:17 2635684                    /usr/lib/jvm/java-11-oracle/lib/libnio.so
7fbcf83a5000-7fbcf83a6000 r--p 0000f000 08:17 2635684                    /usr/lib/jvm/java-11-oracle/lib/libnio.so
7fbcf83a6000-7fbcf83a7000 rw-p 00010000 08:17 2635684                    /usr/lib/jvm/java-11-oracle/lib/libnio.so
7fbcf83a7000-7fbcf83ab000 ---p 00000000 00:00 0 
7fbcf83ab000-7fbcf84a8000 rw-p 00000000 00:00 0 
7fbcf84a8000-7fbcf84ac000 ---p 00000000 00:00 0 
7fbcf84ac000-7fbcf85a9000 rw-p 00000000 00:00 0 
7fbcf85a9000-7fbcf85ad000 ---p 00000000 00:00 0 
7fbcf85ad000-7fbcf86aa000 rw-p 00000000 00:00 0 
7fbcf86aa000-7fbcf86ae000 ---p 00000000 00:00 0 
7fbcf86ae000-7fbcf87ab000 rw-p 00000000 00:00 0 
7fbcf87ab000-7fbcf87af000 ---p 00000000 00:00 0 
7fbcf87af000-7fbcf88ac000 rw-p 00000000 00:00 0 
7fbcf88ac000-7fbcf88b0000 ---p 00000000 00:00 0 
7fbcf88b0000-7fbcf89ad000 rw-p 00000000 00:00 0 
7fbcf89ad000-7fbcf89b1000 ---p 00000000 00:00 0 
7fbcf89b1000-7fbcf8aae000 rw-p 00000000 00:00 0 
7fbcf8aae000-7fbcf8aaf000 ---p 00000000 00:00 0 
7fbcf8aaf000-7fbcf93b0000 rw-p 00000000 00:00 0 
7fbcf93b0000-7fbcf93b1000 ---p 00000000 00:00 0 
7fbcf93b1000-7fbcf94b2000 rw-p 00000000 00:00 0 
7fbcf94b2000-7fbcf94b3000 ---p 00000000 00:00 0 
7fbcf94b3000-7fbcfbea9000 rw-p 00000000 00:00 0 
7fbcfbea9000-7fbcff971000 ---p 00000000 00:00 0 
7fbcff971000-7fbcffd61000 rw-p 00000000 00:00 0 
7fbcffd61000-7fbd03829000 ---p 00000000 00:00 0 
7fbd03829000-7fbd038a7000 rw-p 00000000 00:00 0 
7fbd038a7000-7fbd04000000 ---p 00000000 00:00 0 
7fbd04000000-7fbd04021000 rw-p 00000000 00:00 0 
7fbd04021000-7fbd08000000 ---p 00000000 00:00 0 
7fbd08067000-7fbd084e9000 rw-p 00000000 00:00 0 
7fbd084e9000-7fbd08c42000 ---p 00000000 00:00 0 
7fbd08c42000-7fbd08eb2000 rwxp 00000000 00:00 0 
7fbd08eb2000-7fbd091d3000 ---p 00000000 00:00 0 
7fbd091d3000-7fbd098d3000 rwxp 00000000 00:00 0 
7fbd098d3000-7fbd1070a000 ---p 00000000 00:00 0 
7fbd1070a000-7fbd1097a000 rwxp 00000000 00:00 0 
7fbd1097a000-7fbd17c42000 ---p 00000000 00:00 0 
7fbd17c42000-7fbd20000000 r--s 00000000 08:17 2635694                    /usr/lib/jvm/java-11-oracle/lib/modules
7fbd20000000-7fbd20e71000 rw-p 00000000 00:00 0 
7fbd20e71000-7fbd24000000 ---p 00000000 00:00 0 
7fbd2403c000-7fbd24062000 r--p 00000000 08:17 2890895                    /usr/share/locale-langpack/de/LC_MESSAGES/libc.mo
7fbd24062000-7fbd24163000 rw-p 00000000 00:00 0 
7fbd24163000-7fbd24164000 ---p 00000000 00:00 0 
7fbd24164000-7fbd24265000 rw-p 00000000 00:00 0 
7fbd24265000-7fbd24266000 ---p 00000000 00:00 0 
7fbd24266000-7fbd244e8000 rw-p 00000000 00:00 0 
7fbd244e8000-7fbd24c41000 ---p 00000000 00:00 0 
7fbd24c41000-7fbd2564b000 rw-p 00000000 00:00 0 
7fbd2564b000-7fbd2564c000 ---p 00000000 00:00 0 
7fbd2564c000-7fbd25752000 rw-p 00000000 00:00 0 
7fbd25752000-7fbd25838000 ---p 00000000 00:00 0 
7fbd25838000-7fbd25846000 rw-p 00000000 00:00 0 
7fbd25846000-7fbd25923000 ---p 00000000 00:00 0 
7fbd25923000-7fbd2593e000 r-xp 00000000 08:17 2635675                    /usr/lib/jvm/java-11-oracle/lib/libjimage.so
7fbd2593e000-7fbd25b3d000 ---p 0001b000 08:17 2635675                    /usr/lib/jvm/java-11-oracle/lib/libjimage.so
7fbd25b3d000-7fbd25b3f000 r--p 0001a000 08:17 2635675                    /usr/lib/jvm/java-11-oracle/lib/libjimage.so
7fbd25b3f000-7fbd25b40000 rw-p 0001c000 08:17 2635675                    /usr/lib/jvm/java-11-oracle/lib/libjimage.so
7fbd25b40000-7fbd25b47000 r-xp 00000000 08:17 2635693                    /usr/lib/jvm/java-11-oracle/lib/libzip.so
7fbd25b47000-7fbd25d46000 ---p 00007000 08:17 2635693                    /usr/lib/jvm/java-11-oracle/lib/libzip.so
7fbd25d46000-7fbd25d47000 r--p 00006000 08:17 2635693                    /usr/lib/jvm/java-11-oracle/lib/libzip.so
7fbd25d47000-7fbd25d48000 rw-p 00007000 08:17 2635693                    /usr/lib/jvm/java-11-oracle/lib/libzip.so
7fbd25d48000-7fbd25d53000 r-xp 00000000 08:17 2102764                    /lib/x86_64-linux-gnu/libnss_files-2.27.so
7fbd25d53000-7fbd25f52000 ---p 0000b000 08:17 2102764                    /lib/x86_64-linux-gnu/libnss_files-2.27.so
7fbd25f52000-7fbd25f53000 r--p 0000a000 08:17 2102764                    /lib/x86_64-linux-gnu/libnss_files-2.27.so
7fbd25f53000-7fbd25f54000 rw-p 0000b000 08:17 2102764                    /lib/x86_64-linux-gnu/libnss_files-2.27.so
7fbd25f54000-7fbd25f5a000 rw-p 00000000 00:00 0 
7fbd25f5a000-7fbd25f71000 r-xp 00000000 08:17 2102758                    /lib/x86_64-linux-gnu/libnsl-2.27.so
7fbd25f71000-7fbd26170000 ---p 00017000 08:17 2102758                    /lib/x86_64-linux-gnu/libnsl-2.27.so
7fbd26170000-7fbd26171000 r--p 00016000 08:17 2102758                    /lib/x86_64-linux-gnu/libnsl-2.27.so
7fbd26171000-7fbd26172000 rw-p 00017000 08:17 2102758                    /lib/x86_64-linux-gnu/libnsl-2.27.so
7fbd26172000-7fbd26174000 rw-p 00000000 00:00 0 
7fbd26174000-7fbd2617f000 r-xp 00000000 08:17 2102775                    /lib/x86_64-linux-gnu/libnss_nis-2.27.so
7fbd2617f000-7fbd2637e000 ---p 0000b000 08:17 2102775                    /lib/x86_64-linux-gnu/libnss_nis-2.27.so
7fbd2637e000-7fbd2637f000 r--p 0000a000 08:17 2102775                    /lib/x86_64-linux-gnu/libnss_nis-2.27.so
7fbd2637f000-7fbd26380000 rw-p 0000b000 08:17 2102775                    /lib/x86_64-linux-gnu/libnss_nis-2.27.so
7fbd26380000-7fbd26388000 r-xp 00000000 08:17 2102760                    /lib/x86_64-linux-gnu/libnss_compat-2.27.so
7fbd26388000-7fbd26588000 ---p 00008000 08:17 2102760                    /lib/x86_64-linux-gnu/libnss_compat-2.27.so
7fbd26588000-7fbd26589000 r--p 00008000 08:17 2102760                    /lib/x86_64-linux-gnu/libnss_compat-2.27.so
7fbd26589000-7fbd2658a000 rw-p 00009000 08:17 2102760                    /lib/x86_64-linux-gnu/libnss_compat-2.27.so
7fbd2658a000-7fbd26594000 r-xp 00000000 08:17 2635666                    /usr/lib/jvm/java-11-oracle/lib/libinstrument.so
7fbd26594000-7fbd26793000 ---p 0000a000 08:17 2635666                    /usr/lib/jvm/java-11-oracle/lib/libinstrument.so
7fbd26793000-7fbd26794000 r--p 00009000 08:17 2635666                    /usr/lib/jvm/java-11-oracle/lib/libinstrument.so
7fbd26794000-7fbd26795000 rw-p 0000a000 08:17 2635666                    /usr/lib/jvm/java-11-oracle/lib/libinstrument.so
7fbd26795000-7fbd267be000 r-xp 00000000 08:17 2635671                    /usr/lib/jvm/java-11-oracle/lib/libjava.so
7fbd267be000-7fbd269be000 ---p 00029000 08:17 2635671                    /usr/lib/jvm/java-11-oracle/lib/libjava.so
7fbd269be000-7fbd269bf000 r--p 00029000 08:17 2635671                    /usr/lib/jvm/java-11-oracle/lib/libjava.so
7fbd269bf000-7fbd269c1000 rw-p 0002a000 08:17 2635671                    /usr/lib/jvm/java-11-oracle/lib/libjava.so
7fbd269c1000-7fbd269ce000 r-xp 00000000 08:17 2635692                    /usr/lib/jvm/java-11-oracle/lib/libverify.so
7fbd269ce000-7fbd26bcd000 ---p 0000d000 08:17 2635692                    /usr/lib/jvm/java-11-oracle/lib/libverify.so
7fbd26bcd000-7fbd26bcf000 r--p 0000c000 08:17 2635692                    /usr/lib/jvm/java-11-oracle/lib/libverify.so
7fbd26bcf000-7fbd26bd0000 rw-p 0000e000 08:17 2635692                    /usr/lib/jvm/java-11-oracle/lib/libverify.so
7fbd26bd0000-7fbd26bd7000 r-xp 00000000 08:17 2102815                    /lib/x86_64-linux-gnu/librt-2.27.so
7fbd26bd7000-7fbd26dd6000 ---p 00007000 08:17 2102815                    /lib/x86_64-linux-gnu/librt-2.27.so
7fbd26dd6000-7fbd26dd7000 r--p 00006000 08:17 2102815                    /lib/x86_64-linux-gnu/librt-2.27.so
7fbd26dd7000-7fbd26dd8000 rw-p 00007000 08:17 2102815                    /lib/x86_64-linux-gnu/librt-2.27.so
7fbd26dd8000-7fbd26f75000 r-xp 00000000 08:17 2102737                    /lib/x86_64-linux-gnu/libm-2.27.so
7fbd26f75000-7fbd27174000 ---p 0019d000 08:17 2102737                    /lib/x86_64-linux-gnu/libm-2.27.so
7fbd27174000-7fbd27175000 r--p 0019c000 08:17 2102737                    /lib/x86_64-linux-gnu/libm-2.27.so
7fbd27175000-7fbd27176000 rw-p 0019d000 08:17 2102737                    /lib/x86_64-linux-gnu/libm-2.27.so
7fbd27176000-7fbd282b5000 r-xp 00000000 08:17 2762028                    /usr/lib/jvm/java-11-oracle/lib/server/libjvm.so
7fbd282b5000-7fbd284b5000 ---p 0113f000 08:17 2762028                    /usr/lib/jvm/java-11-oracle/lib/server/libjvm.so
7fbd284b5000-7fbd28574000 r--p 0113f000 08:17 2762028                    /usr/lib/jvm/java-11-oracle/lib/server/libjvm.so
7fbd28574000-7fbd285ad000 rw-p 011fe000 08:17 2762028                    /usr/lib/jvm/java-11-oracle/lib/server/libjvm.so
7fbd285ad000-7fbd28603000 rw-p 00000000 00:00 0 
7fbd28603000-7fbd287ea000 r-xp 00000000 08:17 2102674                    /lib/x86_64-linux-gnu/libc-2.27.so
7fbd287ea000-7fbd289ea000 ---p 001e7000 08:17 2102674                    /lib/x86_64-linux-gnu/libc-2.27.so
7fbd289ea000-7fbd289ee000 r--p 001e7000 08:17 2102674                    /lib/x86_64-linux-gnu/libc-2.27.so
7fbd289ee000-7fbd289f0000 rw-p 001eb000 08:17 2102674                    /lib/x86_64-linux-gnu/libc-2.27.so
7fbd289f0000-7fbd289f4000 rw-p 00000000 00:00 0 
7fbd289f4000-7fbd289f7000 r-xp 00000000 08:17 2102697                    /lib/x86_64-linux-gnu/libdl-2.27.so
7fbd289f7000-7fbd28bf6000 ---p 00003000 08:17 2102697                    /lib/x86_64-linux-gnu/libdl-2.27.so
7fbd28bf6000-7fbd28bf7000 r--p 00002000 08:17 2102697                    /lib/x86_64-linux-gnu/libdl-2.27.so
7fbd28bf7000-7fbd28bf8000 rw-p 00003000 08:17 2102697                    /lib/x86_64-linux-gnu/libdl-2.27.so
7fbd28bf8000-7fbd28c08000 r-xp 00000000 08:17 2635656                    /usr/lib/jvm/java-11-oracle/lib/jli/libjli.so
7fbd28c08000-7fbd28e07000 ---p 00010000 08:17 2635656                    /usr/lib/jvm/java-11-oracle/lib/jli/libjli.so
7fbd28e07000-7fbd28e08000 r--p 0000f000 08:17 2635656                    /usr/lib/jvm/java-11-oracle/lib/jli/libjli.so
7fbd28e08000-7fbd28e09000 rw-p 00010000 08:17 2635656                    /usr/lib/jvm/java-11-oracle/lib/jli/libjli.so
7fbd28e09000-7fbd28e23000 r-xp 00000000 08:17 2102807                    /lib/x86_64-linux-gnu/libpthread-2.27.so
7fbd28e23000-7fbd29022000 ---p 0001a000 08:17 2102807                    /lib/x86_64-linux-gnu/libpthread-2.27.so
7fbd29022000-7fbd29023000 r--p 00019000 08:17 2102807                    /lib/x86_64-linux-gnu/libpthread-2.27.so
7fbd29023000-7fbd29024000 rw-p 0001a000 08:17 2102807                    /lib/x86_64-linux-gnu/libpthread-2.27.so
7fbd29024000-7fbd29028000 rw-p 00000000 00:00 0 
7fbd29028000-7fbd29044000 r-xp 00000000 08:17 2102846                    /lib/x86_64-linux-gnu/libz.so.1.2.11
7fbd29044000-7fbd29243000 ---p 0001c000 08:17 2102846                    /lib/x86_64-linux-gnu/libz.so.1.2.11
7fbd29243000-7fbd29244000 r--p 0001b000 08:17 2102846                    /lib/x86_64-linux-gnu/libz.so.1.2.11
7fbd29244000-7fbd29245000 rw-p 0001c000 08:17 2102846                    /lib/x86_64-linux-gnu/libz.so.1.2.11
7fbd29245000-7fbd2926c000 r-xp 00000000 08:17 2102646                    /lib/x86_64-linux-gnu/ld-2.27.so
7fbd2926d000-7fbd29274000 r--s 00000000 08:17 2756236                    /usr/lib/x86_64-linux-gnu/gconv/gconv-modules.cache
7fbd29274000-7fbd29350000 rw-p 00000000 00:00 0 
7fbd29350000-7fbd29354000 ---p 00000000 00:00 0 
7fbd29354000-7fbd29455000 rw-p 00000000 00:00 0 
7fbd29456000-7fbd2945b000 rw-p 00000000 00:00 0 
7fbd2945b000-7fbd29462000 ---p 00000000 00:00 0 
7fbd29462000-7fbd2946a000 rw-s 00000000 08:17 2360035                    /tmp/hsperfdata_tobiasbe/13438
7fbd2946a000-7fbd2946b000 ---p 00000000 00:00 0 
7fbd2946b000-7fbd2946c000 r--p 00000000 00:00 0 
7fbd2946c000-7fbd2946d000 r--p 00027000 08:17 2102646                    /lib/x86_64-linux-gnu/ld-2.27.so
7fbd2946d000-7fbd2946e000 rw-p 00028000 08:17 2102646                    /lib/x86_64-linux-gnu/ld-2.27.so
7fbd2946e000-7fbd2946f000 rw-p 00000000 00:00 0 
7ffcb9a70000-7ffcb9a94000 rw-p 00000000 00:00 0                          [stack]
7ffcb9ae2000-7ffcb9ae5000 r--p 00000000 00:00 0                          [vvar]
7ffcb9ae5000-7ffcb9ae7000 r-xp 00000000 00:00 0                          [vdso]
ffffffffff600000-ffffffffff601000 r-xp 00000000 00:00 0                  [vsyscall]


VM Arguments:
jvm_args: -javaagent:/snap/intellij-idea-community/158/lib/idea_rt.jar=42765:/snap/intellij-idea-community/158/bin -Dfile.encoding=UTF-8 
java_command: de.tobiasbecode.spring5shop.rating.RatingApplication
java_class_path (initial): /home/tobiasbe/Dokumente/Programmierung/Projekte/spring5-shop/rating/target/classes:/home/tobiasbe/.m2/repository/org/springframework/boot/spring-boot-starter-actuator/2.1.4.RELEASE/spring-boot-starter-actuator-2.1.4.RELEASE.jar:/home/tobiasbe/.m2/repository/org/springframework/boot/spring-boot-starter/2.1.4.RELEASE/spring-boot-starter-2.1.4.RELEASE.jar:/home/tobiasbe/.m2/repository/org/springframework/boot/spring-boot-starter-logging/2.1.4.RELEASE/spring-boot-starter-logging-2.1.4.RELEASE.jar:/home/tobiasbe/.m2/repository/ch/qos/logback/logback-classic/1.2.3/logback-classic-1.2.3.jar:/home/tobiasbe/.m2/repository/ch/qos/logback/logback-core/1.2.3/logback-core-1.2.3.jar:/home/tobiasbe/.m2/repository/org/apache/logging/log4j/log4j-to-slf4j/2.11.2/log4j-to-slf4j-2.11.2.jar:/home/tobiasbe/.m2/repository/org/apache/logging/log4j/log4j-api/2.11.2/log4j-api-2.11.2.jar:/home/tobiasbe/.m2/repository/org/slf4j/jul-to-slf4j/1.7.26/jul-to-slf4j-1.7.26.jar:/home/tobiasbe/.m2/repository/javax/annotation/javax.annotation-api/1.3.2/javax.annotation-api-1.3.2.jar:/home/tobiasbe/.m2/repository/org/yaml/snakeyaml/1.23/snakeyaml-1.23.jar:/home/tobiasbe/.m2/repository/org/springframework/boot/spring-boot-actuator-autoconfigure/2.1.4.RELEASE/spring-boot-actuator-autoconfigure-2.1.4.RELEASE.jar:/home/tobiasbe/.m2/repository/org/springframework/boot/spring-boot-actuator/2.1.4.RELEASE/spring-boot-actuator-2.1.4.RELEASE.jar:/home/tobiasbe/.m2/repository/com/fasterxml/jackson/core/jackson-databind/2.9.8/jackson-databind-2.9.8.jar:/home/tobiasbe/.m2/repository/org/springframework/spring-context/5.1.6.RELEASE/spring-context-5.1.6.RELEASE.jar:/home/tobiasbe/.m2/repository/com/fasterxml/jackson/datatype/jackson-datatype-jsr310/2.9.8/jackson-datatype-jsr310-2.9.8.jar:/home/tobiasbe/.m2/repository/io/micrometer/micrometer-core/1.1.4/micrometer-core-1.1.4.jar:/home/tobiasbe/.m2/repository/org/hdrhistogram/HdrHistogram/2.1.9/HdrHistogram-2.1.9.jar:/home/tobiasbe/.m2/repo
Launcher Type: SUN_STANDARD

[Global flags]
     intx CICompilerCount                          = 4                                         {product} {ergonomic}
     uint ConcGCThreads                            = 3                                         {product} {ergonomic}
     uint G1ConcRefinementThreads                  = 10                                        {product} {ergonomic}
   size_t G1HeapRegionSize                         = 1048576                                   {product} {ergonomic}
    uintx GCDrainStackTargetSize                   = 64                                        {product} {ergonomic}
   size_t InitialHeapSize                          = 264241152                                 {product} {ergonomic}
   size_t MarkStackSize                            = 4194304                                   {product} {ergonomic}
   size_t MaxHeapSize                              = 4208984064                                {product} {ergonomic}
   size_t MaxNewSize                               = 2524971008                                {product} {ergonomic}
   size_t MinHeapDeltaBytes                        = 1048576                                   {product} {ergonomic}
    uintx NonNMethodCodeHeapSize                   = 5835340                                {pd product} {ergonomic}
    uintx NonProfiledCodeHeapSize                  = 122911450                              {pd product} {ergonomic}
    uintx ProfiledCodeHeapSize                     = 122911450                              {pd product} {ergonomic}
    uintx ReservedCodeCacheSize                    = 251658240                              {pd product} {ergonomic}
     bool SegmentedCodeCache                       = true                                      {product} {ergonomic}
     bool UseCompressedClassPointers               = true                                 {lp64_product} {ergonomic}
     bool UseCompressedOops                        = true                                 {lp64_product} {ergonomic}
     bool UseG1GC                                  = true                                      {product} {ergonomic}

Logging:
Log output configuration:
 #0: stdout all=warning uptime,level,tags
 #1: stderr all=off uptime,level,tags

Environment Variables:
JAVA_HOME=/usr/lib/jvm/java-11-oracle
PATH=/usr/local/sbin:/usr/local/bin:/usr/sbin:/usr/bin:/sbin:/bin:/usr/games:/usr/local/games:/snap/bin:/usr/lib/jvm/java-11-oracle/bin:/usr/lib/jvm/java-11-oracle/db/bin
USERNAME=tobiasbe
SHELL=/bin/bash
DISPLAY=:0

Signal Handlers:
SIGSEGV: [libjvm.so+0xe2adf0], sa_mask[0]=11111111011111111101111111111110, sa_flags=SA_RESTART|SA_SIGINFO
SIGBUS: [libjvm.so+0xe2adf0], sa_mask[0]=11111111011111111101111111111110, sa_flags=SA_RESTART|SA_SIGINFO
SIGFPE: [libjvm.so+0xe2adf0], sa_mask[0]=11111111011111111101111111111110, sa_flags=SA_RESTART|SA_SIGINFO
SIGPIPE: [libjvm.so+0xbff5b0], sa_mask[0]=11111111011111111101111111111110, sa_flags=SA_RESTART|SA_SIGINFO
SIGXFSZ: [libjvm.so+0xbff5b0], sa_mask[0]=11111111011111111101111111111110, sa_flags=SA_RESTART|SA_SIGINFO
SIGILL: [libjvm.so+0xe2adf0], sa_mask[0]=11111111011111111101111111111110, sa_flags=SA_RESTART|SA_SIGINFO
SIGUSR2: [libjvm.so+0xbff450], sa_mask[0]=00100000000000000000000000000000, sa_flags=SA_RESTART|SA_SIGINFO
SIGHUP: [libjvm.so+0xbff7b0], sa_mask[0]=11111111011111111101111111111110, sa_flags=SA_RESTART|SA_SIGINFO
SIGINT: [libjvm.so+0xbff7b0], sa_mask[0]=11111111011111111101111111111110, sa_flags=SA_RESTART|SA_SIGINFO
SIGTERM: [libjvm.so+0xbff7b0], sa_mask[0]=11111111011111111101111111111110, sa_flags=SA_RESTART|SA_SIGINFO
SIGQUIT: [libjvm.so+0xbff7b0], sa_mask[0]=11111111011111111101111111111110, sa_flags=SA_RESTART|SA_SIGINFO


---------------  S Y S T E M  ---------------

OS:DISTRIB_ID=Ubuntu
DISTRIB_RELEASE=18.04
DISTRIB_CODENAME=bionic
DISTRIB_DESCRIPTION="Ubuntu 18.04.2 LTS"
uname:Linux 4.18.0-25-generic #26~18.04.1-Ubuntu SMP Thu Jun 27 07:28:31 UTC 2019 x86_64
libc:glibc 2.27 NPTL 2.27 
rlimit: STACK 8192k, CORE 0k, NPROC 63789, NOFILE 1048576, AS infinity, DATA infinity, FSIZE infinity
load average:5,79 2,77 1,07

/proc/meminfo:
MemTotal:       16441292 kB
MemFree:         4087080 kB
MemAvailable:    8070312 kB
Buffers:          547620 kB
Cached:          3500960 kB
SwapCached:            0 kB
Active:          8766020 kB
Inactive:        2754624 kB
Active(anon):    7415472 kB
Inactive(anon):    66244 kB
Active(file):    1350548 kB
Inactive(file):  2688380 kB
Unevictable:          64 kB
Mlocked:              64 kB
SwapTotal:       2097148 kB
SwapFree:        2097148 kB
Dirty:              2360 kB
Writeback:             0 kB
AnonPages:       7472360 kB
Mapped:          1218264 kB
Shmem:             71892 kB
Slab:             566136 kB
SReclaimable:     278832 kB
SUnreclaim:       287304 kB
KernelStack:       33088 kB
PageTables:        72356 kB
NFS_Unstable:          0 kB
Bounce:                0 kB
WritebackTmp:          0 kB
CommitLimit:    10317792 kB
Committed_AS:   16857168 kB
VmallocTotal:   34359738367 kB
VmallocUsed:           0 kB
VmallocChunk:          0 kB
HardwareCorrupted:     0 kB
AnonHugePages:         0 kB
ShmemHugePages:        0 kB
ShmemPmdMapped:        0 kB
CmaTotal:              0 kB
CmaFree:               0 kB
HugePages_Total:       0
HugePages_Free:        0
HugePages_Rsvd:        0
HugePages_Surp:        0
Hugepagesize:       2048 kB
Hugetlb:               0 kB
DirectMap4k:      389972 kB
DirectMap2M:     8998912 kB
DirectMap1G:     8388608 kB


/proc/sys/kernel/threads-max (system-wide limit on the number of threads):
127578


/proc/sys/vm/max_map_count (maximum number of memory map areas a process may have):
65530


/proc/sys/kernel/pid_max (system-wide limit on number of process identifiers):
32768



container (cgroup) information:
container_type: cgroupv1
cpu_cpuset_cpus: 0-11
cpu_memory_nodes: 0
active_processor_count: 12
cpu_quota: -1
cpu_period: 100000
cpu_shares: -1
memory_limit_in_bytes: -1
memory_and_swap_limit_in_bytes: -2
memory_soft_limit_in_bytes: -1
memory_usage_in_bytes: 8488484864
memory_max_usage_in_bytes: 8488484864


CPU:total 12 (initial active 12) (12 cores per cpu, 2 threads per core) family 23 model 1 stepping 1, cmov, cx8, fxsr, mmx, sse, sse2, sse3, ssse3, sse4.1, sse4.2, popcnt, avx, avx2, aes, clmul, mmxext, 3dnowpref, lzcnt, sse4a, ht, tsc, tscinvbit, tscinv, bmi1, bmi2, adx, sha, fma
CPU Model and flags from /proc/cpuinfo:
model name	: AMD Ryzen 5 1600 Six-Core Processor
flags		: fpu vme de pse tsc msr pae mce cx8 apic sep mtrr pge mca cmov pat pse36 clflush mmx fxsr sse sse2 ht syscall nx mmxext fxsr_opt pdpe1gb rdtscp lm constant_tsc rep_good nopl nonstop_tsc cpuid extd_apicid aperfmperf pni pclmulqdq monitor ssse3 fma cx16 sse4_1 sse4_2 movbe popcnt aes xsave avx f16c rdrand lahf_lm cmp_legacy svm extapic cr8_legacy abm sse4a misalignsse 3dnowprefetch osvw skinit wdt tce topoext perfctr_core perfctr_nb bpext perfctr_llc mwaitx cpb hw_pstate sme ssbd sev vmmcall fsgsbase bmi1 avx2 smep bmi2 rdseed adx smap clflushopt sha_ni xsaveopt xsavec xgetbv1 xsaves clzero irperf xsaveerptr arat npt lbrv svm_lock nrip_save tsc_scale vmcb_clean flushbyasid decodeassists pausefilter pfthreshold avic v_vmsave_vmload vgif overflow_recov succor smca

Memory: 4k page, physical 16441292k(4087080k free), swap 2097148k(2097148k free)

vm_info: Java HotSpot(TM) 64-Bit Server VM (11.0.2+9-LTS) for linux-amd64 JRE (11.0.2+9-LTS), built on Jan 17 2019 21:22:50 by "mach5one" with gcc 7.3.0

END.
