#
# A fatal error has been detected by the Java Runtime Environment:
#
#  SIGSEGV (0xb) at pc=0x00007f0d368089f0, pid=18225, tid=18262
#
# JRE version: Java(TM) SE Runtime Environment (11.0.2+9) (build 11.0.2+9-LTS)
# Java VM: Java HotSpot(TM) 64-Bit Server VM (11.0.2+9-LTS, mixed mode, tiered, compressed oops, g1 gc, linux-amd64)
# Problematic frame:
# C  [ld-linux-x86-64.so.2+0x199f0]  __tls_get_addr+0x0
#
# Core dump will be written. Default location: Core dumps may be processed with "/usr/share/apport/apport %p %s %c %d %P" (or dumping to /home/tobiasbe/Dokumente/Programmierung/Projekte/spring5-shop/oauth2-server (Kopie)/core.18225)
#
# If you would like to submit a bug report, please visit:
#   http://bugreport.java.com/bugreport/crash.jsp
#

---------------  S U M M A R Y ------------

Command Line: -Dclassworlds.conf=/usr/share/maven/bin/m2.conf -Dmaven.home=/usr/share/maven -Dlibrary.jansi.path=/usr/share/maven/lib/jansi-native -Dmaven.multiModuleProjectDirectory=/home/tobiasbe/Dokumente/Programmierung/Projekte/spring5-shop/oauth2-server (Kopie) org.codehaus.plexus.classworlds.launcher.Launcher clean install -Dspring.profiles.active=dev

Host: AMD Ryzen 5 1600 Six-Core Processor, 12 cores, 15G, Ubuntu 18.04.2 LTS
Time: Wed May 29 00:31:00 2019 CEST elapsed time: 4 seconds (0d 0h 0m 4s)

---------------  T H R E A D  ---------------

Current thread (0x00007f0cd8274000):  JavaThread "C2 CompilerThread2" daemon [_thread_in_native, id=18262, stack(0x00007f0d004fe000,0x00007f0d005ff000)]


Current CompileTask:
C2:   4249 6847       4       jdk.nio.zipfs.ZipFileSystem$Entry::cen (220 bytes)

Stack: [0x00007f0d004fe000,0x00007f0d005ff000],  sp=0x00007f0d005fa1e8,  free space=1008k
Native frames: (J=compiled Java code, A=aot compiled Java code, j=interpreted, Vv=VM code, C=native code)
C  [ld-linux-x86-64.so.2+0x199f0]  __tls_get_addr+0x0
V  [libjvm.so+0xa72e04]  PhaseLive::add_liveout(Block*, IndexSet*, VectorSet&)+0x1d4
V  [libjvm.so+0xa735ba]  PhaseLive::compute(unsigned int)+0x65a
V  [libjvm.so+0x7ef17a]  PhaseCFG::global_code_motion()+0xb7a
V  [libjvm.so+0x7ef25a]  PhaseCFG::do_global_code_motion()+0x4a
V  [libjvm.so+0x6390c5]  Compile::Code_Gen()+0x1d5
V  [libjvm.so+0x63c6f0]  Compile::Compile(ciEnv*, C2Compiler*, ciMethod*, int, bool, bool, bool, DirectiveSet*)+0xc80
V  [libjvm.so+0x548061]  C2Compiler::compile_method(ciEnv*, ciMethod*, int, DirectiveSet*)+0xb1
V  [libjvm.so+0x64664c]  CompileBroker::invoke_compiler_on_method(CompileTask*)+0x4fc
V  [libjvm.so+0x6481c8]  CompileBroker::compiler_thread_loop()+0x598
V  [libjvm.so+0xdc4bbd]  JavaThread::thread_main_inner()+0x21d
V  [libjvm.so+0xdc4f67]  JavaThread::run()+0x377
V  [libjvm.so+0xc09750]  thread_native_entry(Thread*)+0xf0


siginfo: si_signo: 11 (SIGSEGV), si_code: 1 (SEGV_MAPERR), si_addr: 0x00007f0d37994d50

Register to memory mapping:

RAX=0x00007f0d35b6bf60: <offset 0x000000000144bf60> in /usr/lib/jvm/java-11-oracle/lib/server/libjvm.so at 0x00007f0d34720000
RBX=0x00007f0ce43c6af0 points into unknown readable memory: 00 00 00 00 0c 7f 00 00
RCX=0x000000000000017b is an unknown value
RDX=0x0000000000000002 is an unknown value
RSP=0x00007f0d005fa1e8 is pointing into the stack for thread: 0x00007f0cd8274000
RBP=0x00007f0d005fa220 is pointing into the stack for thread: 0x00007f0cd8274000
RSI=0x000000000000017b is an unknown value
RDI=0x00007f0d35b1dfd0: <offset 0x00000000013fdfd0> in /usr/lib/jvm/java-11-oracle/lib/server/libjvm.so at 0x00007f0d34720000
R8 =0x0000000000000001 is an unknown value
R9 =0x0000000088000000 is an unknown value
R10=0x0 is NULL
R11=0x0 is NULL
R12=0x000000000000017b is an unknown value
R13=0x00007f0cc01ba990 points into unknown readable memory: 06 00 00 00 00 00 00 00
R14=0x00007f0d005fa570 is pointing into the stack for thread: 0x00007f0cd8274000
R15=0x00007f0cc01ba990 points into unknown readable memory: 06 00 00 00 00 00 00 00


Registers:
RAX=0x00007f0d35b6bf60, RBX=0x00007f0ce43c6af0, RCX=0x000000000000017b, RDX=0x0000000000000002
RSP=0x00007f0d005fa1e8, RBP=0x00007f0d005fa220, RSI=0x000000000000017b, RDI=0x00007f0d35b1dfd0
R8 =0x0000000000000001, R9 =0x0000000088000000, R10=0x0000000000000000, R11=0x0000000000000000
R12=0x000000000000017b, R13=0x00007f0cc01ba990, R14=0x00007f0d005fa570, R15=0x00007f0cc01ba990
RIP=0x00007f0d368089f0, EFLAGS=0x0000000000010206, CSGSFS=0x002b000000000033, ERR=0x0000000000000004
  TRAPNO=0x000000000000000e

Top of Stack: (sp=0x00007f0d005fa1e8)
0x00007f0d005fa1e8:   00007f0d34f72ad7 00007f0d005fa330
0x00007f0d005fa1f8:   00007f0ce43c6af0 0000000000000001
0x00007f0d005fa208:   00007f0ce43c8930 00007f0d005fa570
0x00007f0d005fa218:   00007f0cc01ba990 00007f0d005fa2d0 

Instructions: (pc=0x00007f0d368089f0)
0x00007f0d368089d0:   30 48 8b 54 24 38 48 8b 4c 24 40 48 83 c4 48 ff
0x00007f0d368089e0:   20 66 2e 0f 1f 84 00 00 00 00 00 0f 1f 44 00 00
0x00007f0d368089f0:   64 48 8b 14 25 08 00 00 00 48 8b 05 b8 f5 20 00
0x00007f0d36808a00:   48 39 02 75 16 48 8b 07 48 c1 e0 04 48 8b 04 02 

Stack slot to memory mapping:
stack at sp + 0 slots: 0x00007f0d34f72ad7: <offset 0x0000000000852ad7> in /usr/lib/jvm/java-11-oracle/lib/server/libjvm.so at 0x00007f0d34720000
stack at sp + 1 slots: 0x00007f0d005fa330 is pointing into the stack for thread: 0x00007f0cd8274000
stack at sp + 2 slots: 0x00007f0ce43c6af0 points into unknown readable memory: 00 00 00 00 0c 7f 00 00
stack at sp + 3 slots: 0x0000000000000001 is an unknown value
stack at sp + 4 slots: 0x00007f0ce43c8930 points into unknown readable memory: 06 00 00 00 00 00 00 00
stack at sp + 5 slots: 0x00007f0d005fa570 is pointing into the stack for thread: 0x00007f0cd8274000
stack at sp + 6 slots: 0x00007f0cc01ba990 points into unknown readable memory: 06 00 00 00 00 00 00 00
stack at sp + 7 slots: 0x00007f0d005fa2d0 is pointing into the stack for thread: 0x00007f0cd8274000


---------------  P R O C E S S  ---------------

Threads class SMR info:
_java_thread_list=0x00007f0cd8275a30, length=11, elements={
0x00007f0d30012000, 0x00007f0d30211000, 0x00007f0d30215800, 0x00007f0d30228000,
0x00007f0d3022a000, 0x00007f0d3022c000, 0x00007f0d3022e000, 0x00007f0d302e5000,
0x00007f0d302f5000, 0x00007f0cd822b000, 0x00007f0cd8274000
}

Java Threads: ( => current thread )
  0x00007f0d30012000 JavaThread "main" [_thread_in_native, id=18245, stack(0x00007f0d368fa000,0x00007f0d369fb000)]
  0x00007f0d30211000 JavaThread "Reference Handler" daemon [_thread_blocked, id=18252, stack(0x00007f0d0818f000,0x00007f0d08290000)]
  0x00007f0d30215800 JavaThread "Finalizer" daemon [_thread_blocked, id=18253, stack(0x00007f0d0808e000,0x00007f0d0818f000)]
  0x00007f0d30228000 JavaThread "Signal Dispatcher" daemon [_thread_blocked, id=18254, stack(0x00007f0d01530000,0x00007f0d01631000)]
  0x00007f0d3022a000 JavaThread "C2 CompilerThread0" daemon [_thread_in_native, id=18255, stack(0x00007f0d0142f000,0x00007f0d01530000)]
  0x00007f0d3022c000 JavaThread "C1 CompilerThread0" daemon [_thread_blocked, id=18256, stack(0x00007f0d0132e000,0x00007f0d0142f000)]
  0x00007f0d3022e000 JavaThread "Sweeper thread" daemon [_thread_blocked, id=18257, stack(0x00007f0d0122d000,0x00007f0d0132e000)]
  0x00007f0d302e5000 JavaThread "Service Thread" daemon [_thread_blocked, id=18258, stack(0x00007f0d0112c000,0x00007f0d0122d000)]
  0x00007f0d302f5000 JavaThread "Common-Cleaner" daemon [_thread_blocked, id=18260, stack(0x00007f0d00f29000,0x00007f0d0102a000)]
  0x00007f0cd822b000 JavaThread "C2 CompilerThread1" daemon [_thread_in_native, id=18261, stack(0x00007f0d007ff000,0x00007f0d00900000)]
=>0x00007f0cd8274000 JavaThread "C2 CompilerThread2" daemon [_thread_in_native, id=18262, stack(0x00007f0d004fe000,0x00007f0d005ff000)]

Other Threads:
  0x00007f0d30209000 VMThread "VM Thread" [stack: 0x00007f0d1400f000,0x00007f0d1410f000] [id=18251]
  0x00007f0d302ec000 WatcherThread [stack: 0x00007f0d0102c000,0x00007f0d0112c000] [id=18259]
  0x00007f0d3003a800 GCTaskThread "GC Thread#0" [stack: 0x00007f0d179b5000,0x00007f0d17ab5000] [id=18246]
  0x00007f0cf4001000 GCTaskThread "GC Thread#1" [stack: 0x00007f0d003fe000,0x00007f0d004fe000] [id=18263]
  0x00007f0cf4002800 GCTaskThread "GC Thread#2" [stack: 0x00007f0d00261000,0x00007f0d00361000] [id=18264]
  0x00007f0cf4004800 GCTaskThread "GC Thread#3" [stack: 0x00007f0d0015f000,0x00007f0d0025f000] [id=18265]
  0x00007f0cf4006000 GCTaskThread "GC Thread#4" [stack: 0x00007f0d0005d000,0x00007f0d0015d000] [id=18266]
  0x00007f0cf4008000 GCTaskThread "GC Thread#5" [stack: 0x00007f0cb7f00000,0x00007f0cb8000000] [id=18267]
  0x00007f0cf408f800 GCTaskThread "GC Thread#6" [stack: 0x00007f0cb67fa000,0x00007f0cb68fa000] [id=18279]
  0x00007f0d30099000 ConcurrentGCThread "G1 Main Marker" [stack: 0x00007f0d15621000,0x00007f0d15721000] [id=18247]
  0x00007f0d3009b000 ConcurrentGCThread "G1 Conc#0" [stack: 0x00007f0d1551f000,0x00007f0d1561f000] [id=18248]
  0x00007f0d04001000 ConcurrentGCThread "G1 Conc#1" [stack: 0x00007f0cb75fe000,0x00007f0cb76fe000] [id=18277]
  0x00007f0d04002800 ConcurrentGCThread "G1 Conc#2" [stack: 0x00007f0cb74fc000,0x00007f0cb75fc000] [id=18278]
  0x00007f0d301a4800 ConcurrentGCThread "G1 Refine#0" [stack: 0x00007f0d14a13000,0x00007f0d14b13000] [id=18249]
  0x00007f0d301a6800 ConcurrentGCThread "G1 Young RemSet Sampling" [stack: 0x00007f0d14911000,0x00007f0d14a11000] [id=18250]

Threads with active compile tasks:
C2 CompilerThread06858       4       java.time.LocalDateTime::plusWithOverflow (179 bytes)
C2 CompilerThread16792       4       com.sun.tools.javac.code.Symtab::lookupPackage (243 bytes)
C2 CompilerThread26847       4       jdk.nio.zipfs.ZipFileSystem$Entry::cen (220 bytes)

VM state:not at safepoint (normal execution)

VM Mutex/Monitor currently owned by a thread:  ([mutex/lock_event])
[0x00007f0d3000f1d0] Compile_lock - owner thread: 0x0000000000000000

Heap address: 0x0000000705200000, size: 4014 MB, Compressed Oops mode: Zero based, Oop shift amount: 3
Narrow klass base: 0x0000000800000000, Narrow klass shift: 0
Compressed class space size: 1073741824 Address: 0x0000000800000000

Heap:
 garbage-first heap   total 310272K, used 85173K [0x0000000705200000, 0x0000000800000000)
  region size 1024K, 38 young (38912K), 14 survivors (14336K)
 Metaspace       used 37099K, capacity 38241K, committed 38556K, reserved 1083392K
  class space    used 3951K, capacity 4310K, committed 4352K, reserved 1048576K
Heap Regions: E=young(eden), S=young(survivor), O=old, HS=humongous(starts), HC=humongous(continues), CS=collection set, F=free, A=archive, TAMS=top-at-mark-start (previous, next)
|   0|0x0000000705200000, 0x0000000705300000, 0x0000000705300000|100%| O|  |TAMS 0x0000000705300000, 0x0000000705200000| Untracked 
|   1|0x0000000705300000, 0x0000000705400000, 0x0000000705400000|100%| O|  |TAMS 0x0000000705400000, 0x0000000705300000| Untracked 
|   2|0x0000000705400000, 0x0000000705500000, 0x0000000705500000|100%| O|  |TAMS 0x0000000705500000, 0x0000000705400000| Untracked 
|   3|0x0000000705500000, 0x0000000705600000, 0x0000000705600000|100%| O|  |TAMS 0x0000000705600000, 0x0000000705500000| Untracked 
|   4|0x0000000705600000, 0x0000000705700000, 0x0000000705700000|100%| O|  |TAMS 0x0000000705700000, 0x0000000705600000| Untracked 
|   5|0x0000000705700000, 0x0000000705800000, 0x0000000705800000|100%| O|  |TAMS 0x0000000705800000, 0x0000000705700000| Untracked 
|   6|0x0000000705800000, 0x0000000705900000, 0x0000000705900000|100%| O|  |TAMS 0x0000000705900000, 0x0000000705800000| Untracked 
|   7|0x0000000705900000, 0x0000000705a00000, 0x0000000705a00000|100%| O|  |TAMS 0x0000000705a00000, 0x0000000705900000| Untracked 
|   8|0x0000000705a00000, 0x0000000705b00000, 0x0000000705b00000|100%| O|  |TAMS 0x0000000705b00000, 0x0000000705a00000| Untracked 
|   9|0x0000000705b00000, 0x0000000705c00000, 0x0000000705c00000|100%| O|  |TAMS 0x0000000705c00000, 0x0000000705b00000| Untracked 
|  10|0x0000000705c00000, 0x0000000705d00000, 0x0000000705d00000|100%| O|  |TAMS 0x0000000705d00000, 0x0000000705c00000| Untracked 
|  11|0x0000000705d00000, 0x0000000705e00000, 0x0000000705e00000|100%| O|  |TAMS 0x0000000705e00000, 0x0000000705d00000| Untracked 
|  12|0x0000000705e00000, 0x0000000705f00000, 0x0000000705f00000|100%| O|  |TAMS 0x0000000705f00000, 0x0000000705e00000| Untracked 
|  13|0x0000000705f00000, 0x0000000706000000, 0x0000000706000000|100%| O|  |TAMS 0x0000000706000000, 0x0000000705f00000| Untracked 
|  14|0x0000000706000000, 0x0000000706100000, 0x0000000706100000|100%| O|  |TAMS 0x0000000706100000, 0x0000000706000000| Untracked 
|  15|0x0000000706100000, 0x0000000706200000, 0x0000000706200000|100%|HS|  |TAMS 0x0000000706100000, 0x0000000706100000| Complete 
|  16|0x0000000706200000, 0x0000000706300000, 0x0000000706300000|100%| O|  |TAMS 0x0000000706300000, 0x0000000706200000| Untracked 
|  17|0x0000000706300000, 0x0000000706400000, 0x0000000706400000|100%| O|  |TAMS 0x0000000706400000, 0x0000000706300000| Untracked 
|  18|0x0000000706400000, 0x0000000706500000, 0x0000000706500000|100%| O|  |TAMS 0x0000000706500000, 0x0000000706400000| Untracked 
|  19|0x0000000706500000, 0x0000000706600000, 0x0000000706600000|100%| O|  |TAMS 0x0000000706600000, 0x0000000706500000| Untracked 
|  20|0x0000000706600000, 0x0000000706700000, 0x0000000706700000|100%| O|  |TAMS 0x0000000706700000, 0x0000000706600000| Untracked 
|  21|0x0000000706700000, 0x0000000706800000, 0x0000000706800000|100%| O|  |TAMS 0x0000000706800000, 0x0000000706700000| Untracked 
|  22|0x0000000706800000, 0x0000000706900000, 0x0000000706900000|100%| O|  |TAMS 0x0000000706900000, 0x0000000706800000| Untracked 
|  23|0x0000000706900000, 0x0000000706a00000, 0x0000000706a00000|100%| O|  |TAMS 0x0000000706a00000, 0x0000000706900000| Untracked 
|  24|0x0000000706a00000, 0x0000000706a00000, 0x0000000706b00000|  0%| F|  |TAMS 0x0000000706a00000, 0x0000000706a00000| Untracked 
|  25|0x0000000706b00000, 0x0000000706c00000, 0x0000000706c00000|100%|HS|  |TAMS 0x0000000706c00000, 0x0000000706b00000| Complete 
|  26|0x0000000706c00000, 0x0000000706d00000, 0x0000000706d00000|100%| O|  |TAMS 0x0000000706d00000, 0x0000000706c00000| Untracked 
|  27|0x0000000706d00000, 0x0000000706e00000, 0x0000000706e00000|100%| O|  |TAMS 0x0000000706d39400, 0x0000000706d00000| Untracked 
|  28|0x0000000706e00000, 0x0000000706e00000, 0x0000000706f00000|  0%| F|  |TAMS 0x0000000706e00000, 0x0000000706e00000| Untracked 
|  29|0x0000000706f00000, 0x0000000707000000, 0x0000000707000000|100%|HS|  |TAMS 0x0000000706f00000, 0x0000000706f00000| Complete 
|  30|0x0000000707000000, 0x0000000707100000, 0x0000000707100000|100%|HS|  |TAMS 0x0000000707000000, 0x0000000707000000| Complete 
|  31|0x0000000707100000, 0x0000000707200000, 0x0000000707200000|100%| O|  |TAMS 0x0000000707100000, 0x0000000707100000| Untracked 
|  32|0x0000000707200000, 0x0000000707300000, 0x0000000707300000|100%| O|  |TAMS 0x0000000707200000, 0x0000000707200000| Untracked 
|  33|0x0000000707300000, 0x0000000707400000, 0x0000000707400000|100%| O|  |TAMS 0x0000000707300000, 0x0000000707300000| Untracked 
|  34|0x0000000707400000, 0x0000000707500000, 0x0000000707500000|100%| O|  |TAMS 0x0000000707400000, 0x0000000707400000| Untracked 
|  35|0x0000000707500000, 0x0000000707600000, 0x0000000707600000|100%| O|  |TAMS 0x0000000707500000, 0x0000000707500000| Untracked 
|  36|0x0000000707600000, 0x0000000707700000, 0x0000000707700000|100%| O|  |TAMS 0x0000000707600000, 0x0000000707600000| Untracked 
|  37|0x0000000707700000, 0x0000000707800000, 0x0000000707800000|100%| O|  |TAMS 0x0000000707700000, 0x0000000707700000| Untracked 
|  38|0x0000000707800000, 0x0000000707900000, 0x0000000707900000|100%| O|  |TAMS 0x0000000707800000, 0x0000000707800000| Untracked 
|  39|0x0000000707900000, 0x0000000707a00000, 0x0000000707a00000|100%| O|  |TAMS 0x0000000707900000, 0x0000000707900000| Untracked 
|  40|0x0000000707a00000, 0x0000000707b00000, 0x0000000707b00000|100%| O|  |TAMS 0x0000000707a00000, 0x0000000707a00000| Untracked 
|  41|0x0000000707b00000, 0x0000000707c00000, 0x0000000707c00000|100%| O|  |TAMS 0x0000000707b00000, 0x0000000707b00000| Untracked 
|  42|0x0000000707c00000, 0x0000000707d00000, 0x0000000707d00000|100%| O|  |TAMS 0x0000000707c00000, 0x0000000707c00000| Untracked 
|  43|0x0000000707d00000, 0x0000000707e00000, 0x0000000707e00000|100%| O|  |TAMS 0x0000000707d00000, 0x0000000707d00000| Untracked 
|  44|0x0000000707e00000, 0x0000000707f00000, 0x0000000707f00000|100%| O|  |TAMS 0x0000000707e00000, 0x0000000707e00000| Untracked 
|  45|0x0000000707f00000, 0x0000000708000000, 0x0000000708000000|100%| O|  |TAMS 0x0000000707f00000, 0x0000000707f00000| Untracked 
|  46|0x0000000708000000, 0x0000000708100000, 0x0000000708100000|100%| O|  |TAMS 0x0000000708000000, 0x0000000708000000| Untracked 
|  47|0x0000000708100000, 0x0000000708200000, 0x0000000708200000|100%| O|  |TAMS 0x0000000708100000, 0x0000000708100000| Untracked 
|  48|0x0000000708200000, 0x0000000708300000, 0x0000000708300000|100%| O|  |TAMS 0x0000000708200000, 0x0000000708200000| Untracked 
|  49|0x0000000708300000, 0x000000070834c200, 0x0000000708400000| 29%| O|  |TAMS 0x0000000708300000, 0x0000000708300000| Untracked 
|  50|0x0000000708400000, 0x0000000708400000, 0x0000000708500000|  0%| F|  |TAMS 0x0000000708400000, 0x0000000708400000| Untracked 
|  51|0x0000000708500000, 0x0000000708500000, 0x0000000708600000|  0%| F|  |TAMS 0x0000000708500000, 0x0000000708500000| Untracked 
|  52|0x0000000708600000, 0x0000000708600000, 0x0000000708700000|  0%| F|  |TAMS 0x0000000708600000, 0x0000000708600000| Untracked 
|  53|0x0000000708700000, 0x0000000708700000, 0x0000000708800000|  0%| F|  |TAMS 0x0000000708700000, 0x0000000708700000| Untracked 
|  54|0x0000000708800000, 0x0000000708800000, 0x0000000708900000|  0%| F|  |TAMS 0x0000000708800000, 0x0000000708800000| Untracked 
|  55|0x0000000708900000, 0x0000000708900000, 0x0000000708a00000|  0%| F|  |TAMS 0x0000000708900000, 0x0000000708900000| Untracked 
|  56|0x0000000708a00000, 0x0000000708a00000, 0x0000000708b00000|  0%| F|  |TAMS 0x0000000708a00000, 0x0000000708a00000| Untracked 
|  57|0x0000000708b00000, 0x0000000708b00000, 0x0000000708c00000|  0%| F|  |TAMS 0x0000000708b00000, 0x0000000708b00000| Untracked 
|  58|0x0000000708c00000, 0x0000000708c00000, 0x0000000708d00000|  0%| F|  |TAMS 0x0000000708c00000, 0x0000000708c00000| Untracked 
|  59|0x0000000708d00000, 0x0000000708d00000, 0x0000000708e00000|  0%| F|  |TAMS 0x0000000708d00000, 0x0000000708d00000| Untracked 
|  60|0x0000000708e00000, 0x0000000708e00000, 0x0000000708f00000|  0%| F|  |TAMS 0x0000000708e00000, 0x0000000708e00000| Untracked 
|  61|0x0000000708f00000, 0x0000000708f00000, 0x0000000709000000|  0%| F|  |TAMS 0x0000000708f00000, 0x0000000708f00000| Untracked 
|  62|0x0000000709000000, 0x0000000709000000, 0x0000000709100000|  0%| F|  |TAMS 0x0000000709000000, 0x0000000709000000| Untracked 
|  63|0x0000000709100000, 0x0000000709100000, 0x0000000709200000|  0%| F|  |TAMS 0x0000000709100000, 0x0000000709100000| Untracked 
|  64|0x0000000709200000, 0x0000000709200000, 0x0000000709300000|  0%| F|  |TAMS 0x0000000709200000, 0x0000000709200000| Untracked 
|  65|0x0000000709300000, 0x0000000709300000, 0x0000000709400000|  0%| F|  |TAMS 0x0000000709300000, 0x0000000709300000| Untracked 
|  66|0x0000000709400000, 0x0000000709400000, 0x0000000709500000|  0%| F|  |TAMS 0x0000000709400000, 0x0000000709400000| Untracked 
|  67|0x0000000709500000, 0x0000000709500000, 0x0000000709600000|  0%| F|  |TAMS 0x0000000709500000, 0x0000000709500000| Untracked 
|  68|0x0000000709600000, 0x0000000709600000, 0x0000000709700000|  0%| F|  |TAMS 0x0000000709600000, 0x0000000709600000| Untracked 
|  69|0x0000000709700000, 0x0000000709700000, 0x0000000709800000|  0%| F|  |TAMS 0x0000000709700000, 0x0000000709700000| Untracked 
|  70|0x0000000709800000, 0x0000000709800000, 0x0000000709900000|  0%| F|  |TAMS 0x0000000709800000, 0x0000000709800000| Untracked 
|  71|0x0000000709900000, 0x0000000709900000, 0x0000000709a00000|  0%| F|  |TAMS 0x0000000709900000, 0x0000000709900000| Untracked 
|  72|0x0000000709a00000, 0x0000000709a00000, 0x0000000709b00000|  0%| F|  |TAMS 0x0000000709a00000, 0x0000000709a00000| Untracked 
|  73|0x0000000709b00000, 0x0000000709b00000, 0x0000000709c00000|  0%| F|  |TAMS 0x0000000709b00000, 0x0000000709b00000| Untracked 
|  74|0x0000000709c00000, 0x0000000709c00000, 0x0000000709d00000|  0%| F|  |TAMS 0x0000000709c00000, 0x0000000709c00000| Untracked 
|  75|0x0000000709d00000, 0x0000000709d00000, 0x0000000709e00000|  0%| F|  |TAMS 0x0000000709d00000, 0x0000000709d00000| Untracked 
|  76|0x0000000709e00000, 0x0000000709e00000, 0x0000000709f00000|  0%| F|  |TAMS 0x0000000709e00000, 0x0000000709e00000| Untracked 
|  77|0x0000000709f00000, 0x0000000709f00000, 0x000000070a000000|  0%| F|  |TAMS 0x0000000709f00000, 0x0000000709f00000| Untracked 
|  78|0x000000070a000000, 0x000000070a000000, 0x000000070a100000|  0%| F|  |TAMS 0x000000070a000000, 0x000000070a000000| Untracked 
|  79|0x000000070a100000, 0x000000070a100000, 0x000000070a200000|  0%| F|  |TAMS 0x000000070a100000, 0x000000070a100000| Untracked 
|  80|0x000000070a200000, 0x000000070a200000, 0x000000070a300000|  0%| F|  |TAMS 0x000000070a200000, 0x000000070a200000| Untracked 
|  81|0x000000070a300000, 0x000000070a300000, 0x000000070a400000|  0%| F|  |TAMS 0x000000070a300000, 0x000000070a300000| Untracked 
|  82|0x000000070a400000, 0x000000070a400000, 0x000000070a500000|  0%| F|  |TAMS 0x000000070a400000, 0x000000070a400000| Untracked 
|  83|0x000000070a500000, 0x000000070a500000, 0x000000070a600000|  0%| F|  |TAMS 0x000000070a500000, 0x000000070a500000| Untracked 
|  84|0x000000070a600000, 0x000000070a600000, 0x000000070a700000|  0%| F|  |TAMS 0x000000070a600000, 0x000000070a600000| Untracked 
|  85|0x000000070a700000, 0x000000070a700000, 0x000000070a800000|  0%| F|  |TAMS 0x000000070a700000, 0x000000070a700000| Untracked 
|  86|0x000000070a800000, 0x000000070a800000, 0x000000070a900000|  0%| F|  |TAMS 0x000000070a800000, 0x000000070a800000| Untracked 
|  87|0x000000070a900000, 0x000000070a900000, 0x000000070aa00000|  0%| F|  |TAMS 0x000000070a900000, 0x000000070a900000| Untracked 
|  88|0x000000070aa00000, 0x000000070aa00000, 0x000000070ab00000|  0%| F|  |TAMS 0x000000070aa00000, 0x000000070aa00000| Untracked 
|  89|0x000000070ab00000, 0x000000070ab00000, 0x000000070ac00000|  0%| F|  |TAMS 0x000000070ab00000, 0x000000070ab00000| Untracked 
|  90|0x000000070ac00000, 0x000000070ac00000, 0x000000070ad00000|  0%| F|  |TAMS 0x000000070ac00000, 0x000000070ac00000| Untracked 
|  91|0x000000070ad00000, 0x000000070ad00000, 0x000000070ae00000|  0%| F|  |TAMS 0x000000070ad00000, 0x000000070ad00000| Untracked 
|  92|0x000000070ae00000, 0x000000070ae00000, 0x000000070af00000|  0%| F|  |TAMS 0x000000070ae00000, 0x000000070ae00000| Untracked 
|  93|0x000000070af00000, 0x000000070af00000, 0x000000070b000000|  0%| F|  |TAMS 0x000000070af00000, 0x000000070af00000| Untracked 
|  94|0x000000070b000000, 0x000000070b000000, 0x000000070b100000|  0%| F|  |TAMS 0x000000070b000000, 0x000000070b000000| Untracked 
|  95|0x000000070b100000, 0x000000070b100000, 0x000000070b200000|  0%| F|  |TAMS 0x000000070b100000, 0x000000070b100000| Untracked 
|  96|0x000000070b200000, 0x000000070b200000, 0x000000070b300000|  0%| F|  |TAMS 0x000000070b200000, 0x000000070b200000| Untracked 
|  97|0x000000070b300000, 0x000000070b300000, 0x000000070b400000|  0%| F|  |TAMS 0x000000070b300000, 0x000000070b300000| Untracked 
|  98|0x000000070b400000, 0x000000070b400000, 0x000000070b500000|  0%| F|  |TAMS 0x000000070b400000, 0x000000070b400000| Untracked 
|  99|0x000000070b500000, 0x000000070b500000, 0x000000070b600000|  0%| F|  |TAMS 0x000000070b500000, 0x000000070b500000| Untracked 
| 100|0x000000070b600000, 0x000000070b600000, 0x000000070b700000|  0%| F|  |TAMS 0x000000070b600000, 0x000000070b600000| Untracked 
| 101|0x000000070b700000, 0x000000070b700000, 0x000000070b800000|  0%| F|  |TAMS 0x000000070b700000, 0x000000070b700000| Untracked 
| 102|0x000000070b800000, 0x000000070b800000, 0x000000070b900000|  0%| F|  |TAMS 0x000000070b800000, 0x000000070b800000| Untracked 
| 103|0x000000070b900000, 0x000000070b900000, 0x000000070ba00000|  0%| F|  |TAMS 0x000000070b900000, 0x000000070b900000| Untracked 
| 104|0x000000070ba00000, 0x000000070ba00000, 0x000000070bb00000|  0%| F|  |TAMS 0x000000070ba00000, 0x000000070ba00000| Untracked 
| 105|0x000000070bb00000, 0x000000070bb00000, 0x000000070bc00000|  0%| F|  |TAMS 0x000000070bb00000, 0x000000070bb00000| Untracked 
| 106|0x000000070bc00000, 0x000000070bc00000, 0x000000070bd00000|  0%| F|  |TAMS 0x000000070bc00000, 0x000000070bc00000| Untracked 
| 107|0x000000070bd00000, 0x000000070bd00000, 0x000000070be00000|  0%| F|  |TAMS 0x000000070bd00000, 0x000000070bd00000| Untracked 
| 108|0x000000070be00000, 0x000000070be00000, 0x000000070bf00000|  0%| F|  |TAMS 0x000000070be00000, 0x000000070be00000| Untracked 
| 109|0x000000070bf00000, 0x000000070bf00000, 0x000000070c000000|  0%| F|  |TAMS 0x000000070bf00000, 0x000000070bf00000| Untracked 
| 110|0x000000070c000000, 0x000000070c000000, 0x000000070c100000|  0%| F|  |TAMS 0x000000070c000000, 0x000000070c000000| Untracked 
| 111|0x000000070c100000, 0x000000070c1e1420, 0x000000070c200000| 87%| S|CS|TAMS 0x000000070c100000, 0x000000070c100000| Complete 
| 112|0x000000070c200000, 0x000000070c300000, 0x000000070c300000|100%| S|CS|TAMS 0x000000070c200000, 0x000000070c200000| Complete 
| 113|0x000000070c300000, 0x000000070c400000, 0x000000070c400000|100%| S|CS|TAMS 0x000000070c300000, 0x000000070c300000| Complete 
| 114|0x000000070c400000, 0x000000070c500000, 0x000000070c500000|100%| S|CS|TAMS 0x000000070c400000, 0x000000070c400000| Complete 
| 115|0x000000070c500000, 0x000000070c600000, 0x000000070c600000|100%| S|CS|TAMS 0x000000070c500000, 0x000000070c500000| Complete 
| 116|0x000000070c600000, 0x000000070c700000, 0x000000070c700000|100%| S|CS|TAMS 0x000000070c600000, 0x000000070c600000| Complete 
| 117|0x000000070c700000, 0x000000070c700000, 0x000000070c800000|  0%| F|  |TAMS 0x000000070c700000, 0x000000070c700000| Untracked 
| 118|0x000000070c800000, 0x000000070c800000, 0x000000070c900000|  0%| F|  |TAMS 0x000000070c800000, 0x000000070c800000| Untracked 
| 119|0x000000070c900000, 0x000000070c900000, 0x000000070ca00000|  0%| F|  |TAMS 0x000000070c900000, 0x000000070c900000| Untracked 
| 120|0x000000070ca00000, 0x000000070ca00000, 0x000000070cb00000|  0%| F|  |TAMS 0x000000070ca00000, 0x000000070ca00000| Untracked 
| 121|0x000000070cb00000, 0x000000070cb00000, 0x000000070cc00000|  0%| F|  |TAMS 0x000000070cb00000, 0x000000070cb00000| Untracked 
| 122|0x000000070cc00000, 0x000000070cc00000, 0x000000070cd00000|  0%| F|  |TAMS 0x000000070cc00000, 0x000000070cc00000| Untracked 
| 123|0x000000070cd00000, 0x000000070cd00000, 0x000000070ce00000|  0%| F|  |TAMS 0x000000070cd00000, 0x000000070cd00000| Untracked 
| 124|0x000000070ce00000, 0x000000070ce00000, 0x000000070cf00000|  0%| F|  |TAMS 0x000000070ce00000, 0x000000070ce00000| Untracked 
| 125|0x000000070cf00000, 0x000000070cf00000, 0x000000070d000000|  0%| F|  |TAMS 0x000000070cf00000, 0x000000070cf00000| Untracked 
| 126|0x000000070d000000, 0x000000070d000000, 0x000000070d100000|  0%| F|  |TAMS 0x000000070d000000, 0x000000070d000000| Untracked 
| 127|0x000000070d100000, 0x000000070d100000, 0x000000070d200000|  0%| F|  |TAMS 0x000000070d100000, 0x000000070d100000| Untracked 
| 128|0x000000070d200000, 0x000000070d200000, 0x000000070d300000|  0%| F|  |TAMS 0x000000070d200000, 0x000000070d200000| Untracked 
| 129|0x000000070d300000, 0x000000070d300000, 0x000000070d400000|  0%| F|  |TAMS 0x000000070d300000, 0x000000070d300000| Untracked 
| 130|0x000000070d400000, 0x000000070d400000, 0x000000070d500000|  0%| F|  |TAMS 0x000000070d400000, 0x000000070d400000| Untracked 
| 131|0x000000070d500000, 0x000000070d500000, 0x000000070d600000|  0%| F|  |TAMS 0x000000070d500000, 0x000000070d500000| Untracked 
| 132|0x000000070d600000, 0x000000070d600000, 0x000000070d700000|  0%| F|  |TAMS 0x000000070d600000, 0x000000070d600000| Untracked 
| 133|0x000000070d700000, 0x000000070d700000, 0x000000070d800000|  0%| F|  |TAMS 0x000000070d700000, 0x000000070d700000| Untracked 
| 134|0x000000070d800000, 0x000000070d800000, 0x000000070d900000|  0%| F|  |TAMS 0x000000070d800000, 0x000000070d800000| Untracked 
| 135|0x000000070d900000, 0x000000070da00000, 0x000000070da00000|100%| S|CS|TAMS 0x000000070d900000, 0x000000070d900000| Complete 
| 136|0x000000070da00000, 0x000000070db00000, 0x000000070db00000|100%| S|CS|TAMS 0x000000070da00000, 0x000000070da00000| Complete 
| 137|0x000000070db00000, 0x000000070dc00000, 0x000000070dc00000|100%| S|CS|TAMS 0x000000070db00000, 0x000000070db00000| Complete 
| 138|0x000000070dc00000, 0x000000070dd00000, 0x000000070dd00000|100%| S|CS|TAMS 0x000000070dc00000, 0x000000070dc00000| Complete 
| 139|0x000000070dd00000, 0x000000070de00000, 0x000000070de00000|100%| S|CS|TAMS 0x000000070dd00000, 0x000000070dd00000| Complete 
| 140|0x000000070de00000, 0x000000070df00000, 0x000000070df00000|100%| S|CS|TAMS 0x000000070de00000, 0x000000070de00000| Complete 
| 141|0x000000070df00000, 0x000000070df00000, 0x000000070e000000|  0%| F|  |TAMS 0x000000070df00000, 0x000000070df00000| Untracked 
| 142|0x000000070e000000, 0x000000070e000000, 0x000000070e100000|  0%| F|  |TAMS 0x000000070e000000, 0x000000070e000000| Untracked 
| 143|0x000000070e100000, 0x000000070e100000, 0x000000070e200000|  0%| F|  |TAMS 0x000000070e100000, 0x000000070e100000| Untracked 
| 144|0x000000070e200000, 0x000000070e200000, 0x000000070e300000|  0%| F|  |TAMS 0x000000070e200000, 0x000000070e200000| Untracked 
| 145|0x000000070e300000, 0x000000070e300000, 0x000000070e400000|  0%| F|  |TAMS 0x000000070e300000, 0x000000070e300000| Untracked 
| 146|0x000000070e400000, 0x000000070e500000, 0x000000070e500000|100%| S|CS|TAMS 0x000000070e400000, 0x000000070e400000| Complete 
| 147|0x000000070e500000, 0x000000070e600000, 0x000000070e600000|100%| S|CS|TAMS 0x000000070e500000, 0x000000070e500000| Complete 
| 148|0x000000070e600000, 0x000000070e600000, 0x000000070e700000|  0%| F|  |TAMS 0x000000070e600000, 0x000000070e600000| Untracked 
| 149|0x000000070e700000, 0x000000070e700000, 0x000000070e800000|  0%| F|  |TAMS 0x000000070e700000, 0x000000070e700000| Untracked 
| 150|0x000000070e800000, 0x000000070e800000, 0x000000070e900000|  0%| F|  |TAMS 0x000000070e800000, 0x000000070e800000| Untracked 
| 151|0x000000070e900000, 0x000000070e900000, 0x000000070ea00000|  0%| F|  |TAMS 0x000000070e900000, 0x000000070e900000| Untracked 
| 152|0x000000070ea00000, 0x000000070ea00000, 0x000000070eb00000|  0%| F|  |TAMS 0x000000070ea00000, 0x000000070ea00000| Untracked 
| 153|0x000000070eb00000, 0x000000070eb00000, 0x000000070ec00000|  0%| F|  |TAMS 0x000000070eb00000, 0x000000070eb00000| Untracked 
| 154|0x000000070ec00000, 0x000000070ec00000, 0x000000070ed00000|  0%| F|  |TAMS 0x000000070ec00000, 0x000000070ec00000| Untracked 
| 155|0x000000070ed00000, 0x000000070ed00000, 0x000000070ee00000|  0%| F|  |TAMS 0x000000070ed00000, 0x000000070ed00000| Untracked 
| 156|0x000000070ee00000, 0x000000070ee00000, 0x000000070ef00000|  0%| F|  |TAMS 0x000000070ee00000, 0x000000070ee00000| Untracked 
| 157|0x000000070ef00000, 0x000000070ef00000, 0x000000070f000000|  0%| F|  |TAMS 0x000000070ef00000, 0x000000070ef00000| Untracked 
| 158|0x000000070f000000, 0x000000070f000000, 0x000000070f100000|  0%| F|  |TAMS 0x000000070f000000, 0x000000070f000000| Untracked 
| 159|0x000000070f100000, 0x000000070f100000, 0x000000070f200000|  0%| F|  |TAMS 0x000000070f100000, 0x000000070f100000| Untracked 
| 160|0x000000070f200000, 0x000000070f200000, 0x000000070f300000|  0%| F|  |TAMS 0x000000070f200000, 0x000000070f200000| Untracked 
| 161|0x000000070f300000, 0x000000070f300000, 0x000000070f400000|  0%| F|  |TAMS 0x000000070f300000, 0x000000070f300000| Untracked 
| 162|0x000000070f400000, 0x000000070f400000, 0x000000070f500000|  0%| F|  |TAMS 0x000000070f400000, 0x000000070f400000| Untracked 
| 163|0x000000070f500000, 0x000000070f500000, 0x000000070f600000|  0%| F|  |TAMS 0x000000070f500000, 0x000000070f500000| Untracked 
| 164|0x000000070f600000, 0x000000070f600000, 0x000000070f700000|  0%| F|  |TAMS 0x000000070f600000, 0x000000070f600000| Untracked 
| 165|0x000000070f700000, 0x000000070f700000, 0x000000070f800000|  0%| F|  |TAMS 0x000000070f700000, 0x000000070f700000| Untracked 
| 166|0x000000070f800000, 0x000000070f800000, 0x000000070f900000|  0%| F|  |TAMS 0x000000070f800000, 0x000000070f800000| Untracked 
| 167|0x000000070f900000, 0x000000070f900000, 0x000000070fa00000|  0%| F|  |TAMS 0x000000070f900000, 0x000000070f900000| Untracked 
| 168|0x000000070fa00000, 0x000000070fa00000, 0x000000070fb00000|  0%| F|  |TAMS 0x000000070fa00000, 0x000000070fa00000| Untracked 
| 169|0x000000070fb00000, 0x000000070fb00000, 0x000000070fc00000|  0%| F|  |TAMS 0x000000070fb00000, 0x000000070fb00000| Untracked 
| 170|0x000000070fc00000, 0x000000070fc00000, 0x000000070fd00000|  0%| F|  |TAMS 0x000000070fc00000, 0x000000070fc00000| Untracked 
| 171|0x000000070fd00000, 0x000000070fd00000, 0x000000070fe00000|  0%| F|  |TAMS 0x000000070fd00000, 0x000000070fd00000| Untracked 
| 172|0x000000070fe00000, 0x000000070fe00000, 0x000000070ff00000|  0%| F|  |TAMS 0x000000070fe00000, 0x000000070fe00000| Untracked 
| 173|0x000000070ff00000, 0x000000070ff00000, 0x0000000710000000|  0%| F|  |TAMS 0x000000070ff00000, 0x000000070ff00000| Untracked 
| 174|0x0000000710000000, 0x0000000710000000, 0x0000000710100000|  0%| F|  |TAMS 0x0000000710000000, 0x0000000710000000| Untracked 
| 175|0x0000000710100000, 0x0000000710100000, 0x0000000710200000|  0%| F|  |TAMS 0x0000000710100000, 0x0000000710100000| Untracked 
| 176|0x0000000710200000, 0x0000000710200000, 0x0000000710300000|  0%| F|  |TAMS 0x0000000710200000, 0x0000000710200000| Untracked 
| 177|0x0000000710300000, 0x0000000710300000, 0x0000000710400000|  0%| F|  |TAMS 0x0000000710300000, 0x0000000710300000| Untracked 
| 178|0x0000000710400000, 0x0000000710400000, 0x0000000710500000|  0%| F|  |TAMS 0x0000000710400000, 0x0000000710400000| Untracked 
| 179|0x0000000710500000, 0x0000000710500000, 0x0000000710600000|  0%| F|  |TAMS 0x0000000710500000, 0x0000000710500000| Untracked 
| 180|0x0000000710600000, 0x0000000710600000, 0x0000000710700000|  0%| F|  |TAMS 0x0000000710600000, 0x0000000710600000| Untracked 
| 181|0x0000000710700000, 0x0000000710700000, 0x0000000710800000|  0%| F|  |TAMS 0x0000000710700000, 0x0000000710700000| Untracked 
| 182|0x0000000710800000, 0x0000000710800000, 0x0000000710900000|  0%| F|  |TAMS 0x0000000710800000, 0x0000000710800000| Untracked 
| 183|0x0000000710900000, 0x0000000710900000, 0x0000000710a00000|  0%| F|  |TAMS 0x0000000710900000, 0x0000000710900000| Untracked 
| 184|0x0000000710a00000, 0x0000000710a00000, 0x0000000710b00000|  0%| F|  |TAMS 0x0000000710a00000, 0x0000000710a00000| Untracked 
| 185|0x0000000710b00000, 0x0000000710b00000, 0x0000000710c00000|  0%| F|  |TAMS 0x0000000710b00000, 0x0000000710b00000| Untracked 
| 186|0x0000000710c00000, 0x0000000710c00000, 0x0000000710d00000|  0%| F|  |TAMS 0x0000000710c00000, 0x0000000710c00000| Untracked 
| 187|0x0000000710d00000, 0x0000000710d00000, 0x0000000710e00000|  0%| F|  |TAMS 0x0000000710d00000, 0x0000000710d00000| Untracked 
| 188|0x0000000710e00000, 0x0000000710e00000, 0x0000000710f00000|  0%| F|  |TAMS 0x0000000710e00000, 0x0000000710e00000| Untracked 
| 189|0x0000000710f00000, 0x0000000710f00000, 0x0000000711000000|  0%| F|  |TAMS 0x0000000710f00000, 0x0000000710f00000| Untracked 
| 190|0x0000000711000000, 0x0000000711000000, 0x0000000711100000|  0%| F|  |TAMS 0x0000000711000000, 0x0000000711000000| Untracked 
| 191|0x0000000711100000, 0x0000000711100000, 0x0000000711200000|  0%| F|  |TAMS 0x0000000711100000, 0x0000000711100000| Untracked 
| 192|0x0000000711200000, 0x0000000711200000, 0x0000000711300000|  0%| F|  |TAMS 0x0000000711200000, 0x0000000711200000| Untracked 
| 193|0x0000000711300000, 0x0000000711300000, 0x0000000711400000|  0%| F|  |TAMS 0x0000000711300000, 0x0000000711300000| Untracked 
| 194|0x0000000711400000, 0x0000000711400000, 0x0000000711500000|  0%| F|  |TAMS 0x0000000711400000, 0x0000000711400000| Untracked 
| 195|0x0000000711500000, 0x0000000711500000, 0x0000000711600000|  0%| F|  |TAMS 0x0000000711500000, 0x0000000711500000| Untracked 
| 196|0x0000000711600000, 0x0000000711600000, 0x0000000711700000|  0%| F|  |TAMS 0x0000000711600000, 0x0000000711600000| Untracked 
| 197|0x0000000711700000, 0x0000000711700000, 0x0000000711800000|  0%| F|  |TAMS 0x0000000711700000, 0x0000000711700000| Untracked 
| 198|0x0000000711800000, 0x0000000711800000, 0x0000000711900000|  0%| F|  |TAMS 0x0000000711800000, 0x0000000711800000| Untracked 
| 199|0x0000000711900000, 0x0000000711900000, 0x0000000711a00000|  0%| F|  |TAMS 0x0000000711900000, 0x0000000711900000| Untracked 
| 200|0x0000000711a00000, 0x0000000711a00000, 0x0000000711b00000|  0%| F|  |TAMS 0x0000000711a00000, 0x0000000711a00000| Untracked 
| 201|0x0000000711b00000, 0x0000000711b00000, 0x0000000711c00000|  0%| F|  |TAMS 0x0000000711b00000, 0x0000000711b00000| Untracked 
| 202|0x0000000711c00000, 0x0000000711c00000, 0x0000000711d00000|  0%| F|  |TAMS 0x0000000711c00000, 0x0000000711c00000| Untracked 
| 203|0x0000000711d00000, 0x0000000711d00000, 0x0000000711e00000|  0%| F|  |TAMS 0x0000000711d00000, 0x0000000711d00000| Untracked 
| 204|0x0000000711e00000, 0x0000000711e00000, 0x0000000711f00000|  0%| F|  |TAMS 0x0000000711e00000, 0x0000000711e00000| Untracked 
| 205|0x0000000711f00000, 0x0000000711f00000, 0x0000000712000000|  0%| F|  |TAMS 0x0000000711f00000, 0x0000000711f00000| Untracked 
| 206|0x0000000712000000, 0x0000000712000000, 0x0000000712100000|  0%| F|  |TAMS 0x0000000712000000, 0x0000000712000000| Untracked 
| 207|0x0000000712100000, 0x0000000712100000, 0x0000000712200000|  0%| F|  |TAMS 0x0000000712100000, 0x0000000712100000| Untracked 
| 208|0x0000000712200000, 0x0000000712200000, 0x0000000712300000|  0%| F|  |TAMS 0x0000000712200000, 0x0000000712200000| Untracked 
| 209|0x0000000712300000, 0x0000000712300000, 0x0000000712400000|  0%| F|  |TAMS 0x0000000712300000, 0x0000000712300000| Untracked 
| 210|0x0000000712400000, 0x0000000712400000, 0x0000000712500000|  0%| F|  |TAMS 0x0000000712400000, 0x0000000712400000| Untracked 
| 211|0x0000000712500000, 0x0000000712500000, 0x0000000712600000|  0%| F|  |TAMS 0x0000000712500000, 0x0000000712500000| Untracked 
| 212|0x0000000712600000, 0x0000000712600000, 0x0000000712700000|  0%| F|  |TAMS 0x0000000712600000, 0x0000000712600000| Untracked 
| 213|0x0000000712700000, 0x0000000712700000, 0x0000000712800000|  0%| F|  |TAMS 0x0000000712700000, 0x0000000712700000| Untracked 
| 214|0x0000000712800000, 0x0000000712800000, 0x0000000712900000|  0%| F|  |TAMS 0x0000000712800000, 0x0000000712800000| Untracked 
| 215|0x0000000712900000, 0x0000000712900000, 0x0000000712a00000|  0%| F|  |TAMS 0x0000000712900000, 0x0000000712900000| Untracked 
| 216|0x0000000712a00000, 0x0000000712a00000, 0x0000000712b00000|  0%| F|  |TAMS 0x0000000712a00000, 0x0000000712a00000| Untracked 
| 217|0x0000000712b00000, 0x0000000712b00000, 0x0000000712c00000|  0%| F|  |TAMS 0x0000000712b00000, 0x0000000712b00000| Untracked 
| 218|0x0000000712c00000, 0x0000000712c00000, 0x0000000712d00000|  0%| F|  |TAMS 0x0000000712c00000, 0x0000000712c00000| Untracked 
| 219|0x0000000712d00000, 0x0000000712d00000, 0x0000000712e00000|  0%| F|  |TAMS 0x0000000712d00000, 0x0000000712d00000| Untracked 
| 220|0x0000000712e00000, 0x0000000712e00000, 0x0000000712f00000|  0%| F|  |TAMS 0x0000000712e00000, 0x0000000712e00000| Untracked 
| 221|0x0000000712f00000, 0x0000000712f00000, 0x0000000713000000|  0%| F|  |TAMS 0x0000000712f00000, 0x0000000712f00000| Untracked 
| 222|0x0000000713000000, 0x0000000713000000, 0x0000000713100000|  0%| F|  |TAMS 0x0000000713000000, 0x0000000713000000| Untracked 
| 223|0x0000000713100000, 0x0000000713100000, 0x0000000713200000|  0%| F|  |TAMS 0x0000000713100000, 0x0000000713100000| Untracked 
| 224|0x0000000713200000, 0x0000000713200000, 0x0000000713300000|  0%| F|  |TAMS 0x0000000713200000, 0x0000000713200000| Untracked 
| 225|0x0000000713300000, 0x0000000713300000, 0x0000000713400000|  0%| F|  |TAMS 0x0000000713300000, 0x0000000713300000| Untracked 
| 226|0x0000000713400000, 0x0000000713400000, 0x0000000713500000|  0%| F|  |TAMS 0x0000000713400000, 0x0000000713400000| Untracked 
| 227|0x0000000713500000, 0x0000000713500000, 0x0000000713600000|  0%| F|  |TAMS 0x0000000713500000, 0x0000000713500000| Untracked 
| 228|0x0000000713600000, 0x0000000713600000, 0x0000000713700000|  0%| F|  |TAMS 0x0000000713600000, 0x0000000713600000| Untracked 
| 229|0x0000000713700000, 0x0000000713700000, 0x0000000713800000|  0%| F|  |TAMS 0x0000000713700000, 0x0000000713700000| Untracked 
| 230|0x0000000713800000, 0x0000000713800000, 0x0000000713900000|  0%| F|  |TAMS 0x0000000713800000, 0x0000000713800000| Untracked 
| 231|0x0000000713900000, 0x0000000713900000, 0x0000000713a00000|  0%| F|  |TAMS 0x0000000713900000, 0x0000000713900000| Untracked 
| 232|0x0000000713a00000, 0x0000000713a00000, 0x0000000713b00000|  0%| F|  |TAMS 0x0000000713a00000, 0x0000000713a00000| Untracked 
| 233|0x0000000713b00000, 0x0000000713b00000, 0x0000000713c00000|  0%| F|  |TAMS 0x0000000713b00000, 0x0000000713b00000| Untracked 
| 234|0x0000000713c00000, 0x0000000713c00000, 0x0000000713d00000|  0%| F|  |TAMS 0x0000000713c00000, 0x0000000713c00000| Untracked 
| 235|0x0000000713d00000, 0x0000000713d00000, 0x0000000713e00000|  0%| F|  |TAMS 0x0000000713d00000, 0x0000000713d00000| Untracked 
| 236|0x0000000713e00000, 0x0000000713e00000, 0x0000000713f00000|  0%| F|  |TAMS 0x0000000713e00000, 0x0000000713e00000| Untracked 
| 237|0x0000000713f00000, 0x0000000713f00000, 0x0000000714000000|  0%| F|  |TAMS 0x0000000713f00000, 0x0000000713f00000| Untracked 
| 238|0x0000000714000000, 0x0000000714000000, 0x0000000714100000|  0%| F|  |TAMS 0x0000000714000000, 0x0000000714000000| Untracked 
| 239|0x0000000714100000, 0x0000000714100000, 0x0000000714200000|  0%| F|  |TAMS 0x0000000714100000, 0x0000000714100000| Untracked 
| 240|0x0000000714200000, 0x0000000714200000, 0x0000000714300000|  0%| F|  |TAMS 0x0000000714200000, 0x0000000714200000| Untracked 
| 241|0x0000000714300000, 0x0000000714300000, 0x0000000714400000|  0%| F|  |TAMS 0x0000000714300000, 0x0000000714300000| Untracked 
| 242|0x0000000714400000, 0x0000000714400000, 0x0000000714500000|  0%| F|  |TAMS 0x0000000714400000, 0x0000000714400000| Untracked 
| 243|0x0000000714500000, 0x0000000714500000, 0x0000000714600000|  0%| F|  |TAMS 0x0000000714500000, 0x0000000714500000| Untracked 
| 244|0x0000000714600000, 0x0000000714600000, 0x0000000714700000|  0%| F|  |TAMS 0x0000000714600000, 0x0000000714600000| Untracked 
| 245|0x0000000714700000, 0x0000000714700000, 0x0000000714800000|  0%| F|  |TAMS 0x0000000714700000, 0x0000000714700000| Untracked 
| 246|0x0000000714800000, 0x0000000714800000, 0x0000000714900000|  0%| F|  |TAMS 0x0000000714800000, 0x0000000714800000| Untracked 
| 247|0x0000000714900000, 0x0000000714900000, 0x0000000714a00000|  0%| F|  |TAMS 0x0000000714900000, 0x0000000714900000| Untracked 
| 248|0x0000000714a00000, 0x0000000714a00000, 0x0000000714b00000|  0%| F|  |TAMS 0x0000000714a00000, 0x0000000714a00000| Untracked 
| 249|0x0000000714b00000, 0x0000000714b00000, 0x0000000714c00000|  0%| F|  |TAMS 0x0000000714b00000, 0x0000000714b00000| Untracked 
| 250|0x0000000714c00000, 0x0000000714c00000, 0x0000000714d00000|  0%| F|  |TAMS 0x0000000714c00000, 0x0000000714c00000| Untracked 
| 251|0x0000000714d00000, 0x0000000714d00000, 0x0000000714e00000|  0%| F|  |TAMS 0x0000000714d00000, 0x0000000714d00000| Untracked 
| 252|0x0000000714e00000, 0x0000000714e00000, 0x0000000714f00000|  0%| F|  |TAMS 0x0000000714e00000, 0x0000000714e00000| Untracked 
| 253|0x0000000714f00000, 0x0000000714f00000, 0x0000000715000000|  0%| F|  |TAMS 0x0000000714f00000, 0x0000000714f00000| Untracked 
| 254|0x0000000715000000, 0x0000000715000000, 0x0000000715100000|  0%| F|  |TAMS 0x0000000715000000, 0x0000000715000000| Untracked 
| 255|0x0000000715100000, 0x0000000715100000, 0x0000000715200000|  0%| F|  |TAMS 0x0000000715100000, 0x0000000715100000| Untracked 
| 256|0x0000000715200000, 0x0000000715200000, 0x0000000715300000|  0%| F|  |TAMS 0x0000000715200000, 0x0000000715200000| Untracked 
| 257|0x0000000715300000, 0x0000000715300000, 0x0000000715400000|  0%| F|  |TAMS 0x0000000715300000, 0x0000000715300000| Untracked 
| 258|0x0000000715400000, 0x0000000715400000, 0x0000000715500000|  0%| F|  |TAMS 0x0000000715400000, 0x0000000715400000| Untracked 
| 259|0x0000000715500000, 0x0000000715500000, 0x0000000715600000|  0%| F|  |TAMS 0x0000000715500000, 0x0000000715500000| Untracked 
| 260|0x0000000715600000, 0x0000000715600000, 0x0000000715700000|  0%| F|  |TAMS 0x0000000715600000, 0x0000000715600000| Untracked 
| 261|0x0000000715700000, 0x0000000715700000, 0x0000000715800000|  0%| F|  |TAMS 0x0000000715700000, 0x0000000715700000| Untracked 
| 262|0x0000000715800000, 0x0000000715800000, 0x0000000715900000|  0%| F|  |TAMS 0x0000000715800000, 0x0000000715800000| Untracked 
| 263|0x0000000715900000, 0x0000000715900000, 0x0000000715a00000|  0%| F|  |TAMS 0x0000000715900000, 0x0000000715900000| Untracked 
| 264|0x0000000715a00000, 0x0000000715a00000, 0x0000000715b00000|  0%| F|  |TAMS 0x0000000715a00000, 0x0000000715a00000| Untracked 
| 265|0x0000000715b00000, 0x0000000715b00000, 0x0000000715c00000|  0%| F|  |TAMS 0x0000000715b00000, 0x0000000715b00000| Untracked 
| 266|0x0000000715c00000, 0x0000000715c00000, 0x0000000715d00000|  0%| F|  |TAMS 0x0000000715c00000, 0x0000000715c00000| Untracked 
| 267|0x0000000715d00000, 0x0000000715d00000, 0x0000000715e00000|  0%| F|  |TAMS 0x0000000715d00000, 0x0000000715d00000| Untracked 
| 268|0x0000000715e00000, 0x0000000715e00000, 0x0000000715f00000|  0%| F|  |TAMS 0x0000000715e00000, 0x0000000715e00000| Untracked 
| 269|0x0000000715f00000, 0x0000000715f00000, 0x0000000716000000|  0%| F|  |TAMS 0x0000000715f00000, 0x0000000715f00000| Untracked 
| 270|0x0000000716000000, 0x0000000716000000, 0x0000000716100000|  0%| F|  |TAMS 0x0000000716000000, 0x0000000716000000| Untracked 
| 271|0x0000000716100000, 0x0000000716100000, 0x0000000716200000|  0%| F|  |TAMS 0x0000000716100000, 0x0000000716100000| Untracked 
| 272|0x0000000716200000, 0x0000000716200000, 0x0000000716300000|  0%| F|  |TAMS 0x0000000716200000, 0x0000000716200000| Untracked 
| 273|0x0000000716300000, 0x0000000716300000, 0x0000000716400000|  0%| F|  |TAMS 0x0000000716300000, 0x0000000716300000| Untracked 
| 274|0x0000000716400000, 0x0000000716400000, 0x0000000716500000|  0%| F|  |TAMS 0x0000000716400000, 0x0000000716400000| Untracked 
| 275|0x0000000716500000, 0x0000000716500000, 0x0000000716600000|  0%| F|  |TAMS 0x0000000716500000, 0x0000000716500000| Untracked 
| 276|0x0000000716600000, 0x0000000716600000, 0x0000000716700000|  0%| F|  |TAMS 0x0000000716600000, 0x0000000716600000| Untracked 
| 277|0x0000000716700000, 0x0000000716700000, 0x0000000716800000|  0%| F|  |TAMS 0x0000000716700000, 0x0000000716700000| Untracked 
| 278|0x0000000716800000, 0x0000000716800000, 0x0000000716900000|  0%| F|  |TAMS 0x0000000716800000, 0x0000000716800000| Untracked 
| 279|0x0000000716900000, 0x0000000716a00000, 0x0000000716a00000|100%| E|  |TAMS 0x0000000716900000, 0x0000000716900000| Complete 
| 280|0x0000000716a00000, 0x0000000716b00000, 0x0000000716b00000|100%| E|CS|TAMS 0x0000000716a00000, 0x0000000716a00000| Complete 
| 281|0x0000000716b00000, 0x0000000716c00000, 0x0000000716c00000|100%| E|CS|TAMS 0x0000000716b00000, 0x0000000716b00000| Complete 
| 282|0x0000000716c00000, 0x0000000716d00000, 0x0000000716d00000|100%| E|CS|TAMS 0x0000000716c00000, 0x0000000716c00000| Complete 
| 283|0x0000000716d00000, 0x0000000716e00000, 0x0000000716e00000|100%| E|CS|TAMS 0x0000000716d00000, 0x0000000716d00000| Complete 
| 284|0x0000000716e00000, 0x0000000716f00000, 0x0000000716f00000|100%| E|CS|TAMS 0x0000000716e00000, 0x0000000716e00000| Complete 
| 285|0x0000000716f00000, 0x0000000717000000, 0x0000000717000000|100%| E|CS|TAMS 0x0000000716f00000, 0x0000000716f00000| Complete 
| 286|0x0000000717000000, 0x0000000717100000, 0x0000000717100000|100%| E|CS|TAMS 0x0000000717000000, 0x0000000717000000| Complete 
| 287|0x0000000717100000, 0x0000000717200000, 0x0000000717200000|100%| E|CS|TAMS 0x0000000717100000, 0x0000000717100000| Complete 
| 288|0x0000000717200000, 0x0000000717300000, 0x0000000717300000|100%| E|CS|TAMS 0x0000000717200000, 0x0000000717200000| Complete 
| 289|0x0000000717300000, 0x0000000717400000, 0x0000000717400000|100%| E|CS|TAMS 0x0000000717300000, 0x0000000717300000| Complete 
| 290|0x0000000717400000, 0x0000000717500000, 0x0000000717500000|100%| E|  |TAMS 0x0000000717400000, 0x0000000717400000| Complete 
| 291|0x0000000717500000, 0x0000000717600000, 0x0000000717600000|100%| E|CS|TAMS 0x0000000717500000, 0x0000000717500000| Complete 
| 292|0x0000000717600000, 0x0000000717700000, 0x0000000717700000|100%| E|CS|TAMS 0x0000000717600000, 0x0000000717600000| Complete 
| 293|0x0000000717700000, 0x0000000717800000, 0x0000000717800000|100%| E|CS|TAMS 0x0000000717700000, 0x0000000717700000| Complete 
| 294|0x0000000717800000, 0x0000000717900000, 0x0000000717900000|100%| E|CS|TAMS 0x0000000717800000, 0x0000000717800000| Complete 
| 295|0x0000000717900000, 0x0000000717a00000, 0x0000000717a00000|100%| E|CS|TAMS 0x0000000717900000, 0x0000000717900000| Complete 
| 296|0x0000000717a00000, 0x0000000717b00000, 0x0000000717b00000|100%| E|CS|TAMS 0x0000000717a00000, 0x0000000717a00000| Complete 
| 297|0x0000000717b00000, 0x0000000717c00000, 0x0000000717c00000|100%| E|CS|TAMS 0x0000000717b00000, 0x0000000717b00000| Complete 
| 298|0x0000000717c00000, 0x0000000717d00000, 0x0000000717d00000|100%| E|CS|TAMS 0x0000000717c00000, 0x0000000717c00000| Complete 
| 299|0x0000000717d00000, 0x0000000717e00000, 0x0000000717e00000|100%| E|CS|TAMS 0x0000000717d00000, 0x0000000717d00000| Complete 
| 300|0x0000000717e00000, 0x0000000717f00000, 0x0000000717f00000|100%| E|CS|TAMS 0x0000000717e00000, 0x0000000717e00000| Complete 
| 301|0x0000000717f00000, 0x0000000718000000, 0x0000000718000000|100%| E|CS|TAMS 0x0000000717f00000, 0x0000000717f00000| Complete 
| 302|0x0000000718000000, 0x0000000718100000, 0x0000000718100000|100%| E|CS|TAMS 0x0000000718000000, 0x0000000718000000| Complete 

Card table byte_map: [0x00007f0d15ffb000,0x00007f0d167d2000] _byte_map_base: 0x00007f0d127d2000

Marking Bits (Prev, Next): (CMBitMap*) 0x00007f0d30088a28, (CMBitMap*) 0x00007f0d30088a60
 Prev Bits: [0x00007f0d0c148000, 0x00007f0d10000000)
 Next Bits: [0x00007f0d08290000, 0x00007f0d0c148000)

Polling page: 0x00007f0d36a14000

Metaspace:

Usage:
  Non-class:     33,14 MB capacity,    32,38 MB ( 98%) used,   700,70 KB (  2%) free+waste,    73,38 KB ( <1%) overhead. 
      Class:      4,24 MB capacity,     3,86 MB ( 91%) used,   356,23 KB (  8%) free+waste,    31,00 KB ( <1%) overhead. 
       Both:     37,38 MB capacity,    36,24 MB ( 97%) used,     1,03 MB (  3%) free+waste,   104,38 KB ( <1%) overhead. 

Virtual space:
  Non-class space:       34,00 MB reserved,      33,40 MB ( 98%) committed 
      Class space:        1,00 GB reserved,       4,25 MB ( <1%) committed 
             Both:        1,03 GB reserved,      37,65 MB (  4%) committed 

Chunk freelists:
   Non-Class:  6,12 KB
       Class:  1,25 KB
        Both:  7,38 KB

CodeHeap 'non-profiled nmethods': size=120032Kb used=3945Kb max_used=3945Kb free=116086Kb
 bounds [0x00007f0d1f668000, 0x00007f0d1fa48000, 0x00007f0d26ba0000]
CodeHeap 'profiled nmethods': size=120028Kb used=15456Kb max_used=15456Kb free=104571Kb
 bounds [0x00007f0d18131000, 0x00007f0d19051000, 0x00007f0d1f668000]
CodeHeap 'non-nmethods': size=5700Kb used=1131Kb max_used=1195Kb free=4568Kb
 bounds [0x00007f0d17ba0000, 0x00007f0d17e10000, 0x00007f0d18131000]
 total_blobs=8919 nmethods=6750 adapters=373
 compilation: enabled
              stopped_count=0, restarted_count=0
 full_count=0

Compilation events (10 events):
Event: 4,217 Thread 0x00007f0d3022c000 nmethod 6863 0x00007f0d1902c690 code [0x00007f0d1902c840, 0x00007f0d1902c990]
Event: 4,221 Thread 0x00007f0cd8274000 nmethod 6840 0x00007f0d1fa3c190 code [0x00007f0d1fa3c380, 0x00007f0d1fa3caf0]
Event: 4,221 Thread 0x00007f0cd8274000 6847       4       jdk.nio.zipfs.ZipFileSystem$Entry::cen (220 bytes)
Event: 4,223 Thread 0x00007f0d3022c000 6865       2       com.sun.tools.javac.code.Scope::isEmpty (26 bytes)
Event: 4,223 Thread 0x00007f0d3022c000 nmethod 6865 0x00007f0d1902ca10 code [0x00007f0d1902cbe0, 0x00007f0d1902cdc8]
Event: 4,225 Thread 0x00007f0d3022c000 6866       3       java.lang.StringLatin1::lastIndexOf (125 bytes)
Event: 4,225 Thread 0x00007f0d3022c000 nmethod 6866 0x00007f0d1902ce90 code [0x00007f0d1902d080, 0x00007f0d1902d550]
Event: 4,225 Thread 0x00007f0d3022c000 6867       3       java.util.regex.Pattern::RemoveQEQuoting (346 bytes)
Event: 4,226 Thread 0x00007f0d3022c000 nmethod 6867 0x00007f0d1902d790 code [0x00007f0d1902da40, 0x00007f0d1902ec18]
Event: 4,226 Thread 0x00007f0d3022c000 6868 %     3       java.util.regex.Pattern::newSlice @ 134 (181 bytes)

GC Heap History (10 events):
Event: 1,741 GC heap before
{Heap before GC invocations=3 (full 0):
 garbage-first heap   total 258048K, used 74678K [0x0000000705200000, 0x0000000800000000)
  region size 1024K, 73 young (74752K), 6 survivors (6144K)
 Metaspace       used 21969K, capacity 22359K, committed 22704K, reserved 1069056K
  class space    used 2339K, capacity 2439K, committed 2560K, reserved 1048576K
}
Event: 1,751 GC heap after
{Heap after GC invocations=4 (full 0):
 garbage-first heap   total 258048K, used 14415K [0x0000000705200000, 0x0000000800000000)
  region size 1024K, 10 young (10240K), 10 survivors (10240K)
 Metaspace       used 21969K, capacity 22359K, committed 22704K, reserved 1069056K
  class space    used 2339K, capacity 2439K, committed 2560K, reserved 1048576K
}
Event: 2,045 GC heap before
{Heap before GC invocations=4 (full 0):
 garbage-first heap   total 258048K, used 97359K [0x0000000705200000, 0x0000000800000000)
  region size 1024K, 91 young (93184K), 10 survivors (10240K)
 Metaspace       used 22352K, capacity 22715K, committed 23216K, reserved 1071104K
  class space    used 2349K, capacity 2450K, committed 2560K, reserved 1048576K
}
Event: 2,058 GC heap after
{Heap after GC invocations=5 (full 0):
 garbage-first heap   total 258048K, used 23387K [0x0000000705200000, 0x0000000800000000)
  region size 1024K, 9 young (9216K), 9 survivors (9216K)
 Metaspace       used 22352K, capacity 22715K, committed 23216K, reserved 1071104K
  class space    used 2349K, capacity 2450K, committed 2560K, reserved 1048576K
}
Event: 2,574 GC heap before
{Heap before GC invocations=5 (full 0):
 garbage-first heap   total 258048K, used 127835K [0x0000000705200000, 0x0000000800000000)
  region size 1024K, 111 young (113664K), 9 survivors (9216K)
 Metaspace       used 26001K, capacity 26771K, committed 27184K, reserved 1073152K
  class space    used 2735K, capacity 2928K, committed 2944K, reserved 1048576K
}
Event: 2,582 GC heap after
{Heap after GC invocations=6 (full 0):
 garbage-first heap   total 310272K, used 30031K [0x0000000705200000, 0x0000000800000000)
  region size 1024K, 6 young (6144K), 6 survivors (6144K)
 Metaspace       used 26001K, capacity 26771K, committed 27184K, reserved 1073152K
  class space    used 2735K, capacity 2928K, committed 2944K, reserved 1048576K
}
Event: 3,417 GC heap before
{Heap before GC invocations=6 (full 0):
 garbage-first heap   total 310272K, used 190799K [0x0000000705200000, 0x0000000800000000)
  region size 1024K, 163 young (166912K), 6 survivors (6144K)
 Metaspace       used 34703K, capacity 35609K, committed 35888K, reserved 1081344K
  class space    used 3718K, capacity 3956K, committed 3968K, reserved 1048576K
}
Event: 3,453 GC heap after
{Heap after GC invocations=7 (full 0):
 garbage-first heap   total 310272K, used 50405K [0x0000000705200000, 0x0000000800000000)
  region size 1024K, 23 young (23552K), 23 survivors (23552K)
 Metaspace       used 34703K, capacity 35609K, committed 35888K, reserved 1081344K
  class space    used 3718K, capacity 3956K, committed 3968K, reserved 1048576K
}
Event: 4,177 GC heap before
{Heap before GC invocations=8 (full 0):
 garbage-first heap   total 310272K, used 212197K [0x0000000705200000, 0x0000000800000000)
  region size 1024K, 178 young (182272K), 23 survivors (23552K)
 Metaspace       used 36987K, capacity 38087K, committed 38300K, reserved 1083392K
  class space    used 3942K, capacity 4300K, committed 4352K, reserved 1048576K
}
Event: 4,195 GC heap after
{Heap after GC invocations=9 (full 0):
 garbage-first heap   total 310272K, used 62645K [0x0000000705200000, 0x0000000800000000)
  region size 1024K, 14 young (14336K), 14 survivors (14336K)
 Metaspace       used 36987K, capacity 38087K, committed 38300K, reserved 1083392K
  class space    used 3942K, capacity 4300K, committed 4352K, reserved 1048576K
}

Deoptimization events (10 events):
Event: 4,021 Thread 0x00007f0d30012000 Uncommon trap: reason=unstable_if action=reinterpret pc=0x00007f0d1f8cad70 method=com.google.inject.internal.InjectorImpl.callInContext(Lcom/google/inject/internal/ContextualCallable;)Ljava/lang/Object; @ 161 c2
Event: 4,021 Thread 0x00007f0d30012000 Uncommon trap: reason=unstable_if action=reinterpret pc=0x00007f0d1f9608c0 method=java.lang.StringLatin1.lastIndexOf([BI[BII)I @ 32 c2
Event: 4,058 Thread 0x00007f0d30012000 Uncommon trap: reason=unstable_if action=reinterpret pc=0x00007f0d1fa0a648 method=com.sun.tools.javac.code.Symbol$TypeSymbol.formFullName(Lcom/sun/tools/javac/util/Name;Lcom/sun/tools/javac/code/Symbol;)Lcom/sun/tools/javac/util/Name; @ 1 c2
Event: 4,058 Thread 0x00007f0d30012000 Uncommon trap: reason=class_check action=maybe_recompile pc=0x00007f0d1fa11208 method=com.sun.tools.javac.code.Symtab.lookupPackage(Lcom/sun/tools/javac/code/Symbol$ModuleSymbol;Lcom/sun/tools/javac/util/Name;)Lcom/sun/tools/javac/code/Symbol$PackageSymbo
Event: 4,058 Thread 0x00007f0d30012000 Uncommon trap: reason=class_check action=maybe_recompile pc=0x00007f0d1fa11208 method=com.sun.tools.javac.code.Symtab.lookupPackage(Lcom/sun/tools/javac/code/Symbol$ModuleSymbol;Lcom/sun/tools/javac/util/Name;)Lcom/sun/tools/javac/code/Symbol$PackageSymbo
Event: 4,058 Thread 0x00007f0d30012000 Uncommon trap: reason=class_check action=maybe_recompile pc=0x00007f0d1fa11208 method=com.sun.tools.javac.code.Symtab.lookupPackage(Lcom/sun/tools/javac/code/Symbol$ModuleSymbol;Lcom/sun/tools/javac/util/Name;)Lcom/sun/tools/javac/code/Symbol$PackageSymbo
Event: 4,058 Thread 0x00007f0d30012000 Uncommon trap: reason=class_check action=maybe_recompile pc=0x00007f0d1fa11208 method=com.sun.tools.javac.code.Symtab.lookupPackage(Lcom/sun/tools/javac/code/Symbol$ModuleSymbol;Lcom/sun/tools/javac/util/Name;)Lcom/sun/tools/javac/code/Symbol$PackageSymbo
Event: 4,213 Thread 0x00007f0d30012000 Uncommon trap: reason=unstable_if action=reinterpret pc=0x00007f0d1f942400 method=java.time.LocalDateTime.compareTo0(Ljava/time/LocalDateTime;)I @ 13 c2
Event: 4,213 Thread 0x00007f0d30012000 Uncommon trap: reason=unstable_if action=reinterpret pc=0x00007f0d1f93bfd4 method=java.time.LocalDateTime.compareTo0(Ljava/time/LocalDateTime;)I @ 13 c2
Event: 4,213 Thread 0x00007f0d30012000 Uncommon trap: reason=unstable_if action=reinterpret pc=0x00007f0d1f945fe4 method=java.time.LocalDateTime.compareTo0(Ljava/time/LocalDateTime;)I @ 13 c2

Classes redefined (0 events):
No events

Internal exceptions (10 events):
Event: 3,773 Thread 0x00007f0d30012000 Exception <a 'sun/nio/fs/UnixException'{0x0000000715d55190}> (0x0000000715d55190) thrown at [/scratch/opt/mach5/mesos/work_dir/slaves/2dd962d0-8988-479b-a804-57ab764ada59-S1222/frameworks/1735e8a2-a1db-478c-8104-60c8b0af87dd-0196/executors/1fd16cd3-bd2f-4
Event: 3,858 Thread 0x00007f0d30012000 Exception <a 'java/lang/NoSuchMethodError'{0x0000000715bdd3e0}: java.lang.invoke.DirectMethodHandle$Holder.invokeVirtual(Ljava/lang/Object;Ljava/lang/Object;Ljava/lang/Object;Ljava/lang/Object;)I> (0x0000000715bdd3e0) thrown at [/scratch/opt/mach5/mesos/w
Event: 3,859 Thread 0x00007f0d30012000 Exception <a 'java/lang/NoSuchMethodError'{0x0000000715be8270}: java.lang.invoke.DirectMethodHandle$Holder.invokeStatic(Ljava/lang/Object;Ljava/lang/Object;ILjava/lang/Object;)Ljava/lang/Object;> (0x0000000715be8270) thrown at [/scratch/opt/mach5/mesos/wo
Event: 3,859 Thread 0x00007f0d30012000 Exception <a 'java/lang/NoSuchMethodError'{0x0000000715beefe8}: java.lang.invoke.Invokers$Holder.linkToTargetMethod(Ljava/lang/Object;ILjava/lang/Object;Ljava/lang/Object;)Ljava/lang/Object;> (0x0000000715beefe8) thrown at [/scratch/opt/mach5/mesos/work_d
Event: 3,860 Thread 0x00007f0d30012000 Exception <a 'java/lang/NoSuchMethodError'{0x0000000715bf4a28}: java.lang.invoke.DirectMethodHandle$Holder.invokeVirtual(Ljava/lang/Object;Ljava/lang/Object;Ljava/lang/Object;)Ljava/lang/Object;> (0x0000000715bf4a28) thrown at [/scratch/opt/mach5/mesos/wo
Event: 3,956 Thread 0x00007f0d30012000 Exception <a 'java/lang/NoSuchMethodError'{0x00000007157f3040}: java.lang.invoke.DirectMethodHandle$Holder.invokeSpecial(Ljava/lang/Object;Ljava/lang/Object;Ljava/lang/Object;Ljava/lang/Object;Ljava/lang/Object;Ljava/lang/Object;Ljava/lang/Object;Ljava/la
Event: 3,956 Thread 0x00007f0d30012000 Exception <a 'java/lang/NoSuchMethodError'{0x00000007157f7238}: java.lang.invoke.Invokers$Holder.linkToTargetMethod(Ljava/lang/Object;Ljava/lang/Object;Ljava/lang/Object;Ljava/lang/Object;Ljava/lang/Object;Ljava/lang/Object;Ljava/lang/Object;Ljava/lang/Ob
Event: 3,958 Thread 0x00007f0d30012000 Exception <a 'java/lang/NoSuchMethodError'{0x0000000715605430}: java.lang.invoke.Invokers$Holder.linkToTargetMethod(Ljava/lang/Object;Ljava/lang/Object;Ljava/lang/Object;Ljava/lang/Object;Ljava/lang/Object;Ljava/lang/Object;Ljava/lang/Object;)Ljava/lang/O
Event: 4,021 Thread 0x00007f0d30012000 Implicit null exception at 0x00007f0d1f8c9463 to 0x00007f0d1f8cad56
Event: 4,058 Thread 0x00007f0d30012000 Implicit null exception at 0x00007f0d1fa0a170 to 0x00007f0d1fa0a632

Events (10 events):
Event: 4,195 Executing VM operation: G1CollectForAllocation done
Event: 4,213 Thread 0x00007f0d30012000 Uncommon trap: trap_request=0xffffff4d fr.pc=0x00007f0d1f942400 relative=0x00000000000015a0
Event: 4,213 Thread 0x00007f0d30012000 DEOPT PACKING pc=0x00007f0d1f942400 sp=0x00007f0d369f7160
Event: 4,213 Thread 0x00007f0d30012000 DEOPT UNPACKING pc=0x00007f0d17bc89a5 sp=0x00007f0d369f7030 mode 2
Event: 4,213 Thread 0x00007f0d30012000 Uncommon trap: trap_request=0xffffff4d fr.pc=0x00007f0d1f93bfd4 relative=0x00000000000000b4
Event: 4,213 Thread 0x00007f0d30012000 DEOPT PACKING pc=0x00007f0d1f93bfd4 sp=0x00007f0d369f70d0
Event: 4,213 Thread 0x00007f0d30012000 DEOPT UNPACKING pc=0x00007f0d17bc89a5 sp=0x00007f0d369f7020 mode 2
Event: 4,213 Thread 0x00007f0d30012000 Uncommon trap: trap_request=0xffffff4d fr.pc=0x00007f0d1f945fe4 relative=0x0000000000000d04
Event: 4,213 Thread 0x00007f0d30012000 DEOPT PACKING pc=0x00007f0d1f945fe4 sp=0x00007f0d369f70a0
Event: 4,213 Thread 0x00007f0d30012000 DEOPT UNPACKING pc=0x00007f0d17bc89a5 sp=0x00007f0d369f6fc0 mode 2


Dynamic libraries:
00400000-00401000 r-xp 00000000 08:17 2501090                            /usr/lib/jvm/java-11-oracle/bin/java
00600000-00601000 r--p 00000000 08:17 2501090                            /usr/lib/jvm/java-11-oracle/bin/java
00601000-00602000 rw-p 00001000 08:17 2501090                            /usr/lib/jvm/java-11-oracle/bin/java
01228000-01249000 rw-p 00000000 00:00 0                                  [heap]
705200000-718100000 rw-p 00000000 00:00 0 
718100000-800000000 ---p 00000000 00:00 0 
800000000-800440000 rw-p 00000000 00:00 0 
800440000-840000000 ---p 00000000 00:00 0 
7f0c9c000000-7f0c9c021000 rw-p 00000000 00:00 0 
7f0c9c021000-7f0ca0000000 ---p 00000000 00:00 0 
7f0ca4000000-7f0ca4021000 rw-p 00000000 00:00 0 
7f0ca4021000-7f0ca8000000 ---p 00000000 00:00 0 
7f0ca8000000-7f0ca8021000 rw-p 00000000 00:00 0 
7f0ca8021000-7f0cac000000 ---p 00000000 00:00 0 
7f0cac000000-7f0cac021000 rw-p 00000000 00:00 0 
7f0cac021000-7f0cb0000000 ---p 00000000 00:00 0 
7f0cb0000000-7f0cb0021000 rw-p 00000000 00:00 0 
7f0cb0021000-7f0cb4000000 ---p 00000000 00:00 0 
7f0cb65f8000-7f0cb6778000 rw-p 00000000 00:00 0 
7f0cb6778000-7f0cb67f8000 ---p 00000000 00:00 0 
7f0cb67f8000-7f0cb67f9000 ---p 00000000 00:00 0 
7f0cb67f9000-7f0cb6af5000 rw-p 00000000 00:00 0 
7f0cb6af5000-7f0cb6afa000 ---p 00000000 00:00 0 
7f0cb6afa000-7f0cb6cfa000 rw-p 00000000 00:00 0 
7f0cb6cfa000-7f0cb6efa000 rw-p 00000000 00:00 0 
7f0cb6efa000-7f0cb70fa000 rw-p 00000000 00:00 0 
7f0cb70fa000-7f0cb72fa000 rw-p 00000000 00:00 0 
7f0cb72fa000-7f0cb74fa000 rw-p 00000000 00:00 0 
7f0cb74fa000-7f0cb74fb000 ---p 00000000 00:00 0 
7f0cb74fb000-7f0cb75fc000 rw-p 00000000 00:00 0 
7f0cb75fc000-7f0cb75fd000 ---p 00000000 00:00 0 
7f0cb75fd000-7f0cb78ea000 rw-p 00000000 00:00 0 
7f0cb78ea000-7f0cb78fe000 ---p 00000000 00:00 0 
7f0cb78fe000-7f0cb7afe000 rw-p 00000000 00:00 0 
7f0cb7afe000-7f0cb7cfe000 rw-p 00000000 00:00 0 
7f0cb7cfe000-7f0cb7efe000 rw-p 00000000 00:00 0 
7f0cb7efe000-7f0cb7eff000 ---p 00000000 00:00 0 
7f0cb7eff000-7f0cb8000000 rw-p 00000000 00:00 0 
7f0cb8000000-7f0cb8021000 rw-p 00000000 00:00 0 
7f0cb8021000-7f0cbc000000 ---p 00000000 00:00 0 
7f0cbc000000-7f0cbc021000 rw-p 00000000 00:00 0 
7f0cbc021000-7f0cc0000000 ---p 00000000 00:00 0 
7f0cc0000000-7f0cc1032000 rw-p 00000000 00:00 0 
7f0cc1032000-7f0cc4000000 ---p 00000000 00:00 0 
7f0cc4000000-7f0cc4021000 rw-p 00000000 00:00 0 
7f0cc4021000-7f0cc8000000 ---p 00000000 00:00 0 
7f0cc8000000-7f0cc8021000 rw-p 00000000 00:00 0 
7f0cc8021000-7f0ccc000000 ---p 00000000 00:00 0 
7f0ccc000000-7f0ccd34c000 rw-p 00000000 00:00 0 
7f0ccd34c000-7f0cd0000000 ---p 00000000 00:00 0 
7f0cd0000000-7f0cd0021000 rw-p 00000000 00:00 0 
7f0cd0021000-7f0cd4000000 ---p 00000000 00:00 0 
7f0cd4000000-7f0cd4021000 rw-p 00000000 00:00 0 
7f0cd4021000-7f0cd8000000 ---p 00000000 00:00 0 
7f0cd8000000-7f0cd8942000 rw-p 00000000 00:00 0 
7f0cd8942000-7f0cdc000000 ---p 00000000 00:00 0 
7f0cdc000000-7f0cdc021000 rw-p 00000000 00:00 0 
7f0cdc021000-7f0ce0000000 ---p 00000000 00:00 0 
7f0ce0000000-7f0ce0021000 rw-p 00000000 00:00 0 
7f0ce0021000-7f0ce4000000 ---p 00000000 00:00 0 
7f0ce4000000-7f0ce536f000 rw-p 00000000 00:00 0 
7f0ce536f000-7f0ce8000000 ---p 00000000 00:00 0 
7f0ce8000000-7f0ce8021000 rw-p 00000000 00:00 0 
7f0ce8021000-7f0cec000000 ---p 00000000 00:00 0 
7f0cec000000-7f0cec021000 rw-p 00000000 00:00 0 
7f0cec021000-7f0cf0000000 ---p 00000000 00:00 0 
7f0cf0000000-7f0cf0021000 rw-p 00000000 00:00 0 
7f0cf0021000-7f0cf4000000 ---p 00000000 00:00 0 
7f0cf4000000-7f0cf4096000 rw-p 00000000 00:00 0 
7f0cf4096000-7f0cf8000000 ---p 00000000 00:00 0 
7f0cf8000000-7f0cf8021000 rw-p 00000000 00:00 0 
7f0cf8021000-7f0cfc000000 ---p 00000000 00:00 0 
7f0cfc000000-7f0cfc021000 rw-p 00000000 00:00 0 
7f0cfc021000-7f0d00000000 ---p 00000000 00:00 0 
7f0d0005b000-7f0d0005c000 ---p 00000000 00:00 0 
7f0d0005c000-7f0d0015d000 rw-p 00000000 00:00 0 
7f0d0015d000-7f0d0015e000 ---p 00000000 00:00 0 
7f0d0015e000-7f0d0025f000 rw-p 00000000 00:00 0 
7f0d0025f000-7f0d00260000 ---p 00000000 00:00 0 
7f0d00260000-7f0d00361000 rw-p 00000000 00:00 0 
7f0d003fc000-7f0d003fd000 ---p 00000000 00:00 0 
7f0d003fd000-7f0d004fe000 rw-p 00000000 00:00 0 
7f0d004fe000-7f0d00502000 ---p 00000000 00:00 0 
7f0d00502000-7f0d007ff000 rw-p 00000000 00:00 0 
7f0d007ff000-7f0d00803000 ---p 00000000 00:00 0 
7f0d00803000-7f0d00b00000 rw-p 00000000 00:00 0 
7f0d00b00000-7f0d00b16000 r-xp 00000000 08:17 2635683                    /usr/lib/jvm/java-11-oracle/lib/libnet.so
7f0d00b16000-7f0d00d16000 ---p 00016000 08:17 2635683                    /usr/lib/jvm/java-11-oracle/lib/libnet.so
7f0d00d16000-7f0d00d17000 r--p 00016000 08:17 2635683                    /usr/lib/jvm/java-11-oracle/lib/libnet.so
7f0d00d17000-7f0d00d18000 rw-p 00017000 08:17 2635683                    /usr/lib/jvm/java-11-oracle/lib/libnet.so
7f0d00d18000-7f0d00d28000 r-xp 00000000 08:17 2635684                    /usr/lib/jvm/java-11-oracle/lib/libnio.so
7f0d00d28000-7f0d00f27000 ---p 00010000 08:17 2635684                    /usr/lib/jvm/java-11-oracle/lib/libnio.so
7f0d00f27000-7f0d00f28000 r--p 0000f000 08:17 2635684                    /usr/lib/jvm/java-11-oracle/lib/libnio.so
7f0d00f28000-7f0d00f29000 rw-p 00010000 08:17 2635684                    /usr/lib/jvm/java-11-oracle/lib/libnio.so
7f0d00f29000-7f0d00f2d000 ---p 00000000 00:00 0 
7f0d00f2d000-7f0d0102a000 rw-p 00000000 00:00 0 
7f0d0102a000-7f0d0102b000 ---p 00000000 00:00 0 
7f0d0102b000-7f0d0112c000 rw-p 00000000 00:00 0 
7f0d0112c000-7f0d01130000 ---p 00000000 00:00 0 
7f0d01130000-7f0d0122d000 rw-p 00000000 00:00 0 
7f0d0122d000-7f0d01231000 ---p 00000000 00:00 0 
7f0d01231000-7f0d0132e000 rw-p 00000000 00:00 0 
7f0d0132e000-7f0d01332000 ---p 00000000 00:00 0 
7f0d01332000-7f0d0142f000 rw-p 00000000 00:00 0 
7f0d0142f000-7f0d01433000 ---p 00000000 00:00 0 
7f0d01433000-7f0d01530000 rw-p 00000000 00:00 0 
7f0d01530000-7f0d01534000 ---p 00000000 00:00 0 
7f0d01534000-7f0d01631000 rw-p 00000000 00:00 0 
7f0d01631000-7f0d02000000 r--p 00000000 08:17 2497264                    /usr/lib/locale/locale-archive
7f0d02000000-7f0d04000000 rw-p 00000000 00:00 0 
7f0d04000000-7f0d04021000 rw-p 00000000 00:00 0 
7f0d04021000-7f0d08000000 ---p 00000000 00:00 0 
7f0d0805d000-7f0d0808e000 rw-p 00000000 00:00 0 
7f0d0808e000-7f0d08092000 ---p 00000000 00:00 0 
7f0d08092000-7f0d0818f000 rw-p 00000000 00:00 0 
7f0d0818f000-7f0d08193000 ---p 00000000 00:00 0 
7f0d08193000-7f0d0874c000 rw-p 00000000 00:00 0 
7f0d0874c000-7f0d0c148000 ---p 00000000 00:00 0 
7f0d0c148000-7f0d0c604000 rw-p 00000000 00:00 0 
7f0d0c604000-7f0d10000000 ---p 00000000 00:00 0 
7f0d10000000-7f0d10021000 rw-p 00000000 00:00 0 
7f0d10021000-7f0d14000000 ---p 00000000 00:00 0 
7f0d1400d000-7f0d1400e000 ---p 00000000 00:00 0 
7f0d1400e000-7f0d1490f000 rw-p 00000000 00:00 0 
7f0d1490f000-7f0d14910000 ---p 00000000 00:00 0 
7f0d14910000-7f0d14a11000 rw-p 00000000 00:00 0 
7f0d14a11000-7f0d14a12000 ---p 00000000 00:00 0 
7f0d14a12000-7f0d1551d000 rw-p 00000000 00:00 0 
7f0d1551d000-7f0d1551e000 ---p 00000000 00:00 0 
7f0d1551e000-7f0d1561f000 rw-p 00000000 00:00 0 
7f0d1561f000-7f0d15620000 ---p 00000000 00:00 0 
7f0d15620000-7f0d158bc000 rw-p 00000000 00:00 0 
7f0d158bc000-7f0d15ffb000 ---p 00000000 00:00 0 
7f0d15ffb000-7f0d16093000 rw-p 00000000 00:00 0 
7f0d16093000-7f0d167d2000 ---p 00000000 00:00 0 
7f0d167d2000-7f0d1686a000 rw-p 00000000 00:00 0 
7f0d1686a000-7f0d16fa9000 ---p 00000000 00:00 0 
7f0d16fa9000-7f0d179b3000 rw-p 00000000 00:00 0 
7f0d179b3000-7f0d179b4000 ---p 00000000 00:00 0 
7f0d179b4000-7f0d17abd000 rw-p 00000000 00:00 0 
7f0d17abd000-7f0d17ba0000 ---p 00000000 00:00 0 
7f0d17ba0000-7f0d17e10000 rwxp 00000000 00:00 0 
7f0d17e10000-7f0d18131000 ---p 00000000 00:00 0 
7f0d18131000-7f0d19051000 rwxp 00000000 00:00 0 
7f0d19051000-7f0d1f668000 ---p 00000000 00:00 0 
7f0d1f668000-7f0d1fa48000 rwxp 00000000 00:00 0 
7f0d1fa48000-7f0d26ba0000 ---p 00000000 00:00 0 
7f0d26ba0000-7f0d2ef5e000 r--s 00000000 08:17 2635694                    /usr/lib/jvm/java-11-oracle/lib/modules
7f0d2ef5e000-7f0d2ef79000 r-xp 00000000 08:17 2635675                    /usr/lib/jvm/java-11-oracle/lib/libjimage.so
7f0d2ef79000-7f0d2f178000 ---p 0001b000 08:17 2635675                    /usr/lib/jvm/java-11-oracle/lib/libjimage.so
7f0d2f178000-7f0d2f17a000 r--p 0001a000 08:17 2635675                    /usr/lib/jvm/java-11-oracle/lib/libjimage.so
7f0d2f17a000-7f0d2f17b000 rw-p 0001c000 08:17 2635675                    /usr/lib/jvm/java-11-oracle/lib/libjimage.so
7f0d2f17b000-7f0d2f182000 r-xp 00000000 08:17 2635693                    /usr/lib/jvm/java-11-oracle/lib/libzip.so
7f0d2f182000-7f0d2f381000 ---p 00007000 08:17 2635693                    /usr/lib/jvm/java-11-oracle/lib/libzip.so
7f0d2f381000-7f0d2f382000 r--p 00006000 08:17 2635693                    /usr/lib/jvm/java-11-oracle/lib/libzip.so
7f0d2f382000-7f0d2f383000 rw-p 00007000 08:17 2635693                    /usr/lib/jvm/java-11-oracle/lib/libzip.so
7f0d2f383000-7f0d2f38e000 r-xp 00000000 08:17 2102764                    /lib/x86_64-linux-gnu/libnss_files-2.27.so
7f0d2f38e000-7f0d2f58d000 ---p 0000b000 08:17 2102764                    /lib/x86_64-linux-gnu/libnss_files-2.27.so
7f0d2f58d000-7f0d2f58e000 r--p 0000a000 08:17 2102764                    /lib/x86_64-linux-gnu/libnss_files-2.27.so
7f0d2f58e000-7f0d2f58f000 rw-p 0000b000 08:17 2102764                    /lib/x86_64-linux-gnu/libnss_files-2.27.so
7f0d2f58f000-7f0d2f595000 rw-p 00000000 00:00 0 
7f0d2f595000-7f0d2f5ac000 r-xp 00000000 08:17 2102758                    /lib/x86_64-linux-gnu/libnsl-2.27.so
7f0d2f5ac000-7f0d2f7ab000 ---p 00017000 08:17 2102758                    /lib/x86_64-linux-gnu/libnsl-2.27.so
7f0d2f7ab000-7f0d2f7ac000 r--p 00016000 08:17 2102758                    /lib/x86_64-linux-gnu/libnsl-2.27.so
7f0d2f7ac000-7f0d2f7ad000 rw-p 00017000 08:17 2102758                    /lib/x86_64-linux-gnu/libnsl-2.27.so
7f0d2f7ad000-7f0d2f7af000 rw-p 00000000 00:00 0 
7f0d2f7af000-7f0d2f7ba000 r-xp 00000000 08:17 2102775                    /lib/x86_64-linux-gnu/libnss_nis-2.27.so
7f0d2f7ba000-7f0d2f9b9000 ---p 0000b000 08:17 2102775                    /lib/x86_64-linux-gnu/libnss_nis-2.27.so
7f0d2f9b9000-7f0d2f9ba000 r--p 0000a000 08:17 2102775                    /lib/x86_64-linux-gnu/libnss_nis-2.27.so
7f0d2f9ba000-7f0d2f9bb000 rw-p 0000b000 08:17 2102775                    /lib/x86_64-linux-gnu/libnss_nis-2.27.so
7f0d2f9bb000-7f0d2f9c3000 r-xp 00000000 08:17 2102760                    /lib/x86_64-linux-gnu/libnss_compat-2.27.so
7f0d2f9c3000-7f0d2fbc3000 ---p 00008000 08:17 2102760                    /lib/x86_64-linux-gnu/libnss_compat-2.27.so
7f0d2fbc3000-7f0d2fbc4000 r--p 00008000 08:17 2102760                    /lib/x86_64-linux-gnu/libnss_compat-2.27.so
7f0d2fbc4000-7f0d2fbc5000 rw-p 00009000 08:17 2102760                    /lib/x86_64-linux-gnu/libnss_compat-2.27.so
7f0d2fbc5000-7f0d2fbee000 r-xp 00000000 08:17 2635671                    /usr/lib/jvm/java-11-oracle/lib/libjava.so
7f0d2fbee000-7f0d2fdee000 ---p 00029000 08:17 2635671                    /usr/lib/jvm/java-11-oracle/lib/libjava.so
7f0d2fdee000-7f0d2fdef000 r--p 00029000 08:17 2635671                    /usr/lib/jvm/java-11-oracle/lib/libjava.so
7f0d2fdef000-7f0d2fdf1000 rw-p 0002a000 08:17 2635671                    /usr/lib/jvm/java-11-oracle/lib/libjava.so
7f0d2fdf1000-7f0d2fdfe000 r-xp 00000000 08:17 2635692                    /usr/lib/jvm/java-11-oracle/lib/libverify.so
7f0d2fdfe000-7f0d2fffd000 ---p 0000d000 08:17 2635692                    /usr/lib/jvm/java-11-oracle/lib/libverify.so
7f0d2fffd000-7f0d2ffff000 r--p 0000c000 08:17 2635692                    /usr/lib/jvm/java-11-oracle/lib/libverify.so
7f0d2ffff000-7f0d30000000 rw-p 0000e000 08:17 2635692                    /usr/lib/jvm/java-11-oracle/lib/libverify.so
7f0d30000000-7f0d31ec1000 rw-p 00000000 00:00 0 
7f0d31ec1000-7f0d34000000 ---p 00000000 00:00 0 
7f0d3400e000-7f0d340ae000 rw-p 00000000 00:00 0 
7f0d340ae000-7f0d3417a000 ---p 00000000 00:00 0 
7f0d3417a000-7f0d34181000 r-xp 00000000 08:17 2102815                    /lib/x86_64-linux-gnu/librt-2.27.so
7f0d34181000-7f0d34380000 ---p 00007000 08:17 2102815                    /lib/x86_64-linux-gnu/librt-2.27.so
7f0d34380000-7f0d34381000 r--p 00006000 08:17 2102815                    /lib/x86_64-linux-gnu/librt-2.27.so
7f0d34381000-7f0d34382000 rw-p 00007000 08:17 2102815                    /lib/x86_64-linux-gnu/librt-2.27.so
7f0d34382000-7f0d3451f000 r-xp 00000000 08:17 2102737                    /lib/x86_64-linux-gnu/libm-2.27.so
7f0d3451f000-7f0d3471e000 ---p 0019d000 08:17 2102737                    /lib/x86_64-linux-gnu/libm-2.27.so
7f0d3471e000-7f0d3471f000 r--p 0019c000 08:17 2102737                    /lib/x86_64-linux-gnu/libm-2.27.so
7f0d3471f000-7f0d34720000 rw-p 0019d000 08:17 2102737                    /lib/x86_64-linux-gnu/libm-2.27.so
7f0d34720000-7f0d3585f000 r-xp 00000000 08:17 2762028                    /usr/lib/jvm/java-11-oracle/lib/server/libjvm.so
7f0d3585f000-7f0d35a5f000 ---p 0113f000 08:17 2762028                    /usr/lib/jvm/java-11-oracle/lib/server/libjvm.so
7f0d35a5f000-7f0d35b1e000 r--p 0113f000 08:17 2762028                    /usr/lib/jvm/java-11-oracle/lib/server/libjvm.so
7f0d35b1e000-7f0d35b57000 rw-p 011fe000 08:17 2762028                    /usr/lib/jvm/java-11-oracle/lib/server/libjvm.so
7f0d35b57000-7f0d35bad000 rw-p 00000000 00:00 0 
7f0d35bad000-7f0d35d94000 r-xp 00000000 08:17 2102674                    /lib/x86_64-linux-gnu/libc-2.27.so
7f0d35d94000-7f0d35f94000 ---p 001e7000 08:17 2102674                    /lib/x86_64-linux-gnu/libc-2.27.so
7f0d35f94000-7f0d35f98000 r--p 001e7000 08:17 2102674                    /lib/x86_64-linux-gnu/libc-2.27.so
7f0d35f98000-7f0d35f9a000 rw-p 001eb000 08:17 2102674                    /lib/x86_64-linux-gnu/libc-2.27.so
7f0d35f9a000-7f0d35f9e000 rw-p 00000000 00:00 0 
7f0d35f9e000-7f0d35fa1000 r-xp 00000000 08:17 2102697                    /lib/x86_64-linux-gnu/libdl-2.27.so
7f0d35fa1000-7f0d361a0000 ---p 00003000 08:17 2102697                    /lib/x86_64-linux-gnu/libdl-2.27.so
7f0d361a0000-7f0d361a1000 r--p 00002000 08:17 2102697                    /lib/x86_64-linux-gnu/libdl-2.27.so
7f0d361a1000-7f0d361a2000 rw-p 00003000 08:17 2102697                    /lib/x86_64-linux-gnu/libdl-2.27.so
7f0d361a2000-7f0d361b2000 r-xp 00000000 08:17 2635656                    /usr/lib/jvm/java-11-oracle/lib/jli/libjli.so
7f0d361b2000-7f0d363b1000 ---p 00010000 08:17 2635656                    /usr/lib/jvm/java-11-oracle/lib/jli/libjli.so
7f0d363b1000-7f0d363b2000 r--p 0000f000 08:17 2635656                    /usr/lib/jvm/java-11-oracle/lib/jli/libjli.so
7f0d363b2000-7f0d363b3000 rw-p 00010000 08:17 2635656                    /usr/lib/jvm/java-11-oracle/lib/jli/libjli.so
7f0d363b3000-7f0d363cd000 r-xp 00000000 08:17 2102807                    /lib/x86_64-linux-gnu/libpthread-2.27.so
7f0d363cd000-7f0d365cc000 ---p 0001a000 08:17 2102807                    /lib/x86_64-linux-gnu/libpthread-2.27.so
7f0d365cc000-7f0d365cd000 r--p 00019000 08:17 2102807                    /lib/x86_64-linux-gnu/libpthread-2.27.so
7f0d365cd000-7f0d365ce000 rw-p 0001a000 08:17 2102807                    /lib/x86_64-linux-gnu/libpthread-2.27.so
7f0d365ce000-7f0d365d2000 rw-p 00000000 00:00 0 
7f0d365d2000-7f0d365ee000 r-xp 00000000 08:17 2102846                    /lib/x86_64-linux-gnu/libz.so.1.2.11
7f0d365ee000-7f0d367ed000 ---p 0001c000 08:17 2102846                    /lib/x86_64-linux-gnu/libz.so.1.2.11
7f0d367ed000-7f0d367ee000 r--p 0001b000 08:17 2102846                    /lib/x86_64-linux-gnu/libz.so.1.2.11
7f0d367ee000-7f0d367ef000 rw-p 0001c000 08:17 2102846                    /lib/x86_64-linux-gnu/libz.so.1.2.11
7f0d367ef000-7f0d36816000 r-xp 00000000 08:17 2102646                    /lib/x86_64-linux-gnu/ld-2.27.so
7f0d36835000-7f0d368fa000 rw-p 00000000 00:00 0 
7f0d368fa000-7f0d368fe000 ---p 00000000 00:00 0 
7f0d368fe000-7f0d369ff000 rw-p 00000000 00:00 0 
7f0d36a00000-7f0d36a05000 rw-p 00000000 00:00 0 
7f0d36a05000-7f0d36a0c000 ---p 00000000 00:00 0 
7f0d36a0c000-7f0d36a14000 rw-s 00000000 08:17 2360526                    /tmp/hsperfdata_tobiasbe/18225
7f0d36a14000-7f0d36a15000 ---p 00000000 00:00 0 
7f0d36a15000-7f0d36a16000 r--p 00000000 00:00 0 
7f0d36a16000-7f0d36a17000 r--p 00027000 08:17 2102646                    /lib/x86_64-linux-gnu/ld-2.27.so
7f0d36a17000-7f0d36a18000 rw-p 00028000 08:17 2102646                    /lib/x86_64-linux-gnu/ld-2.27.so
7f0d36a18000-7f0d36a19000 rw-p 00000000 00:00 0 
7ffd27498000-7ffd274ba000 rw-p 00000000 00:00 0                          [stack]
7ffd27572000-7ffd27575000 r--p 00000000 00:00 0                          [vvar]
7ffd27575000-7ffd27577000 r-xp 00000000 00:00 0                          [vdso]
ffffffffff600000-ffffffffff601000 r-xp 00000000 00:00 0                  [vsyscall]


VM Arguments:
jvm_args: -Dclassworlds.conf=/usr/share/maven/bin/m2.conf -Dmaven.home=/usr/share/maven -Dlibrary.jansi.path=/usr/share/maven/lib/jansi-native -Dmaven.multiModuleProjectDirectory=/home/tobiasbe/Dokumente/Programmierung/Projekte/spring5-shop/oauth2-server (Kopie) 
java_command: org.codehaus.plexus.classworlds.launcher.Launcher clean install -Dspring.profiles.active=dev
java_class_path (initial): /usr/share/maven/boot/plexus-classworlds-2.x.jar
Launcher Type: SUN_STANDARD

[Global flags]
     intx CICompilerCount                          = 4                                         {product} {ergonomic}
     uint ConcGCThreads                            = 3                                         {product} {ergonomic}
     uint G1ConcRefinementThreads                  = 10                                        {product} {ergonomic}
   size_t G1HeapRegionSize                         = 1048576                                   {product} {ergonomic}
    uintx GCDrainStackTargetSize                   = 64                                        {product} {ergonomic}
   size_t InitialHeapSize                          = 264241152                                 {product} {ergonomic}
   size_t MarkStackSize                            = 4194304                                   {product} {ergonomic}
   size_t MaxHeapSize                              = 4208984064                                {product} {ergonomic}
   size_t MaxNewSize                               = 2524971008                                {product} {ergonomic}
   size_t MinHeapDeltaBytes                        = 1048576                                   {product} {ergonomic}
    uintx NonNMethodCodeHeapSize                   = 5835340                                {pd product} {ergonomic}
    uintx NonProfiledCodeHeapSize                  = 122911450                              {pd product} {ergonomic}
    uintx ProfiledCodeHeapSize                     = 122911450                              {pd product} {ergonomic}
    uintx ReservedCodeCacheSize                    = 251658240                              {pd product} {ergonomic}
     bool SegmentedCodeCache                       = true                                      {product} {ergonomic}
     bool UseCompressedClassPointers               = true                                 {lp64_product} {ergonomic}
     bool UseCompressedOops                        = true                                 {lp64_product} {ergonomic}
     bool UseG1GC                                  = true                                      {product} {ergonomic}

Logging:
Log output configuration:
 #0: stdout all=warning uptime,level,tags
 #1: stderr all=off uptime,level,tags

Environment Variables:
JAVA_HOME=/usr/lib/jvm/java-11-oracle
PATH=/home/tobiasbe/Dokumente/Programmierung/Tools/kafka_2.12-2.2.0/bin:/usr/local/sbin:/usr/local/bin:/usr/sbin:/usr/bin:/sbin:/bin:/usr/games:/usr/local/games:/snap/bin:/usr/lib/jvm/java-11-oracle/bin:/usr/lib/jvm/java-11-oracle/db/bin
USERNAME=tobiasbe
SHELL=/bin/bash
DISPLAY=:0

Signal Handlers:
SIGSEGV: [libjvm.so+0xe2adf0], sa_mask[0]=11111111011111111101111111111110, sa_flags=SA_RESTART|SA_SIGINFO
SIGBUS: [libjvm.so+0xe2adf0], sa_mask[0]=11111111011111111101111111111110, sa_flags=SA_RESTART|SA_SIGINFO
SIGFPE: [libjvm.so+0xe2adf0], sa_mask[0]=11111111011111111101111111111110, sa_flags=SA_RESTART|SA_SIGINFO
SIGPIPE: [libjvm.so+0xbff5b0], sa_mask[0]=11111111011111111101111111111110, sa_flags=SA_RESTART|SA_SIGINFO
SIGXFSZ: [libjvm.so+0xbff5b0], sa_mask[0]=11111111011111111101111111111110, sa_flags=SA_RESTART|SA_SIGINFO
SIGILL: [libjvm.so+0xe2adf0], sa_mask[0]=11111111011111111101111111111110, sa_flags=SA_RESTART|SA_SIGINFO
SIGUSR2: [libjvm.so+0xbff450], sa_mask[0]=00100000000000000000000000000000, sa_flags=SA_RESTART|SA_SIGINFO
SIGHUP: [libjvm.so+0xbff7b0], sa_mask[0]=11111111011111111101111111111110, sa_flags=SA_RESTART|SA_SIGINFO
SIGINT: [libjvm.so+0xbff7b0], sa_mask[0]=11111111011111111101111111111110, sa_flags=SA_RESTART|SA_SIGINFO
SIGTERM: [libjvm.so+0xbff7b0], sa_mask[0]=11111111011111111101111111111110, sa_flags=SA_RESTART|SA_SIGINFO
SIGQUIT: [libjvm.so+0xbff7b0], sa_mask[0]=11111111011111111101111111111110, sa_flags=SA_RESTART|SA_SIGINFO


---------------  S Y S T E M  ---------------

OS:DISTRIB_ID=Ubuntu
DISTRIB_RELEASE=18.04
DISTRIB_CODENAME=bionic
DISTRIB_DESCRIPTION="Ubuntu 18.04.2 LTS"
uname:Linux 4.18.0-20-generic #21~18.04.1-Ubuntu SMP Wed May 8 08:43:37 UTC 2019 x86_64
libc:glibc 2.27 NPTL 2.27 
rlimit: STACK 8192k, CORE 0k, NPROC 63789, NOFILE 1048576, AS infinity, DATA infinity, FSIZE infinity
load average:1,23 1,21 1,30

/proc/meminfo:
MemTotal:       16441276 kB
MemFree:         1999380 kB
MemAvailable:    7547336 kB
Buffers:          828556 kB
Cached:          4926460 kB
SwapCached:            0 kB
Active:         10037280 kB
Inactive:        3252460 kB
Active(anon):    7525180 kB
Inactive(anon):   363828 kB
Active(file):    2512100 kB
Inactive(file):  2888632 kB
Unevictable:          48 kB
Mlocked:              48 kB
SwapTotal:       2097148 kB
SwapFree:        2097148 kB
Dirty:              7352 kB
Writeback:             8 kB
AnonPages:       7534696 kB
Mapped:          1526264 kB
Shmem:            375780 kB
Slab:             798336 kB
SReclaimable:     479104 kB
SUnreclaim:       319232 kB
KernelStack:       33876 kB
PageTables:        83832 kB
NFS_Unstable:          0 kB
Bounce:                0 kB
WritebackTmp:          0 kB
CommitLimit:    10317784 kB
Committed_AS:   18344472 kB
VmallocTotal:   34359738367 kB
VmallocUsed:           0 kB
VmallocChunk:          0 kB
HardwareCorrupted:     0 kB
AnonHugePages:      4096 kB
ShmemHugePages:        0 kB
ShmemPmdMapped:        0 kB
CmaTotal:              0 kB
CmaFree:               0 kB
HugePages_Total:       0
HugePages_Free:        0
HugePages_Rsvd:        0
HugePages_Surp:        0
Hugepagesize:       2048 kB
Hugetlb:               0 kB
DirectMap4k:      531284 kB
DirectMap2M:     8857600 kB
DirectMap1G:     8388608 kB


/proc/sys/kernel/threads-max (system-wide limit on the number of threads):
127578


/proc/sys/vm/max_map_count (maximum number of memory map areas a process may have):
65530


/proc/sys/kernel/pid_max (system-wide limit on number of process identifiers):
32768



container (cgroup) information:
container_type: cgroupv1
cpu_cpuset_cpus: 0-11
cpu_memory_nodes: 0
active_processor_count: 12
cpu_quota: -1
cpu_period: 100000
cpu_shares: -1
memory_limit_in_bytes: -1
memory_and_swap_limit_in_bytes: -2
memory_soft_limit_in_bytes: -1
memory_usage_in_bytes: 10207391744
memory_max_usage_in_bytes: 10587656192


CPU:total 12 (initial active 12) (12 cores per cpu, 2 threads per core) family 23 model 1 stepping 1, cmov, cx8, fxsr, mmx, sse, sse2, sse3, ssse3, sse4.1, sse4.2, popcnt, avx, avx2, aes, clmul, mmxext, 3dnowpref, lzcnt, sse4a, ht, tsc, tscinvbit, tscinv, bmi1, bmi2, adx, sha, fma
CPU Model and flags from /proc/cpuinfo:
model name	: AMD Ryzen 5 1600 Six-Core Processor
flags		: fpu vme de pse tsc msr pae mce cx8 apic sep mtrr pge mca cmov pat pse36 clflush mmx fxsr sse sse2 ht syscall nx mmxext fxsr_opt pdpe1gb rdtscp lm constant_tsc rep_good nopl nonstop_tsc cpuid extd_apicid aperfmperf pni pclmulqdq monitor ssse3 fma cx16 sse4_1 sse4_2 movbe popcnt aes xsave avx f16c rdrand lahf_lm cmp_legacy svm extapic cr8_legacy abm sse4a misalignsse 3dnowprefetch osvw skinit wdt tce topoext perfctr_core perfctr_nb bpext perfctr_llc mwaitx cpb hw_pstate sme ssbd sev vmmcall fsgsbase bmi1 avx2 smep bmi2 rdseed adx smap clflushopt sha_ni xsaveopt xsavec xgetbv1 xsaves clzero irperf xsaveerptr arat npt lbrv svm_lock nrip_save tsc_scale vmcb_clean flushbyasid decodeassists pausefilter pfthreshold avic v_vmsave_vmload vgif overflow_recov succor smca

Memory: 4k page, physical 16441276k(1999380k free), swap 2097148k(2097148k free)

vm_info: Java HotSpot(TM) 64-Bit Server VM (11.0.2+9-LTS) for linux-amd64 JRE (11.0.2+9-LTS), built on Jan 17 2019 21:22:50 by "mach5one" with gcc 7.3.0

END.
