#
# A fatal error has been detected by the Java Runtime Environment:
#
#  SIGSEGV (0xb) at pc=0x00007fbd1778c9f0, pid=15710, tid=15727
#
# JRE version: Java(TM) SE Runtime Environment (11.0.2+9) (build 11.0.2+9-LTS)
# Java VM: Java HotSpot(TM) 64-Bit Server VM (11.0.2+9-LTS, mixed mode, tiered, compressed oops, g1 gc, linux-amd64)
# Problematic frame:
# C  [ld-linux-x86-64.so.2+0x199f0]  __tls_get_addr+0x0
#
# Core dump will be written. Default location: Core dumps may be processed with "/usr/share/apport/apport %p %s %c %d %P" (or dumping to /home/tobiasbe/Dokumente/Programmierung/Projekte/spring5-shop/order/core.15710)
#
# If you would like to submit a bug report, please visit:
#   http://bugreport.java.com/bugreport/crash.jsp
#

---------------  S U M M A R Y ------------

Command Line: /home/tobiasbe/Dokumente/Programmierung/Projekte/spring5-shop/order/target/surefire/surefirebooter1453701235015717904.jar /home/tobiasbe/Dokumente/Programmierung/Projekte/spring5-shop/order/target/surefire 2019-04-19T19-44-12_488-jvmRun1 surefire13813057673771023083tmp surefire_08459868624554084502tmp

Host: AMD Ryzen 5 1600 Six-Core Processor, 12 cores, 15G, Ubuntu 18.04.2 LTS
Time: Fri Apr 19 19:44:13 2019 CEST elapsed time: 1 seconds (0d 0h 0m 1s)

---------------  T H R E A D  ---------------

Current thread (0x00007fbd10295000):  JavaThread "Sweeper thread" daemon [_thread_in_vm, id=15727, stack(0x00007fbce2121000,0x00007fbce2222000)]

Stack: [0x00007fbce2121000,0x00007fbce2222000],  sp=0x00007fbce2220968,  free space=1022k
Native frames: (J=compiled Java code, A=aot compiled Java code, j=interpreted, Vv=VM code, C=native code)
C  [ld-linux-x86-64.so.2+0x199f0]  __tls_get_addr+0x0
V  [libjvm.so+0x651aa9]  CompiledMethod::cleanup_inline_caches_impl(bool, bool, bool)+0x249
V  [libjvm.so+0xd6f772]  NMethodSweeper::process_compiled_method(CompiledMethod*)+0x1b2
V  [libjvm.so+0xd6fdfe]  NMethodSweeper::sweep_code_cache()+0x28e
V  [libjvm.so+0xd70615]  NMethodSweeper::possibly_sweep()+0x145
V  [libjvm.so+0xd709c5]  NMethodSweeper::sweeper_loop()+0x285
V  [libjvm.so+0xdc4bbd]  JavaThread::thread_main_inner()+0x21d
V  [libjvm.so+0xdc4f67]  JavaThread::run()+0x377
V  [libjvm.so+0xc09750]  thread_native_entry(Thread*)+0xf0


siginfo: si_signo: 11 (SIGSEGV), si_code: 1 (SEGV_MAPERR), si_addr: 0x00007fbd18918d50

Register to memory mapping:

RAX=0x0 is NULL
RBX=0x0000000000000020 is an unknown value
RCX=0x0 is NULL
RDX=0x00007fbcf93051a4 is at entry_point+-124 in (nmethod*)0x00007fbcf9305010
RSP=0x00007fbce2220968 is pointing into the stack for thread: 0x00007fbd10295000
RBP=0x00007fbce2220990 is pointing into the stack for thread: 0x00007fbd10295000
RSI=0x0 is NULL
RDI=0x00007fbd16aa1fd0: <offset 0x00000000013fdfd0> in /usr/lib/jvm/java-11-oracle/lib/server/libjvm.so at 0x00007fbd156a4000
R8 =0x00007fbcf8c42000 points into unknown readable memory: 04 00 00 00 00 00 00 00
R9 =0x00007fbcf930518a is at entry_point+-150 in (nmethod*)0x00007fbcf9305010
R10=0x0 is NULL
R11=0x00000000ffffffff is an unknown value
R12=0x00007fbcf9305010 is at entry_point+-528 in (nmethod*)0x00007fbcf9305010
R13=0x0 is NULL
R14=0x00007fbd10295a40 points into unknown readable memory: 00 00 00 00 00 00 00 00
R15=0x00007fbd10295a50 points into unknown readable memory: 70 5a 29 10 bd 7f 00 00


Registers:
RAX=0x0000000000000000, RBX=0x0000000000000020, RCX=0x0000000000000000, RDX=0x00007fbcf93051a4
RSP=0x00007fbce2220968, RBP=0x00007fbce2220990, RSI=0x0000000000000000, RDI=0x00007fbd16aa1fd0
R8 =0x00007fbcf8c42000, R9 =0x00007fbcf930518a, R10=0x0000000000000000, R11=0x00000000ffffffff
R12=0x00007fbcf9305010, R13=0x0000000000000000, R14=0x00007fbd10295a40, R15=0x00007fbd10295a50
RIP=0x00007fbd1778c9f0, EFLAGS=0x0000000000010202, CSGSFS=0x002b000000000033, ERR=0x0000000000000004
  TRAPNO=0x000000000000000e

Top of Stack: (sp=0x00007fbce2220968)
0x00007fbce2220968:   00007fbd1636229b 00007fbcf9305010
0x00007fbce2220978:   0000000000000000 00007fbcf9305010
0x00007fbce2220988:   00007fbce22209d0 00007fbce2220aa0
0x00007fbce2220998:   00007fbd15cf5aa9 00000000000003d8 

Instructions: (pc=0x00007fbd1778c9f0)
0x00007fbd1778c9d0:   30 48 8b 54 24 38 48 8b 4c 24 40 48 83 c4 48 ff
0x00007fbd1778c9e0:   20 66 2e 0f 1f 84 00 00 00 00 00 0f 1f 44 00 00
0x00007fbd1778c9f0:   64 48 8b 14 25 08 00 00 00 48 8b 05 b8 f5 20 00
0x00007fbd1778ca00:   48 39 02 75 16 48 8b 07 48 c1 e0 04 48 8b 04 02 

Stack slot to memory mapping:
stack at sp + 0 slots: 0x00007fbd1636229b: <offset 0x0000000000cbe29b> in /usr/lib/jvm/java-11-oracle/lib/server/libjvm.so at 0x00007fbd156a4000
stack at sp + 1 slots: 0x00007fbcf9305010 is at entry_point+-528 in (nmethod*)0x00007fbcf9305010
stack at sp + 2 slots: 0x0 is NULL
stack at sp + 3 slots: 0x00007fbcf9305010 is at entry_point+-528 in (nmethod*)0x00007fbcf9305010
stack at sp + 4 slots: 0x00007fbce22209d0 is pointing into the stack for thread: 0x00007fbd10295000
stack at sp + 5 slots: 0x00007fbce2220aa0 is pointing into the stack for thread: 0x00007fbd10295000
stack at sp + 6 slots: 0x00007fbd15cf5aa9: <offset 0x0000000000651aa9> in /usr/lib/jvm/java-11-oracle/lib/server/libjvm.so at 0x00007fbd156a4000
stack at sp + 7 slots: 0x00000000000003d8 is an unknown value


---------------  P R O C E S S  ---------------

Threads class SMR info:
_java_thread_list=0x00007fbc78007060, length=15, elements={
0x00007fbd10012000, 0x00007fbd10278000, 0x00007fbd1027c800, 0x00007fbd1028f000,
0x00007fbd10291000, 0x00007fbd10293000, 0x00007fbd10295000, 0x00007fbd10363800,
0x00007fbd10371800, 0x00007fbd1042b000, 0x00007fbd1047a000, 0x00007fbca0028000,
0x00007fbcb80b7800, 0x00007fbcc40c8000, 0x00007fbd10e78800
}

Java Threads: ( => current thread )
  0x00007fbd10012000 JavaThread "main" [_thread_blocked, id=15711, stack(0x00007fbd1787f000,0x00007fbd17980000)]
  0x00007fbd10278000 JavaThread "Reference Handler" daemon [_thread_blocked, id=15722, stack(0x00007fbce2ff5000,0x00007fbce30f6000)]
  0x00007fbd1027c800 JavaThread "Finalizer" daemon [_thread_blocked, id=15723, stack(0x00007fbce2ef4000,0x00007fbce2ff5000)]
  0x00007fbd1028f000 JavaThread "Signal Dispatcher" daemon [_thread_blocked, id=15724, stack(0x00007fbce2424000,0x00007fbce2525000)]
  0x00007fbd10291000 JavaThread "C2 CompilerThread0" daemon [_thread_blocked, id=15725, stack(0x00007fbce2323000,0x00007fbce2424000)]
  0x00007fbd10293000 JavaThread "C1 CompilerThread0" daemon [_thread_blocked, id=15726, stack(0x00007fbce2222000,0x00007fbce2323000)]
=>0x00007fbd10295000 JavaThread "Sweeper thread" daemon [_thread_in_vm, id=15727, stack(0x00007fbce2121000,0x00007fbce2222000)]
  0x00007fbd10363800 JavaThread "Service Thread" daemon [_thread_blocked, id=15728, stack(0x00007fbce2020000,0x00007fbce2121000)]
  0x00007fbd10371800 JavaThread "Common-Cleaner" daemon [_thread_blocked, id=15730, stack(0x00007fbce1e1d000,0x00007fbce1f1e000)]
  0x00007fbd1042b000 JavaThread "surefire-forkedjvm-command-thread" daemon [_thread_in_native, id=15731, stack(0x00007fbce18f3000,0x00007fbce19f4000)]
  0x00007fbd1047a000 JavaThread "surefire-forkedjvm-ping-30s" daemon [_thread_blocked, id=15732, stack(0x00007fbce13e7000,0x00007fbce14e8000)]
  0x00007fbca0028000 JavaThread "process reaper" daemon [_thread_blocked, id=15735, stack(0x00007fbd1403a000,0x00007fbd1405c000)]
  0x00007fbcb80b7800 JavaThread "C2 CompilerThread1" daemon [_thread_blocked, id=15736, stack(0x00007fbce12e6000,0x00007fbce13e7000)]
  0x00007fbcc40c8000 JavaThread "C2 CompilerThread2" daemon [_thread_blocked, id=15737, stack(0x00007fbce0fe5000,0x00007fbce10e6000)]
  0x00007fbd10e78800 JavaThread "background-preinit" [_thread_blocked, id=15743, stack(0x00007fbce0331000,0x00007fbce0432000)]

Other Threads:
  0x00007fbd10270000 VMThread "VM Thread" [stack: 0x00007fbce30f8000,0x00007fbce31f8000] [id=15721]
  0x00007fbd1036a800 WatcherThread [stack: 0x00007fbce1f20000,0x00007fbce2020000] [id=15729]
  0x00007fbd1003a800 GCTaskThread "GC Thread#0" [stack: 0x00007fbcf896c000,0x00007fbcf8a6c000] [id=15716]
  0x00007fbcd4001000 GCTaskThread "GC Thread#1" [stack: 0x00007fbce0e3c000,0x00007fbce0f3c000] [id=15738]
  0x00007fbcd4002800 GCTaskThread "GC Thread#2" [stack: 0x00007fbce0d3a000,0x00007fbce0e3a000] [id=15739]
  0x00007fbcd4004000 GCTaskThread "GC Thread#3" [stack: 0x00007fbce0c38000,0x00007fbce0d38000] [id=15740]
  0x00007fbcd4006000 GCTaskThread "GC Thread#4" [stack: 0x00007fbce0b36000,0x00007fbce0c36000] [id=15741]
  0x00007fbcd4007800 GCTaskThread "GC Thread#5" [stack: 0x00007fbce0a34000,0x00007fbce0b34000] [id=15742]
  0x00007fbd10099000 ConcurrentGCThread "G1 Main Marker" [stack: 0x00007fbcea807000,0x00007fbcea907000] [id=15717]
  0x00007fbd1009b000 ConcurrentGCThread "G1 Conc#0" [stack: 0x00007fbcea705000,0x00007fbcea805000] [id=15718]
  0x00007fbce4001000 ConcurrentGCThread "G1 Conc#1" [stack: 0x00007fbc7f5e5000,0x00007fbc7f6e5000] [id=15754]
  0x00007fbce4002000 ConcurrentGCThread "G1 Conc#2" [stack: 0x00007fbc7f4e3000,0x00007fbc7f5e3000] [id=15755]
  0x00007fbd101a4800 ConcurrentGCThread "G1 Refine#0" [stack: 0x00007fbce3afc000,0x00007fbce3bfc000] [id=15719]
  0x00007fbd101a6800 ConcurrentGCThread "G1 Young RemSet Sampling" [stack: 0x00007fbce39fa000,0x00007fbce3afa000] [id=15720]

Threads with active compile tasks:
C2 CompilerThread01599       4       jdk.internal.loader.URLClassPath::getResource (74 bytes)
C2 CompilerThread11437       4       java.net.URLStreamHandler::parseURL (1201 bytes)
C2 CompilerThread21612       4       org.springframework.boot.context.properties.source.ConfigurationPropertyName::equals (119 bytes)

VM state:synchronizing (normal execution)

VM Mutex/Monitor currently owned by a thread:  ([mutex/lock_event])
[0x00007fbd1000e340] Threads_lock - owner thread: 0x00007fbd10270000
[0x00007fbd1000ec40] CompiledIC_lock - owner thread: 0x00007fbd10295000

Heap address: 0x0000000705200000, size: 4014 MB, Compressed Oops mode: Zero based, Oop shift amount: 3
Narrow klass base: 0x0000000800000000, Narrow klass shift: 0
Compressed class space size: 1073741824 Address: 0x0000000800000000

Heap:
 garbage-first heap   total 258048K, used 28348K [0x0000000705200000, 0x0000000800000000)
  region size 1024K, 21 young (21504K), 6 survivors (6144K)
 Metaspace       used 22277K, capacity 22649K, committed 22960K, reserved 1069056K
  class space    used 2583K, capacity 2725K, committed 2816K, reserved 1048576K
Heap Regions: E=young(eden), S=young(survivor), O=old, HS=humongous(starts), HC=humongous(continues), CS=collection set, F=free, A=archive, TAMS=top-at-mark-start (previous, next)
|   0|0x0000000705200000, 0x0000000705300000, 0x0000000705300000|100%|HS|  |TAMS 0x0000000705300000, 0x0000000705200000| Complete 
|   1|0x0000000705300000, 0x0000000705400000, 0x0000000705400000|100%|HS|  |TAMS 0x0000000705400000, 0x0000000705300000| Complete 
|   2|0x0000000705400000, 0x0000000705500000, 0x0000000705500000|100%| O|  |TAMS 0x0000000705500000, 0x0000000705400000| Untracked 
|   3|0x0000000705500000, 0x0000000705600000, 0x0000000705600000|100%| O|  |TAMS 0x0000000705600000, 0x0000000705500000| Untracked 
|   4|0x0000000705600000, 0x0000000705700000, 0x0000000705700000|100%| O|  |TAMS 0x0000000705700000, 0x0000000705600000| Untracked 
|   5|0x0000000705700000, 0x0000000705800000, 0x0000000705800000|100%| O|  |TAMS 0x0000000705800000, 0x0000000705700000| Untracked 
|   6|0x0000000705800000, 0x0000000705900000, 0x0000000705900000|100%| O|  |TAMS 0x0000000705900000, 0x0000000705800000| Untracked 
|   7|0x0000000705900000, 0x00000007059e8600, 0x0000000705a00000| 90%| O|  |TAMS 0x00000007059e8600, 0x0000000705900000| Untracked 
|   8|0x0000000705a00000, 0x0000000705a00000, 0x0000000705b00000|  0%| F|  |TAMS 0x0000000705a00000, 0x0000000705a00000| Untracked 
|   9|0x0000000705b00000, 0x0000000705b00000, 0x0000000705c00000|  0%| F|  |TAMS 0x0000000705b00000, 0x0000000705b00000| Untracked 
|  10|0x0000000705c00000, 0x0000000705c00000, 0x0000000705d00000|  0%| F|  |TAMS 0x0000000705c00000, 0x0000000705c00000| Untracked 
|  11|0x0000000705d00000, 0x0000000705d00000, 0x0000000705e00000|  0%| F|  |TAMS 0x0000000705d00000, 0x0000000705d00000| Untracked 
|  12|0x0000000705e00000, 0x0000000705e00000, 0x0000000705f00000|  0%| F|  |TAMS 0x0000000705e00000, 0x0000000705e00000| Untracked 
|  13|0x0000000705f00000, 0x0000000705f00000, 0x0000000706000000|  0%| F|  |TAMS 0x0000000705f00000, 0x0000000705f00000| Untracked 
|  14|0x0000000706000000, 0x0000000706000000, 0x0000000706100000|  0%| F|  |TAMS 0x0000000706000000, 0x0000000706000000| Untracked 
|  15|0x0000000706100000, 0x0000000706100000, 0x0000000706200000|  0%| F|  |TAMS 0x0000000706100000, 0x0000000706100000| Untracked 
|  16|0x0000000706200000, 0x0000000706200000, 0x0000000706300000|  0%| F|  |TAMS 0x0000000706200000, 0x0000000706200000| Untracked 
|  17|0x0000000706300000, 0x0000000706300000, 0x0000000706400000|  0%| F|  |TAMS 0x0000000706300000, 0x0000000706300000| Untracked 
|  18|0x0000000706400000, 0x0000000706400000, 0x0000000706500000|  0%| F|  |TAMS 0x0000000706400000, 0x0000000706400000| Untracked 
|  19|0x0000000706500000, 0x0000000706500000, 0x0000000706600000|  0%| F|  |TAMS 0x0000000706500000, 0x0000000706500000| Untracked 
|  20|0x0000000706600000, 0x0000000706600000, 0x0000000706700000|  0%| F|  |TAMS 0x0000000706600000, 0x0000000706600000| Untracked 
|  21|0x0000000706700000, 0x0000000706700000, 0x0000000706800000|  0%| F|  |TAMS 0x0000000706700000, 0x0000000706700000| Untracked 
|  22|0x0000000706800000, 0x0000000706800000, 0x0000000706900000|  0%| F|  |TAMS 0x0000000706800000, 0x0000000706800000| Untracked 
|  23|0x0000000706900000, 0x0000000706900000, 0x0000000706a00000|  0%| F|  |TAMS 0x0000000706900000, 0x0000000706900000| Untracked 
|  24|0x0000000706a00000, 0x0000000706a00000, 0x0000000706b00000|  0%| F|  |TAMS 0x0000000706a00000, 0x0000000706a00000| Untracked 
|  25|0x0000000706b00000, 0x0000000706b00000, 0x0000000706c00000|  0%| F|  |TAMS 0x0000000706b00000, 0x0000000706b00000| Untracked 
|  26|0x0000000706c00000, 0x0000000706c00000, 0x0000000706d00000|  0%| F|  |TAMS 0x0000000706c00000, 0x0000000706c00000| Untracked 
|  27|0x0000000706d00000, 0x0000000706d00000, 0x0000000706e00000|  0%| F|  |TAMS 0x0000000706d00000, 0x0000000706d00000| Untracked 
|  28|0x0000000706e00000, 0x0000000706e00000, 0x0000000706f00000|  0%| F|  |TAMS 0x0000000706e00000, 0x0000000706e00000| Untracked 
|  29|0x0000000706f00000, 0x0000000706f00000, 0x0000000707000000|  0%| F|  |TAMS 0x0000000706f00000, 0x0000000706f00000| Untracked 
|  30|0x0000000707000000, 0x0000000707000000, 0x0000000707100000|  0%| F|  |TAMS 0x0000000707000000, 0x0000000707000000| Untracked 
|  31|0x0000000707100000, 0x0000000707100000, 0x0000000707200000|  0%| F|  |TAMS 0x0000000707100000, 0x0000000707100000| Untracked 
|  32|0x0000000707200000, 0x0000000707200000, 0x0000000707300000|  0%| F|  |TAMS 0x0000000707200000, 0x0000000707200000| Untracked 
|  33|0x0000000707300000, 0x0000000707300000, 0x0000000707400000|  0%| F|  |TAMS 0x0000000707300000, 0x0000000707300000| Untracked 
|  34|0x0000000707400000, 0x0000000707400000, 0x0000000707500000|  0%| F|  |TAMS 0x0000000707400000, 0x0000000707400000| Untracked 
|  35|0x0000000707500000, 0x0000000707500000, 0x0000000707600000|  0%| F|  |TAMS 0x0000000707500000, 0x0000000707500000| Untracked 
|  36|0x0000000707600000, 0x0000000707600000, 0x0000000707700000|  0%| F|  |TAMS 0x0000000707600000, 0x0000000707600000| Untracked 
|  37|0x0000000707700000, 0x0000000707700000, 0x0000000707800000|  0%| F|  |TAMS 0x0000000707700000, 0x0000000707700000| Untracked 
|  38|0x0000000707800000, 0x0000000707800000, 0x0000000707900000|  0%| F|  |TAMS 0x0000000707800000, 0x0000000707800000| Untracked 
|  39|0x0000000707900000, 0x0000000707900000, 0x0000000707a00000|  0%| F|  |TAMS 0x0000000707900000, 0x0000000707900000| Untracked 
|  40|0x0000000707a00000, 0x0000000707a00000, 0x0000000707b00000|  0%| F|  |TAMS 0x0000000707a00000, 0x0000000707a00000| Untracked 
|  41|0x0000000707b00000, 0x0000000707b00000, 0x0000000707c00000|  0%| F|  |TAMS 0x0000000707b00000, 0x0000000707b00000| Untracked 
|  42|0x0000000707c00000, 0x0000000707c00000, 0x0000000707d00000|  0%| F|  |TAMS 0x0000000707c00000, 0x0000000707c00000| Untracked 
|  43|0x0000000707d00000, 0x0000000707d00000, 0x0000000707e00000|  0%| F|  |TAMS 0x0000000707d00000, 0x0000000707d00000| Untracked 
|  44|0x0000000707e00000, 0x0000000707e00000, 0x0000000707f00000|  0%| F|  |TAMS 0x0000000707e00000, 0x0000000707e00000| Untracked 
|  45|0x0000000707f00000, 0x0000000707f00000, 0x0000000708000000|  0%| F|  |TAMS 0x0000000707f00000, 0x0000000707f00000| Untracked 
|  46|0x0000000708000000, 0x0000000708000000, 0x0000000708100000|  0%| F|  |TAMS 0x0000000708000000, 0x0000000708000000| Untracked 
|  47|0x0000000708100000, 0x0000000708100000, 0x0000000708200000|  0%| F|  |TAMS 0x0000000708100000, 0x0000000708100000| Untracked 
|  48|0x0000000708200000, 0x0000000708200000, 0x0000000708300000|  0%| F|  |TAMS 0x0000000708200000, 0x0000000708200000| Untracked 
|  49|0x0000000708300000, 0x0000000708300000, 0x0000000708400000|  0%| F|  |TAMS 0x0000000708300000, 0x0000000708300000| Untracked 
|  50|0x0000000708400000, 0x0000000708400000, 0x0000000708500000|  0%| F|  |TAMS 0x0000000708400000, 0x0000000708400000| Untracked 
|  51|0x0000000708500000, 0x0000000708500000, 0x0000000708600000|  0%| F|  |TAMS 0x0000000708500000, 0x0000000708500000| Untracked 
|  52|0x0000000708600000, 0x0000000708600000, 0x0000000708700000|  0%| F|  |TAMS 0x0000000708600000, 0x0000000708600000| Untracked 
|  53|0x0000000708700000, 0x0000000708700000, 0x0000000708800000|  0%| F|  |TAMS 0x0000000708700000, 0x0000000708700000| Untracked 
|  54|0x0000000708800000, 0x0000000708800000, 0x0000000708900000|  0%| F|  |TAMS 0x0000000708800000, 0x0000000708800000| Untracked 
|  55|0x0000000708900000, 0x0000000708900000, 0x0000000708a00000|  0%| F|  |TAMS 0x0000000708900000, 0x0000000708900000| Untracked 
|  56|0x0000000708a00000, 0x0000000708a00000, 0x0000000708b00000|  0%| F|  |TAMS 0x0000000708a00000, 0x0000000708a00000| Untracked 
|  57|0x0000000708b00000, 0x0000000708b00000, 0x0000000708c00000|  0%| F|  |TAMS 0x0000000708b00000, 0x0000000708b00000| Untracked 
|  58|0x0000000708c00000, 0x0000000708c00000, 0x0000000708d00000|  0%| F|  |TAMS 0x0000000708c00000, 0x0000000708c00000| Untracked 
|  59|0x0000000708d00000, 0x0000000708d00000, 0x0000000708e00000|  0%| F|  |TAMS 0x0000000708d00000, 0x0000000708d00000| Untracked 
|  60|0x0000000708e00000, 0x0000000708e00000, 0x0000000708f00000|  0%| F|  |TAMS 0x0000000708e00000, 0x0000000708e00000| Untracked 
|  61|0x0000000708f00000, 0x0000000708f00000, 0x0000000709000000|  0%| F|  |TAMS 0x0000000708f00000, 0x0000000708f00000| Untracked 
|  62|0x0000000709000000, 0x0000000709000000, 0x0000000709100000|  0%| F|  |TAMS 0x0000000709000000, 0x0000000709000000| Untracked 
|  63|0x0000000709100000, 0x0000000709100000, 0x0000000709200000|  0%| F|  |TAMS 0x0000000709100000, 0x0000000709100000| Untracked 
|  64|0x0000000709200000, 0x0000000709200000, 0x0000000709300000|  0%| F|  |TAMS 0x0000000709200000, 0x0000000709200000| Untracked 
|  65|0x0000000709300000, 0x0000000709300000, 0x0000000709400000|  0%| F|  |TAMS 0x0000000709300000, 0x0000000709300000| Untracked 
|  66|0x0000000709400000, 0x0000000709400000, 0x0000000709500000|  0%| F|  |TAMS 0x0000000709400000, 0x0000000709400000| Untracked 
|  67|0x0000000709500000, 0x0000000709500000, 0x0000000709600000|  0%| F|  |TAMS 0x0000000709500000, 0x0000000709500000| Untracked 
|  68|0x0000000709600000, 0x0000000709600000, 0x0000000709700000|  0%| F|  |TAMS 0x0000000709600000, 0x0000000709600000| Untracked 
|  69|0x0000000709700000, 0x0000000709700000, 0x0000000709800000|  0%| F|  |TAMS 0x0000000709700000, 0x0000000709700000| Untracked 
|  70|0x0000000709800000, 0x0000000709800000, 0x0000000709900000|  0%| F|  |TAMS 0x0000000709800000, 0x0000000709800000| Untracked 
|  71|0x0000000709900000, 0x0000000709900000, 0x0000000709a00000|  0%| F|  |TAMS 0x0000000709900000, 0x0000000709900000| Untracked 
|  72|0x0000000709a00000, 0x0000000709a00000, 0x0000000709b00000|  0%| F|  |TAMS 0x0000000709a00000, 0x0000000709a00000| Untracked 
|  73|0x0000000709b00000, 0x0000000709b00000, 0x0000000709c00000|  0%| F|  |TAMS 0x0000000709b00000, 0x0000000709b00000| Untracked 
|  74|0x0000000709c00000, 0x0000000709c00000, 0x0000000709d00000|  0%| F|  |TAMS 0x0000000709c00000, 0x0000000709c00000| Untracked 
|  75|0x0000000709d00000, 0x0000000709d00000, 0x0000000709e00000|  0%| F|  |TAMS 0x0000000709d00000, 0x0000000709d00000| Untracked 
|  76|0x0000000709e00000, 0x0000000709e00000, 0x0000000709f00000|  0%| F|  |TAMS 0x0000000709e00000, 0x0000000709e00000| Untracked 
|  77|0x0000000709f00000, 0x0000000709f00000, 0x000000070a000000|  0%| F|  |TAMS 0x0000000709f00000, 0x0000000709f00000| Untracked 
|  78|0x000000070a000000, 0x000000070a000000, 0x000000070a100000|  0%| F|  |TAMS 0x000000070a000000, 0x000000070a000000| Untracked 
|  79|0x000000070a100000, 0x000000070a100000, 0x000000070a200000|  0%| F|  |TAMS 0x000000070a100000, 0x000000070a100000| Untracked 
|  80|0x000000070a200000, 0x000000070a200000, 0x000000070a300000|  0%| F|  |TAMS 0x000000070a200000, 0x000000070a200000| Untracked 
|  81|0x000000070a300000, 0x000000070a300000, 0x000000070a400000|  0%| F|  |TAMS 0x000000070a300000, 0x000000070a300000| Untracked 
|  82|0x000000070a400000, 0x000000070a400000, 0x000000070a500000|  0%| F|  |TAMS 0x000000070a400000, 0x000000070a400000| Untracked 
|  83|0x000000070a500000, 0x000000070a500000, 0x000000070a600000|  0%| F|  |TAMS 0x000000070a500000, 0x000000070a500000| Untracked 
|  84|0x000000070a600000, 0x000000070a600000, 0x000000070a700000|  0%| F|  |TAMS 0x000000070a600000, 0x000000070a600000| Untracked 
|  85|0x000000070a700000, 0x000000070a700000, 0x000000070a800000|  0%| F|  |TAMS 0x000000070a700000, 0x000000070a700000| Untracked 
|  86|0x000000070a800000, 0x000000070a800000, 0x000000070a900000|  0%| F|  |TAMS 0x000000070a800000, 0x000000070a800000| Untracked 
|  87|0x000000070a900000, 0x000000070a900000, 0x000000070aa00000|  0%| F|  |TAMS 0x000000070a900000, 0x000000070a900000| Untracked 
|  88|0x000000070aa00000, 0x000000070aa00000, 0x000000070ab00000|  0%| F|  |TAMS 0x000000070aa00000, 0x000000070aa00000| Untracked 
|  89|0x000000070ab00000, 0x000000070ab00000, 0x000000070ac00000|  0%| F|  |TAMS 0x000000070ab00000, 0x000000070ab00000| Untracked 
|  90|0x000000070ac00000, 0x000000070ac00000, 0x000000070ad00000|  0%| F|  |TAMS 0x000000070ac00000, 0x000000070ac00000| Untracked 
|  91|0x000000070ad00000, 0x000000070ad00000, 0x000000070ae00000|  0%| F|  |TAMS 0x000000070ad00000, 0x000000070ad00000| Untracked 
|  92|0x000000070ae00000, 0x000000070ae00000, 0x000000070af00000|  0%| F|  |TAMS 0x000000070ae00000, 0x000000070ae00000| Untracked 
|  93|0x000000070af00000, 0x000000070af00000, 0x000000070b000000|  0%| F|  |TAMS 0x000000070af00000, 0x000000070af00000| Untracked 
|  94|0x000000070b000000, 0x000000070b000000, 0x000000070b100000|  0%| F|  |TAMS 0x000000070b000000, 0x000000070b000000| Untracked 
|  95|0x000000070b100000, 0x000000070b100000, 0x000000070b200000|  0%| F|  |TAMS 0x000000070b100000, 0x000000070b100000| Untracked 
|  96|0x000000070b200000, 0x000000070b200000, 0x000000070b300000|  0%| F|  |TAMS 0x000000070b200000, 0x000000070b200000| Untracked 
|  97|0x000000070b300000, 0x000000070b300000, 0x000000070b400000|  0%| F|  |TAMS 0x000000070b300000, 0x000000070b300000| Untracked 
|  98|0x000000070b400000, 0x000000070b400000, 0x000000070b500000|  0%| F|  |TAMS 0x000000070b400000, 0x000000070b400000| Untracked 
|  99|0x000000070b500000, 0x000000070b500000, 0x000000070b600000|  0%| F|  |TAMS 0x000000070b500000, 0x000000070b500000| Untracked 
| 100|0x000000070b600000, 0x000000070b600000, 0x000000070b700000|  0%| F|  |TAMS 0x000000070b600000, 0x000000070b600000| Untracked 
| 101|0x000000070b700000, 0x000000070b700000, 0x000000070b800000|  0%| F|  |TAMS 0x000000070b700000, 0x000000070b700000| Untracked 
| 102|0x000000070b800000, 0x000000070b800000, 0x000000070b900000|  0%| F|  |TAMS 0x000000070b800000, 0x000000070b800000| Untracked 
| 103|0x000000070b900000, 0x000000070b900000, 0x000000070ba00000|  0%| F|  |TAMS 0x000000070b900000, 0x000000070b900000| Untracked 
| 104|0x000000070ba00000, 0x000000070ba00000, 0x000000070bb00000|  0%| F|  |TAMS 0x000000070ba00000, 0x000000070ba00000| Untracked 
| 105|0x000000070bb00000, 0x000000070bb00000, 0x000000070bc00000|  0%| F|  |TAMS 0x000000070bb00000, 0x000000070bb00000| Untracked 
| 106|0x000000070bc00000, 0x000000070bc00000, 0x000000070bd00000|  0%| F|  |TAMS 0x000000070bc00000, 0x000000070bc00000| Untracked 
| 107|0x000000070bd00000, 0x000000070bd00000, 0x000000070be00000|  0%| F|  |TAMS 0x000000070bd00000, 0x000000070bd00000| Untracked 
| 108|0x000000070be00000, 0x000000070be00000, 0x000000070bf00000|  0%| F|  |TAMS 0x000000070be00000, 0x000000070be00000| Untracked 
| 109|0x000000070bf00000, 0x000000070bf00000, 0x000000070c000000|  0%| F|  |TAMS 0x000000070bf00000, 0x000000070bf00000| Untracked 
| 110|0x000000070c000000, 0x000000070c000000, 0x000000070c100000|  0%| F|  |TAMS 0x000000070c000000, 0x000000070c000000| Untracked 
| 111|0x000000070c100000, 0x000000070c100000, 0x000000070c200000|  0%| F|  |TAMS 0x000000070c100000, 0x000000070c100000| Untracked 
| 112|0x000000070c200000, 0x000000070c200000, 0x000000070c300000|  0%| F|  |TAMS 0x000000070c200000, 0x000000070c200000| Untracked 
| 113|0x000000070c300000, 0x000000070c300000, 0x000000070c400000|  0%| F|  |TAMS 0x000000070c300000, 0x000000070c300000| Untracked 
| 114|0x000000070c400000, 0x000000070c400000, 0x000000070c500000|  0%| F|  |TAMS 0x000000070c400000, 0x000000070c400000| Untracked 
| 115|0x000000070c500000, 0x000000070c500000, 0x000000070c600000|  0%| F|  |TAMS 0x000000070c500000, 0x000000070c500000| Untracked 
| 116|0x000000070c600000, 0x000000070c600000, 0x000000070c700000|  0%| F|  |TAMS 0x000000070c600000, 0x000000070c600000| Untracked 
| 117|0x000000070c700000, 0x000000070c700000, 0x000000070c800000|  0%| F|  |TAMS 0x000000070c700000, 0x000000070c700000| Untracked 
| 118|0x000000070c800000, 0x000000070c800000, 0x000000070c900000|  0%| F|  |TAMS 0x000000070c800000, 0x000000070c800000| Untracked 
| 119|0x000000070c900000, 0x000000070c900000, 0x000000070ca00000|  0%| F|  |TAMS 0x000000070c900000, 0x000000070c900000| Untracked 
| 120|0x000000070ca00000, 0x000000070ca00000, 0x000000070cb00000|  0%| F|  |TAMS 0x000000070ca00000, 0x000000070ca00000| Untracked 
| 121|0x000000070cb00000, 0x000000070cb00000, 0x000000070cc00000|  0%| F|  |TAMS 0x000000070cb00000, 0x000000070cb00000| Untracked 
| 122|0x000000070cc00000, 0x000000070cc00000, 0x000000070cd00000|  0%| F|  |TAMS 0x000000070cc00000, 0x000000070cc00000| Untracked 
| 123|0x000000070cd00000, 0x000000070cd00000, 0x000000070ce00000|  0%| F|  |TAMS 0x000000070cd00000, 0x000000070cd00000| Untracked 
| 124|0x000000070ce00000, 0x000000070ce00000, 0x000000070cf00000|  0%| F|  |TAMS 0x000000070ce00000, 0x000000070ce00000| Untracked 
| 125|0x000000070cf00000, 0x000000070cf00000, 0x000000070d000000|  0%| F|  |TAMS 0x000000070cf00000, 0x000000070cf00000| Untracked 
| 126|0x000000070d000000, 0x000000070d000000, 0x000000070d100000|  0%| F|  |TAMS 0x000000070d000000, 0x000000070d000000| Untracked 
| 127|0x000000070d100000, 0x000000070d100000, 0x000000070d200000|  0%| F|  |TAMS 0x000000070d100000, 0x000000070d100000| Untracked 
| 128|0x000000070d200000, 0x000000070d200000, 0x000000070d300000|  0%| F|  |TAMS 0x000000070d200000, 0x000000070d200000| Untracked 
| 129|0x000000070d300000, 0x000000070d300000, 0x000000070d400000|  0%| F|  |TAMS 0x000000070d300000, 0x000000070d300000| Untracked 
| 130|0x000000070d400000, 0x000000070d400000, 0x000000070d500000|  0%| F|  |TAMS 0x000000070d400000, 0x000000070d400000| Untracked 
| 131|0x000000070d500000, 0x000000070d500000, 0x000000070d600000|  0%| F|  |TAMS 0x000000070d500000, 0x000000070d500000| Untracked 
| 132|0x000000070d600000, 0x000000070d600000, 0x000000070d700000|  0%| F|  |TAMS 0x000000070d600000, 0x000000070d600000| Untracked 
| 133|0x000000070d700000, 0x000000070d700000, 0x000000070d800000|  0%| F|  |TAMS 0x000000070d700000, 0x000000070d700000| Untracked 
| 134|0x000000070d800000, 0x000000070d800000, 0x000000070d900000|  0%| F|  |TAMS 0x000000070d800000, 0x000000070d800000| Untracked 
| 135|0x000000070d900000, 0x000000070d900000, 0x000000070da00000|  0%| F|  |TAMS 0x000000070d900000, 0x000000070d900000| Untracked 
| 136|0x000000070da00000, 0x000000070da00000, 0x000000070db00000|  0%| F|  |TAMS 0x000000070da00000, 0x000000070da00000| Untracked 
| 137|0x000000070db00000, 0x000000070db00000, 0x000000070dc00000|  0%| F|  |TAMS 0x000000070db00000, 0x000000070db00000| Untracked 
| 138|0x000000070dc00000, 0x000000070dc00000, 0x000000070dd00000|  0%| F|  |TAMS 0x000000070dc00000, 0x000000070dc00000| Untracked 
| 139|0x000000070dd00000, 0x000000070dd00000, 0x000000070de00000|  0%| F|  |TAMS 0x000000070dd00000, 0x000000070dd00000| Untracked 
| 140|0x000000070de00000, 0x000000070de00000, 0x000000070df00000|  0%| F|  |TAMS 0x000000070de00000, 0x000000070de00000| Untracked 
| 141|0x000000070df00000, 0x000000070df00000, 0x000000070e000000|  0%| F|  |TAMS 0x000000070df00000, 0x000000070df00000| Untracked 
| 142|0x000000070e000000, 0x000000070e000000, 0x000000070e100000|  0%| F|  |TAMS 0x000000070e000000, 0x000000070e000000| Untracked 
| 143|0x000000070e100000, 0x000000070e100000, 0x000000070e200000|  0%| F|  |TAMS 0x000000070e100000, 0x000000070e100000| Untracked 
| 144|0x000000070e200000, 0x000000070e200000, 0x000000070e300000|  0%| F|  |TAMS 0x000000070e200000, 0x000000070e200000| Untracked 
| 145|0x000000070e300000, 0x000000070e300000, 0x000000070e400000|  0%| F|  |TAMS 0x000000070e300000, 0x000000070e300000| Untracked 
| 146|0x000000070e400000, 0x000000070e400000, 0x000000070e500000|  0%| F|  |TAMS 0x000000070e400000, 0x000000070e400000| Untracked 
| 147|0x000000070e500000, 0x000000070e500000, 0x000000070e600000|  0%| F|  |TAMS 0x000000070e500000, 0x000000070e500000| Untracked 
| 148|0x000000070e600000, 0x000000070e600000, 0x000000070e700000|  0%| F|  |TAMS 0x000000070e600000, 0x000000070e600000| Untracked 
| 149|0x000000070e700000, 0x000000070e700000, 0x000000070e800000|  0%| F|  |TAMS 0x000000070e700000, 0x000000070e700000| Untracked 
| 150|0x000000070e800000, 0x000000070e800000, 0x000000070e900000|  0%| F|  |TAMS 0x000000070e800000, 0x000000070e800000| Untracked 
| 151|0x000000070e900000, 0x000000070e900000, 0x000000070ea00000|  0%| F|  |TAMS 0x000000070e900000, 0x000000070e900000| Untracked 
| 152|0x000000070ea00000, 0x000000070ea00000, 0x000000070eb00000|  0%| F|  |TAMS 0x000000070ea00000, 0x000000070ea00000| Untracked 
| 153|0x000000070eb00000, 0x000000070eb00000, 0x000000070ec00000|  0%| F|  |TAMS 0x000000070eb00000, 0x000000070eb00000| Untracked 
| 154|0x000000070ec00000, 0x000000070ec00000, 0x000000070ed00000|  0%| F|  |TAMS 0x000000070ec00000, 0x000000070ec00000| Untracked 
| 155|0x000000070ed00000, 0x000000070ed00000, 0x000000070ee00000|  0%| F|  |TAMS 0x000000070ed00000, 0x000000070ed00000| Untracked 
| 156|0x000000070ee00000, 0x000000070ee00000, 0x000000070ef00000|  0%| F|  |TAMS 0x000000070ee00000, 0x000000070ee00000| Untracked 
| 157|0x000000070ef00000, 0x000000070ef00000, 0x000000070f000000|  0%| F|  |TAMS 0x000000070ef00000, 0x000000070ef00000| Untracked 
| 158|0x000000070f000000, 0x000000070f000000, 0x000000070f100000|  0%| F|  |TAMS 0x000000070f000000, 0x000000070f000000| Untracked 
| 159|0x000000070f100000, 0x000000070f100000, 0x000000070f200000|  0%| F|  |TAMS 0x000000070f100000, 0x000000070f100000| Untracked 
| 160|0x000000070f200000, 0x000000070f200000, 0x000000070f300000|  0%| F|  |TAMS 0x000000070f200000, 0x000000070f200000| Untracked 
| 161|0x000000070f300000, 0x000000070f300000, 0x000000070f400000|  0%| F|  |TAMS 0x000000070f300000, 0x000000070f300000| Untracked 
| 162|0x000000070f400000, 0x000000070f400000, 0x000000070f500000|  0%| F|  |TAMS 0x000000070f400000, 0x000000070f400000| Untracked 
| 163|0x000000070f500000, 0x000000070f500000, 0x000000070f600000|  0%| F|  |TAMS 0x000000070f500000, 0x000000070f500000| Untracked 
| 164|0x000000070f600000, 0x000000070f600000, 0x000000070f700000|  0%| F|  |TAMS 0x000000070f600000, 0x000000070f600000| Untracked 
| 165|0x000000070f700000, 0x000000070f700000, 0x000000070f800000|  0%| F|  |TAMS 0x000000070f700000, 0x000000070f700000| Untracked 
| 166|0x000000070f800000, 0x000000070f800000, 0x000000070f900000|  0%| F|  |TAMS 0x000000070f800000, 0x000000070f800000| Untracked 
| 167|0x000000070f900000, 0x000000070f900000, 0x000000070fa00000|  0%| F|  |TAMS 0x000000070f900000, 0x000000070f900000| Untracked 
| 168|0x000000070fa00000, 0x000000070fa00000, 0x000000070fb00000|  0%| F|  |TAMS 0x000000070fa00000, 0x000000070fa00000| Untracked 
| 169|0x000000070fb00000, 0x000000070fb00000, 0x000000070fc00000|  0%| F|  |TAMS 0x000000070fb00000, 0x000000070fb00000| Untracked 
| 170|0x000000070fc00000, 0x000000070fc00000, 0x000000070fd00000|  0%| F|  |TAMS 0x000000070fc00000, 0x000000070fc00000| Untracked 
| 171|0x000000070fd00000, 0x000000070fd00000, 0x000000070fe00000|  0%| F|  |TAMS 0x000000070fd00000, 0x000000070fd00000| Untracked 
| 172|0x000000070fe00000, 0x000000070fe00000, 0x000000070ff00000|  0%| F|  |TAMS 0x000000070fe00000, 0x000000070fe00000| Untracked 
| 173|0x000000070ff00000, 0x000000070ff00000, 0x0000000710000000|  0%| F|  |TAMS 0x000000070ff00000, 0x000000070ff00000| Untracked 
| 174|0x0000000710000000, 0x0000000710000000, 0x0000000710100000|  0%| F|  |TAMS 0x0000000710000000, 0x0000000710000000| Untracked 
| 175|0x0000000710100000, 0x0000000710100000, 0x0000000710200000|  0%| F|  |TAMS 0x0000000710100000, 0x0000000710100000| Untracked 
| 176|0x0000000710200000, 0x0000000710200000, 0x0000000710300000|  0%| F|  |TAMS 0x0000000710200000, 0x0000000710200000| Untracked 
| 177|0x0000000710300000, 0x0000000710300000, 0x0000000710400000|  0%| F|  |TAMS 0x0000000710300000, 0x0000000710300000| Untracked 
| 178|0x0000000710400000, 0x0000000710400000, 0x0000000710500000|  0%| F|  |TAMS 0x0000000710400000, 0x0000000710400000| Untracked 
| 179|0x0000000710500000, 0x0000000710500000, 0x0000000710600000|  0%| F|  |TAMS 0x0000000710500000, 0x0000000710500000| Untracked 
| 180|0x0000000710600000, 0x0000000710600000, 0x0000000710700000|  0%| F|  |TAMS 0x0000000710600000, 0x0000000710600000| Untracked 
| 181|0x0000000710700000, 0x00000007107c6ae8, 0x0000000710800000| 77%| S|CS|TAMS 0x0000000710700000, 0x0000000710700000| Complete 
| 182|0x0000000710800000, 0x0000000710900000, 0x0000000710900000|100%| S|CS|TAMS 0x0000000710800000, 0x0000000710800000| Complete 
| 183|0x0000000710900000, 0x0000000710a00000, 0x0000000710a00000|100%| S|CS|TAMS 0x0000000710900000, 0x0000000710900000| Complete 
| 184|0x0000000710a00000, 0x0000000710b00000, 0x0000000710b00000|100%| S|CS|TAMS 0x0000000710a00000, 0x0000000710a00000| Complete 
| 185|0x0000000710b00000, 0x0000000710c00000, 0x0000000710c00000|100%| S|CS|TAMS 0x0000000710b00000, 0x0000000710b00000| Complete 
| 186|0x0000000710c00000, 0x0000000710d00000, 0x0000000710d00000|100%| S|CS|TAMS 0x0000000710c00000, 0x0000000710c00000| Complete 
| 187|0x0000000710d00000, 0x0000000710d00000, 0x0000000710e00000|  0%| F|  |TAMS 0x0000000710d00000, 0x0000000710d00000| Untracked 
| 188|0x0000000710e00000, 0x0000000710e00000, 0x0000000710f00000|  0%| F|  |TAMS 0x0000000710e00000, 0x0000000710e00000| Untracked 
| 189|0x0000000710f00000, 0x0000000710f00000, 0x0000000711000000|  0%| F|  |TAMS 0x0000000710f00000, 0x0000000710f00000| Untracked 
| 190|0x0000000711000000, 0x0000000711000000, 0x0000000711100000|  0%| F|  |TAMS 0x0000000711000000, 0x0000000711000000| Untracked 
| 191|0x0000000711100000, 0x0000000711100000, 0x0000000711200000|  0%| F|  |TAMS 0x0000000711100000, 0x0000000711100000| Untracked 
| 192|0x0000000711200000, 0x0000000711200000, 0x0000000711300000|  0%| F|  |TAMS 0x0000000711200000, 0x0000000711200000| Untracked 
| 193|0x0000000711300000, 0x0000000711300000, 0x0000000711400000|  0%| F|  |TAMS 0x0000000711300000, 0x0000000711300000| Untracked 
| 194|0x0000000711400000, 0x0000000711400000, 0x0000000711500000|  0%| F|  |TAMS 0x0000000711400000, 0x0000000711400000| Untracked 
| 195|0x0000000711500000, 0x0000000711500000, 0x0000000711600000|  0%| F|  |TAMS 0x0000000711500000, 0x0000000711500000| Untracked 
| 196|0x0000000711600000, 0x0000000711600000, 0x0000000711700000|  0%| F|  |TAMS 0x0000000711600000, 0x0000000711600000| Untracked 
| 197|0x0000000711700000, 0x0000000711700000, 0x0000000711800000|  0%| F|  |TAMS 0x0000000711700000, 0x0000000711700000| Untracked 
| 198|0x0000000711800000, 0x0000000711800000, 0x0000000711900000|  0%| F|  |TAMS 0x0000000711800000, 0x0000000711800000| Untracked 
| 199|0x0000000711900000, 0x0000000711900000, 0x0000000711a00000|  0%| F|  |TAMS 0x0000000711900000, 0x0000000711900000| Untracked 
| 200|0x0000000711a00000, 0x0000000711a00000, 0x0000000711b00000|  0%| F|  |TAMS 0x0000000711a00000, 0x0000000711a00000| Untracked 
| 201|0x0000000711b00000, 0x0000000711b00000, 0x0000000711c00000|  0%| F|  |TAMS 0x0000000711b00000, 0x0000000711b00000| Untracked 
| 202|0x0000000711c00000, 0x0000000711c00000, 0x0000000711d00000|  0%| F|  |TAMS 0x0000000711c00000, 0x0000000711c00000| Untracked 
| 203|0x0000000711d00000, 0x0000000711d00000, 0x0000000711e00000|  0%| F|  |TAMS 0x0000000711d00000, 0x0000000711d00000| Untracked 
| 204|0x0000000711e00000, 0x0000000711e00000, 0x0000000711f00000|  0%| F|  |TAMS 0x0000000711e00000, 0x0000000711e00000| Untracked 
| 205|0x0000000711f00000, 0x0000000711f00000, 0x0000000712000000|  0%| F|  |TAMS 0x0000000711f00000, 0x0000000711f00000| Untracked 
| 206|0x0000000712000000, 0x0000000712000000, 0x0000000712100000|  0%| F|  |TAMS 0x0000000712000000, 0x0000000712000000| Untracked 
| 207|0x0000000712100000, 0x0000000712100000, 0x0000000712200000|  0%| F|  |TAMS 0x0000000712100000, 0x0000000712100000| Untracked 
| 208|0x0000000712200000, 0x0000000712200000, 0x0000000712300000|  0%| F|  |TAMS 0x0000000712200000, 0x0000000712200000| Untracked 
| 209|0x0000000712300000, 0x0000000712300000, 0x0000000712400000|  0%| F|  |TAMS 0x0000000712300000, 0x0000000712300000| Untracked 
| 210|0x0000000712400000, 0x0000000712400000, 0x0000000712500000|  0%| F|  |TAMS 0x0000000712400000, 0x0000000712400000| Untracked 
| 211|0x0000000712500000, 0x0000000712500000, 0x0000000712600000|  0%| F|  |TAMS 0x0000000712500000, 0x0000000712500000| Untracked 
| 212|0x0000000712600000, 0x0000000712600000, 0x0000000712700000|  0%| F|  |TAMS 0x0000000712600000, 0x0000000712600000| Untracked 
| 213|0x0000000712700000, 0x0000000712700000, 0x0000000712800000|  0%| F|  |TAMS 0x0000000712700000, 0x0000000712700000| Untracked 
| 214|0x0000000712800000, 0x0000000712800000, 0x0000000712900000|  0%| F|  |TAMS 0x0000000712800000, 0x0000000712800000| Untracked 
| 215|0x0000000712900000, 0x0000000712900000, 0x0000000712a00000|  0%| F|  |TAMS 0x0000000712900000, 0x0000000712900000| Untracked 
| 216|0x0000000712a00000, 0x0000000712a00000, 0x0000000712b00000|  0%| F|  |TAMS 0x0000000712a00000, 0x0000000712a00000| Untracked 
| 217|0x0000000712b00000, 0x0000000712b00000, 0x0000000712c00000|  0%| F|  |TAMS 0x0000000712b00000, 0x0000000712b00000| Untracked 
| 218|0x0000000712c00000, 0x0000000712c00000, 0x0000000712d00000|  0%| F|  |TAMS 0x0000000712c00000, 0x0000000712c00000| Untracked 
| 219|0x0000000712d00000, 0x0000000712d00000, 0x0000000712e00000|  0%| F|  |TAMS 0x0000000712d00000, 0x0000000712d00000| Untracked 
| 220|0x0000000712e00000, 0x0000000712e00000, 0x0000000712f00000|  0%| F|  |TAMS 0x0000000712e00000, 0x0000000712e00000| Untracked 
| 221|0x0000000712f00000, 0x0000000712f00000, 0x0000000713000000|  0%| F|  |TAMS 0x0000000712f00000, 0x0000000712f00000| Untracked 
| 222|0x0000000713000000, 0x0000000713000000, 0x0000000713100000|  0%| F|  |TAMS 0x0000000713000000, 0x0000000713000000| Untracked 
| 223|0x0000000713100000, 0x0000000713100000, 0x0000000713200000|  0%| F|  |TAMS 0x0000000713100000, 0x0000000713100000| Untracked 
| 224|0x0000000713200000, 0x0000000713200000, 0x0000000713300000|  0%| F|  |TAMS 0x0000000713200000, 0x0000000713200000| Untracked 
| 225|0x0000000713300000, 0x0000000713300000, 0x0000000713400000|  0%| F|  |TAMS 0x0000000713300000, 0x0000000713300000| Untracked 
| 226|0x0000000713400000, 0x0000000713400000, 0x0000000713500000|  0%| F|  |TAMS 0x0000000713400000, 0x0000000713400000| Untracked 
| 227|0x0000000713500000, 0x0000000713500000, 0x0000000713600000|  0%| F|  |TAMS 0x0000000713500000, 0x0000000713500000| Untracked 
| 228|0x0000000713600000, 0x0000000713600000, 0x0000000713700000|  0%| F|  |TAMS 0x0000000713600000, 0x0000000713600000| Untracked 
| 229|0x0000000713700000, 0x0000000713700000, 0x0000000713800000|  0%| F|  |TAMS 0x0000000713700000, 0x0000000713700000| Untracked 
| 230|0x0000000713800000, 0x0000000713800000, 0x0000000713900000|  0%| F|  |TAMS 0x0000000713800000, 0x0000000713800000| Untracked 
| 231|0x0000000713900000, 0x0000000713900000, 0x0000000713a00000|  0%| F|  |TAMS 0x0000000713900000, 0x0000000713900000| Untracked 
| 232|0x0000000713a00000, 0x0000000713a00000, 0x0000000713b00000|  0%| F|  |TAMS 0x0000000713a00000, 0x0000000713a00000| Untracked 
| 233|0x0000000713b00000, 0x0000000713b00000, 0x0000000713c00000|  0%| F|  |TAMS 0x0000000713b00000, 0x0000000713b00000| Untracked 
| 234|0x0000000713c00000, 0x0000000713c00000, 0x0000000713d00000|  0%| F|  |TAMS 0x0000000713c00000, 0x0000000713c00000| Untracked 
| 235|0x0000000713d00000, 0x0000000713d00000, 0x0000000713e00000|  0%| F|  |TAMS 0x0000000713d00000, 0x0000000713d00000| Untracked 
| 236|0x0000000713e00000, 0x0000000713e00000, 0x0000000713f00000|  0%| F|  |TAMS 0x0000000713e00000, 0x0000000713e00000| Untracked 
| 237|0x0000000713f00000, 0x0000000713f14a20, 0x0000000714000000|  8%| E|  |TAMS 0x0000000713f00000, 0x0000000713f00000| Complete 
| 238|0x0000000714000000, 0x0000000714100000, 0x0000000714100000|100%| E|CS|TAMS 0x0000000714000000, 0x0000000714000000| Complete 
| 239|0x0000000714100000, 0x0000000714200000, 0x0000000714200000|100%| E|CS|TAMS 0x0000000714100000, 0x0000000714100000| Complete 
| 240|0x0000000714200000, 0x0000000714300000, 0x0000000714300000|100%| E|CS|TAMS 0x0000000714200000, 0x0000000714200000| Complete 
| 241|0x0000000714300000, 0x0000000714400000, 0x0000000714400000|100%| E|CS|TAMS 0x0000000714300000, 0x0000000714300000| Complete 
| 242|0x0000000714400000, 0x0000000714500000, 0x0000000714500000|100%| E|CS|TAMS 0x0000000714400000, 0x0000000714400000| Complete 
| 243|0x0000000714500000, 0x0000000714600000, 0x0000000714600000|100%| E|CS|TAMS 0x0000000714500000, 0x0000000714500000| Complete 
| 244|0x0000000714600000, 0x0000000714700000, 0x0000000714700000|100%| E|CS|TAMS 0x0000000714600000, 0x0000000714600000| Complete 
| 245|0x0000000714700000, 0x0000000714800000, 0x0000000714800000|100%| E|CS|TAMS 0x0000000714700000, 0x0000000714700000| Complete 
| 246|0x0000000714800000, 0x0000000714900000, 0x0000000714900000|100%| E|CS|TAMS 0x0000000714800000, 0x0000000714800000| Complete 
| 247|0x0000000714900000, 0x0000000714a00000, 0x0000000714a00000|100%| E|CS|TAMS 0x0000000714900000, 0x0000000714900000| Complete 
| 248|0x0000000714a00000, 0x0000000714b00000, 0x0000000714b00000|100%| E|CS|TAMS 0x0000000714a00000, 0x0000000714a00000| Complete 
| 249|0x0000000714b00000, 0x0000000714c00000, 0x0000000714c00000|100%| E|CS|TAMS 0x0000000714b00000, 0x0000000714b00000| Complete 
| 250|0x0000000714c00000, 0x0000000714d00000, 0x0000000714d00000|100%| E|CS|TAMS 0x0000000714c00000, 0x0000000714c00000| Complete 
| 251|0x0000000714d00000, 0x0000000714e00000, 0x0000000714e00000|100%| E|CS|TAMS 0x0000000714d00000, 0x0000000714d00000| Complete 

Card table byte_map: [0x00007fbcf2f51000,0x00007fbcf3728000] _byte_map_base: 0x00007fbcef728000

Marking Bits (Prev, Next): (CMBitMap*) 0x00007fbd100888c0, (CMBitMap*) 0x00007fbd10088888
 Prev Bits: [0x00007fbceaa0a000, 0x00007fbcee8c2000)
 Next Bits: [0x00007fbcee8c2000, 0x00007fbcf277a000)

Polling page: 0x00007fbd17998000

Metaspace:

Usage:
  Non-class:     19,46 MB capacity,    19,23 MB ( 99%) used,   187,40 KB ( <1%) free+waste,    41,69 KB ( <1%) overhead. 
      Class:      2,66 MB capacity,     2,52 MB ( 95%) used,   122,20 KB (  4%) free+waste,    19,75 KB ( <1%) overhead. 
       Both:     22,12 MB capacity,    21,76 MB ( 98%) used,   309,60 KB (  1%) free+waste,    61,44 KB ( <1%) overhead. 

Virtual space:
  Non-class space:       20,00 MB reserved,      19,67 MB ( 98%) committed 
      Class space:        1,00 GB reserved,       2,75 MB ( <1%) committed 
             Both:        1,02 GB reserved,      22,42 MB (  2%) committed 

Chunk freelists:
   Non-Class:  8,00 KB
       Class:  3,38 KB
        Both:  11,38 KB

CodeHeap 'non-profiled nmethods': size=120032Kb used=679Kb max_used=679Kb free=119352Kb
 bounds [0x00007fbd0070a000, 0x00007fbd0097a000, 0x00007fbd07c42000]
CodeHeap 'profiled nmethods': size=120028Kb used=2991Kb max_used=3108Kb free=117036Kb
 bounds [0x00007fbcf91d3000, 0x00007fbcf94e3000, 0x00007fbd0070a000]
CodeHeap 'non-nmethods': size=5700Kb used=1115Kb max_used=1134Kb free=4584Kb
 bounds [0x00007fbcf8c42000, 0x00007fbcf8eb2000, 0x00007fbcf91d3000]
 total_blobs=2460 nmethods=1567 adapters=347
 compilation: enabled
              stopped_count=0, restarted_count=0
 full_count=0

Compilation events (10 events):
Event: 1,038 Thread 0x00007fbd10293000 1643       3       java.util.LinkedHashMap::keySet (25 bytes)
Event: 1,039 Thread 0x00007fbd10293000 nmethod 1643 0x00007fbcf94da110 code [0x00007fbcf94da2e0, 0x00007fbcf94da730]
Event: 1,039 Thread 0x00007fbd10293000 1645       3       java.util.BitSet::wordIndex (5 bytes)
Event: 1,039 Thread 0x00007fbd10293000 nmethod 1645 0x00007fbcf94da890 code [0x00007fbcf94daa40, 0x00007fbcf94dab70]
Event: 1,039 Thread 0x00007fbd10293000 1644       3       java.util.LinkedHashMap$LinkedKeySet::iterator (12 bytes)
Event: 1,039 Thread 0x00007fbd10293000 nmethod 1644 0x00007fbcf94dac10 code [0x00007fbcf94dade0, 0x00007fbcf94db210]
Event: 1,039 Thread 0x00007fbd10293000 1646       3       java.util.BitSet::get (69 bytes)
Event: 1,040 Thread 0x00007fbd10293000 nmethod 1646 0x00007fbcf94db390 code [0x00007fbcf94db620, 0x00007fbcf94dc0a8]
Event: 1,040 Thread 0x00007fbd10293000 1647       3       java.util.BitSet::checkInvariants (111 bytes)
Event: 1,040 Thread 0x00007fbd10293000 nmethod 1647 0x00007fbcf94dc490 code [0x00007fbcf94dc640, 0x00007fbcf94dc7d0]

GC Heap History (4 events):
Event: 0,424 GC heap before
{Heap before GC invocations=0 (full 0):
 garbage-first heap   total 258048K, used 25600K [0x0000000705200000, 0x0000000800000000)
  region size 1024K, 24 young (24576K), 0 survivors (0K)
 Metaspace       used 10542K, capacity 10808K, committed 11136K, reserved 1058816K
  class space    used 994K, capacity 1072K, committed 1152K, reserved 1048576K
}
Event: 0,427 GC heap after
{Heap after GC invocations=1 (full 0):
 garbage-first heap   total 258048K, used 11169K [0x0000000705200000, 0x0000000800000000)
  region size 1024K, 3 young (3072K), 3 survivors (3072K)
 Metaspace       used 10542K, capacity 10808K, committed 11136K, reserved 1058816K
  class space    used 994K, capacity 1072K, committed 1152K, reserved 1048576K
}
Event: 0,958 GC heap before
{Heap before GC invocations=1 (full 0):
 garbage-first heap   total 258048K, used 73633K [0x0000000705200000, 0x0000000800000000)
  region size 1024K, 65 young (66560K), 3 survivors (3072K)
 Metaspace       used 20651K, capacity 20996K, committed 21296K, reserved 1069056K
  class space    used 2310K, capacity 2430K, committed 2432K, reserved 1048576K
}
Event: 0,963 GC heap after
{Heap after GC invocations=2 (full 0):
 garbage-first heap   total 258048K, used 14012K [0x0000000705200000, 0x0000000800000000)
  region size 1024K, 6 young (6144K), 6 survivors (6144K)
 Metaspace       used 20651K, capacity 20996K, committed 21296K, reserved 1069056K
  class space    used 2310K, capacity 2430K, committed 2432K, reserved 1048576K
}

Deoptimization events (10 events):
Event: 0,831 Thread 0x00007fbd10e78800 Uncommon trap: reason=unstable_if action=reinterpret pc=0x00007fbd0078530c method=sun.net.www.ParseUtil.firstEncodeIndex(Ljava/lang/String;)I @ 51 c2
Event: 0,831 Thread 0x00007fbd10e78800 Uncommon trap: reason=unstable_if action=reinterpret pc=0x00007fbd00751620 method=sun.net.www.ParseUtil.firstEncodeIndex(Ljava/lang/String;)I @ 51 c2
Event: 0,857 Thread 0x00007fbd10e9b800 Uncommon trap: reason=unstable_if action=reinterpret pc=0x00007fbd0076f11c method=java.util.concurrent.ConcurrentHashMap.putVal(Ljava/lang/Object;Ljava/lang/Object;Z)Ljava/lang/Object; @ 148 c2
Event: 0,896 Thread 0x00007fbd10e78800 Uncommon trap: reason=unstable_if action=reinterpret pc=0x00007fbd00793b10 method=java.util.concurrent.ConcurrentHashMap.addCount(JI)V @ 168 c2
Event: 0,904 Thread 0x00007fbd10012000 Uncommon trap: reason=unstable_if action=reinterpret pc=0x00007fbd0076535c method=java.util.HashMap.hash(Ljava/lang/Object;)I @ 1 c2
Event: 1,013 Thread 0x00007fbd10012000 Uncommon trap: reason=profile_predicate action=maybe_recompile pc=0x00007fbd007b12f0 method=org.springframework.boot.context.properties.source.ConfigurationPropertyName$Elements.canShortcutWithSource(Lorg/springframework/boot/context/properties/source/Con
Event: 1,013 Thread 0x00007fbd10012000 Uncommon trap: reason=profile_predicate action=maybe_recompile pc=0x00007fbd007b12f0 method=org.springframework.boot.context.properties.source.ConfigurationPropertyName$Elements.canShortcutWithSource(Lorg/springframework/boot/context/properties/source/Con
Event: 1,014 Thread 0x00007fbd10012000 Uncommon trap: reason=profile_predicate action=maybe_recompile pc=0x00007fbd007b12f0 method=org.springframework.boot.context.properties.source.ConfigurationPropertyName$Elements.canShortcutWithSource(Lorg/springframework/boot/context/properties/source/Con
Event: 1,014 Thread 0x00007fbd10012000 Uncommon trap: reason=profile_predicate action=maybe_recompile pc=0x00007fbd007b12f0 method=org.springframework.boot.context.properties.source.ConfigurationPropertyName$Elements.canShortcutWithSource(Lorg/springframework/boot/context/properties/source/Con
Event: 1,027 Thread 0x00007fbd10e78800 Uncommon trap: reason=class_check action=maybe_recompile pc=0x00007fbd00755c8c method=java.util.HashMap.putVal(ILjava/lang/Object;Ljava/lang/Object;ZZ)Ljava/lang/Object; @ 203 c2

Classes redefined (0 events):
No events

Internal exceptions (10 events):
Event: 0,829 Thread 0x00007fbd10012000 Exception <a 'java/lang/NoSuchMethodError'{0x0000000712544a70}: java.lang.invoke.DirectMethodHandle$Holder.invokeSpecial(Ljava/lang/Object;Ljava/lang/Object;Ljava/lang/Object;Ljava/lang/Object;)V> (0x0000000712544a70) thrown at [/scratch/opt/mach5/mesos/w
Event: 0,871 Thread 0x00007fbd10012000 Exception <a 'java/lang/NoSuchMethodError'{0x00000007120316d0}: java.lang.invoke.DirectMethodHandle$Holder.invokeStatic(Ljava/lang/Object;Ljava/lang/Object;ILjava/lang/Object;)Ljava/lang/Object;> (0x00000007120316d0) thrown at [/scratch/opt/mach5/mesos/wo
Event: 0,872 Thread 0x00007fbd10012000 Exception <a 'java/lang/NoSuchMethodError'{0x0000000712038168}: java.lang.invoke.Invokers$Holder.linkToTargetMethod(Ljava/lang/Object;ILjava/lang/Object;Ljava/lang/Object;)Ljava/lang/Object;> (0x0000000712038168) thrown at [/scratch/opt/mach5/mesos/work_d
Event: 0,873 Thread 0x00007fbd10012000 Exception <a 'java/lang/NoSuchMethodError'{0x000000071204a3d0}: java.lang.invoke.DirectMethodHandle$Holder.invokeSpecial(Ljava/lang/Object;Ljava/lang/Object;Ljava/lang/Object;Ljava/lang/Object;Ljava/lang/Object;Ljava/lang/Object;)V> (0x000000071204a3d0) t
Event: 0,877 Thread 0x00007fbd10012000 Exception <a 'java/lang/NoSuchMethodError'{0x0000000711f0b6e8}: java.lang.invoke.Invokers$Holder.linkToTargetMethod(Ljava/lang/Object;Ljava/lang/Object;Ljava/lang/Object;Ljava/lang/Object;Ljava/lang/Object;Ljava/lang/Object;)Ljava/lang/Object;> (0x0000000
Event: 0,877 Thread 0x00007fbd10012000 Exception <a 'java/lang/NoSuchMethodError'{0x0000000711f0f7a0}: java.lang.invoke.DirectMethodHandle$Holder.invokeSpecial(Ljava/lang/Object;Ljava/lang/Object;Ljava/lang/Object;Ljava/lang/Object;)I> (0x0000000711f0f7a0) thrown at [/scratch/opt/mach5/mesos/w
Event: 0,904 Thread 0x00007fbd10012000 Implicit null exception at 0x00007fbd00765175 to 0x00007fbd0076534a
Event: 0,926 Thread 0x00007fbd10012000 Exception <a 'java/lang/NoSuchMethodError'{0x000000071155c218}: java.lang.invoke.DirectMethodHandle$Holder.invokeStatic(Ljava/lang/Object;Ljava/lang/Object;Ljava/lang/Object;Ljava/lang/Object;)V> (0x000000071155c218) thrown at [/scratch/opt/mach5/mesos/wo
Event: 0,948 Thread 0x00007fbd10012000 Exception <a 'java/lang/NoSuchMethodError'{0x0000000710e09188}: java.lang.invoke.DirectMethodHandle$Holder.invokeStaticInit(Ljava/lang/Object;Ljava/lang/Object;)V> (0x0000000710e09188) thrown at [/scratch/opt/mach5/mesos/work_dir/slaves/2dd962d0-8988-479b
Event: 1,040 Thread 0x00007fbd10e78800 Exception <a 'java/lang/NoSuchMethodError'{0x0000000714033f30}: java.lang.invoke.DirectMethodHandle$Holder.invokeStaticInit(Ljava/lang/Object;Ljava/lang/Object;Ljava/lang/Object;)I> (0x0000000714033f30) thrown at [/scratch/opt/mach5/mesos/work_dir/slaves/

Events (10 events):
Event: 1,044 Thread 0x00007fbd10295000 flushing nmethod 0x00007fbcf9254d90
Event: 1,044 Thread 0x00007fbd10295000 flushing nmethod 0x00007fbcf9265090
Event: 1,044 Thread 0x00007fbd10295000 flushing nmethod 0x00007fbcf9266090
Event: 1,044 Thread 0x00007fbd10295000 flushing nmethod 0x00007fbcf9267690
Event: 1,044 Thread 0x00007fbd10295000 flushing nmethod 0x00007fbcf9274d90
Event: 1,044 Thread 0x00007fbd10295000 flushing nmethod 0x00007fbcf928f210
Event: 1,044 loading class com/fasterxml/jackson/core/Versioned
Event: 1,044 loading class com/fasterxml/jackson/core/Versioned done
Event: 1,044 Thread 0x00007fbd10295000 flushing nmethod 0x00007fbcf92e0410
Event: 1,044 Thread 0x00007fbd10295000 flushing nmethod 0x00007fbcf92e1110


Dynamic libraries:
00400000-00401000 r-xp 00000000 08:17 2501090                            /usr/lib/jvm/java-11-oracle/bin/java
00600000-00601000 r--p 00000000 08:17 2501090                            /usr/lib/jvm/java-11-oracle/bin/java
00601000-00602000 rw-p 00001000 08:17 2501090                            /usr/lib/jvm/java-11-oracle/bin/java
02554000-02575000 rw-p 00000000 00:00 0                                  [heap]
705200000-714e00000 rw-p 00000000 00:00 0 
714e00000-800000000 ---p 00000000 00:00 0 
800000000-8002c0000 rw-p 00000000 00:00 0 
8002c0000-840000000 ---p 00000000 00:00 0 
7fbc74000000-7fbc74021000 rw-p 00000000 00:00 0 
7fbc74021000-7fbc78000000 ---p 00000000 00:00 0 
7fbc78000000-7fbc78021000 rw-p 00000000 00:00 0 
7fbc78021000-7fbc7c000000 ---p 00000000 00:00 0 
7fbc7f160000-7fbc7f4e1000 rw-p 00000000 00:00 0 
7fbc7f4e1000-7fbc7f4e2000 ---p 00000000 00:00 0 
7fbc7f4e2000-7fbc7f5e3000 rw-p 00000000 00:00 0 
7fbc7f5e3000-7fbc7f5e4000 ---p 00000000 00:00 0 
7fbc7f5e4000-7fbc7f6e5000 rw-p 00000000 00:00 0 
7fbc7f7db000-7fbc7f987000 rw-p 00000000 00:00 0 
7fbc7f987000-7fbc7f9db000 ---p 00000000 00:00 0 
7fbc7f9db000-7fbc7f9f2000 r-xp 00000000 08:17 2102813                    /lib/x86_64-linux-gnu/libresolv-2.27.so
7fbc7f9f2000-7fbc7fbf2000 ---p 00017000 08:17 2102813                    /lib/x86_64-linux-gnu/libresolv-2.27.so
7fbc7fbf2000-7fbc7fbf3000 r--p 00017000 08:17 2102813                    /lib/x86_64-linux-gnu/libresolv-2.27.so
7fbc7fbf3000-7fbc7fbf4000 rw-p 00018000 08:17 2102813                    /lib/x86_64-linux-gnu/libresolv-2.27.so
7fbc7fbf4000-7fbc7fbf6000 rw-p 00000000 00:00 0 
7fbc7fbf6000-7fbc7fbfb000 r-xp 00000000 08:17 2102762                    /lib/x86_64-linux-gnu/libnss_dns-2.27.so
7fbc7fbfb000-7fbc7fdfb000 ---p 00005000 08:17 2102762                    /lib/x86_64-linux-gnu/libnss_dns-2.27.so
7fbc7fdfb000-7fbc7fdfc000 r--p 00005000 08:17 2102762                    /lib/x86_64-linux-gnu/libnss_dns-2.27.so
7fbc7fdfc000-7fbc7fdfd000 rw-p 00006000 08:17 2102762                    /lib/x86_64-linux-gnu/libnss_dns-2.27.so
7fbc7fdfd000-7fbc7fdff000 r-xp 00000000 08:17 2102770                    /lib/x86_64-linux-gnu/libnss_mdns4_minimal.so.2
7fbc7fdff000-7fbc7fffe000 ---p 00002000 08:17 2102770                    /lib/x86_64-linux-gnu/libnss_mdns4_minimal.so.2
7fbc7fffe000-7fbc7ffff000 r--p 00001000 08:17 2102770                    /lib/x86_64-linux-gnu/libnss_mdns4_minimal.so.2
7fbc7ffff000-7fbc80000000 rw-p 00002000 08:17 2102770                    /lib/x86_64-linux-gnu/libnss_mdns4_minimal.so.2
7fbc80000000-7fbc80021000 rw-p 00000000 00:00 0 
7fbc80021000-7fbc84000000 ---p 00000000 00:00 0 
7fbc84000000-7fbc8419c000 rw-p 00000000 00:00 0 
7fbc8419c000-7fbc88000000 ---p 00000000 00:00 0 
7fbc88000000-7fbc88021000 rw-p 00000000 00:00 0 
7fbc88021000-7fbc8c000000 ---p 00000000 00:00 0 
7fbc8c000000-7fbc8c021000 rw-p 00000000 00:00 0 
7fbc8c021000-7fbc90000000 ---p 00000000 00:00 0 
7fbc90000000-7fbc90021000 rw-p 00000000 00:00 0 
7fbc90021000-7fbc94000000 ---p 00000000 00:00 0 
7fbc94000000-7fbc94021000 rw-p 00000000 00:00 0 
7fbc94021000-7fbc98000000 ---p 00000000 00:00 0 
7fbc98000000-7fbc98803000 rw-p 00000000 00:00 0 
7fbc98803000-7fbc9c000000 ---p 00000000 00:00 0 
7fbc9c000000-7fbc9c317000 rw-p 00000000 00:00 0 
7fbc9c317000-7fbca0000000 ---p 00000000 00:00 0 
7fbca0000000-7fbca006f000 rw-p 00000000 00:00 0 
7fbca006f000-7fbca4000000 ---p 00000000 00:00 0 
7fbca4000000-7fbca4021000 rw-p 00000000 00:00 0 
7fbca4021000-7fbca8000000 ---p 00000000 00:00 0 
7fbca8000000-7fbca8021000 rw-p 00000000 00:00 0 
7fbca8021000-7fbcac000000 ---p 00000000 00:00 0 
7fbcac000000-7fbcac021000 rw-p 00000000 00:00 0 
7fbcac021000-7fbcb0000000 ---p 00000000 00:00 0 
7fbcb0000000-7fbcb0021000 rw-p 00000000 00:00 0 
7fbcb0021000-7fbcb4000000 ---p 00000000 00:00 0 
7fbcb4000000-7fbcb4021000 rw-p 00000000 00:00 0 
7fbcb4021000-7fbcb8000000 ---p 00000000 00:00 0 
7fbcb8000000-7fbcb848e000 rw-p 00000000 00:00 0 
7fbcb848e000-7fbcbc000000 ---p 00000000 00:00 0 
7fbcbc000000-7fbcbc021000 rw-p 00000000 00:00 0 
7fbcbc021000-7fbcc0000000 ---p 00000000 00:00 0 
7fbcc0000000-7fbcc0021000 rw-p 00000000 00:00 0 
7fbcc0021000-7fbcc4000000 ---p 00000000 00:00 0 
7fbcc4000000-7fbcc46a6000 rw-p 00000000 00:00 0 
7fbcc46a6000-7fbcc8000000 ---p 00000000 00:00 0 
7fbcc8000000-7fbcc8021000 rw-p 00000000 00:00 0 
7fbcc8021000-7fbccc000000 ---p 00000000 00:00 0 
7fbccc000000-7fbccc021000 rw-p 00000000 00:00 0 
7fbccc021000-7fbcd0000000 ---p 00000000 00:00 0 
7fbcd0000000-7fbcd0021000 rw-p 00000000 00:00 0 
7fbcd0021000-7fbcd4000000 ---p 00000000 00:00 0 
7fbcd4000000-7fbcd4100000 rw-p 00000000 00:00 0 
7fbcd4100000-7fbcd8000000 ---p 00000000 00:00 0 
7fbcd8000000-7fbcd8021000 rw-p 00000000 00:00 0 
7fbcd8021000-7fbcdc000000 ---p 00000000 00:00 0 
7fbcdc000000-7fbcdc021000 rw-p 00000000 00:00 0 
7fbcdc021000-7fbce0000000 ---p 00000000 00:00 0 
7fbce0030000-7fbce0034000 ---p 00000000 00:00 0 
7fbce0034000-7fbce0331000 rw-p 00000000 00:00 0 
7fbce0331000-7fbce0335000 ---p 00000000 00:00 0 
7fbce0335000-7fbce0632000 rw-p 00000000 00:00 0 
7fbce0632000-7fbce0832000 rw-p 00000000 00:00 0 
7fbce0832000-7fbce0a32000 rw-p 00000000 00:00 0 
7fbce0a32000-7fbce0a33000 ---p 00000000 00:00 0 
7fbce0a33000-7fbce0b34000 rw-p 00000000 00:00 0 
7fbce0b34000-7fbce0b35000 ---p 00000000 00:00 0 
7fbce0b35000-7fbce0c36000 rw-p 00000000 00:00 0 
7fbce0c36000-7fbce0c37000 ---p 00000000 00:00 0 
7fbce0c37000-7fbce0d38000 rw-p 00000000 00:00 0 
7fbce0d38000-7fbce0d39000 ---p 00000000 00:00 0 
7fbce0d39000-7fbce0e3a000 rw-p 00000000 00:00 0 
7fbce0e3a000-7fbce0e3b000 ---p 00000000 00:00 0 
7fbce0e3b000-7fbce0f3c000 rw-p 00000000 00:00 0 
7fbce0fe5000-7fbce0fe9000 ---p 00000000 00:00 0 
7fbce0fe9000-7fbce12e6000 rw-p 00000000 00:00 0 
7fbce12e6000-7fbce12ea000 ---p 00000000 00:00 0 
7fbce12ea000-7fbce13e7000 rw-p 00000000 00:00 0 
7fbce13e7000-7fbce13eb000 ---p 00000000 00:00 0 
7fbce13eb000-7fbce14e8000 rw-p 00000000 00:00 0 
7fbce14e8000-7fbce14ed000 r-xp 00000000 08:17 2635681                    /usr/lib/jvm/java-11-oracle/lib/libmanagement_ext.so
7fbce14ed000-7fbce16ec000 ---p 00005000 08:17 2635681                    /usr/lib/jvm/java-11-oracle/lib/libmanagement_ext.so
7fbce16ec000-7fbce16ed000 r--p 00004000 08:17 2635681                    /usr/lib/jvm/java-11-oracle/lib/libmanagement_ext.so
7fbce16ed000-7fbce16ee000 rw-p 00005000 08:17 2635681                    /usr/lib/jvm/java-11-oracle/lib/libmanagement_ext.so
7fbce16ee000-7fbce16f2000 r-xp 00000000 08:17 2635679                    /usr/lib/jvm/java-11-oracle/lib/libmanagement.so
7fbce16f2000-7fbce18f1000 ---p 00004000 08:17 2635679                    /usr/lib/jvm/java-11-oracle/lib/libmanagement.so
7fbce18f1000-7fbce18f2000 r--p 00003000 08:17 2635679                    /usr/lib/jvm/java-11-oracle/lib/libmanagement.so
7fbce18f2000-7fbce18f3000 rw-p 00004000 08:17 2635679                    /usr/lib/jvm/java-11-oracle/lib/libmanagement.so
7fbce18f3000-7fbce18f7000 ---p 00000000 00:00 0 
7fbce18f7000-7fbce19f4000 rw-p 00000000 00:00 0 
7fbce19f4000-7fbce1a0a000 r-xp 00000000 08:17 2635683                    /usr/lib/jvm/java-11-oracle/lib/libnet.so
7fbce1a0a000-7fbce1c0a000 ---p 00016000 08:17 2635683                    /usr/lib/jvm/java-11-oracle/lib/libnet.so
7fbce1c0a000-7fbce1c0b000 r--p 00016000 08:17 2635683                    /usr/lib/jvm/java-11-oracle/lib/libnet.so
7fbce1c0b000-7fbce1c0c000 rw-p 00017000 08:17 2635683                    /usr/lib/jvm/java-11-oracle/lib/libnet.so
7fbce1c0c000-7fbce1c1c000 r-xp 00000000 08:17 2635684                    /usr/lib/jvm/java-11-oracle/lib/libnio.so
7fbce1c1c000-7fbce1e1b000 ---p 00010000 08:17 2635684                    /usr/lib/jvm/java-11-oracle/lib/libnio.so
7fbce1e1b000-7fbce1e1c000 r--p 0000f000 08:17 2635684                    /usr/lib/jvm/java-11-oracle/lib/libnio.so
7fbce1e1c000-7fbce1e1d000 rw-p 00010000 08:17 2635684                    /usr/lib/jvm/java-11-oracle/lib/libnio.so
7fbce1e1d000-7fbce1e21000 ---p 00000000 00:00 0 
7fbce1e21000-7fbce1f1e000 rw-p 00000000 00:00 0 
7fbce1f1e000-7fbce1f1f000 ---p 00000000 00:00 0 
7fbce1f1f000-7fbce2020000 rw-p 00000000 00:00 0 
7fbce2020000-7fbce2024000 ---p 00000000 00:00 0 
7fbce2024000-7fbce2121000 rw-p 00000000 00:00 0 
7fbce2121000-7fbce2125000 ---p 00000000 00:00 0 
7fbce2125000-7fbce2222000 rw-p 00000000 00:00 0 
7fbce2222000-7fbce2226000 ---p 00000000 00:00 0 
7fbce2226000-7fbce2323000 rw-p 00000000 00:00 0 
7fbce2323000-7fbce2327000 ---p 00000000 00:00 0 
7fbce2327000-7fbce2424000 rw-p 00000000 00:00 0 
7fbce2424000-7fbce2428000 ---p 00000000 00:00 0 
7fbce2428000-7fbce2525000 rw-p 00000000 00:00 0 
7fbce2525000-7fbce2ef4000 r--p 00000000 08:17 2497264                    /usr/lib/locale/locale-archive
7fbce2ef4000-7fbce2ef8000 ---p 00000000 00:00 0 
7fbce2ef8000-7fbce2ff5000 rw-p 00000000 00:00 0 
7fbce2ff5000-7fbce2ff9000 ---p 00000000 00:00 0 
7fbce2ff9000-7fbce30f6000 rw-p 00000000 00:00 0 
7fbce30f6000-7fbce30f7000 ---p 00000000 00:00 0 
7fbce30f7000-7fbce39f8000 rw-p 00000000 00:00 0 
7fbce39f8000-7fbce39f9000 ---p 00000000 00:00 0 
7fbce39f9000-7fbce3afa000 rw-p 00000000 00:00 0 
7fbce3afa000-7fbce3afb000 ---p 00000000 00:00 0 
7fbce3afb000-7fbce4000000 rw-p 00000000 00:00 0 
7fbce4000000-7fbce4021000 rw-p 00000000 00:00 0 
7fbce4021000-7fbce8000000 ---p 00000000 00:00 0 
7fbce80fd000-7fbcea703000 rw-p 00000000 00:00 0 
7fbcea703000-7fbcea704000 ---p 00000000 00:00 0 
7fbcea704000-7fbcea805000 rw-p 00000000 00:00 0 
7fbcea805000-7fbcea806000 ---p 00000000 00:00 0 
7fbcea806000-7fbceadfa000 rw-p 00000000 00:00 0 
7fbceadfa000-7fbcee8c2000 ---p 00000000 00:00 0 
7fbcee8c2000-7fbceecb2000 rw-p 00000000 00:00 0 
7fbceecb2000-7fbcf277a000 ---p 00000000 00:00 0 
7fbcf277a000-7fbcf27f8000 rw-p 00000000 00:00 0 
7fbcf27f8000-7fbcf2f51000 ---p 00000000 00:00 0 
7fbcf2f51000-7fbcf2fcf000 rw-p 00000000 00:00 0 
7fbcf2fcf000-7fbcf3728000 ---p 00000000 00:00 0 
7fbcf3728000-7fbcf37a6000 rw-p 00000000 00:00 0 
7fbcf37a6000-7fbcf3eff000 ---p 00000000 00:00 0 
7fbcf3eff000-7fbcf4000000 rw-p 00000000 00:00 0 
7fbcf4000000-7fbcf4021000 rw-p 00000000 00:00 0 
7fbcf4021000-7fbcf8000000 ---p 00000000 00:00 0 
7fbcf8061000-7fbcf896a000 rw-p 00000000 00:00 0 
7fbcf896a000-7fbcf896b000 ---p 00000000 00:00 0 
7fbcf896b000-7fbcf8a71000 rw-p 00000000 00:00 0 
7fbcf8a71000-7fbcf8b57000 ---p 00000000 00:00 0 
7fbcf8b57000-7fbcf8b5e000 rw-p 00000000 00:00 0 
7fbcf8b5e000-7fbcf8c42000 ---p 00000000 00:00 0 
7fbcf8c42000-7fbcf8eb2000 rwxp 00000000 00:00 0 
7fbcf8eb2000-7fbcf91d3000 ---p 00000000 00:00 0 
7fbcf91d3000-7fbcf94e3000 rwxp 00000000 00:00 0 
7fbcf94e3000-7fbd0070a000 ---p 00000000 00:00 0 
7fbd0070a000-7fbd0097a000 rwxp 00000000 00:00 0 
7fbd0097a000-7fbd07c42000 ---p 00000000 00:00 0 
7fbd07c42000-7fbd10000000 r--s 00000000 08:17 2635694                    /usr/lib/jvm/java-11-oracle/lib/modules
7fbd10000000-7fbd10fb1000 rw-p 00000000 00:00 0 
7fbd10fb1000-7fbd14000000 ---p 00000000 00:00 0 
7fbd14014000-7fbd1403a000 r--p 00000000 08:17 2890895                    /usr/share/locale-langpack/de/LC_MESSAGES/libc.mo
7fbd1403a000-7fbd1403e000 ---p 00000000 00:00 0 
7fbd1403e000-7fbd1405c000 rw-p 00000000 00:00 0 
7fbd1405c000-7fbd14077000 r-xp 00000000 08:17 2635675                    /usr/lib/jvm/java-11-oracle/lib/libjimage.so
7fbd14077000-7fbd14276000 ---p 0001b000 08:17 2635675                    /usr/lib/jvm/java-11-oracle/lib/libjimage.so
7fbd14276000-7fbd14278000 r--p 0001a000 08:17 2635675                    /usr/lib/jvm/java-11-oracle/lib/libjimage.so
7fbd14278000-7fbd14279000 rw-p 0001c000 08:17 2635675                    /usr/lib/jvm/java-11-oracle/lib/libjimage.so
7fbd14279000-7fbd14280000 r-xp 00000000 08:17 2635693                    /usr/lib/jvm/java-11-oracle/lib/libzip.so
7fbd14280000-7fbd1447f000 ---p 00007000 08:17 2635693                    /usr/lib/jvm/java-11-oracle/lib/libzip.so
7fbd1447f000-7fbd14480000 r--p 00006000 08:17 2635693                    /usr/lib/jvm/java-11-oracle/lib/libzip.so
7fbd14480000-7fbd14481000 rw-p 00007000 08:17 2635693                    /usr/lib/jvm/java-11-oracle/lib/libzip.so
7fbd14481000-7fbd1448c000 r-xp 00000000 08:17 2102764                    /lib/x86_64-linux-gnu/libnss_files-2.27.so
7fbd1448c000-7fbd1468b000 ---p 0000b000 08:17 2102764                    /lib/x86_64-linux-gnu/libnss_files-2.27.so
7fbd1468b000-7fbd1468c000 r--p 0000a000 08:17 2102764                    /lib/x86_64-linux-gnu/libnss_files-2.27.so
7fbd1468c000-7fbd1468d000 rw-p 0000b000 08:17 2102764                    /lib/x86_64-linux-gnu/libnss_files-2.27.so
7fbd1468d000-7fbd14693000 rw-p 00000000 00:00 0 
7fbd14693000-7fbd146aa000 r-xp 00000000 08:17 2102758                    /lib/x86_64-linux-gnu/libnsl-2.27.so
7fbd146aa000-7fbd148a9000 ---p 00017000 08:17 2102758                    /lib/x86_64-linux-gnu/libnsl-2.27.so
7fbd148a9000-7fbd148aa000 r--p 00016000 08:17 2102758                    /lib/x86_64-linux-gnu/libnsl-2.27.so
7fbd148aa000-7fbd148ab000 rw-p 00017000 08:17 2102758                    /lib/x86_64-linux-gnu/libnsl-2.27.so
7fbd148ab000-7fbd148ad000 rw-p 00000000 00:00 0 
7fbd148ad000-7fbd148b8000 r-xp 00000000 08:17 2102775                    /lib/x86_64-linux-gnu/libnss_nis-2.27.so
7fbd148b8000-7fbd14ab7000 ---p 0000b000 08:17 2102775                    /lib/x86_64-linux-gnu/libnss_nis-2.27.so
7fbd14ab7000-7fbd14ab8000 r--p 0000a000 08:17 2102775                    /lib/x86_64-linux-gnu/libnss_nis-2.27.so
7fbd14ab8000-7fbd14ab9000 rw-p 0000b000 08:17 2102775                    /lib/x86_64-linux-gnu/libnss_nis-2.27.so
7fbd14ab9000-7fbd14ac1000 r-xp 00000000 08:17 2102760                    /lib/x86_64-linux-gnu/libnss_compat-2.27.so
7fbd14ac1000-7fbd14cc1000 ---p 00008000 08:17 2102760                    /lib/x86_64-linux-gnu/libnss_compat-2.27.so
7fbd14cc1000-7fbd14cc2000 r--p 00008000 08:17 2102760                    /lib/x86_64-linux-gnu/libnss_compat-2.27.so
7fbd14cc2000-7fbd14cc3000 rw-p 00009000 08:17 2102760                    /lib/x86_64-linux-gnu/libnss_compat-2.27.so
7fbd14cc3000-7fbd14cec000 r-xp 00000000 08:17 2635671                    /usr/lib/jvm/java-11-oracle/lib/libjava.so
7fbd14cec000-7fbd14eec000 ---p 00029000 08:17 2635671                    /usr/lib/jvm/java-11-oracle/lib/libjava.so
7fbd14eec000-7fbd14eed000 r--p 00029000 08:17 2635671                    /usr/lib/jvm/java-11-oracle/lib/libjava.so
7fbd14eed000-7fbd14eef000 rw-p 0002a000 08:17 2635671                    /usr/lib/jvm/java-11-oracle/lib/libjava.so
7fbd14eef000-7fbd14efc000 r-xp 00000000 08:17 2635692                    /usr/lib/jvm/java-11-oracle/lib/libverify.so
7fbd14efc000-7fbd150fb000 ---p 0000d000 08:17 2635692                    /usr/lib/jvm/java-11-oracle/lib/libverify.so
7fbd150fb000-7fbd150fd000 r--p 0000c000 08:17 2635692                    /usr/lib/jvm/java-11-oracle/lib/libverify.so
7fbd150fd000-7fbd150fe000 rw-p 0000e000 08:17 2635692                    /usr/lib/jvm/java-11-oracle/lib/libverify.so
7fbd150fe000-7fbd15105000 r-xp 00000000 08:17 2102815                    /lib/x86_64-linux-gnu/librt-2.27.so
7fbd15105000-7fbd15304000 ---p 00007000 08:17 2102815                    /lib/x86_64-linux-gnu/librt-2.27.so
7fbd15304000-7fbd15305000 r--p 00006000 08:17 2102815                    /lib/x86_64-linux-gnu/librt-2.27.so
7fbd15305000-7fbd15306000 rw-p 00007000 08:17 2102815                    /lib/x86_64-linux-gnu/librt-2.27.so
7fbd15306000-7fbd154a3000 r-xp 00000000 08:17 2102737                    /lib/x86_64-linux-gnu/libm-2.27.so
7fbd154a3000-7fbd156a2000 ---p 0019d000 08:17 2102737                    /lib/x86_64-linux-gnu/libm-2.27.so
7fbd156a2000-7fbd156a3000 r--p 0019c000 08:17 2102737                    /lib/x86_64-linux-gnu/libm-2.27.so
7fbd156a3000-7fbd156a4000 rw-p 0019d000 08:17 2102737                    /lib/x86_64-linux-gnu/libm-2.27.so
7fbd156a4000-7fbd167e3000 r-xp 00000000 08:17 2762028                    /usr/lib/jvm/java-11-oracle/lib/server/libjvm.so
7fbd167e3000-7fbd169e3000 ---p 0113f000 08:17 2762028                    /usr/lib/jvm/java-11-oracle/lib/server/libjvm.so
7fbd169e3000-7fbd16aa2000 r--p 0113f000 08:17 2762028                    /usr/lib/jvm/java-11-oracle/lib/server/libjvm.so
7fbd16aa2000-7fbd16adb000 rw-p 011fe000 08:17 2762028                    /usr/lib/jvm/java-11-oracle/lib/server/libjvm.so
7fbd16adb000-7fbd16b31000 rw-p 00000000 00:00 0 
7fbd16b31000-7fbd16d18000 r-xp 00000000 08:17 2102674                    /lib/x86_64-linux-gnu/libc-2.27.so
7fbd16d18000-7fbd16f18000 ---p 001e7000 08:17 2102674                    /lib/x86_64-linux-gnu/libc-2.27.so
7fbd16f18000-7fbd16f1c000 r--p 001e7000 08:17 2102674                    /lib/x86_64-linux-gnu/libc-2.27.so
7fbd16f1c000-7fbd16f1e000 rw-p 001eb000 08:17 2102674                    /lib/x86_64-linux-gnu/libc-2.27.so
7fbd16f1e000-7fbd16f22000 rw-p 00000000 00:00 0 
7fbd16f22000-7fbd16f25000 r-xp 00000000 08:17 2102697                    /lib/x86_64-linux-gnu/libdl-2.27.so
7fbd16f25000-7fbd17124000 ---p 00003000 08:17 2102697                    /lib/x86_64-linux-gnu/libdl-2.27.so
7fbd17124000-7fbd17125000 r--p 00002000 08:17 2102697                    /lib/x86_64-linux-gnu/libdl-2.27.so
7fbd17125000-7fbd17126000 rw-p 00003000 08:17 2102697                    /lib/x86_64-linux-gnu/libdl-2.27.so
7fbd17126000-7fbd17136000 r-xp 00000000 08:17 2635656                    /usr/lib/jvm/java-11-oracle/lib/jli/libjli.so
7fbd17136000-7fbd17335000 ---p 00010000 08:17 2635656                    /usr/lib/jvm/java-11-oracle/lib/jli/libjli.so
7fbd17335000-7fbd17336000 r--p 0000f000 08:17 2635656                    /usr/lib/jvm/java-11-oracle/lib/jli/libjli.so
7fbd17336000-7fbd17337000 rw-p 00010000 08:17 2635656                    /usr/lib/jvm/java-11-oracle/lib/jli/libjli.so
7fbd17337000-7fbd17351000 r-xp 00000000 08:17 2102807                    /lib/x86_64-linux-gnu/libpthread-2.27.so
7fbd17351000-7fbd17550000 ---p 0001a000 08:17 2102807                    /lib/x86_64-linux-gnu/libpthread-2.27.so
7fbd17550000-7fbd17551000 r--p 00019000 08:17 2102807                    /lib/x86_64-linux-gnu/libpthread-2.27.so
7fbd17551000-7fbd17552000 rw-p 0001a000 08:17 2102807                    /lib/x86_64-linux-gnu/libpthread-2.27.so
7fbd17552000-7fbd17556000 rw-p 00000000 00:00 0 
7fbd17556000-7fbd17572000 r-xp 00000000 08:17 2102846                    /lib/x86_64-linux-gnu/libz.so.1.2.11
7fbd17572000-7fbd17771000 ---p 0001c000 08:17 2102846                    /lib/x86_64-linux-gnu/libz.so.1.2.11
7fbd17771000-7fbd17772000 r--p 0001b000 08:17 2102846                    /lib/x86_64-linux-gnu/libz.so.1.2.11
7fbd17772000-7fbd17773000 rw-p 0001c000 08:17 2102846                    /lib/x86_64-linux-gnu/libz.so.1.2.11
7fbd17773000-7fbd1779a000 r-xp 00000000 08:17 2102646                    /lib/x86_64-linux-gnu/ld-2.27.so
7fbd1779c000-7fbd177a3000 r--s 00000000 08:17 2756236                    /usr/lib/x86_64-linux-gnu/gconv/gconv-modules.cache
7fbd177a3000-7fbd1787f000 rw-p 00000000 00:00 0 
7fbd1787f000-7fbd17883000 ---p 00000000 00:00 0 
7fbd17883000-7fbd17989000 rw-p 00000000 00:00 0 
7fbd17989000-7fbd17990000 ---p 00000000 00:00 0 
7fbd17990000-7fbd17998000 rw-s 00000000 08:17 2376892                    /tmp/hsperfdata_tobiasbe/15710
7fbd17998000-7fbd17999000 ---p 00000000 00:00 0 
7fbd17999000-7fbd1799a000 r--p 00000000 00:00 0 
7fbd1799a000-7fbd1799b000 r--p 00027000 08:17 2102646                    /lib/x86_64-linux-gnu/ld-2.27.so
7fbd1799b000-7fbd1799c000 rw-p 00028000 08:17 2102646                    /lib/x86_64-linux-gnu/ld-2.27.so
7fbd1799c000-7fbd1799d000 rw-p 00000000 00:00 0 
7ffe450f3000-7ffe45114000 rw-p 00000000 00:00 0                          [stack]
7ffe451ad000-7ffe451b0000 r--p 00000000 00:00 0                          [vvar]
7ffe451b0000-7ffe451b2000 r-xp 00000000 00:00 0                          [vdso]
ffffffffff600000-ffffffffff601000 r-xp 00000000 00:00 0                  [vsyscall]


VM Arguments:
java_command: /home/tobiasbe/Dokumente/Programmierung/Projekte/spring5-shop/order/target/surefire/surefirebooter1453701235015717904.jar /home/tobiasbe/Dokumente/Programmierung/Projekte/spring5-shop/order/target/surefire 2019-04-19T19-44-12_488-jvmRun1 surefire13813057673771023083tmp surefire_08459868624554084502tmp
java_class_path (initial): /home/tobiasbe/Dokumente/Programmierung/Projekte/spring5-shop/order/target/surefire/surefirebooter1453701235015717904.jar
Launcher Type: SUN_STANDARD

[Global flags]
     intx CICompilerCount                          = 4                                         {product} {ergonomic}
     uint ConcGCThreads                            = 3                                         {product} {ergonomic}
     uint G1ConcRefinementThreads                  = 10                                        {product} {ergonomic}
   size_t G1HeapRegionSize                         = 1048576                                   {product} {ergonomic}
    uintx GCDrainStackTargetSize                   = 64                                        {product} {ergonomic}
   size_t InitialHeapSize                          = 264241152                                 {product} {ergonomic}
   size_t MarkStackSize                            = 4194304                                   {product} {ergonomic}
   size_t MaxHeapSize                              = 4208984064                                {product} {ergonomic}
   size_t MaxNewSize                               = 2524971008                                {product} {ergonomic}
   size_t MinHeapDeltaBytes                        = 1048576                                   {product} {ergonomic}
    uintx NonNMethodCodeHeapSize                   = 5835340                                {pd product} {ergonomic}
    uintx NonProfiledCodeHeapSize                  = 122911450                              {pd product} {ergonomic}
    uintx ProfiledCodeHeapSize                     = 122911450                              {pd product} {ergonomic}
    uintx ReservedCodeCacheSize                    = 251658240                              {pd product} {ergonomic}
     bool SegmentedCodeCache                       = true                                      {product} {ergonomic}
     bool UseCompressedClassPointers               = true                                 {lp64_product} {ergonomic}
     bool UseCompressedOops                        = true                                 {lp64_product} {ergonomic}
     bool UseG1GC                                  = true                                      {product} {ergonomic}

Logging:
Log output configuration:
 #0: stdout all=warning uptime,level,tags
 #1: stderr all=off uptime,level,tags

Environment Variables:
JAVA_HOME=/usr/lib/jvm/java-11-oracle
PATH=/usr/local/sbin:/usr/local/bin:/usr/sbin:/usr/bin:/sbin:/bin:/usr/games:/usr/local/games:/snap/bin:/usr/lib/jvm/java-11-oracle/bin:/usr/lib/jvm/java-11-oracle/db/bin
USERNAME=tobiasbe
SHELL=/bin/bash
DISPLAY=:0

Signal Handlers:
SIGSEGV: [libjvm.so+0xe2adf0], sa_mask[0]=11111111011111111101111111111110, sa_flags=SA_RESTART|SA_SIGINFO
SIGBUS: [libjvm.so+0xe2adf0], sa_mask[0]=11111111011111111101111111111110, sa_flags=SA_RESTART|SA_SIGINFO
SIGFPE: [libjvm.so+0xe2adf0], sa_mask[0]=11111111011111111101111111111110, sa_flags=SA_RESTART|SA_SIGINFO
SIGPIPE: [libjvm.so+0xbff5b0], sa_mask[0]=11111111011111111101111111111110, sa_flags=SA_RESTART|SA_SIGINFO
SIGXFSZ: [libjvm.so+0xbff5b0], sa_mask[0]=11111111011111111101111111111110, sa_flags=SA_RESTART|SA_SIGINFO
SIGILL: [libjvm.so+0xe2adf0], sa_mask[0]=11111111011111111101111111111110, sa_flags=SA_RESTART|SA_SIGINFO
SIGUSR2: [libjvm.so+0xbff450], sa_mask[0]=00100000000000000000000000000000, sa_flags=SA_RESTART|SA_SIGINFO
SIGHUP: SIG_IGN, sa_mask[0]=00000000000000000000000000000000, sa_flags=none
SIGINT: [libjvm.so+0xbff7b0], sa_mask[0]=11111111011111111101111111111110, sa_flags=SA_RESTART|SA_SIGINFO
SIGTERM: [libjvm.so+0xbff7b0], sa_mask[0]=11111111011111111101111111111110, sa_flags=SA_RESTART|SA_SIGINFO
SIGQUIT: [libjvm.so+0xbff7b0], sa_mask[0]=11111111011111111101111111111110, sa_flags=SA_RESTART|SA_SIGINFO


---------------  S Y S T E M  ---------------

OS:DISTRIB_ID=Ubuntu
DISTRIB_RELEASE=18.04
DISTRIB_CODENAME=bionic
DISTRIB_DESCRIPTION="Ubuntu 18.04.2 LTS"
uname:Linux 4.18.0-17-generic #18~18.04.1-Ubuntu SMP Fri Mar 15 15:27:12 UTC 2019 x86_64
libc:glibc 2.27 NPTL 2.27 
rlimit: STACK 8192k, CORE 0k, NPROC 63793, NOFILE 1048576, AS infinity, DATA infinity, FSIZE infinity
load average:1,95 2,11 1,38

/proc/meminfo:
MemTotal:       16441312 kB
MemFree:         6455424 kB
MemAvailable:   10186836 kB
Buffers:          401560 kB
Cached:          3569000 kB
SwapCached:            0 kB
Active:          6687028 kB
Inactive:        2552376 kB
Active(anon):    5261304 kB
Inactive(anon):   121792 kB
Active(file):    1425724 kB
Inactive(file):  2430584 kB
Unevictable:          32 kB
Mlocked:              32 kB
SwapTotal:       2097148 kB
SwapFree:        2097148 kB
Dirty:               256 kB
Writeback:           136 kB
AnonPages:       5269084 kB
Mapped:          1237308 kB
Shmem:            123644 kB
Slab:             484196 kB
SReclaimable:     209208 kB
SUnreclaim:       274988 kB
KernelStack:       31600 kB
PageTables:        55492 kB
NFS_Unstable:          0 kB
Bounce:                0 kB
WritebackTmp:          0 kB
CommitLimit:    10317804 kB
Committed_AS:   13110996 kB
VmallocTotal:   34359738367 kB
VmallocUsed:           0 kB
VmallocChunk:          0 kB
HardwareCorrupted:     0 kB
AnonHugePages:         0 kB
ShmemHugePages:        0 kB
ShmemPmdMapped:        0 kB
CmaTotal:              0 kB
CmaFree:               0 kB
HugePages_Total:       0
HugePages_Free:        0
HugePages_Rsvd:        0
HugePages_Surp:        0
Hugepagesize:       2048 kB
Hugetlb:               0 kB
DirectMap4k:      316244 kB
DirectMap2M:     9072640 kB
DirectMap1G:     8388608 kB


/proc/sys/kernel/threads-max (system-wide limit on the number of threads):
127586


/proc/sys/vm/max_map_count (maximum number of memory map areas a process may have):
65530


/proc/sys/kernel/pid_max (system-wide limit on number of process identifiers):
32768



container (cgroup) information:
container_type: cgroupv1
cpu_cpuset_cpus: 0-11
cpu_memory_nodes: 0
active_processor_count: 12
cpu_quota: -1
cpu_period: 100000
cpu_shares: -1
memory_limit_in_bytes: -1
memory_and_swap_limit_in_bytes: -2
memory_soft_limit_in_bytes: -1
memory_usage_in_bytes: 5854765056
memory_max_usage_in_bytes: 5854765056


CPU:total 12 (initial active 12) (12 cores per cpu, 2 threads per core) family 23 model 1 stepping 1, cmov, cx8, fxsr, mmx, sse, sse2, sse3, ssse3, sse4.1, sse4.2, popcnt, avx, avx2, aes, clmul, mmxext, 3dnowpref, lzcnt, sse4a, ht, tsc, tscinvbit, tscinv, bmi1, bmi2, adx, sha, fma
CPU Model and flags from /proc/cpuinfo:
model name	: AMD Ryzen 5 1600 Six-Core Processor
flags		: fpu vme de pse tsc msr pae mce cx8 apic sep mtrr pge mca cmov pat pse36 clflush mmx fxsr sse sse2 ht syscall nx mmxext fxsr_opt pdpe1gb rdtscp lm constant_tsc rep_good nopl nonstop_tsc cpuid extd_apicid aperfmperf pni pclmulqdq monitor ssse3 fma cx16 sse4_1 sse4_2 movbe popcnt aes xsave avx f16c rdrand lahf_lm cmp_legacy svm extapic cr8_legacy abm sse4a misalignsse 3dnowprefetch osvw skinit wdt tce topoext perfctr_core perfctr_nb bpext perfctr_llc mwaitx cpb hw_pstate sme ssbd sev vmmcall fsgsbase bmi1 avx2 smep bmi2 rdseed adx smap clflushopt sha_ni xsaveopt xsavec xgetbv1 xsaves clzero irperf xsaveerptr arat npt lbrv svm_lock nrip_save tsc_scale vmcb_clean flushbyasid decodeassists pausefilter pfthreshold avic v_vmsave_vmload vgif overflow_recov succor smca

Memory: 4k page, physical 16441312k(6455424k free), swap 2097148k(2097148k free)

vm_info: Java HotSpot(TM) 64-Bit Server VM (11.0.2+9-LTS) for linux-amd64 JRE (11.0.2+9-LTS), built on Jan 17 2019 21:22:50 by "mach5one" with gcc 7.3.0

END.
