#
# A fatal error has been detected by the Java Runtime Environment:
#
#  SIGSEGV (0xb) at pc=0x00007f97dfc4a9f0, pid=14434, tid=14490
#
# JRE version: Java(TM) SE Runtime Environment (11.0.2+9) (build 11.0.2+9-LTS)
# Java VM: Java HotSpot(TM) 64-Bit Server VM (11.0.2+9-LTS, mixed mode, tiered, compressed oops, g1 gc, linux-amd64)
# Problematic frame:
# C  [ld-linux-x86-64.so.2+0x199f0]  __tls_get_addr+0x0
#
# Core dump will be written. Default location: Core dumps may be processed with "/usr/share/apport/apport %p %s %c %d %P" (or dumping to /home/tobiasbe/Dokumente/Programmierung/Projekte/spring5-shop/products/core.14434)
#
# If you would like to submit a bug report, please visit:
#   http://bugreport.java.com/bugreport/crash.jsp
#

---------------  S U M M A R Y ------------

Command Line: -javaagent:/snap/intellij-idea-community/158/lib/idea_rt.jar=39039:/snap/intellij-idea-community/158/bin -Dfile.encoding=UTF-8 de.tobiasbecode.spring5shop.Spring5ShopApplication

Host: AMD Ryzen 5 1600 Six-Core Processor, 12 cores, 15G, Ubuntu 18.04.2 LTS
Time: Thu Jul  4 17:45:13 2019 CEST elapsed time: 1 seconds (0d 0h 0m 1s)

---------------  T H R E A D  ---------------

Current thread (0x00007f9780339800):  JavaThread "C2 CompilerThread2" daemon [_thread_in_native, id=14490, stack(0x00007f97a95f1000,0x00007f97a96f2000)]


Current CompileTask:
C2:   1338 2214       4       jdk.internal.module.SystemModuleFinders$SystemModuleReader::findImageLocation (42 bytes)

Stack: [0x00007f97a95f1000,0x00007f97a96f2000],  sp=0x00007f97a96ed658,  free space=1009k
Native frames: (J=compiled Java code, A=aot compiled Java code, j=interpreted, Vv=VM code, C=native code)
C  [ld-linux-x86-64.so.2+0x199f0]  __tls_get_addr+0x0
V  [libjvm.so+0xb49558]  Matcher::xform(Node*, int)+0x878
V  [libjvm.so+0xb4b1ed]  Matcher::match()+0x77d
V  [libjvm.so+0x638f9c]  Compile::Code_Gen()+0xac
V  [libjvm.so+0x63c6f0]  Compile::Compile(ciEnv*, C2Compiler*, ciMethod*, int, bool, bool, bool, DirectiveSet*)+0xc80
V  [libjvm.so+0x548061]  C2Compiler::compile_method(ciEnv*, ciMethod*, int, DirectiveSet*)+0xb1
V  [libjvm.so+0x64664c]  CompileBroker::invoke_compiler_on_method(CompileTask*)+0x4fc
V  [libjvm.so+0x6481c8]  CompileBroker::compiler_thread_loop()+0x598
V  [libjvm.so+0xdc4bbd]  JavaThread::thread_main_inner()+0x21d
V  [libjvm.so+0xdc4f67]  JavaThread::run()+0x377
V  [libjvm.so+0xc09750]  thread_native_entry(Thread*)+0xf0


siginfo: si_signo: 11 (SIGSEGV), si_code: 1 (SEGV_MAPERR), si_addr: 0x00007f97e0dd6d50

Register to memory mapping:

RAX=0xffffffffffffffff is an unknown value
RBX=0x00007f977c3d0db0 points into unknown readable memory: e8 a1 f4 de 97 7f 00 00
RCX=0x00007f9780313fc0 points into unknown readable memory: 70 b3 f5 de 97 7f 00 00
RDX=0x00007f977c3d0d50 points into unknown readable memory: c8 a6 f4 de 97 7f 00 00
RSP=0x00007f97a96ed658 is pointing into the stack for thread: 0x00007f9780339800
RBP=0x00007f97a96ed680 is pointing into the stack for thread: 0x00007f9780339800
RSI=0x0 is NULL
RDI=0x00007f97def5ffd0: <offset 0x00000000013fdfd0> in /usr/lib/jvm/java-11-oracle/lib/server/libjvm.so at 0x00007f97ddb62000
R8 =0x0 is NULL
R9 =0x00007f977c3d15d0 points into unknown readable memory: c0 0e 3d 7c 97 7f 00 00
R10=0x0 is NULL
R11=4096 is a compressed pointer to class: 0x0000000800001000
java.lang.Object {0x0000000800001000}
R12=0x0 is NULL
R13=0x00007f977c3d0db0 points into unknown readable memory: e8 a1 f4 de 97 7f 00 00
R14=0x00007f97800c7168 points into unknown readable memory: 20 89 f4 de 97 7f 00 00
R15=0x00007f9780409430 points into unknown readable memory: 60 61 f4 de 97 7f 00 00


Registers:
RAX=0xffffffffffffffff, RBX=0x00007f977c3d0db0, RCX=0x00007f9780313fc0, RDX=0x00007f977c3d0d50
RSP=0x00007f97a96ed658, RBP=0x00007f97a96ed680, RSI=0x0000000000000000, RDI=0x00007f97def5ffd0
R8 =0x0000000000000000, R9 =0x00007f977c3d15d0, R10=0x0000000000000000, R11=0x0000000000001000
R12=0x0000000000000000, R13=0x00007f977c3d0db0, R14=0x00007f97800c7168, R15=0x00007f9780409430
RIP=0x00007f97dfc4a9f0, EFLAGS=0x0000000000010246, CSGSFS=0x002b000000000033, ERR=0x0000000000000004
  TRAPNO=0x000000000000000e

Top of Stack: (sp=0x00007f97a96ed658)
0x00007f97a96ed658:   00007f97de732a11 00007f977c3d0db0
0x00007f97a96ed668:   00007f977c3d0d50 00007f97a96ee420
0x00007f97a96ed678:   00007f97800c7168 00007f97a96ed700
0x00007f97a96ed688:   00007f97de6ab558 00007f976c28bad0 

Instructions: (pc=0x00007f97dfc4a9f0)
0x00007f97dfc4a9d0:   30 48 8b 54 24 38 48 8b 4c 24 40 48 83 c4 48 ff
0x00007f97dfc4a9e0:   20 66 2e 0f 1f 84 00 00 00 00 00 0f 1f 44 00 00
0x00007f97dfc4a9f0:   64 48 8b 14 25 08 00 00 00 48 8b 05 b8 f5 20 00
0x00007f97dfc4aa00:   48 39 02 75 16 48 8b 07 48 c1 e0 04 48 8b 04 02 

Stack slot to memory mapping:
stack at sp + 0 slots: 0x00007f97de732a11: <offset 0x0000000000bd0a11> in /usr/lib/jvm/java-11-oracle/lib/server/libjvm.so at 0x00007f97ddb62000
stack at sp + 1 slots: 0x00007f977c3d0db0 points into unknown readable memory: e8 a1 f4 de 97 7f 00 00
stack at sp + 2 slots: 0x00007f977c3d0d50 points into unknown readable memory: c8 a6 f4 de 97 7f 00 00
stack at sp + 3 slots: 0x00007f97a96ee420 is pointing into the stack for thread: 0x00007f9780339800
stack at sp + 4 slots: 0x00007f97800c7168 points into unknown readable memory: 20 89 f4 de 97 7f 00 00
stack at sp + 5 slots: 0x00007f97a96ed700 is pointing into the stack for thread: 0x00007f9780339800
stack at sp + 6 slots: 0x00007f97de6ab558: <offset 0x0000000000b49558> in /usr/lib/jvm/java-11-oracle/lib/server/libjvm.so at 0x00007f97ddb62000
stack at sp + 7 slots: 0x00007f976c28bad0 points into unknown readable memory: e0 2b 43 7c 97 7f 00 00


---------------  P R O C E S S  ---------------

Threads class SMR info:
_java_thread_list=0x00007f97880027f0, length=16, elements={
0x00007f97d8017000, 0x00007f97d827d000, 0x00007f97d8281000, 0x00007f97d8293800,
0x00007f97d8295800, 0x00007f97d8298000, 0x00007f97d829a000, 0x00007f97d8317800,
0x00007f9780090000, 0x00007f97d88a0000, 0x00007f97d88a1000, 0x00007f9780339800,
0x00007f97d9043800, 0x00007f9754003000, 0x00007f974804f800, 0x00007f9788001000
}

Java Threads: ( => current thread )
  0x00007f97d8017000 JavaThread "main" [_thread_blocked, id=14442, stack(0x00007f97dfd3c000,0x00007f97dfe3d000)]
  0x00007f97d827d000 JavaThread "Reference Handler" daemon [_thread_blocked, id=14457, stack(0x00007f97ab2f8000,0x00007f97ab3f9000)]
  0x00007f97d8281000 JavaThread "Finalizer" daemon [_thread_blocked, id=14461, stack(0x00007f97ab1f7000,0x00007f97ab2f8000)]
  0x00007f97d8293800 JavaThread "Signal Dispatcher" daemon [_thread_blocked, id=14462, stack(0x00007f97aa727000,0x00007f97aa828000)]
  0x00007f97d8295800 JavaThread "C2 CompilerThread0" daemon [_thread_in_native, id=14464, stack(0x00007f97aa626000,0x00007f97aa727000)]
  0x00007f97d8298000 JavaThread "C1 CompilerThread0" daemon [_thread_in_native, id=14465, stack(0x00007f97aa525000,0x00007f97aa626000)]
  0x00007f97d829a000 JavaThread "Sweeper thread" daemon [_thread_blocked, id=14467, stack(0x00007f97aa424000,0x00007f97aa525000)]
  0x00007f97d8317800 JavaThread "Common-Cleaner" daemon [_thread_blocked, id=14471, stack(0x00007f97aa323000,0x00007f97aa424000)]
  0x00007f9780090000 JavaThread "C2 CompilerThread1" daemon [_thread_in_native, id=14472, stack(0x00007f97aa222000,0x00007f97aa323000)]
  0x00007f97d88a0000 JavaThread "Monitor Ctrl-Break" daemon [_thread_in_native, id=14486, stack(0x00007f97a9cf8000,0x00007f97a9df9000)]
  0x00007f97d88a1000 JavaThread "Service Thread" daemon [_thread_blocked, id=14487, stack(0x00007f97a9bf7000,0x00007f97a9cf8000)]
=>0x00007f9780339800 JavaThread "C2 CompilerThread2" daemon [_thread_in_native, id=14490, stack(0x00007f97a95f1000,0x00007f97a96f2000)]
  0x00007f97d9043800 JavaThread "Thread-0" [_thread_blocked, id=14497, stack(0x00007f97a89db000,0x00007f97a8adc000)]
  0x00007f9754003000 JavaThread "restartedMain" [_thread_in_vm, id=14498, stack(0x00007f97a88da000,0x00007f97a89db000)]
  0x00007f974804f800 JavaThread "background-preinit" [_thread_in_vm, id=14500, stack(0x00007f97a87d9000,0x00007f97a88da000)]
  0x00007f9788001000 JavaThread "Attach Listener" daemon [_thread_blocked, id=14515, stack(0x00007f97a80d4000,0x00007f97a81d5000)]

Other Threads:
  0x00007f97d8275000 VMThread "VM Thread" [stack: 0x00007f97ab3fb000,0x00007f97ab4fb000] [id=14456]
  0x00007f97d897a800 WatcherThread [stack: 0x00007f97a9af7000,0x00007f97a9bf7000] [id=14488]
  0x00007f97d803f000 GCTaskThread "GC Thread#0" [stack: 0x00007f97dc039000,0x00007f97dc139000] [id=14443]
  0x00007f979c001000 GCTaskThread "GC Thread#1" [stack: 0x00007f97a90e6000,0x00007f97a91e6000] [id=14491]
  0x00007f979c002800 GCTaskThread "GC Thread#2" [stack: 0x00007f97a8fe4000,0x00007f97a90e4000] [id=14492]
  0x00007f979c004000 GCTaskThread "GC Thread#3" [stack: 0x00007f97a8ee2000,0x00007f97a8fe2000] [id=14493]
  0x00007f979c005800 GCTaskThread "GC Thread#4" [stack: 0x00007f97a8de0000,0x00007f97a8ee0000] [id=14494]
  0x00007f979c007000 GCTaskThread "GC Thread#5" [stack: 0x00007f97a8cde000,0x00007f97a8dde000] [id=14495]
  0x00007f979c00a000 GCTaskThread "GC Thread#6" [stack: 0x00007f97a86d9000,0x00007f97a87d9000] [id=14507]
  0x00007f979c00b800 GCTaskThread "GC Thread#7" [stack: 0x00007f97a85d7000,0x00007f97a86d7000] [id=14508]
  0x00007f97d809e000 ConcurrentGCThread "G1 Main Marker" [stack: 0x00007f97c0035000,0x00007f97c0135000] [id=14444]
  0x00007f97d809f800 ConcurrentGCThread "G1 Conc#0" [stack: 0x00007f97b2a0b000,0x00007f97b2b0b000] [id=14445]
  0x00007f97ac001000 ConcurrentGCThread "G1 Conc#1" [stack: 0x00007f973f4db000,0x00007f973f5db000] [id=14513]
  0x00007f97ac002000 ConcurrentGCThread "G1 Conc#2" [stack: 0x00007f973f3d9000,0x00007f973f4d9000] [id=14514]
  0x00007f97d81a9800 ConcurrentGCThread "G1 Refine#0" [stack: 0x00007f97abdff000,0x00007f97abeff000] [id=14446]
  0x00007f97d81ab000 ConcurrentGCThread "G1 Young RemSet Sampling" [stack: 0x00007f97abcfd000,0x00007f97abdfd000] [id=14447]

Threads with active compile tasks:
C2 CompilerThread02343       4       com.sun.org.apache.xerces.internal.impl.XMLEntityScanner::scanName (305 bytes)
C1 CompilerThread02360       3       org.springframework.asm.Frame::putAbstractType (379 bytes)
C2 CompilerThread12307   !   4       org.apache.tomcat.util.IntrospectionUtils::setProperty (736 bytes)
C2 CompilerThread22214       4       jdk.internal.module.SystemModuleFinders$SystemModuleReader::findImageLocation (42 bytes)

VM state:not at safepoint (normal execution)

VM Mutex/Monitor currently owned by a thread: None

Heap address: 0x0000000705200000, size: 4014 MB, Compressed Oops mode: Zero based, Oop shift amount: 3
Narrow klass base: 0x0000000800000000, Narrow klass shift: 0
Compressed class space size: 1073741824 Address: 0x0000000800000000

Heap:
 garbage-first heap   total 258048K, used 61179K [0x0000000705200000, 0x0000000800000000)
  region size 1024K, 56 young (57344K), 6 survivors (6144K)
 Metaspace       used 29596K, capacity 30196K, committed 30332K, reserved 1075200K
  class space    used 3398K, capacity 3629K, committed 3708K, reserved 1048576K
Heap Regions: E=young(eden), S=young(survivor), O=old, HS=humongous(starts), HC=humongous(continues), CS=collection set, F=free, A=archive, TAMS=top-at-mark-start (previous, next)
|   0|0x0000000705200000, 0x0000000705300000, 0x0000000705300000|100%|HS|  |TAMS 0x0000000705300000, 0x0000000705200000| Complete 
|   1|0x0000000705300000, 0x0000000705400000, 0x0000000705400000|100%| O|  |TAMS 0x0000000705400000, 0x0000000705300000| Untracked 
|   2|0x0000000705400000, 0x0000000705500000, 0x0000000705500000|100%| O|  |TAMS 0x0000000705500000, 0x0000000705400000| Untracked 
|   3|0x0000000705500000, 0x0000000705600000, 0x0000000705600000|100%| O|  |TAMS 0x0000000705600000, 0x0000000705500000| Untracked 
|   4|0x0000000705600000, 0x0000000705700000, 0x0000000705700000|100%| O|  |TAMS 0x0000000705700000, 0x0000000705600000| Untracked 
|   5|0x0000000705700000, 0x0000000705789200, 0x0000000705800000| 53%| O|  |TAMS 0x0000000705789200, 0x0000000705700000| Untracked 
|   6|0x0000000705800000, 0x0000000705800000, 0x0000000705900000|  0%| F|  |TAMS 0x0000000705800000, 0x0000000705800000| Untracked 
|   7|0x0000000705900000, 0x0000000705900000, 0x0000000705a00000|  0%| F|  |TAMS 0x0000000705900000, 0x0000000705900000| Untracked 
|   8|0x0000000705a00000, 0x0000000705a00000, 0x0000000705b00000|  0%| F|  |TAMS 0x0000000705a00000, 0x0000000705a00000| Untracked 
|   9|0x0000000705b00000, 0x0000000705b00000, 0x0000000705c00000|  0%| F|  |TAMS 0x0000000705b00000, 0x0000000705b00000| Untracked 
|  10|0x0000000705c00000, 0x0000000705c00000, 0x0000000705d00000|  0%| F|  |TAMS 0x0000000705c00000, 0x0000000705c00000| Untracked 
|  11|0x0000000705d00000, 0x0000000705d00000, 0x0000000705e00000|  0%| F|  |TAMS 0x0000000705d00000, 0x0000000705d00000| Untracked 
|  12|0x0000000705e00000, 0x0000000705e00000, 0x0000000705f00000|  0%| F|  |TAMS 0x0000000705e00000, 0x0000000705e00000| Untracked 
|  13|0x0000000705f00000, 0x0000000705f00000, 0x0000000706000000|  0%| F|  |TAMS 0x0000000705f00000, 0x0000000705f00000| Untracked 
|  14|0x0000000706000000, 0x0000000706000000, 0x0000000706100000|  0%| F|  |TAMS 0x0000000706000000, 0x0000000706000000| Untracked 
|  15|0x0000000706100000, 0x0000000706100000, 0x0000000706200000|  0%| F|  |TAMS 0x0000000706100000, 0x0000000706100000| Untracked 
|  16|0x0000000706200000, 0x0000000706200000, 0x0000000706300000|  0%| F|  |TAMS 0x0000000706200000, 0x0000000706200000| Untracked 
|  17|0x0000000706300000, 0x0000000706300000, 0x0000000706400000|  0%| F|  |TAMS 0x0000000706300000, 0x0000000706300000| Untracked 
|  18|0x0000000706400000, 0x0000000706400000, 0x0000000706500000|  0%| F|  |TAMS 0x0000000706400000, 0x0000000706400000| Untracked 
|  19|0x0000000706500000, 0x0000000706500000, 0x0000000706600000|  0%| F|  |TAMS 0x0000000706500000, 0x0000000706500000| Untracked 
|  20|0x0000000706600000, 0x0000000706600000, 0x0000000706700000|  0%| F|  |TAMS 0x0000000706600000, 0x0000000706600000| Untracked 
|  21|0x0000000706700000, 0x0000000706700000, 0x0000000706800000|  0%| F|  |TAMS 0x0000000706700000, 0x0000000706700000| Untracked 
|  22|0x0000000706800000, 0x0000000706800000, 0x0000000706900000|  0%| F|  |TAMS 0x0000000706800000, 0x0000000706800000| Untracked 
|  23|0x0000000706900000, 0x0000000706900000, 0x0000000706a00000|  0%| F|  |TAMS 0x0000000706900000, 0x0000000706900000| Untracked 
|  24|0x0000000706a00000, 0x0000000706a00000, 0x0000000706b00000|  0%| F|  |TAMS 0x0000000706a00000, 0x0000000706a00000| Untracked 
|  25|0x0000000706b00000, 0x0000000706b00000, 0x0000000706c00000|  0%| F|  |TAMS 0x0000000706b00000, 0x0000000706b00000| Untracked 
|  26|0x0000000706c00000, 0x0000000706c00000, 0x0000000706d00000|  0%| F|  |TAMS 0x0000000706c00000, 0x0000000706c00000| Untracked 
|  27|0x0000000706d00000, 0x0000000706d00000, 0x0000000706e00000|  0%| F|  |TAMS 0x0000000706d00000, 0x0000000706d00000| Untracked 
|  28|0x0000000706e00000, 0x0000000706e00000, 0x0000000706f00000|  0%| F|  |TAMS 0x0000000706e00000, 0x0000000706e00000| Untracked 
|  29|0x0000000706f00000, 0x0000000706f00000, 0x0000000707000000|  0%| F|  |TAMS 0x0000000706f00000, 0x0000000706f00000| Untracked 
|  30|0x0000000707000000, 0x0000000707000000, 0x0000000707100000|  0%| F|  |TAMS 0x0000000707000000, 0x0000000707000000| Untracked 
|  31|0x0000000707100000, 0x0000000707100000, 0x0000000707200000|  0%| F|  |TAMS 0x0000000707100000, 0x0000000707100000| Untracked 
|  32|0x0000000707200000, 0x0000000707200000, 0x0000000707300000|  0%| F|  |TAMS 0x0000000707200000, 0x0000000707200000| Untracked 
|  33|0x0000000707300000, 0x0000000707300000, 0x0000000707400000|  0%| F|  |TAMS 0x0000000707300000, 0x0000000707300000| Untracked 
|  34|0x0000000707400000, 0x0000000707400000, 0x0000000707500000|  0%| F|  |TAMS 0x0000000707400000, 0x0000000707400000| Untracked 
|  35|0x0000000707500000, 0x0000000707500000, 0x0000000707600000|  0%| F|  |TAMS 0x0000000707500000, 0x0000000707500000| Untracked 
|  36|0x0000000707600000, 0x0000000707600000, 0x0000000707700000|  0%| F|  |TAMS 0x0000000707600000, 0x0000000707600000| Untracked 
|  37|0x0000000707700000, 0x0000000707700000, 0x0000000707800000|  0%| F|  |TAMS 0x0000000707700000, 0x0000000707700000| Untracked 
|  38|0x0000000707800000, 0x0000000707800000, 0x0000000707900000|  0%| F|  |TAMS 0x0000000707800000, 0x0000000707800000| Untracked 
|  39|0x0000000707900000, 0x0000000707900000, 0x0000000707a00000|  0%| F|  |TAMS 0x0000000707900000, 0x0000000707900000| Untracked 
|  40|0x0000000707a00000, 0x0000000707a00000, 0x0000000707b00000|  0%| F|  |TAMS 0x0000000707a00000, 0x0000000707a00000| Untracked 
|  41|0x0000000707b00000, 0x0000000707b00000, 0x0000000707c00000|  0%| F|  |TAMS 0x0000000707b00000, 0x0000000707b00000| Untracked 
|  42|0x0000000707c00000, 0x0000000707c00000, 0x0000000707d00000|  0%| F|  |TAMS 0x0000000707c00000, 0x0000000707c00000| Untracked 
|  43|0x0000000707d00000, 0x0000000707d00000, 0x0000000707e00000|  0%| F|  |TAMS 0x0000000707d00000, 0x0000000707d00000| Untracked 
|  44|0x0000000707e00000, 0x0000000707e00000, 0x0000000707f00000|  0%| F|  |TAMS 0x0000000707e00000, 0x0000000707e00000| Untracked 
|  45|0x0000000707f00000, 0x0000000707f00000, 0x0000000708000000|  0%| F|  |TAMS 0x0000000707f00000, 0x0000000707f00000| Untracked 
|  46|0x0000000708000000, 0x0000000708000000, 0x0000000708100000|  0%| F|  |TAMS 0x0000000708000000, 0x0000000708000000| Untracked 
|  47|0x0000000708100000, 0x0000000708100000, 0x0000000708200000|  0%| F|  |TAMS 0x0000000708100000, 0x0000000708100000| Untracked 
|  48|0x0000000708200000, 0x0000000708200000, 0x0000000708300000|  0%| F|  |TAMS 0x0000000708200000, 0x0000000708200000| Untracked 
|  49|0x0000000708300000, 0x0000000708300000, 0x0000000708400000|  0%| F|  |TAMS 0x0000000708300000, 0x0000000708300000| Untracked 
|  50|0x0000000708400000, 0x0000000708400000, 0x0000000708500000|  0%| F|  |TAMS 0x0000000708400000, 0x0000000708400000| Untracked 
|  51|0x0000000708500000, 0x0000000708500000, 0x0000000708600000|  0%| F|  |TAMS 0x0000000708500000, 0x0000000708500000| Untracked 
|  52|0x0000000708600000, 0x0000000708600000, 0x0000000708700000|  0%| F|  |TAMS 0x0000000708600000, 0x0000000708600000| Untracked 
|  53|0x0000000708700000, 0x0000000708700000, 0x0000000708800000|  0%| F|  |TAMS 0x0000000708700000, 0x0000000708700000| Untracked 
|  54|0x0000000708800000, 0x0000000708800000, 0x0000000708900000|  0%| F|  |TAMS 0x0000000708800000, 0x0000000708800000| Untracked 
|  55|0x0000000708900000, 0x0000000708900000, 0x0000000708a00000|  0%| F|  |TAMS 0x0000000708900000, 0x0000000708900000| Untracked 
|  56|0x0000000708a00000, 0x0000000708a00000, 0x0000000708b00000|  0%| F|  |TAMS 0x0000000708a00000, 0x0000000708a00000| Untracked 
|  57|0x0000000708b00000, 0x0000000708b00000, 0x0000000708c00000|  0%| F|  |TAMS 0x0000000708b00000, 0x0000000708b00000| Untracked 
|  58|0x0000000708c00000, 0x0000000708c00000, 0x0000000708d00000|  0%| F|  |TAMS 0x0000000708c00000, 0x0000000708c00000| Untracked 
|  59|0x0000000708d00000, 0x0000000708d00000, 0x0000000708e00000|  0%| F|  |TAMS 0x0000000708d00000, 0x0000000708d00000| Untracked 
|  60|0x0000000708e00000, 0x0000000708e00000, 0x0000000708f00000|  0%| F|  |TAMS 0x0000000708e00000, 0x0000000708e00000| Untracked 
|  61|0x0000000708f00000, 0x0000000708f00000, 0x0000000709000000|  0%| F|  |TAMS 0x0000000708f00000, 0x0000000708f00000| Untracked 
|  62|0x0000000709000000, 0x0000000709000000, 0x0000000709100000|  0%| F|  |TAMS 0x0000000709000000, 0x0000000709000000| Untracked 
|  63|0x0000000709100000, 0x0000000709100000, 0x0000000709200000|  0%| F|  |TAMS 0x0000000709100000, 0x0000000709100000| Untracked 
|  64|0x0000000709200000, 0x0000000709200000, 0x0000000709300000|  0%| F|  |TAMS 0x0000000709200000, 0x0000000709200000| Untracked 
|  65|0x0000000709300000, 0x0000000709300000, 0x0000000709400000|  0%| F|  |TAMS 0x0000000709300000, 0x0000000709300000| Untracked 
|  66|0x0000000709400000, 0x0000000709400000, 0x0000000709500000|  0%| F|  |TAMS 0x0000000709400000, 0x0000000709400000| Untracked 
|  67|0x0000000709500000, 0x0000000709500000, 0x0000000709600000|  0%| F|  |TAMS 0x0000000709500000, 0x0000000709500000| Untracked 
|  68|0x0000000709600000, 0x0000000709600000, 0x0000000709700000|  0%| F|  |TAMS 0x0000000709600000, 0x0000000709600000| Untracked 
|  69|0x0000000709700000, 0x0000000709700000, 0x0000000709800000|  0%| F|  |TAMS 0x0000000709700000, 0x0000000709700000| Untracked 
|  70|0x0000000709800000, 0x0000000709800000, 0x0000000709900000|  0%| F|  |TAMS 0x0000000709800000, 0x0000000709800000| Untracked 
|  71|0x0000000709900000, 0x0000000709900000, 0x0000000709a00000|  0%| F|  |TAMS 0x0000000709900000, 0x0000000709900000| Untracked 
|  72|0x0000000709a00000, 0x0000000709a00000, 0x0000000709b00000|  0%| F|  |TAMS 0x0000000709a00000, 0x0000000709a00000| Untracked 
|  73|0x0000000709b00000, 0x0000000709b00000, 0x0000000709c00000|  0%| F|  |TAMS 0x0000000709b00000, 0x0000000709b00000| Untracked 
|  74|0x0000000709c00000, 0x0000000709c00000, 0x0000000709d00000|  0%| F|  |TAMS 0x0000000709c00000, 0x0000000709c00000| Untracked 
|  75|0x0000000709d00000, 0x0000000709d00000, 0x0000000709e00000|  0%| F|  |TAMS 0x0000000709d00000, 0x0000000709d00000| Untracked 
|  76|0x0000000709e00000, 0x0000000709e00000, 0x0000000709f00000|  0%| F|  |TAMS 0x0000000709e00000, 0x0000000709e00000| Untracked 
|  77|0x0000000709f00000, 0x0000000709f00000, 0x000000070a000000|  0%| F|  |TAMS 0x0000000709f00000, 0x0000000709f00000| Untracked 
|  78|0x000000070a000000, 0x000000070a000000, 0x000000070a100000|  0%| F|  |TAMS 0x000000070a000000, 0x000000070a000000| Untracked 
|  79|0x000000070a100000, 0x000000070a100000, 0x000000070a200000|  0%| F|  |TAMS 0x000000070a100000, 0x000000070a100000| Untracked 
|  80|0x000000070a200000, 0x000000070a200000, 0x000000070a300000|  0%| F|  |TAMS 0x000000070a200000, 0x000000070a200000| Untracked 
|  81|0x000000070a300000, 0x000000070a300000, 0x000000070a400000|  0%| F|  |TAMS 0x000000070a300000, 0x000000070a300000| Untracked 
|  82|0x000000070a400000, 0x000000070a400000, 0x000000070a500000|  0%| F|  |TAMS 0x000000070a400000, 0x000000070a400000| Untracked 
|  83|0x000000070a500000, 0x000000070a500000, 0x000000070a600000|  0%| F|  |TAMS 0x000000070a500000, 0x000000070a500000| Untracked 
|  84|0x000000070a600000, 0x000000070a600000, 0x000000070a700000|  0%| F|  |TAMS 0x000000070a600000, 0x000000070a600000| Untracked 
|  85|0x000000070a700000, 0x000000070a700000, 0x000000070a800000|  0%| F|  |TAMS 0x000000070a700000, 0x000000070a700000| Untracked 
|  86|0x000000070a800000, 0x000000070a800000, 0x000000070a900000|  0%| F|  |TAMS 0x000000070a800000, 0x000000070a800000| Untracked 
|  87|0x000000070a900000, 0x000000070a900000, 0x000000070aa00000|  0%| F|  |TAMS 0x000000070a900000, 0x000000070a900000| Untracked 
|  88|0x000000070aa00000, 0x000000070aa00000, 0x000000070ab00000|  0%| F|  |TAMS 0x000000070aa00000, 0x000000070aa00000| Untracked 
|  89|0x000000070ab00000, 0x000000070ab00000, 0x000000070ac00000|  0%| F|  |TAMS 0x000000070ab00000, 0x000000070ab00000| Untracked 
|  90|0x000000070ac00000, 0x000000070ac00000, 0x000000070ad00000|  0%| F|  |TAMS 0x000000070ac00000, 0x000000070ac00000| Untracked 
|  91|0x000000070ad00000, 0x000000070ad00000, 0x000000070ae00000|  0%| F|  |TAMS 0x000000070ad00000, 0x000000070ad00000| Untracked 
|  92|0x000000070ae00000, 0x000000070ae00000, 0x000000070af00000|  0%| F|  |TAMS 0x000000070ae00000, 0x000000070ae00000| Untracked 
|  93|0x000000070af00000, 0x000000070af00000, 0x000000070b000000|  0%| F|  |TAMS 0x000000070af00000, 0x000000070af00000| Untracked 
|  94|0x000000070b000000, 0x000000070b000000, 0x000000070b100000|  0%| F|  |TAMS 0x000000070b000000, 0x000000070b000000| Untracked 
|  95|0x000000070b100000, 0x000000070b100000, 0x000000070b200000|  0%| F|  |TAMS 0x000000070b100000, 0x000000070b100000| Untracked 
|  96|0x000000070b200000, 0x000000070b200000, 0x000000070b300000|  0%| F|  |TAMS 0x000000070b200000, 0x000000070b200000| Untracked 
|  97|0x000000070b300000, 0x000000070b300000, 0x000000070b400000|  0%| F|  |TAMS 0x000000070b300000, 0x000000070b300000| Untracked 
|  98|0x000000070b400000, 0x000000070b400000, 0x000000070b500000|  0%| F|  |TAMS 0x000000070b400000, 0x000000070b400000| Untracked 
|  99|0x000000070b500000, 0x000000070b500000, 0x000000070b600000|  0%| F|  |TAMS 0x000000070b500000, 0x000000070b500000| Untracked 
| 100|0x000000070b600000, 0x000000070b600000, 0x000000070b700000|  0%| F|  |TAMS 0x000000070b600000, 0x000000070b600000| Untracked 
| 101|0x000000070b700000, 0x000000070b700000, 0x000000070b800000|  0%| F|  |TAMS 0x000000070b700000, 0x000000070b700000| Untracked 
| 102|0x000000070b800000, 0x000000070b800000, 0x000000070b900000|  0%| F|  |TAMS 0x000000070b800000, 0x000000070b800000| Untracked 
| 103|0x000000070b900000, 0x000000070b900000, 0x000000070ba00000|  0%| F|  |TAMS 0x000000070b900000, 0x000000070b900000| Untracked 
| 104|0x000000070ba00000, 0x000000070ba00000, 0x000000070bb00000|  0%| F|  |TAMS 0x000000070ba00000, 0x000000070ba00000| Untracked 
| 105|0x000000070bb00000, 0x000000070bb00000, 0x000000070bc00000|  0%| F|  |TAMS 0x000000070bb00000, 0x000000070bb00000| Untracked 
| 106|0x000000070bc00000, 0x000000070bc00000, 0x000000070bd00000|  0%| F|  |TAMS 0x000000070bc00000, 0x000000070bc00000| Untracked 
| 107|0x000000070bd00000, 0x000000070bd00000, 0x000000070be00000|  0%| F|  |TAMS 0x000000070bd00000, 0x000000070bd00000| Untracked 
| 108|0x000000070be00000, 0x000000070be00000, 0x000000070bf00000|  0%| F|  |TAMS 0x000000070be00000, 0x000000070be00000| Untracked 
| 109|0x000000070bf00000, 0x000000070bf00000, 0x000000070c000000|  0%| F|  |TAMS 0x000000070bf00000, 0x000000070bf00000| Untracked 
| 110|0x000000070c000000, 0x000000070c000000, 0x000000070c100000|  0%| F|  |TAMS 0x000000070c000000, 0x000000070c000000| Untracked 
| 111|0x000000070c100000, 0x000000070c100000, 0x000000070c200000|  0%| F|  |TAMS 0x000000070c100000, 0x000000070c100000| Untracked 
| 112|0x000000070c200000, 0x000000070c200000, 0x000000070c300000|  0%| F|  |TAMS 0x000000070c200000, 0x000000070c200000| Untracked 
| 113|0x000000070c300000, 0x000000070c300000, 0x000000070c400000|  0%| F|  |TAMS 0x000000070c300000, 0x000000070c300000| Untracked 
| 114|0x000000070c400000, 0x000000070c400000, 0x000000070c500000|  0%| F|  |TAMS 0x000000070c400000, 0x000000070c400000| Untracked 
| 115|0x000000070c500000, 0x000000070c500000, 0x000000070c600000|  0%| F|  |TAMS 0x000000070c500000, 0x000000070c500000| Untracked 
| 116|0x000000070c600000, 0x000000070c600000, 0x000000070c700000|  0%| F|  |TAMS 0x000000070c600000, 0x000000070c600000| Untracked 
| 117|0x000000070c700000, 0x000000070c700000, 0x000000070c800000|  0%| F|  |TAMS 0x000000070c700000, 0x000000070c700000| Untracked 
| 118|0x000000070c800000, 0x000000070c800000, 0x000000070c900000|  0%| F|  |TAMS 0x000000070c800000, 0x000000070c800000| Untracked 
| 119|0x000000070c900000, 0x000000070c900000, 0x000000070ca00000|  0%| F|  |TAMS 0x000000070c900000, 0x000000070c900000| Untracked 
| 120|0x000000070ca00000, 0x000000070ca00000, 0x000000070cb00000|  0%| F|  |TAMS 0x000000070ca00000, 0x000000070ca00000| Untracked 
| 121|0x000000070cb00000, 0x000000070cb00000, 0x000000070cc00000|  0%| F|  |TAMS 0x000000070cb00000, 0x000000070cb00000| Untracked 
| 122|0x000000070cc00000, 0x000000070cc00000, 0x000000070cd00000|  0%| F|  |TAMS 0x000000070cc00000, 0x000000070cc00000| Untracked 
| 123|0x000000070cd00000, 0x000000070cd00000, 0x000000070ce00000|  0%| F|  |TAMS 0x000000070cd00000, 0x000000070cd00000| Untracked 
| 124|0x000000070ce00000, 0x000000070ce00000, 0x000000070cf00000|  0%| F|  |TAMS 0x000000070ce00000, 0x000000070ce00000| Untracked 
| 125|0x000000070cf00000, 0x000000070cf00000, 0x000000070d000000|  0%| F|  |TAMS 0x000000070cf00000, 0x000000070cf00000| Untracked 
| 126|0x000000070d000000, 0x000000070d000000, 0x000000070d100000|  0%| F|  |TAMS 0x000000070d000000, 0x000000070d000000| Untracked 
| 127|0x000000070d100000, 0x000000070d100000, 0x000000070d200000|  0%| F|  |TAMS 0x000000070d100000, 0x000000070d100000| Untracked 
| 128|0x000000070d200000, 0x000000070d200000, 0x000000070d300000|  0%| F|  |TAMS 0x000000070d200000, 0x000000070d200000| Untracked 
| 129|0x000000070d300000, 0x000000070d300000, 0x000000070d400000|  0%| F|  |TAMS 0x000000070d300000, 0x000000070d300000| Untracked 
| 130|0x000000070d400000, 0x000000070d400000, 0x000000070d500000|  0%| F|  |TAMS 0x000000070d400000, 0x000000070d400000| Untracked 
| 131|0x000000070d500000, 0x000000070d500000, 0x000000070d600000|  0%| F|  |TAMS 0x000000070d500000, 0x000000070d500000| Untracked 
| 132|0x000000070d600000, 0x000000070d600000, 0x000000070d700000|  0%| F|  |TAMS 0x000000070d600000, 0x000000070d600000| Untracked 
| 133|0x000000070d700000, 0x000000070d700000, 0x000000070d800000|  0%| F|  |TAMS 0x000000070d700000, 0x000000070d700000| Untracked 
| 134|0x000000070d800000, 0x000000070d800000, 0x000000070d900000|  0%| F|  |TAMS 0x000000070d800000, 0x000000070d800000| Untracked 
| 135|0x000000070d900000, 0x000000070d900000, 0x000000070da00000|  0%| F|  |TAMS 0x000000070d900000, 0x000000070d900000| Untracked 
| 136|0x000000070da00000, 0x000000070da00000, 0x000000070db00000|  0%| F|  |TAMS 0x000000070da00000, 0x000000070da00000| Untracked 
| 137|0x000000070db00000, 0x000000070db00000, 0x000000070dc00000|  0%| F|  |TAMS 0x000000070db00000, 0x000000070db00000| Untracked 
| 138|0x000000070dc00000, 0x000000070dc00000, 0x000000070dd00000|  0%| F|  |TAMS 0x000000070dc00000, 0x000000070dc00000| Untracked 
| 139|0x000000070dd00000, 0x000000070dd00000, 0x000000070de00000|  0%| F|  |TAMS 0x000000070dd00000, 0x000000070dd00000| Untracked 
| 140|0x000000070de00000, 0x000000070de00000, 0x000000070df00000|  0%| F|  |TAMS 0x000000070de00000, 0x000000070de00000| Untracked 
| 141|0x000000070df00000, 0x000000070df00000, 0x000000070e000000|  0%| F|  |TAMS 0x000000070df00000, 0x000000070df00000| Untracked 
| 142|0x000000070e000000, 0x000000070e000000, 0x000000070e100000|  0%| F|  |TAMS 0x000000070e000000, 0x000000070e000000| Untracked 
| 143|0x000000070e100000, 0x000000070e100000, 0x000000070e200000|  0%| F|  |TAMS 0x000000070e100000, 0x000000070e100000| Untracked 
| 144|0x000000070e200000, 0x000000070e200000, 0x000000070e300000|  0%| F|  |TAMS 0x000000070e200000, 0x000000070e200000| Untracked 
| 145|0x000000070e300000, 0x000000070e300000, 0x000000070e400000|  0%| F|  |TAMS 0x000000070e300000, 0x000000070e300000| Untracked 
| 146|0x000000070e400000, 0x000000070e400000, 0x000000070e500000|  0%| F|  |TAMS 0x000000070e400000, 0x000000070e400000| Untracked 
| 147|0x000000070e500000, 0x000000070e500000, 0x000000070e600000|  0%| F|  |TAMS 0x000000070e500000, 0x000000070e500000| Untracked 
| 148|0x000000070e600000, 0x000000070e600000, 0x000000070e700000|  0%| F|  |TAMS 0x000000070e600000, 0x000000070e600000| Untracked 
| 149|0x000000070e700000, 0x000000070e700000, 0x000000070e800000|  0%| F|  |TAMS 0x000000070e700000, 0x000000070e700000| Untracked 
| 150|0x000000070e800000, 0x000000070e800000, 0x000000070e900000|  0%| F|  |TAMS 0x000000070e800000, 0x000000070e800000| Untracked 
| 151|0x000000070e900000, 0x000000070e900000, 0x000000070ea00000|  0%| F|  |TAMS 0x000000070e900000, 0x000000070e900000| Untracked 
| 152|0x000000070ea00000, 0x000000070ea00000, 0x000000070eb00000|  0%| F|  |TAMS 0x000000070ea00000, 0x000000070ea00000| Untracked 
| 153|0x000000070eb00000, 0x000000070eb00000, 0x000000070ec00000|  0%| F|  |TAMS 0x000000070eb00000, 0x000000070eb00000| Untracked 
| 154|0x000000070ec00000, 0x000000070ec00000, 0x000000070ed00000|  0%| F|  |TAMS 0x000000070ec00000, 0x000000070ec00000| Untracked 
| 155|0x000000070ed00000, 0x000000070ed00000, 0x000000070ee00000|  0%| F|  |TAMS 0x000000070ed00000, 0x000000070ed00000| Untracked 
| 156|0x000000070ee00000, 0x000000070ee00000, 0x000000070ef00000|  0%| F|  |TAMS 0x000000070ee00000, 0x000000070ee00000| Untracked 
| 157|0x000000070ef00000, 0x000000070ef00000, 0x000000070f000000|  0%| F|  |TAMS 0x000000070ef00000, 0x000000070ef00000| Untracked 
| 158|0x000000070f000000, 0x000000070f000000, 0x000000070f100000|  0%| F|  |TAMS 0x000000070f000000, 0x000000070f000000| Untracked 
| 159|0x000000070f100000, 0x000000070f100000, 0x000000070f200000|  0%| F|  |TAMS 0x000000070f100000, 0x000000070f100000| Untracked 
| 160|0x000000070f200000, 0x000000070f200000, 0x000000070f300000|  0%| F|  |TAMS 0x000000070f200000, 0x000000070f200000| Untracked 
| 161|0x000000070f300000, 0x000000070f300000, 0x000000070f400000|  0%| F|  |TAMS 0x000000070f300000, 0x000000070f300000| Untracked 
| 162|0x000000070f400000, 0x000000070f400000, 0x000000070f500000|  0%| F|  |TAMS 0x000000070f400000, 0x000000070f400000| Untracked 
| 163|0x000000070f500000, 0x000000070f500000, 0x000000070f600000|  0%| F|  |TAMS 0x000000070f500000, 0x000000070f500000| Untracked 
| 164|0x000000070f600000, 0x000000070f600000, 0x000000070f700000|  0%| F|  |TAMS 0x000000070f600000, 0x000000070f600000| Untracked 
| 165|0x000000070f700000, 0x000000070f700000, 0x000000070f800000|  0%| F|  |TAMS 0x000000070f700000, 0x000000070f700000| Untracked 
| 166|0x000000070f800000, 0x000000070f800000, 0x000000070f900000|  0%| F|  |TAMS 0x000000070f800000, 0x000000070f800000| Untracked 
| 167|0x000000070f900000, 0x000000070f900000, 0x000000070fa00000|  0%| F|  |TAMS 0x000000070f900000, 0x000000070f900000| Untracked 
| 168|0x000000070fa00000, 0x000000070fa00000, 0x000000070fb00000|  0%| F|  |TAMS 0x000000070fa00000, 0x000000070fa00000| Untracked 
| 169|0x000000070fb00000, 0x000000070fb00000, 0x000000070fc00000|  0%| F|  |TAMS 0x000000070fb00000, 0x000000070fb00000| Untracked 
| 170|0x000000070fc00000, 0x000000070fc00000, 0x000000070fd00000|  0%| F|  |TAMS 0x000000070fc00000, 0x000000070fc00000| Untracked 
| 171|0x000000070fd00000, 0x000000070fd00000, 0x000000070fe00000|  0%| F|  |TAMS 0x000000070fd00000, 0x000000070fd00000| Untracked 
| 172|0x000000070fe00000, 0x000000070fe00000, 0x000000070ff00000|  0%| F|  |TAMS 0x000000070fe00000, 0x000000070fe00000| Untracked 
| 173|0x000000070ff00000, 0x000000070ff00000, 0x0000000710000000|  0%| F|  |TAMS 0x000000070ff00000, 0x000000070ff00000| Untracked 
| 174|0x0000000710000000, 0x0000000710000000, 0x0000000710100000|  0%| F|  |TAMS 0x0000000710000000, 0x0000000710000000| Untracked 
| 175|0x0000000710100000, 0x0000000710100000, 0x0000000710200000|  0%| F|  |TAMS 0x0000000710100000, 0x0000000710100000| Untracked 
| 176|0x0000000710200000, 0x0000000710200000, 0x0000000710300000|  0%| F|  |TAMS 0x0000000710200000, 0x0000000710200000| Untracked 
| 177|0x0000000710300000, 0x0000000710300000, 0x0000000710400000|  0%| F|  |TAMS 0x0000000710300000, 0x0000000710300000| Untracked 
| 178|0x0000000710400000, 0x0000000710400000, 0x0000000710500000|  0%| F|  |TAMS 0x0000000710400000, 0x0000000710400000| Untracked 
| 179|0x0000000710500000, 0x0000000710500000, 0x0000000710600000|  0%| F|  |TAMS 0x0000000710500000, 0x0000000710500000| Untracked 
| 180|0x0000000710600000, 0x0000000710600000, 0x0000000710700000|  0%| F|  |TAMS 0x0000000710600000, 0x0000000710600000| Untracked 
| 181|0x0000000710700000, 0x0000000710700000, 0x0000000710800000|  0%| F|  |TAMS 0x0000000710700000, 0x0000000710700000| Untracked 
| 182|0x0000000710800000, 0x0000000710800000, 0x0000000710900000|  0%| F|  |TAMS 0x0000000710800000, 0x0000000710800000| Untracked 
| 183|0x0000000710900000, 0x0000000710900000, 0x0000000710a00000|  0%| F|  |TAMS 0x0000000710900000, 0x0000000710900000| Untracked 
| 184|0x0000000710a00000, 0x0000000710a00000, 0x0000000710b00000|  0%| F|  |TAMS 0x0000000710a00000, 0x0000000710a00000| Untracked 
| 185|0x0000000710b00000, 0x0000000710b00000, 0x0000000710c00000|  0%| F|  |TAMS 0x0000000710b00000, 0x0000000710b00000| Untracked 
| 186|0x0000000710c00000, 0x0000000710c00000, 0x0000000710d00000|  0%| F|  |TAMS 0x0000000710c00000, 0x0000000710c00000| Untracked 
| 187|0x0000000710d00000, 0x0000000710d00000, 0x0000000710e00000|  0%| F|  |TAMS 0x0000000710d00000, 0x0000000710d00000| Untracked 
| 188|0x0000000710e00000, 0x0000000710e00000, 0x0000000710f00000|  0%| F|  |TAMS 0x0000000710e00000, 0x0000000710e00000| Untracked 
| 189|0x0000000710f00000, 0x0000000710f00000, 0x0000000711000000|  0%| F|  |TAMS 0x0000000710f00000, 0x0000000710f00000| Untracked 
| 190|0x0000000711000000, 0x0000000711000000, 0x0000000711100000|  0%| F|  |TAMS 0x0000000711000000, 0x0000000711000000| Untracked 
| 191|0x0000000711100000, 0x0000000711100000, 0x0000000711200000|  0%| F|  |TAMS 0x0000000711100000, 0x0000000711100000| Untracked 
| 192|0x0000000711200000, 0x0000000711200000, 0x0000000711300000|  0%| F|  |TAMS 0x0000000711200000, 0x0000000711200000| Untracked 
| 193|0x0000000711300000, 0x0000000711300000, 0x0000000711400000|  0%| F|  |TAMS 0x0000000711300000, 0x0000000711300000| Untracked 
| 194|0x0000000711400000, 0x0000000711400000, 0x0000000711500000|  0%| F|  |TAMS 0x0000000711400000, 0x0000000711400000| Untracked 
| 195|0x0000000711500000, 0x0000000711500000, 0x0000000711600000|  0%| F|  |TAMS 0x0000000711500000, 0x0000000711500000| Untracked 
| 196|0x0000000711600000, 0x0000000711700000, 0x0000000711700000|100%| E|  |TAMS 0x0000000711600000, 0x0000000711600000| Complete 
| 197|0x0000000711700000, 0x0000000711800000, 0x0000000711800000|100%| E|CS|TAMS 0x0000000711700000, 0x0000000711700000| Complete 
| 198|0x0000000711800000, 0x0000000711900000, 0x0000000711900000|100%| E|CS|TAMS 0x0000000711800000, 0x0000000711800000| Complete 
| 199|0x0000000711900000, 0x0000000711935c18, 0x0000000711a00000| 20%| S|CS|TAMS 0x0000000711900000, 0x0000000711900000| Complete 
| 200|0x0000000711a00000, 0x0000000711b00000, 0x0000000711b00000|100%| S|CS|TAMS 0x0000000711a00000, 0x0000000711a00000| Complete 
| 201|0x0000000711b00000, 0x0000000711c00000, 0x0000000711c00000|100%| S|CS|TAMS 0x0000000711b00000, 0x0000000711b00000| Complete 
| 202|0x0000000711c00000, 0x0000000711d00000, 0x0000000711d00000|100%| S|CS|TAMS 0x0000000711c00000, 0x0000000711c00000| Complete 
| 203|0x0000000711d00000, 0x0000000711e00000, 0x0000000711e00000|100%| S|CS|TAMS 0x0000000711d00000, 0x0000000711d00000| Complete 
| 204|0x0000000711e00000, 0x0000000711f00000, 0x0000000711f00000|100%| S|CS|TAMS 0x0000000711e00000, 0x0000000711e00000| Complete 
| 205|0x0000000711f00000, 0x0000000712000000, 0x0000000712000000|100%| E|CS|TAMS 0x0000000711f00000, 0x0000000711f00000| Complete 
| 206|0x0000000712000000, 0x0000000712100000, 0x0000000712100000|100%| E|CS|TAMS 0x0000000712000000, 0x0000000712000000| Complete 
| 207|0x0000000712100000, 0x0000000712200000, 0x0000000712200000|100%| E|CS|TAMS 0x0000000712100000, 0x0000000712100000| Complete 
| 208|0x0000000712200000, 0x0000000712300000, 0x0000000712300000|100%| E|CS|TAMS 0x0000000712200000, 0x0000000712200000| Complete 
| 209|0x0000000712300000, 0x0000000712400000, 0x0000000712400000|100%| E|CS|TAMS 0x0000000712300000, 0x0000000712300000| Complete 
| 210|0x0000000712400000, 0x0000000712500000, 0x0000000712500000|100%| E|CS|TAMS 0x0000000712400000, 0x0000000712400000| Complete 
| 211|0x0000000712500000, 0x0000000712600000, 0x0000000712600000|100%| E|CS|TAMS 0x0000000712500000, 0x0000000712500000| Complete 
| 212|0x0000000712600000, 0x0000000712700000, 0x0000000712700000|100%| E|CS|TAMS 0x0000000712600000, 0x0000000712600000| Complete 
| 213|0x0000000712700000, 0x0000000712800000, 0x0000000712800000|100%| E|CS|TAMS 0x0000000712700000, 0x0000000712700000| Complete 
| 214|0x0000000712800000, 0x0000000712900000, 0x0000000712900000|100%| E|CS|TAMS 0x0000000712800000, 0x0000000712800000| Complete 
| 215|0x0000000712900000, 0x0000000712a00000, 0x0000000712a00000|100%| E|CS|TAMS 0x0000000712900000, 0x0000000712900000| Complete 
| 216|0x0000000712a00000, 0x0000000712b00000, 0x0000000712b00000|100%| E|CS|TAMS 0x0000000712a00000, 0x0000000712a00000| Complete 
| 217|0x0000000712b00000, 0x0000000712c00000, 0x0000000712c00000|100%| E|CS|TAMS 0x0000000712b00000, 0x0000000712b00000| Complete 
| 218|0x0000000712c00000, 0x0000000712d00000, 0x0000000712d00000|100%| E|CS|TAMS 0x0000000712c00000, 0x0000000712c00000| Complete 
| 219|0x0000000712d00000, 0x0000000712e00000, 0x0000000712e00000|100%| E|CS|TAMS 0x0000000712d00000, 0x0000000712d00000| Complete 
| 220|0x0000000712e00000, 0x0000000712f00000, 0x0000000712f00000|100%| E|CS|TAMS 0x0000000712e00000, 0x0000000712e00000| Complete 
| 221|0x0000000712f00000, 0x0000000713000000, 0x0000000713000000|100%| E|CS|TAMS 0x0000000712f00000, 0x0000000712f00000| Complete 
| 222|0x0000000713000000, 0x0000000713100000, 0x0000000713100000|100%| E|CS|TAMS 0x0000000713000000, 0x0000000713000000| Complete 
| 223|0x0000000713100000, 0x0000000713200000, 0x0000000713200000|100%| E|CS|TAMS 0x0000000713100000, 0x0000000713100000| Complete 
| 224|0x0000000713200000, 0x0000000713300000, 0x0000000713300000|100%| E|CS|TAMS 0x0000000713200000, 0x0000000713200000| Complete 
| 225|0x0000000713300000, 0x0000000713400000, 0x0000000713400000|100%| E|CS|TAMS 0x0000000713300000, 0x0000000713300000| Complete 
| 226|0x0000000713400000, 0x0000000713500000, 0x0000000713500000|100%| E|CS|TAMS 0x0000000713400000, 0x0000000713400000| Complete 
| 227|0x0000000713500000, 0x0000000713600000, 0x0000000713600000|100%| E|CS|TAMS 0x0000000713500000, 0x0000000713500000| Complete 
| 228|0x0000000713600000, 0x0000000713700000, 0x0000000713700000|100%| E|CS|TAMS 0x0000000713600000, 0x0000000713600000| Complete 
| 229|0x0000000713700000, 0x0000000713800000, 0x0000000713800000|100%| E|CS|TAMS 0x0000000713700000, 0x0000000713700000| Complete 
| 230|0x0000000713800000, 0x0000000713900000, 0x0000000713900000|100%| E|CS|TAMS 0x0000000713800000, 0x0000000713800000| Complete 
| 231|0x0000000713900000, 0x0000000713a00000, 0x0000000713a00000|100%| E|CS|TAMS 0x0000000713900000, 0x0000000713900000| Complete 
| 232|0x0000000713a00000, 0x0000000713b00000, 0x0000000713b00000|100%| E|CS|TAMS 0x0000000713a00000, 0x0000000713a00000| Complete 
| 233|0x0000000713b00000, 0x0000000713c00000, 0x0000000713c00000|100%| E|CS|TAMS 0x0000000713b00000, 0x0000000713b00000| Complete 
| 234|0x0000000713c00000, 0x0000000713d00000, 0x0000000713d00000|100%| E|CS|TAMS 0x0000000713c00000, 0x0000000713c00000| Complete 
| 235|0x0000000713d00000, 0x0000000713e00000, 0x0000000713e00000|100%| E|CS|TAMS 0x0000000713d00000, 0x0000000713d00000| Complete 
| 236|0x0000000713e00000, 0x0000000713f00000, 0x0000000713f00000|100%| E|CS|TAMS 0x0000000713e00000, 0x0000000713e00000| Complete 
| 237|0x0000000713f00000, 0x0000000714000000, 0x0000000714000000|100%| E|CS|TAMS 0x0000000713f00000, 0x0000000713f00000| Complete 
| 238|0x0000000714000000, 0x0000000714100000, 0x0000000714100000|100%| E|CS|TAMS 0x0000000714000000, 0x0000000714000000| Complete 
| 239|0x0000000714100000, 0x0000000714200000, 0x0000000714200000|100%| E|CS|TAMS 0x0000000714100000, 0x0000000714100000| Complete 
| 240|0x0000000714200000, 0x0000000714300000, 0x0000000714300000|100%| E|CS|TAMS 0x0000000714200000, 0x0000000714200000| Complete 
| 241|0x0000000714300000, 0x0000000714400000, 0x0000000714400000|100%| E|CS|TAMS 0x0000000714300000, 0x0000000714300000| Complete 
| 242|0x0000000714400000, 0x0000000714500000, 0x0000000714500000|100%| E|CS|TAMS 0x0000000714400000, 0x0000000714400000| Complete 
| 243|0x0000000714500000, 0x0000000714600000, 0x0000000714600000|100%| E|CS|TAMS 0x0000000714500000, 0x0000000714500000| Complete 
| 244|0x0000000714600000, 0x0000000714700000, 0x0000000714700000|100%| E|CS|TAMS 0x0000000714600000, 0x0000000714600000| Complete 
| 245|0x0000000714700000, 0x0000000714800000, 0x0000000714800000|100%| E|CS|TAMS 0x0000000714700000, 0x0000000714700000| Complete 
| 246|0x0000000714800000, 0x0000000714900000, 0x0000000714900000|100%| E|CS|TAMS 0x0000000714800000, 0x0000000714800000| Complete 
| 247|0x0000000714900000, 0x0000000714a00000, 0x0000000714a00000|100%| E|CS|TAMS 0x0000000714900000, 0x0000000714900000| Complete 
| 248|0x0000000714a00000, 0x0000000714b00000, 0x0000000714b00000|100%| E|CS|TAMS 0x0000000714a00000, 0x0000000714a00000| Complete 
| 249|0x0000000714b00000, 0x0000000714c00000, 0x0000000714c00000|100%| E|CS|TAMS 0x0000000714b00000, 0x0000000714b00000| Complete 
| 250|0x0000000714c00000, 0x0000000714d00000, 0x0000000714d00000|100%| E|CS|TAMS 0x0000000714c00000, 0x0000000714c00000| Complete 
| 251|0x0000000714d00000, 0x0000000714e00000, 0x0000000714e00000|100%| E|CS|TAMS 0x0000000714d00000, 0x0000000714d00000| Complete 

Card table byte_map: [0x00007f97bb052000,0x00007f97bb829000] _byte_map_base: 0x00007f97b7829000

Marking Bits (Prev, Next): (CMBitMap*) 0x00007f97d808d540, (CMBitMap*) 0x00007f97d808d508
 Prev Bits: [0x00007f97b2b0b000, 0x00007f97b69c3000)
 Next Bits: [0x00007f97b69c3000, 0x00007f97ba87b000)

Polling page: 0x00007f97dfe56000

Metaspace:

Usage:
  Non-class:     26,09 MB capacity,    25,65 MB ( 98%) used,   380,59 KB (  1%) free+waste,    71,94 KB ( <1%) overhead. 
      Class:      3,59 MB capacity,     3,33 MB ( 93%) used,   224,46 KB (  6%) free+waste,    34,31 KB ( <1%) overhead. 
       Both:     29,68 MB capacity,    28,98 MB ( 98%) used,   605,05 KB (  2%) free+waste,   106,25 KB ( <1%) overhead. 

Virtual space:
  Non-class space:       28,00 MB reserved,      26,25 MB ( 94%) committed 
      Class space:        1,00 GB reserved,       3,62 MB ( <1%) committed 
             Both:        1,03 GB reserved,      29,87 MB (  3%) committed 

Chunk freelists:
   Non-Class:  10,62 KB
       Class:  768 bytes
        Both:  11,38 KB

CodeHeap 'non-profiled nmethods': size=120032Kb used=1024Kb max_used=1024Kb free=119007Kb
 bounds [0x00007f97c870a000, 0x00007f97c897a000, 0x00007f97cfc42000]
CodeHeap 'profiled nmethods': size=120028Kb used=4715Kb max_used=4715Kb free=115312Kb
 bounds [0x00007f97c11d3000, 0x00007f97c1673000, 0x00007f97c870a000]
CodeHeap 'non-nmethods': size=5700Kb used=1127Kb max_used=1155Kb free=4572Kb
 bounds [0x00007f97c0c42000, 0x00007f97c0eb2000, 0x00007f97c11d3000]
 total_blobs=3399 nmethods=2234 adapters=364
 compilation: enabled
              stopped_count=0, restarted_count=0
 full_count=0

Compilation events (10 events):
Event: 1,318 Thread 0x00007f9780090000 nmethod 2241 0x00007f97c8800710 code [0x00007f97c88008a0, 0x00007f97c8800918]
Event: 1,318 Thread 0x00007f9780090000 2268       4       java.lang.String::indexOf (29 bytes)
Event: 1,319 Thread 0x00007f97d8298000 nmethod 2284 0x00007f97c1623710 code [0x00007f97c1623940, 0x00007f97c16241e8]
Event: 1,319 Thread 0x00007f97d8298000 2289       3       org.apache.tomcat.util.digester.Digester::characters (66 bytes)
Event: 1,319 Thread 0x00007f97d8298000 nmethod 2289 0x00007f97c1624510 code [0x00007f97c1624820, 0x00007f97c1625868]
Event: 1,320 Thread 0x00007f97d8298000 2301       3       org.springframework.asm.Symbol::<init> (38 bytes)
Event: 1,320 Thread 0x00007f97d8298000 nmethod 2301 0x00007f97c1625f10 code [0x00007f97c16260e0, 0x00007f97c16263d0]
Event: 1,320 Thread 0x00007f97d8298000 2302       3       org.springframework.asm.SymbolTable::put (150 bytes)
Event: 1,320 Thread 0x00007f97d8298000 nmethod 2302 0x00007f97c1626490 code [0x00007f97c16266a0, 0x00007f97c1626fd0]
Event: 1,320 Thread 0x00007f97d8298000 2303       3       com.sun.org.apache.xerces.internal.impl.XMLEntityScanner::skipSpaces (350 bytes)

GC Heap History (6 events):
Event: 0,470 GC heap before
{Heap before GC invocations=0 (full 0):
 garbage-first heap   total 258048K, used 24576K [0x0000000705200000, 0x0000000800000000)
  region size 1024K, 24 young (24576K), 0 survivors (0K)
 Metaspace       used 11068K, capacity 11318K, committed 11392K, reserved 1058816K
  class space    used 1057K, capacity 1132K, committed 1152K, reserved 1048576K
}
Event: 0,474 GC heap after
{Heap after GC invocations=1 (full 0):
 garbage-first heap   total 258048K, used 8740K [0x0000000705200000, 0x0000000800000000)
  region size 1024K, 3 young (3072K), 3 survivors (3072K)
 Metaspace       used 11068K, capacity 11318K, committed 11392K, reserved 1058816K
  class space    used 1057K, capacity 1132K, committed 1152K, reserved 1048576K
}
Event: 0,646 GC heap before
{Heap before GC invocations=1 (full 0):
 garbage-first heap   total 258048K, used 61988K [0x0000000705200000, 0x0000000800000000)
  region size 1024K, 56 young (57344K), 3 survivors (3072K)
 Metaspace       used 13070K, capacity 13369K, committed 13440K, reserved 1060864K
  class space    used 1296K, capacity 1394K, committed 1408K, reserved 1048576K
}
Event: 0,658 GC heap after
{Heap after GC invocations=2 (full 0):
 garbage-first heap   total 258048K, used 9231K [0x0000000705200000, 0x0000000800000000)
  region size 1024K, 4 young (4096K), 4 survivors (4096K)
 Metaspace       used 13070K, capacity 13369K, committed 13440K, reserved 1060864K
  class space    used 1296K, capacity 1394K, committed 1408K, reserved 1048576K
}
Event: 0,999 GC heap before
{Heap before GC invocations=2 (full 0):
 garbage-first heap   total 258048K, used 56335K [0x0000000705200000, 0x0000000800000000)
  region size 1024K, 51 young (52224K), 4 survivors (4096K)
 Metaspace       used 20693K, capacity 21151K, committed 21248K, reserved 1069056K
  class space    used 2351K, capacity 2523K, committed 2560K, reserved 1048576K
}
Event: 1,005 GC heap after
{Heap after GC invocations=3 (full 0):
 garbage-first heap   total 258048K, used 11003K [0x0000000705200000, 0x0000000800000000)
  region size 1024K, 6 young (6144K), 6 survivors (6144K)
 Metaspace       used 20693K, capacity 21151K, committed 21248K, reserved 1069056K
  class space    used 2351K, capacity 2523K, committed 2560K, reserved 1048576K
}

Deoptimization events (10 events):
Event: 0,960 Thread 0x00007f974804f800 Uncommon trap: reason=bimorphic_or_optimized_type_check action=maybe_recompile pc=0x00007f97c879b910 method=java.util.HashMap.putVal(ILjava/lang/Object;Ljava/lang/Object;ZZ)Ljava/lang/Object; @ 91 c2
Event: 0,960 Thread 0x00007f974804f800 Uncommon trap: reason=bimorphic_or_optimized_type_check action=maybe_recompile pc=0x00007f97c879b910 method=java.util.HashMap.putVal(ILjava/lang/Object;Ljava/lang/Object;ZZ)Ljava/lang/Object; @ 91 c2
Event: 1,075 Thread 0x00007f9754003000 Uncommon trap: reason=bimorphic_or_optimized_type_check action=maybe_recompile pc=0x00007f97c87bc360 method=java.util.HashMap.putVal(ILjava/lang/Object;Ljava/lang/Object;ZZ)Ljava/lang/Object; @ 253 c2
Event: 1,098 Thread 0x00007f974804f800 Uncommon trap: reason=unstable_if action=reinterpret pc=0x00007f97c879d35c method=java.util.concurrent.ConcurrentHashMap.addCount(JI)V @ 34 c2
Event: 1,150 Thread 0x00007f9754003000 Uncommon trap: reason=bimorphic_or_optimized_type_check action=maybe_recompile pc=0x00007f97c87bc360 method=java.util.HashMap.putVal(ILjava/lang/Object;Ljava/lang/Object;ZZ)Ljava/lang/Object; @ 253 c2
Event: 1,185 Thread 0x00007f974804f800 Uncommon trap: reason=unstable_if action=reinterpret pc=0x00007f97c877b660 method=jdk.internal.org.objectweb.asm.Type.getArgumentsAndReturnSizes(Ljava/lang/String;)I @ 47 c2
Event: 1,204 Thread 0x00007f974804f800 Uncommon trap: reason=unstable_if action=reinterpret pc=0x00007f97c879d93c method=java.nio.Buffer.position(I)Ljava/nio/Buffer; @ 45 c2
Event: 1,206 Thread 0x00007f974804f800 Uncommon trap: reason=unstable_if action=reinterpret pc=0x00007f97c87d383c method=java.util.LinkedHashMap.get(Ljava/lang/Object;)Ljava/lang/Object; @ 20 c2
Event: 1,209 Thread 0x00007f974804f800 Uncommon trap: reason=unstable_if action=reinterpret pc=0x00007f97c87952b8 method=java.nio.Buffer.position(I)Ljava/nio/Buffer; @ 45 c2
Event: 1,319 Thread 0x00007f974804f800 Uncommon trap: reason=unstable_if action=reinterpret pc=0x00007f97c87ffefc method=com.sun.org.apache.xerces.internal.impl.XMLEntityScanner.skipSpaces()Z @ 125 c2

Classes redefined (0 events):
No events

Internal exceptions (10 events):
Event: 1,118 Thread 0x00007f9754003000 Exception <a 'java/lang/ClassNotFoundException'{0x0000000713c0f0c8}: org/springframework/context/EnvironmentAwareCustomizer> (0x0000000713c0f0c8) thrown at [/scratch/opt/mach5/mesos/work_dir/slaves/2dd962d0-8988-479b-a804-57ab764ada59-S1222/frameworks/173
Event: 1,118 Thread 0x00007f9754003000 Exception <a 'java/lang/ClassNotFoundException'{0x0000000713c20f08}: org/springframework/beans/factory/AwareCustomizer> (0x0000000713c20f08) thrown at [/scratch/opt/mach5/mesos/work_dir/slaves/2dd962d0-8988-479b-a804-57ab764ada59-S1222/frameworks/1735e8a2
Event: 1,185 Thread 0x00007f974804f800 Exception <a 'java/lang/NoSuchMethodError'{0x0000000712e2eb10}: java.lang.invoke.DirectMethodHandle$Holder.invokeSpecial(Ljava/lang/Object;Ljava/lang/Object;)J> (0x0000000712e2eb10) thrown at [/scratch/opt/mach5/mesos/work_dir/slaves/2dd962d0-8988-479b-a8
Event: 1,187 Thread 0x00007f974804f800 Exception <a 'java/lang/NoSuchMethodError'{0x0000000712e39230}: java.lang.invoke.DirectMethodHandle$Holder.invokeStatic(Ljava/lang/Object;Ljava/lang/Object;)J> (0x0000000712e39230) thrown at [/scratch/opt/mach5/mesos/work_dir/slaves/2dd962d0-8988-479b-a80
Event: 1,187 Thread 0x00007f974804f800 Exception <a 'java/lang/NoSuchMethodError'{0x0000000712e3c058}: java.lang.invoke.DirectMethodHandle$Holder.invokeStaticInit(Ljava/lang/Object;Ljava/lang/Object;)J> (0x0000000712e3c058) thrown at [/scratch/opt/mach5/mesos/work_dir/slaves/2dd962d0-8988-479b
Event: 1,188 Thread 0x00007f974804f800 Exception <a 'java/lang/NoSuchMethodError'{0x0000000712e48500}: java.lang.invoke.DirectMethodHandle$Holder.invokeInterface(Ljava/lang/Object;Ljava/lang/Object;)J> (0x0000000712e48500) thrown at [/scratch/opt/mach5/mesos/work_dir/slaves/2dd962d0-8988-479b-
Event: 1,188 Thread 0x00007f974804f800 Exception <a 'java/lang/IncompatibleClassChangeError'{0x0000000712e4b298}: Found class java.lang.Object, but interface was expected> (0x0000000712e4b298) thrown at [/scratch/opt/mach5/mesos/work_dir/slaves/2dd962d0-8988-479b-a804-57ab764ada59-S1222/framew
Event: 1,193 Thread 0x00007f974804f800 Exception <a 'java/lang/NoSuchMethodError'{0x0000000712ec6ac8}: java.lang.invoke.DirectMethodHandle$Holder.invokeVirtual(Ljava/lang/Object;Ljava/lang/Object;Ljava/lang/Object;Ljava/lang/Object;)Ljava/lang/Object;> (0x0000000712ec6ac8) thrown at [/scratch/
Event: 1,249 Thread 0x00007f9754003000 Exception <a 'java/lang/NoSuchMethodError'{0x00000007128db038}: java.lang.invoke.DirectMethodHandle$Holder.invokeSpecial(Ljava/lang/Object;Ljava/lang/Object;Ljava/lang/Object;Ljava/lang/Object;Ljava/lang/Object;)I> (0x00000007128db038) thrown at [/scratch
Event: 1,251 Thread 0x00007f9754003000 Exception <a 'java/lang/NoSuchMethodError'{0x00000007128f6458}: java.lang.invoke.DirectMethodHandle$Holder.invokeInterface(Ljava/lang/Object;Ljava/lang/Object;Ljava/lang/Object;Ljava/lang/Object;)V> (0x00000007128f6458) thrown at [/scratch/opt/mach5/mesos

Events (10 events):
Event: 1,312 loading class org/springframework/cglib/proxy/MethodProxy done
Event: 1,312 loading class org/springframework/cglib/proxy/MethodProxy$CreateInfo
Event: 1,312 loading class org/springframework/cglib/proxy/MethodProxy$CreateInfo done
Event: 1,313 loading class org/springframework/cglib/proxy/Enhancer$EnhancerFactoryData
Event: 1,313 loading class org/springframework/cglib/proxy/Enhancer$EnhancerFactoryData done
Event: 1,313 loading class jdk/internal/reflect/UnsafeStaticObjectFieldAccessorImpl
Event: 1,313 loading class jdk/internal/reflect/UnsafeStaticObjectFieldAccessorImpl done
Event: 1,319 Thread 0x00007f974804f800 Uncommon trap: trap_request=0xffffff4d fr.pc=0x00007f97c87ffefc relative=0x000000000000031c
Event: 1,319 Thread 0x00007f974804f800 DEOPT PACKING pc=0x00007f97c87ffefc sp=0x00007f97a88d7150
Event: 1,319 Thread 0x00007f974804f800 DEOPT UNPACKING pc=0x00007f97c0c6a9a5 sp=0x00007f97a88d70f8 mode 2


Dynamic libraries:
00400000-00401000 r-xp 00000000 08:17 2501090                            /usr/lib/jvm/java-11-oracle/bin/java
00600000-00601000 r--p 00000000 08:17 2501090                            /usr/lib/jvm/java-11-oracle/bin/java
00601000-00602000 rw-p 00001000 08:17 2501090                            /usr/lib/jvm/java-11-oracle/bin/java
0128a000-012ab000 rw-p 00000000 00:00 0                                  [heap]
705200000-714e00000 rw-p 00000000 00:00 0 
714e00000-800000000 ---p 00000000 00:00 0 
800000000-80039f000 rw-p 00000000 00:00 0 
80039f000-840000000 ---p 00000000 00:00 0 
7f972c000000-7f972c030000 rw-p 00000000 00:00 0 
7f972c030000-7f9730000000 ---p 00000000 00:00 0 
7f9734000000-7f9734021000 rw-p 00000000 00:00 0 
7f9734021000-7f9738000000 ---p 00000000 00:00 0 
7f9738000000-7f9738021000 rw-p 00000000 00:00 0 
7f9738021000-7f973c000000 ---p 00000000 00:00 0 
7f973e993000-7f973e9d3000 rw-p 00000000 00:00 0 
7f973e9d3000-7f973eb93000 ---p 00000000 00:00 0 
7f973eb93000-7f973efd7000 rw-p 00000000 00:00 0 
7f973efd7000-7f973f1d7000 rw-p 00000000 00:00 0 
7f973f1d7000-7f973f3d7000 rw-p 00000000 00:00 0 
7f973f3d7000-7f973f3d8000 ---p 00000000 00:00 0 
7f973f3d8000-7f973f4d9000 rw-p 00000000 00:00 0 
7f973f4d9000-7f973f4da000 ---p 00000000 00:00 0 
7f973f4da000-7f973f7db000 rw-p 00000000 00:00 0 
7f973f7db000-7f973f9db000 rw-p 00000000 00:00 0 
7f973f9db000-7f973f9f2000 r-xp 00000000 08:17 2102813                    /lib/x86_64-linux-gnu/libresolv-2.27.so
7f973f9f2000-7f973fbf2000 ---p 00017000 08:17 2102813                    /lib/x86_64-linux-gnu/libresolv-2.27.so
7f973fbf2000-7f973fbf3000 r--p 00017000 08:17 2102813                    /lib/x86_64-linux-gnu/libresolv-2.27.so
7f973fbf3000-7f973fbf4000 rw-p 00018000 08:17 2102813                    /lib/x86_64-linux-gnu/libresolv-2.27.so
7f973fbf4000-7f973fbf6000 rw-p 00000000 00:00 0 
7f973fbf6000-7f973fbfb000 r-xp 00000000 08:17 2102762                    /lib/x86_64-linux-gnu/libnss_dns-2.27.so
7f973fbfb000-7f973fdfb000 ---p 00005000 08:17 2102762                    /lib/x86_64-linux-gnu/libnss_dns-2.27.so
7f973fdfb000-7f973fdfc000 r--p 00005000 08:17 2102762                    /lib/x86_64-linux-gnu/libnss_dns-2.27.so
7f973fdfc000-7f973fdfd000 rw-p 00006000 08:17 2102762                    /lib/x86_64-linux-gnu/libnss_dns-2.27.so
7f973fdfd000-7f973fdff000 r-xp 00000000 08:17 2102770                    /lib/x86_64-linux-gnu/libnss_mdns4_minimal.so.2
7f973fdff000-7f973fffe000 ---p 00002000 08:17 2102770                    /lib/x86_64-linux-gnu/libnss_mdns4_minimal.so.2
7f973fffe000-7f973ffff000 r--p 00001000 08:17 2102770                    /lib/x86_64-linux-gnu/libnss_mdns4_minimal.so.2
7f973ffff000-7f9740000000 rw-p 00002000 08:17 2102770                    /lib/x86_64-linux-gnu/libnss_mdns4_minimal.so.2
7f9740000000-7f9740021000 rw-p 00000000 00:00 0 
7f9740021000-7f9744000000 ---p 00000000 00:00 0 
7f9744000000-7f9744021000 rw-p 00000000 00:00 0 
7f9744021000-7f9748000000 ---p 00000000 00:00 0 
7f9748000000-7f9748358000 rw-p 00000000 00:00 0 
7f9748358000-7f974c000000 ---p 00000000 00:00 0 
7f974c000000-7f974c46a000 rw-p 00000000 00:00 0 
7f974c46a000-7f9750000000 ---p 00000000 00:00 0 
7f9750000000-7f9750021000 rw-p 00000000 00:00 0 
7f9750021000-7f9754000000 ---p 00000000 00:00 0 
7f9754000000-7f9754021000 rw-p 00000000 00:00 0 
7f9754021000-7f9758000000 ---p 00000000 00:00 0 
7f9758000000-7f9758021000 rw-p 00000000 00:00 0 
7f9758021000-7f975c000000 ---p 00000000 00:00 0 
7f975c000000-7f975c021000 rw-p 00000000 00:00 0 
7f975c021000-7f9760000000 ---p 00000000 00:00 0 
7f9760000000-7f9760021000 rw-p 00000000 00:00 0 
7f9760021000-7f9764000000 ---p 00000000 00:00 0 
7f9764000000-7f9764021000 rw-p 00000000 00:00 0 
7f9764021000-7f9768000000 ---p 00000000 00:00 0 
7f9768000000-7f9768021000 rw-p 00000000 00:00 0 
7f9768021000-7f976c000000 ---p 00000000 00:00 0 
7f976c000000-7f976c434000 rw-p 00000000 00:00 0 
7f976c434000-7f9770000000 ---p 00000000 00:00 0 
7f9770000000-7f9770021000 rw-p 00000000 00:00 0 
7f9770021000-7f9774000000 ---p 00000000 00:00 0 
7f9774000000-7f9774021000 rw-p 00000000 00:00 0 
7f9774021000-7f9778000000 ---p 00000000 00:00 0 
7f9778000000-7f9778021000 rw-p 00000000 00:00 0 
7f9778021000-7f977c000000 ---p 00000000 00:00 0 
7f977c000000-7f977c73e000 rw-p 00000000 00:00 0 
7f977c73e000-7f9780000000 ---p 00000000 00:00 0 
7f9780000000-7f978050d000 rw-p 00000000 00:00 0 
7f978050d000-7f9784000000 ---p 00000000 00:00 0 
7f9784000000-7f9784021000 rw-p 00000000 00:00 0 
7f9784021000-7f9788000000 ---p 00000000 00:00 0 
7f9788000000-7f9788021000 rw-p 00000000 00:00 0 
7f9788021000-7f978c000000 ---p 00000000 00:00 0 
7f978c000000-7f978c962000 rw-p 00000000 00:00 0 
7f978c962000-7f9790000000 ---p 00000000 00:00 0 
7f9790000000-7f9790021000 rw-p 00000000 00:00 0 
7f9790021000-7f9794000000 ---p 00000000 00:00 0 
7f9794000000-7f9794021000 rw-p 00000000 00:00 0 
7f9794021000-7f9798000000 ---p 00000000 00:00 0 
7f9798000000-7f9798021000 rw-p 00000000 00:00 0 
7f9798021000-7f979c000000 ---p 00000000 00:00 0 
7f979c000000-7f979c07b000 rw-p 00000000 00:00 0 
7f979c07b000-7f97a0000000 ---p 00000000 00:00 0 
7f97a0000000-7f97a0021000 rw-p 00000000 00:00 0 
7f97a0021000-7f97a4000000 ---p 00000000 00:00 0 
7f97a4000000-7f97a4021000 rw-p 00000000 00:00 0 
7f97a4021000-7f97a8000000 ---p 00000000 00:00 0 
7f97a80d4000-7f97a80d8000 ---p 00000000 00:00 0 
7f97a80d8000-7f97a83d5000 rw-p 00000000 00:00 0 
7f97a83d5000-7f97a85d5000 rw-p 00000000 00:00 0 
7f97a85d5000-7f97a85d6000 ---p 00000000 00:00 0 
7f97a85d6000-7f97a86d7000 rw-p 00000000 00:00 0 
7f97a86d7000-7f97a86d8000 ---p 00000000 00:00 0 
7f97a86d8000-7f97a87d9000 rw-p 00000000 00:00 0 
7f97a87d9000-7f97a87dd000 ---p 00000000 00:00 0 
7f97a87dd000-7f97a88da000 rw-p 00000000 00:00 0 
7f97a88da000-7f97a88de000 ---p 00000000 00:00 0 
7f97a88de000-7f97a89db000 rw-p 00000000 00:00 0 
7f97a89db000-7f97a89df000 ---p 00000000 00:00 0 
7f97a89df000-7f97a8cdc000 rw-p 00000000 00:00 0 
7f97a8cdc000-7f97a8cdd000 ---p 00000000 00:00 0 
7f97a8cdd000-7f97a8dde000 rw-p 00000000 00:00 0 
7f97a8dde000-7f97a8ddf000 ---p 00000000 00:00 0 
7f97a8ddf000-7f97a8ee0000 rw-p 00000000 00:00 0 
7f97a8ee0000-7f97a8ee1000 ---p 00000000 00:00 0 
7f97a8ee1000-7f97a8fe2000 rw-p 00000000 00:00 0 
7f97a8fe2000-7f97a8fe3000 ---p 00000000 00:00 0 
7f97a8fe3000-7f97a90e4000 rw-p 00000000 00:00 0 
7f97a90e4000-7f97a90e5000 ---p 00000000 00:00 0 
7f97a90e5000-7f97a91e6000 rw-p 00000000 00:00 0 
7f97a91e6000-7f97a91eb000 r-xp 00000000 08:17 2635681                    /usr/lib/jvm/java-11-oracle/lib/libmanagement_ext.so
7f97a91eb000-7f97a93ea000 ---p 00005000 08:17 2635681                    /usr/lib/jvm/java-11-oracle/lib/libmanagement_ext.so
7f97a93ea000-7f97a93eb000 r--p 00004000 08:17 2635681                    /usr/lib/jvm/java-11-oracle/lib/libmanagement_ext.so
7f97a93eb000-7f97a93ec000 rw-p 00005000 08:17 2635681                    /usr/lib/jvm/java-11-oracle/lib/libmanagement_ext.so
7f97a93ec000-7f97a93f0000 r-xp 00000000 08:17 2635679                    /usr/lib/jvm/java-11-oracle/lib/libmanagement.so
7f97a93f0000-7f97a95ef000 ---p 00004000 08:17 2635679                    /usr/lib/jvm/java-11-oracle/lib/libmanagement.so
7f97a95ef000-7f97a95f0000 r--p 00003000 08:17 2635679                    /usr/lib/jvm/java-11-oracle/lib/libmanagement.so
7f97a95f0000-7f97a95f1000 rw-p 00004000 08:17 2635679                    /usr/lib/jvm/java-11-oracle/lib/libmanagement.so
7f97a95f1000-7f97a95f5000 ---p 00000000 00:00 0 
7f97a95f5000-7f97a98f2000 rw-p 00000000 00:00 0 
7f97a98f2000-7f97a98f4000 r-xp 00000000 08:17 2635664                    /usr/lib/jvm/java-11-oracle/lib/libextnet.so
7f97a98f4000-7f97a9af3000 ---p 00002000 08:17 2635664                    /usr/lib/jvm/java-11-oracle/lib/libextnet.so
7f97a9af3000-7f97a9af4000 r--p 00001000 08:17 2635664                    /usr/lib/jvm/java-11-oracle/lib/libextnet.so
7f97a9af4000-7f97a9af5000 rw-p 00002000 08:17 2635664                    /usr/lib/jvm/java-11-oracle/lib/libextnet.so
7f97a9af5000-7f97a9af6000 ---p 00000000 00:00 0 
7f97a9af6000-7f97a9bf7000 rw-p 00000000 00:00 0 
7f97a9bf7000-7f97a9bfb000 ---p 00000000 00:00 0 
7f97a9bfb000-7f97a9cf8000 rw-p 00000000 00:00 0 
7f97a9cf8000-7f97a9cfc000 ---p 00000000 00:00 0 
7f97a9cfc000-7f97a9df9000 rw-p 00000000 00:00 0 
7f97a9df9000-7f97a9e0f000 r-xp 00000000 08:17 2635683                    /usr/lib/jvm/java-11-oracle/lib/libnet.so
7f97a9e0f000-7f97aa00f000 ---p 00016000 08:17 2635683                    /usr/lib/jvm/java-11-oracle/lib/libnet.so
7f97aa00f000-7f97aa010000 r--p 00016000 08:17 2635683                    /usr/lib/jvm/java-11-oracle/lib/libnet.so
7f97aa010000-7f97aa011000 rw-p 00017000 08:17 2635683                    /usr/lib/jvm/java-11-oracle/lib/libnet.so
7f97aa011000-7f97aa021000 r-xp 00000000 08:17 2635684                    /usr/lib/jvm/java-11-oracle/lib/libnio.so
7f97aa021000-7f97aa220000 ---p 00010000 08:17 2635684                    /usr/lib/jvm/java-11-oracle/lib/libnio.so
7f97aa220000-7f97aa221000 r--p 0000f000 08:17 2635684                    /usr/lib/jvm/java-11-oracle/lib/libnio.so
7f97aa221000-7f97aa222000 rw-p 00010000 08:17 2635684                    /usr/lib/jvm/java-11-oracle/lib/libnio.so
7f97aa222000-7f97aa226000 ---p 00000000 00:00 0 
7f97aa226000-7f97aa323000 rw-p 00000000 00:00 0 
7f97aa323000-7f97aa327000 ---p 00000000 00:00 0 
7f97aa327000-7f97aa424000 rw-p 00000000 00:00 0 
7f97aa424000-7f97aa428000 ---p 00000000 00:00 0 
7f97aa428000-7f97aa525000 rw-p 00000000 00:00 0 
7f97aa525000-7f97aa529000 ---p 00000000 00:00 0 
7f97aa529000-7f97aa626000 rw-p 00000000 00:00 0 
7f97aa626000-7f97aa62a000 ---p 00000000 00:00 0 
7f97aa62a000-7f97aa727000 rw-p 00000000 00:00 0 
7f97aa727000-7f97aa72b000 ---p 00000000 00:00 0 
7f97aa72b000-7f97aa828000 rw-p 00000000 00:00 0 
7f97aa828000-7f97ab1f7000 r--p 00000000 08:17 2497264                    /usr/lib/locale/locale-archive
7f97ab1f7000-7f97ab1fb000 ---p 00000000 00:00 0 
7f97ab1fb000-7f97ab2f8000 rw-p 00000000 00:00 0 
7f97ab2f8000-7f97ab2fc000 ---p 00000000 00:00 0 
7f97ab2fc000-7f97ab3f9000 rw-p 00000000 00:00 0 
7f97ab3f9000-7f97ab3fa000 ---p 00000000 00:00 0 
7f97ab3fa000-7f97abcfb000 rw-p 00000000 00:00 0 
7f97abcfb000-7f97abcfc000 ---p 00000000 00:00 0 
7f97abcfc000-7f97abdfd000 rw-p 00000000 00:00 0 
7f97abdfd000-7f97abdfe000 ---p 00000000 00:00 0 
7f97abdfe000-7f97ac000000 rw-p 00000000 00:00 0 
7f97ac000000-7f97ac021000 rw-p 00000000 00:00 0 
7f97ac021000-7f97b0000000 ---p 00000000 00:00 0 
7f97b0100000-7f97b2a09000 rw-p 00000000 00:00 0 
7f97b2a09000-7f97b2a0a000 ---p 00000000 00:00 0 
7f97b2a0a000-7f97b2efb000 rw-p 00000000 00:00 0 
7f97b2efb000-7f97b69c3000 ---p 00000000 00:00 0 
7f97b69c3000-7f97b6db3000 rw-p 00000000 00:00 0 
7f97b6db3000-7f97ba87b000 ---p 00000000 00:00 0 
7f97ba87b000-7f97ba8f9000 rw-p 00000000 00:00 0 
7f97ba8f9000-7f97bb052000 ---p 00000000 00:00 0 
7f97bb052000-7f97bb0d0000 rw-p 00000000 00:00 0 
7f97bb0d0000-7f97bb829000 ---p 00000000 00:00 0 
7f97bb829000-7f97bb8a7000 rw-p 00000000 00:00 0 
7f97bb8a7000-7f97bc000000 ---p 00000000 00:00 0 
7f97bc000000-7f97bc021000 rw-p 00000000 00:00 0 
7f97bc021000-7f97c0000000 ---p 00000000 00:00 0 
7f97c0033000-7f97c0034000 ---p 00000000 00:00 0 
7f97c0034000-7f97c0c42000 rw-p 00000000 00:00 0 
7f97c0c42000-7f97c0eb2000 rwxp 00000000 00:00 0 
7f97c0eb2000-7f97c11d3000 ---p 00000000 00:00 0 
7f97c11d3000-7f97c1673000 rwxp 00000000 00:00 0 
7f97c1673000-7f97c870a000 ---p 00000000 00:00 0 
7f97c870a000-7f97c897a000 rwxp 00000000 00:00 0 
7f97c897a000-7f97cfc42000 ---p 00000000 00:00 0 
7f97cfc42000-7f97d8000000 r--s 00000000 08:17 2635694                    /usr/lib/jvm/java-11-oracle/lib/modules
7f97d8000000-7f97d9048000 rw-p 00000000 00:00 0 
7f97d9048000-7f97dc000000 ---p 00000000 00:00 0 
7f97dc011000-7f97dc037000 r--p 00000000 08:17 2890895                    /usr/share/locale-langpack/de/LC_MESSAGES/libc.mo
7f97dc037000-7f97dc038000 ---p 00000000 00:00 0 
7f97dc038000-7f97dc13e000 rw-p 00000000 00:00 0 
7f97dc13e000-7f97dc224000 ---p 00000000 00:00 0 
7f97dc224000-7f97dc22e000 rw-p 00000000 00:00 0 
7f97dc22e000-7f97dc30f000 ---p 00000000 00:00 0 
7f97dc30f000-7f97dc32a000 r-xp 00000000 08:17 2635675                    /usr/lib/jvm/java-11-oracle/lib/libjimage.so
7f97dc32a000-7f97dc529000 ---p 0001b000 08:17 2635675                    /usr/lib/jvm/java-11-oracle/lib/libjimage.so
7f97dc529000-7f97dc52b000 r--p 0001a000 08:17 2635675                    /usr/lib/jvm/java-11-oracle/lib/libjimage.so
7f97dc52b000-7f97dc52c000 rw-p 0001c000 08:17 2635675                    /usr/lib/jvm/java-11-oracle/lib/libjimage.so
7f97dc52c000-7f97dc533000 r-xp 00000000 08:17 2635693                    /usr/lib/jvm/java-11-oracle/lib/libzip.so
7f97dc533000-7f97dc732000 ---p 00007000 08:17 2635693                    /usr/lib/jvm/java-11-oracle/lib/libzip.so
7f97dc732000-7f97dc733000 r--p 00006000 08:17 2635693                    /usr/lib/jvm/java-11-oracle/lib/libzip.so
7f97dc733000-7f97dc734000 rw-p 00007000 08:17 2635693                    /usr/lib/jvm/java-11-oracle/lib/libzip.so
7f97dc734000-7f97dc73f000 r-xp 00000000 08:17 2102764                    /lib/x86_64-linux-gnu/libnss_files-2.27.so
7f97dc73f000-7f97dc93e000 ---p 0000b000 08:17 2102764                    /lib/x86_64-linux-gnu/libnss_files-2.27.so
7f97dc93e000-7f97dc93f000 r--p 0000a000 08:17 2102764                    /lib/x86_64-linux-gnu/libnss_files-2.27.so
7f97dc93f000-7f97dc940000 rw-p 0000b000 08:17 2102764                    /lib/x86_64-linux-gnu/libnss_files-2.27.so
7f97dc940000-7f97dc946000 rw-p 00000000 00:00 0 
7f97dc946000-7f97dc95d000 r-xp 00000000 08:17 2102758                    /lib/x86_64-linux-gnu/libnsl-2.27.so
7f97dc95d000-7f97dcb5c000 ---p 00017000 08:17 2102758                    /lib/x86_64-linux-gnu/libnsl-2.27.so
7f97dcb5c000-7f97dcb5d000 r--p 00016000 08:17 2102758                    /lib/x86_64-linux-gnu/libnsl-2.27.so
7f97dcb5d000-7f97dcb5e000 rw-p 00017000 08:17 2102758                    /lib/x86_64-linux-gnu/libnsl-2.27.so
7f97dcb5e000-7f97dcb60000 rw-p 00000000 00:00 0 
7f97dcb60000-7f97dcb6b000 r-xp 00000000 08:17 2102775                    /lib/x86_64-linux-gnu/libnss_nis-2.27.so
7f97dcb6b000-7f97dcd6a000 ---p 0000b000 08:17 2102775                    /lib/x86_64-linux-gnu/libnss_nis-2.27.so
7f97dcd6a000-7f97dcd6b000 r--p 0000a000 08:17 2102775                    /lib/x86_64-linux-gnu/libnss_nis-2.27.so
7f97dcd6b000-7f97dcd6c000 rw-p 0000b000 08:17 2102775                    /lib/x86_64-linux-gnu/libnss_nis-2.27.so
7f97dcd6c000-7f97dcd74000 r-xp 00000000 08:17 2102760                    /lib/x86_64-linux-gnu/libnss_compat-2.27.so
7f97dcd74000-7f97dcf74000 ---p 00008000 08:17 2102760                    /lib/x86_64-linux-gnu/libnss_compat-2.27.so
7f97dcf74000-7f97dcf75000 r--p 00008000 08:17 2102760                    /lib/x86_64-linux-gnu/libnss_compat-2.27.so
7f97dcf75000-7f97dcf76000 rw-p 00009000 08:17 2102760                    /lib/x86_64-linux-gnu/libnss_compat-2.27.so
7f97dcf76000-7f97dcf80000 r-xp 00000000 08:17 2635666                    /usr/lib/jvm/java-11-oracle/lib/libinstrument.so
7f97dcf80000-7f97dd17f000 ---p 0000a000 08:17 2635666                    /usr/lib/jvm/java-11-oracle/lib/libinstrument.so
7f97dd17f000-7f97dd180000 r--p 00009000 08:17 2635666                    /usr/lib/jvm/java-11-oracle/lib/libinstrument.so
7f97dd180000-7f97dd181000 rw-p 0000a000 08:17 2635666                    /usr/lib/jvm/java-11-oracle/lib/libinstrument.so
7f97dd181000-7f97dd1aa000 r-xp 00000000 08:17 2635671                    /usr/lib/jvm/java-11-oracle/lib/libjava.so
7f97dd1aa000-7f97dd3aa000 ---p 00029000 08:17 2635671                    /usr/lib/jvm/java-11-oracle/lib/libjava.so
7f97dd3aa000-7f97dd3ab000 r--p 00029000 08:17 2635671                    /usr/lib/jvm/java-11-oracle/lib/libjava.so
7f97dd3ab000-7f97dd3ad000 rw-p 0002a000 08:17 2635671                    /usr/lib/jvm/java-11-oracle/lib/libjava.so
7f97dd3ad000-7f97dd3ba000 r-xp 00000000 08:17 2635692                    /usr/lib/jvm/java-11-oracle/lib/libverify.so
7f97dd3ba000-7f97dd5b9000 ---p 0000d000 08:17 2635692                    /usr/lib/jvm/java-11-oracle/lib/libverify.so
7f97dd5b9000-7f97dd5bb000 r--p 0000c000 08:17 2635692                    /usr/lib/jvm/java-11-oracle/lib/libverify.so
7f97dd5bb000-7f97dd5bc000 rw-p 0000e000 08:17 2635692                    /usr/lib/jvm/java-11-oracle/lib/libverify.so
7f97dd5bc000-7f97dd5c3000 r-xp 00000000 08:17 2102815                    /lib/x86_64-linux-gnu/librt-2.27.so
7f97dd5c3000-7f97dd7c2000 ---p 00007000 08:17 2102815                    /lib/x86_64-linux-gnu/librt-2.27.so
7f97dd7c2000-7f97dd7c3000 r--p 00006000 08:17 2102815                    /lib/x86_64-linux-gnu/librt-2.27.so
7f97dd7c3000-7f97dd7c4000 rw-p 00007000 08:17 2102815                    /lib/x86_64-linux-gnu/librt-2.27.so
7f97dd7c4000-7f97dd961000 r-xp 00000000 08:17 2102737                    /lib/x86_64-linux-gnu/libm-2.27.so
7f97dd961000-7f97ddb60000 ---p 0019d000 08:17 2102737                    /lib/x86_64-linux-gnu/libm-2.27.so
7f97ddb60000-7f97ddb61000 r--p 0019c000 08:17 2102737                    /lib/x86_64-linux-gnu/libm-2.27.so
7f97ddb61000-7f97ddb62000 rw-p 0019d000 08:17 2102737                    /lib/x86_64-linux-gnu/libm-2.27.so
7f97ddb62000-7f97deca1000 r-xp 00000000 08:17 2762028                    /usr/lib/jvm/java-11-oracle/lib/server/libjvm.so
7f97deca1000-7f97deea1000 ---p 0113f000 08:17 2762028                    /usr/lib/jvm/java-11-oracle/lib/server/libjvm.so
7f97deea1000-7f97def60000 r--p 0113f000 08:17 2762028                    /usr/lib/jvm/java-11-oracle/lib/server/libjvm.so
7f97def60000-7f97def99000 rw-p 011fe000 08:17 2762028                    /usr/lib/jvm/java-11-oracle/lib/server/libjvm.so
7f97def99000-7f97defef000 rw-p 00000000 00:00 0 
7f97defef000-7f97df1d6000 r-xp 00000000 08:17 2102674                    /lib/x86_64-linux-gnu/libc-2.27.so
7f97df1d6000-7f97df3d6000 ---p 001e7000 08:17 2102674                    /lib/x86_64-linux-gnu/libc-2.27.so
7f97df3d6000-7f97df3da000 r--p 001e7000 08:17 2102674                    /lib/x86_64-linux-gnu/libc-2.27.so
7f97df3da000-7f97df3dc000 rw-p 001eb000 08:17 2102674                    /lib/x86_64-linux-gnu/libc-2.27.so
7f97df3dc000-7f97df3e0000 rw-p 00000000 00:00 0 
7f97df3e0000-7f97df3e3000 r-xp 00000000 08:17 2102697                    /lib/x86_64-linux-gnu/libdl-2.27.so
7f97df3e3000-7f97df5e2000 ---p 00003000 08:17 2102697                    /lib/x86_64-linux-gnu/libdl-2.27.so
7f97df5e2000-7f97df5e3000 r--p 00002000 08:17 2102697                    /lib/x86_64-linux-gnu/libdl-2.27.so
7f97df5e3000-7f97df5e4000 rw-p 00003000 08:17 2102697                    /lib/x86_64-linux-gnu/libdl-2.27.so
7f97df5e4000-7f97df5f4000 r-xp 00000000 08:17 2635656                    /usr/lib/jvm/java-11-oracle/lib/jli/libjli.so
7f97df5f4000-7f97df7f3000 ---p 00010000 08:17 2635656                    /usr/lib/jvm/java-11-oracle/lib/jli/libjli.so
7f97df7f3000-7f97df7f4000 r--p 0000f000 08:17 2635656                    /usr/lib/jvm/java-11-oracle/lib/jli/libjli.so
7f97df7f4000-7f97df7f5000 rw-p 00010000 08:17 2635656                    /usr/lib/jvm/java-11-oracle/lib/jli/libjli.so
7f97df7f5000-7f97df80f000 r-xp 00000000 08:17 2102807                    /lib/x86_64-linux-gnu/libpthread-2.27.so
7f97df80f000-7f97dfa0e000 ---p 0001a000 08:17 2102807                    /lib/x86_64-linux-gnu/libpthread-2.27.so
7f97dfa0e000-7f97dfa0f000 r--p 00019000 08:17 2102807                    /lib/x86_64-linux-gnu/libpthread-2.27.so
7f97dfa0f000-7f97dfa10000 rw-p 0001a000 08:17 2102807                    /lib/x86_64-linux-gnu/libpthread-2.27.so
7f97dfa10000-7f97dfa14000 rw-p 00000000 00:00 0 
7f97dfa14000-7f97dfa30000 r-xp 00000000 08:17 2102846                    /lib/x86_64-linux-gnu/libz.so.1.2.11
7f97dfa30000-7f97dfc2f000 ---p 0001c000 08:17 2102846                    /lib/x86_64-linux-gnu/libz.so.1.2.11
7f97dfc2f000-7f97dfc30000 r--p 0001b000 08:17 2102846                    /lib/x86_64-linux-gnu/libz.so.1.2.11
7f97dfc30000-7f97dfc31000 rw-p 0001c000 08:17 2102846                    /lib/x86_64-linux-gnu/libz.so.1.2.11
7f97dfc31000-7f97dfc58000 r-xp 00000000 08:17 2102646                    /lib/x86_64-linux-gnu/ld-2.27.so
7f97dfc59000-7f97dfc60000 r--s 00000000 08:17 2756236                    /usr/lib/x86_64-linux-gnu/gconv/gconv-modules.cache
7f97dfc60000-7f97dfd3c000 rw-p 00000000 00:00 0 
7f97dfd3c000-7f97dfd40000 ---p 00000000 00:00 0 
7f97dfd40000-7f97dfe41000 rw-p 00000000 00:00 0 
7f97dfe42000-7f97dfe47000 rw-p 00000000 00:00 0 
7f97dfe47000-7f97dfe4e000 ---p 00000000 00:00 0 
7f97dfe4e000-7f97dfe56000 rw-s 00000000 08:17 2360675                    /tmp/hsperfdata_tobiasbe/14434
7f97dfe56000-7f97dfe57000 ---p 00000000 00:00 0 
7f97dfe57000-7f97dfe58000 r--p 00000000 00:00 0 
7f97dfe58000-7f97dfe59000 r--p 00027000 08:17 2102646                    /lib/x86_64-linux-gnu/ld-2.27.so
7f97dfe59000-7f97dfe5a000 rw-p 00028000 08:17 2102646                    /lib/x86_64-linux-gnu/ld-2.27.so
7f97dfe5a000-7f97dfe5b000 rw-p 00000000 00:00 0 
7ffdd2730000-7ffdd2755000 rw-p 00000000 00:00 0                          [stack]
7ffdd278a000-7ffdd278d000 r--p 00000000 00:00 0                          [vvar]
7ffdd278d000-7ffdd278f000 r-xp 00000000 00:00 0                          [vdso]
ffffffffff600000-ffffffffff601000 r-xp 00000000 00:00 0                  [vsyscall]


VM Arguments:
jvm_args: -javaagent:/snap/intellij-idea-community/158/lib/idea_rt.jar=39039:/snap/intellij-idea-community/158/bin -Dfile.encoding=UTF-8 
java_command: de.tobiasbecode.spring5shop.Spring5ShopApplication
java_class_path (initial): /home/tobiasbe/Dokumente/Programmierung/Projekte/spring5-shop/products/target/classes:/home/tobiasbe/.m2/repository/org/springframework/boot/spring-boot-starter-actuator/2.1.3.RELEASE/spring-boot-starter-actuator-2.1.3.RELEASE.jar:/home/tobiasbe/.m2/repository/org/springframework/boot/spring-boot-starter/2.1.3.RELEASE/spring-boot-starter-2.1.3.RELEASE.jar:/home/tobiasbe/.m2/repository/org/springframework/boot/spring-boot-starter-logging/2.1.3.RELEASE/spring-boot-starter-logging-2.1.3.RELEASE.jar:/home/tobiasbe/.m2/repository/ch/qos/logback/logback-classic/1.2.3/logback-classic-1.2.3.jar:/home/tobiasbe/.m2/repository/ch/qos/logback/logback-core/1.2.3/logback-core-1.2.3.jar:/home/tobiasbe/.m2/repository/org/apache/logging/log4j/log4j-to-slf4j/2.11.2/log4j-to-slf4j-2.11.2.jar:/home/tobiasbe/.m2/repository/org/apache/logging/log4j/log4j-api/2.11.2/log4j-api-2.11.2.jar:/home/tobiasbe/.m2/repository/org/slf4j/jul-to-slf4j/1.7.25/jul-to-slf4j-1.7.25.jar:/home/tobiasbe/.m2/repository/javax/annotation/javax.annotation-api/1.3.2/javax.annotation-api-1.3.2.jar:/home/tobiasbe/.m2/repository/org/yaml/snakeyaml/1.23/snakeyaml-1.23.jar:/home/tobiasbe/.m2/repository/org/springframework/boot/spring-boot-actuator-autoconfigure/2.1.3.RELEASE/spring-boot-actuator-autoconfigure-2.1.3.RELEASE.jar:/home/tobiasbe/.m2/repository/org/springframework/boot/spring-boot-actuator/2.1.3.RELEASE/spring-boot-actuator-2.1.3.RELEASE.jar:/home/tobiasbe/.m2/repository/org/springframework/spring-context/5.1.5.RELEASE/spring-context-5.1.5.RELEASE.jar:/home/tobiasbe/.m2/repository/com/fasterxml/jackson/datatype/jackson-datatype-jsr310/2.9.8/jackson-datatype-jsr310-2.9.8.jar:/home/tobiasbe/.m2/repository/io/micrometer/micrometer-core/1.1.3/micrometer-core-1.1.3.jar:/home/tobiasbe/.m2/repository/org/hdrhistogram/HdrHistogram/2.1.9/HdrHistogram-2.1.9.jar:/home/tobiasbe/.m2/repository/org/latencyutils/LatencyUtils/2.0.3/LatencyUtils-2.0.3.jar:/home/tobiasbe/.m2/repository/org/sprin
Launcher Type: SUN_STANDARD

[Global flags]
     intx CICompilerCount                          = 4                                         {product} {ergonomic}
     uint ConcGCThreads                            = 3                                         {product} {ergonomic}
     uint G1ConcRefinementThreads                  = 10                                        {product} {ergonomic}
   size_t G1HeapRegionSize                         = 1048576                                   {product} {ergonomic}
    uintx GCDrainStackTargetSize                   = 64                                        {product} {ergonomic}
   size_t InitialHeapSize                          = 264241152                                 {product} {ergonomic}
   size_t MarkStackSize                            = 4194304                                   {product} {ergonomic}
   size_t MaxHeapSize                              = 4208984064                                {product} {ergonomic}
   size_t MaxNewSize                               = 2524971008                                {product} {ergonomic}
   size_t MinHeapDeltaBytes                        = 1048576                                   {product} {ergonomic}
    uintx NonNMethodCodeHeapSize                   = 5835340                                {pd product} {ergonomic}
    uintx NonProfiledCodeHeapSize                  = 122911450                              {pd product} {ergonomic}
    uintx ProfiledCodeHeapSize                     = 122911450                              {pd product} {ergonomic}
    uintx ReservedCodeCacheSize                    = 251658240                              {pd product} {ergonomic}
     bool SegmentedCodeCache                       = true                                      {product} {ergonomic}
     bool UseCompressedClassPointers               = true                                 {lp64_product} {ergonomic}
     bool UseCompressedOops                        = true                                 {lp64_product} {ergonomic}
     bool UseG1GC                                  = true                                      {product} {ergonomic}

Logging:
Log output configuration:
 #0: stdout all=warning uptime,level,tags
 #1: stderr all=off uptime,level,tags

Environment Variables:
JAVA_HOME=/usr/lib/jvm/java-11-oracle
PATH=/usr/local/sbin:/usr/local/bin:/usr/sbin:/usr/bin:/sbin:/bin:/usr/games:/usr/local/games:/snap/bin:/usr/lib/jvm/java-11-oracle/bin:/usr/lib/jvm/java-11-oracle/db/bin
USERNAME=tobiasbe
SHELL=/bin/bash
DISPLAY=:0

Signal Handlers:
SIGSEGV: [libjvm.so+0xe2adf0], sa_mask[0]=11111111011111111101111111111110, sa_flags=SA_RESTART|SA_SIGINFO
SIGBUS: [libjvm.so+0xe2adf0], sa_mask[0]=11111111011111111101111111111110, sa_flags=SA_RESTART|SA_SIGINFO
SIGFPE: [libjvm.so+0xe2adf0], sa_mask[0]=11111111011111111101111111111110, sa_flags=SA_RESTART|SA_SIGINFO
SIGPIPE: [libjvm.so+0xbff5b0], sa_mask[0]=11111111011111111101111111111110, sa_flags=SA_RESTART|SA_SIGINFO
SIGXFSZ: [libjvm.so+0xbff5b0], sa_mask[0]=11111111011111111101111111111110, sa_flags=SA_RESTART|SA_SIGINFO
SIGILL: [libjvm.so+0xe2adf0], sa_mask[0]=11111111011111111101111111111110, sa_flags=SA_RESTART|SA_SIGINFO
SIGUSR2: [libjvm.so+0xbff450], sa_mask[0]=00100000000000000000000000000000, sa_flags=SA_RESTART|SA_SIGINFO
SIGHUP: [libjvm.so+0xbff7b0], sa_mask[0]=11111111011111111101111111111110, sa_flags=SA_RESTART|SA_SIGINFO
SIGINT: [libjvm.so+0xbff7b0], sa_mask[0]=11111111011111111101111111111110, sa_flags=SA_RESTART|SA_SIGINFO
SIGTERM: [libjvm.so+0xbff7b0], sa_mask[0]=11111111011111111101111111111110, sa_flags=SA_RESTART|SA_SIGINFO
SIGQUIT: [libjvm.so+0xbff7b0], sa_mask[0]=11111111011111111101111111111110, sa_flags=SA_RESTART|SA_SIGINFO


---------------  S Y S T E M  ---------------

OS:DISTRIB_ID=Ubuntu
DISTRIB_RELEASE=18.04
DISTRIB_CODENAME=bionic
DISTRIB_DESCRIPTION="Ubuntu 18.04.2 LTS"
uname:Linux 4.18.0-25-generic #26~18.04.1-Ubuntu SMP Thu Jun 27 07:28:31 UTC 2019 x86_64
libc:glibc 2.27 NPTL 2.27 
rlimit: STACK 8192k, CORE 0k, NPROC 63789, NOFILE 1048576, AS infinity, DATA infinity, FSIZE infinity
load average:1,05 0,75 0,61

/proc/meminfo:
MemTotal:       16441292 kB
MemFree:          155268 kB
MemAvailable:    4076880 kB
Buffers:          665844 kB
Cached:          3795496 kB
SwapCached:          548 kB
Active:         11903052 kB
Inactive:        3301228 kB
Active(anon):    9625484 kB
Inactive(anon):  1694624 kB
Active(file):    2277568 kB
Inactive(file):  1606604 kB
Unevictable:          64 kB
Mlocked:              64 kB
SwapTotal:       2097148 kB
SwapFree:        2084860 kB
Dirty:               892 kB
Writeback:             0 kB
AnonPages:      10739164 kB
Mapped:          1741748 kB
Shmem:            597056 kB
Slab:             708340 kB
SReclaimable:     370972 kB
SUnreclaim:       337368 kB
KernelStack:       40000 kB
PageTables:        93432 kB
NFS_Unstable:          0 kB
Bounce:                0 kB
WritebackTmp:          0 kB
CommitLimit:    10317792 kB
Committed_AS:   20712864 kB
VmallocTotal:   34359738367 kB
VmallocUsed:           0 kB
VmallocChunk:          0 kB
HardwareCorrupted:     0 kB
AnonHugePages:         0 kB
ShmemHugePages:        0 kB
ShmemPmdMapped:        0 kB
CmaTotal:              0 kB
CmaFree:               0 kB
HugePages_Total:       0
HugePages_Free:        0
HugePages_Rsvd:        0
HugePages_Surp:        0
Hugepagesize:       2048 kB
Hugetlb:               0 kB
DirectMap4k:      498516 kB
DirectMap2M:    15181824 kB
DirectMap1G:     2097152 kB


/proc/sys/kernel/threads-max (system-wide limit on the number of threads):
127578


/proc/sys/vm/max_map_count (maximum number of memory map areas a process may have):
65530


/proc/sys/kernel/pid_max (system-wide limit on number of process identifiers):
32768



container (cgroup) information:
container_type: cgroupv1
cpu_cpuset_cpus: 0-11
cpu_memory_nodes: 0
active_processor_count: 12
cpu_quota: -1
cpu_period: 100000
cpu_shares: -1
memory_limit_in_bytes: -1
memory_and_swap_limit_in_bytes: -2
memory_soft_limit_in_bytes: -1
memory_usage_in_bytes: 12007936000
memory_max_usage_in_bytes: 12007936000


CPU:total 12 (initial active 12) (12 cores per cpu, 2 threads per core) family 23 model 1 stepping 1, cmov, cx8, fxsr, mmx, sse, sse2, sse3, ssse3, sse4.1, sse4.2, popcnt, avx, avx2, aes, clmul, mmxext, 3dnowpref, lzcnt, sse4a, ht, tsc, tscinvbit, tscinv, bmi1, bmi2, adx, sha, fma
CPU Model and flags from /proc/cpuinfo:
model name	: AMD Ryzen 5 1600 Six-Core Processor
flags		: fpu vme de pse tsc msr pae mce cx8 apic sep mtrr pge mca cmov pat pse36 clflush mmx fxsr sse sse2 ht syscall nx mmxext fxsr_opt pdpe1gb rdtscp lm constant_tsc rep_good nopl nonstop_tsc cpuid extd_apicid aperfmperf pni pclmulqdq monitor ssse3 fma cx16 sse4_1 sse4_2 movbe popcnt aes xsave avx f16c rdrand lahf_lm cmp_legacy svm extapic cr8_legacy abm sse4a misalignsse 3dnowprefetch osvw skinit wdt tce topoext perfctr_core perfctr_nb bpext perfctr_llc mwaitx cpb hw_pstate sme ssbd sev vmmcall fsgsbase bmi1 avx2 smep bmi2 rdseed adx smap clflushopt sha_ni xsaveopt xsavec xgetbv1 xsaves clzero irperf xsaveerptr arat npt lbrv svm_lock nrip_save tsc_scale vmcb_clean flushbyasid decodeassists pausefilter pfthreshold avic v_vmsave_vmload vgif overflow_recov succor smca

Memory: 4k page, physical 16441292k(155268k free), swap 2097148k(2084860k free)

vm_info: Java HotSpot(TM) 64-Bit Server VM (11.0.2+9-LTS) for linux-amd64 JRE (11.0.2+9-LTS), built on Jan 17 2019 21:22:50 by "mach5one" with gcc 7.3.0

END.
