#
# A fatal error has been detected by the Java Runtime Environment:
#
#  SIGSEGV (0xb) at pc=0x00007f083bb0b9f0, pid=20171, tid=20190
#
# JRE version: Java(TM) SE Runtime Environment (11.0.2+9) (build 11.0.2+9-LTS)
# Java VM: Java HotSpot(TM) 64-Bit Server VM (11.0.2+9-LTS, mixed mode, tiered, compressed oops, g1 gc, linux-amd64)
# Problematic frame:
# C  [ld-linux-x86-64.so.2+0x199f0]  __tls_get_addr+0x0
#
# Core dump will be written. Default location: Core dumps may be processed with "/usr/share/apport/apport %p %s %c %d %P" (or dumping to /home/tobiasbe/Dokumente/Programmierung/Projekte/spring5-shop/products/core.20171)
#
# If you would like to submit a bug report, please visit:
#   http://bugreport.java.com/bugreport/crash.jsp
#

---------------  S U M M A R Y ------------

Command Line: -javaagent:/snap/intellij-idea-community/156/lib/idea_rt.jar=35409:/snap/intellij-idea-community/156/bin -Dfile.encoding=UTF-8 de.tobiasbecode.spring5shop.Spring5ShopApplication

Host: AMD Ryzen 5 1600 Six-Core Processor, 12 cores, 15G, Ubuntu 18.04.2 LTS
Time: Sat Jun 22 16:14:44 2019 CEST elapsed time: 0 seconds (0d 0h 0m 0s)

---------------  T H R E A D  ---------------

Current thread (0x00007f07dc0b8800):  JavaThread "C2 CompilerThread1" daemon [_thread_in_native, id=20190, stack(0x00007f0805bf7000,0x00007f0805cf8000)]


Current CompileTask:
C2:    339  514  s!   4       jdk.internal.loader.URLClassPath::getLoader (194 bytes)

Stack: [0x00007f0805bf7000,0x00007f0805cf8000],  sp=0x00007f0805cf3338,  free space=1008k
Native frames: (J=compiled Java code, A=aot compiled Java code, j=interpreted, Vv=VM code, C=native code)
C  [ld-linux-x86-64.so.2+0x199f0]  __tls_get_addr+0x0
V  [libjvm.so+0x62fce3]  Compile::scratch_emit_size(Node const*)+0x343
V  [libjvm.so+0xc193e6]  Compile::shorten_branches(unsigned int*, int&, int&, int&)+0x276
V  [libjvm.so+0xc19df5]  Compile::init_buffer(unsigned int*)+0x185
V  [libjvm.so+0xc22092]  Compile::Output()+0x372
V  [libjvm.so+0x6393d9]  Compile::Code_Gen()+0x4e9
V  [libjvm.so+0x63c6f0]  Compile::Compile(ciEnv*, C2Compiler*, ciMethod*, int, bool, bool, bool, DirectiveSet*)+0xc80
V  [libjvm.so+0x548061]  C2Compiler::compile_method(ciEnv*, ciMethod*, int, DirectiveSet*)+0xb1
V  [libjvm.so+0x64664c]  CompileBroker::invoke_compiler_on_method(CompileTask*)+0x4fc
V  [libjvm.so+0x6481c8]  CompileBroker::compiler_thread_loop()+0x598
V  [libjvm.so+0xdc4bbd]  JavaThread::thread_main_inner()+0x21d
V  [libjvm.so+0xdc4f67]  JavaThread::run()+0x377
V  [libjvm.so+0xc09750]  thread_native_entry(Thread*)+0xf0


siginfo: si_signo: 11 (SIGSEGV), si_code: 1 (SEGV_MAPERR), si_addr: 0x00007f083cc97d50

Register to memory mapping:

RAX=0x0000001000000000 is an unknown value
RBX=0x00007f0805cf3440 is pointing into the stack for thread: 0x00007f07dc0b8800
RCX=0x00007f083adbb230: <offset 0x0000000001398230> in /usr/lib/jvm/java-11-oracle/lib/server/libjvm.so at 0x00007f0839a23000
RDX=0x00007f0805cf38f0 is pointing into the stack for thread: 0x00007f07dc0b8800
RSP=0x00007f0805cf3338 is pointing into the stack for thread: 0x00007f07dc0b8800
RBP=0x00007f0805cf33b0 is pointing into the stack for thread: 0x00007f07dc0b8800
RSI=0x00007f0805cf3440 is pointing into the stack for thread: 0x00007f07dc0b8800
RDI=0x00007f083ae20fd0: <offset 0x00000000013fdfd0> in /usr/lib/jvm/java-11-oracle/lib/server/libjvm.so at 0x00007f0839a23000
R8 =0x00007f083adbb230: <offset 0x0000000001398230> in /usr/lib/jvm/java-11-oracle/lib/server/libjvm.so at 0x00007f0839a23000
R9 =0x00000000000000f8 is an unknown value
R10=0x00007f081cd4b200 is at code_begin+0 in 
[CodeBlob (0x00007f081cd4b190)]
Framesize: 0
BufferBlob (0x00007f081cd4b190) used for Compile::scratch_buffer
R11=0x0000000000000001 is an unknown value
R12=0x00007f07d8033cc0 points into unknown readable memory: 30 b2 db 3a 08 7f 00 00
R13=0x00007f081cd4b200 is at code_begin+0 in 
[CodeBlob (0x00007f081cd4b190)]
Framesize: 0
BufferBlob (0x00007f081cd4b190) used for Compile::scratch_buffer
R14=0x00007f0805cf3350 is pointing into the stack for thread: 0x00007f07dc0b8800
R15=0x00007f083aeab610: <offset 0x0000000001488610> in /usr/lib/jvm/java-11-oracle/lib/server/libjvm.so at 0x00007f0839a23000


Registers:
RAX=0x0000001000000000, RBX=0x00007f0805cf3440, RCX=0x00007f083adbb230, RDX=0x00007f0805cf38f0
RSP=0x00007f0805cf3338, RBP=0x00007f0805cf33b0, RSI=0x00007f0805cf3440, RDI=0x00007f083ae20fd0
R8 =0x00007f083adbb230, R9 =0x00000000000000f8, R10=0x00007f081cd4b200, R11=0x0000000000000001
R12=0x00007f07d8033cc0, R13=0x00007f081cd4b200, R14=0x00007f0805cf3350, R15=0x00007f083aeab610
RIP=0x00007f083bb0b9f0, EFLAGS=0x0000000000010206, CSGSFS=0x002b000000000033, ERR=0x0000000000000004
  TRAPNO=0x000000000000000e

Top of Stack: (sp=0x00007f0805cf3338)
0x00007f0805cf3338:   00007f0839d3f76d ffffffffffffffff
0x00007f0805cf3348:   00007f0805cf3370 00007f0805cf5df0
0x00007f0805cf3358:   00007f0805cf3498 00007f0805cf33b0
0x00007f0805cf3368:   00007f0805cf3440 00007f0805cf3440 

Instructions: (pc=0x00007f083bb0b9f0)
0x00007f083bb0b9d0:   30 48 8b 54 24 38 48 8b 4c 24 40 48 83 c4 48 ff
0x00007f083bb0b9e0:   20 66 2e 0f 1f 84 00 00 00 00 00 0f 1f 44 00 00
0x00007f083bb0b9f0:   64 48 8b 14 25 08 00 00 00 48 8b 05 b8 f5 20 00
0x00007f083bb0ba00:   48 39 02 75 16 48 8b 07 48 c1 e0 04 48 8b 04 02 

Stack slot to memory mapping:
stack at sp + 0 slots: 0x00007f0839d3f76d: <offset 0x000000000031c76d> in /usr/lib/jvm/java-11-oracle/lib/server/libjvm.so at 0x00007f0839a23000
stack at sp + 1 slots: 0xffffffffffffffff is an unknown value
stack at sp + 2 slots: 0x00007f0805cf3370 is pointing into the stack for thread: 0x00007f07dc0b8800
stack at sp + 3 slots: 0x00007f0805cf5df0 is pointing into the stack for thread: 0x00007f07dc0b8800
stack at sp + 4 slots: 0x00007f0805cf3498 is pointing into the stack for thread: 0x00007f07dc0b8800
stack at sp + 5 slots: 0x00007f0805cf33b0 is pointing into the stack for thread: 0x00007f07dc0b8800
stack at sp + 6 slots: 0x00007f0805cf3440 is pointing into the stack for thread: 0x00007f07dc0b8800
stack at sp + 7 slots: 0x00007f0805cf3440 is pointing into the stack for thread: 0x00007f07dc0b8800


---------------  P R O C E S S  ---------------

Threads class SMR info:
_java_thread_list=0x00007f0834c14860, length=11, elements={
0x00007f0834018800, 0x00007f083427e800, 0x00007f0834282800, 0x00007f0834295000,
0x00007f0834297000, 0x00007f0834299000, 0x00007f083429b000, 0x00007f0834321000,
0x00007f07dc0b8800, 0x00007f0834bc6000, 0x00007f0834c13800
}

Java Threads: ( => current thread )
  0x00007f0834018800 JavaThread "main" [_thread_in_Java, id=20172, stack(0x00007f083bbfd000,0x00007f083bcfe000)]
  0x00007f083427e800 JavaThread "Reference Handler" daemon [_thread_blocked, id=20182, stack(0x00007f08070f6000,0x00007f08071f7000)]
  0x00007f0834282800 JavaThread "Finalizer" daemon [_thread_blocked, id=20183, stack(0x00007f0806ff5000,0x00007f08070f6000)]
  0x00007f0834295000 JavaThread "Signal Dispatcher" daemon [_thread_blocked, id=20184, stack(0x00007f0806525000,0x00007f0806626000)]
  0x00007f0834297000 JavaThread "C2 CompilerThread0" daemon [_thread_in_native, id=20185, stack(0x00007f0806424000,0x00007f0806525000)]
  0x00007f0834299000 JavaThread "C1 CompilerThread0" daemon [_thread_in_vm, id=20186, stack(0x00007f0806323000,0x00007f0806424000)]
  0x00007f083429b000 JavaThread "Sweeper thread" daemon [_thread_blocked, id=20187, stack(0x00007f0806222000,0x00007f0806323000)]
  0x00007f0834321000 JavaThread "Common-Cleaner" daemon [_thread_blocked, id=20189, stack(0x00007f0806121000,0x00007f0806222000)]
=>0x00007f07dc0b8800 JavaThread "C2 CompilerThread1" daemon [_thread_in_native, id=20190, stack(0x00007f0805bf7000,0x00007f0805cf8000)]
  0x00007f0834bc6000 JavaThread "Monitor Ctrl-Break" daemon [_thread_in_native, id=20191, stack(0x00007f0805af6000,0x00007f0805bf7000)]
  0x00007f0834c13800 JavaThread "Service Thread" daemon [_thread_blocked, id=20194, stack(0x00007f08059f5000,0x00007f0805af6000)]

Other Threads:
  0x00007f0834276000 VMThread "VM Thread" [stack: 0x00007f08071f9000,0x00007f08072f9000] [id=20181]
  0x00007f0834c15800 WatcherThread [stack: 0x00007f08058f5000,0x00007f08059f5000] [id=20195]
  0x00007f0834040800 GCTaskThread "GC Thread#0" [stack: 0x00007f081ca57000,0x00007f081cb57000] [id=20173]
  0x00007f083409f000 ConcurrentGCThread "G1 Main Marker" [stack: 0x00007f080e908000,0x00007f080ea08000] [id=20174]
  0x00007f08340a1000 ConcurrentGCThread "G1 Conc#0" [stack: 0x00007f080e806000,0x00007f080e906000] [id=20175]
  0x00007f08341ab000 ConcurrentGCThread "G1 Refine#0" [stack: 0x00007f0807bfd000,0x00007f0807cfd000] [id=20176]
  0x00007f08341ac800 ConcurrentGCThread "G1 Young RemSet Sampling" [stack: 0x00007f0807afb000,0x00007f0807bfb000] [id=20177]

Threads with active compile tasks:
C2 CompilerThread0 551       4       java.lang.StringUTF16::compress (50 bytes)
C1 CompilerThread0 598       3       sun.util.locale.LocaleUtils::isAlphaString (33 bytes)
C2 CompilerThread1 514  s!   4       jdk.internal.loader.URLClassPath::getLoader (194 bytes)

VM state:not at safepoint (normal execution)

VM Mutex/Monitor currently owned by a thread: None

Heap address: 0x0000000705200000, size: 4014 MB, Compressed Oops mode: Zero based, Oop shift amount: 3
Narrow klass base: 0x0000000800000000, Narrow klass shift: 0
Compressed class space size: 1073741824 Address: 0x0000000800000000

Heap:
 garbage-first heap   total 258048K, used 15360K [0x0000000705200000, 0x0000000800000000)
  region size 1024K, 15 young (15360K), 0 survivors (0K)
 Metaspace       used 8636K, capacity 8773K, committed 9088K, reserved 1056768K
  class space    used 774K, capacity 836K, committed 896K, reserved 1048576K
Heap Regions: E=young(eden), S=young(survivor), O=old, HS=humongous(starts), HC=humongous(continues), CS=collection set, F=free, A=archive, TAMS=top-at-mark-start (previous, next)
|   0|0x0000000705200000, 0x0000000705300000, 0x0000000705300000|100%|HS|  |TAMS 0x0000000705200000, 0x0000000705200000| Complete 
|   1|0x0000000705300000, 0x0000000705300000, 0x0000000705400000|  0%| F|  |TAMS 0x0000000705300000, 0x0000000705300000| Untracked 
|   2|0x0000000705400000, 0x0000000705400000, 0x0000000705500000|  0%| F|  |TAMS 0x0000000705400000, 0x0000000705400000| Untracked 
|   3|0x0000000705500000, 0x0000000705500000, 0x0000000705600000|  0%| F|  |TAMS 0x0000000705500000, 0x0000000705500000| Untracked 
|   4|0x0000000705600000, 0x0000000705600000, 0x0000000705700000|  0%| F|  |TAMS 0x0000000705600000, 0x0000000705600000| Untracked 
|   5|0x0000000705700000, 0x0000000705700000, 0x0000000705800000|  0%| F|  |TAMS 0x0000000705700000, 0x0000000705700000| Untracked 
|   6|0x0000000705800000, 0x0000000705800000, 0x0000000705900000|  0%| F|  |TAMS 0x0000000705800000, 0x0000000705800000| Untracked 
|   7|0x0000000705900000, 0x0000000705900000, 0x0000000705a00000|  0%| F|  |TAMS 0x0000000705900000, 0x0000000705900000| Untracked 
|   8|0x0000000705a00000, 0x0000000705a00000, 0x0000000705b00000|  0%| F|  |TAMS 0x0000000705a00000, 0x0000000705a00000| Untracked 
|   9|0x0000000705b00000, 0x0000000705b00000, 0x0000000705c00000|  0%| F|  |TAMS 0x0000000705b00000, 0x0000000705b00000| Untracked 
|  10|0x0000000705c00000, 0x0000000705c00000, 0x0000000705d00000|  0%| F|  |TAMS 0x0000000705c00000, 0x0000000705c00000| Untracked 
|  11|0x0000000705d00000, 0x0000000705d00000, 0x0000000705e00000|  0%| F|  |TAMS 0x0000000705d00000, 0x0000000705d00000| Untracked 
|  12|0x0000000705e00000, 0x0000000705e00000, 0x0000000705f00000|  0%| F|  |TAMS 0x0000000705e00000, 0x0000000705e00000| Untracked 
|  13|0x0000000705f00000, 0x0000000705f00000, 0x0000000706000000|  0%| F|  |TAMS 0x0000000705f00000, 0x0000000705f00000| Untracked 
|  14|0x0000000706000000, 0x0000000706000000, 0x0000000706100000|  0%| F|  |TAMS 0x0000000706000000, 0x0000000706000000| Untracked 
|  15|0x0000000706100000, 0x0000000706100000, 0x0000000706200000|  0%| F|  |TAMS 0x0000000706100000, 0x0000000706100000| Untracked 
|  16|0x0000000706200000, 0x0000000706200000, 0x0000000706300000|  0%| F|  |TAMS 0x0000000706200000, 0x0000000706200000| Untracked 
|  17|0x0000000706300000, 0x0000000706300000, 0x0000000706400000|  0%| F|  |TAMS 0x0000000706300000, 0x0000000706300000| Untracked 
|  18|0x0000000706400000, 0x0000000706400000, 0x0000000706500000|  0%| F|  |TAMS 0x0000000706400000, 0x0000000706400000| Untracked 
|  19|0x0000000706500000, 0x0000000706500000, 0x0000000706600000|  0%| F|  |TAMS 0x0000000706500000, 0x0000000706500000| Untracked 
|  20|0x0000000706600000, 0x0000000706600000, 0x0000000706700000|  0%| F|  |TAMS 0x0000000706600000, 0x0000000706600000| Untracked 
|  21|0x0000000706700000, 0x0000000706700000, 0x0000000706800000|  0%| F|  |TAMS 0x0000000706700000, 0x0000000706700000| Untracked 
|  22|0x0000000706800000, 0x0000000706800000, 0x0000000706900000|  0%| F|  |TAMS 0x0000000706800000, 0x0000000706800000| Untracked 
|  23|0x0000000706900000, 0x0000000706900000, 0x0000000706a00000|  0%| F|  |TAMS 0x0000000706900000, 0x0000000706900000| Untracked 
|  24|0x0000000706a00000, 0x0000000706a00000, 0x0000000706b00000|  0%| F|  |TAMS 0x0000000706a00000, 0x0000000706a00000| Untracked 
|  25|0x0000000706b00000, 0x0000000706b00000, 0x0000000706c00000|  0%| F|  |TAMS 0x0000000706b00000, 0x0000000706b00000| Untracked 
|  26|0x0000000706c00000, 0x0000000706c00000, 0x0000000706d00000|  0%| F|  |TAMS 0x0000000706c00000, 0x0000000706c00000| Untracked 
|  27|0x0000000706d00000, 0x0000000706d00000, 0x0000000706e00000|  0%| F|  |TAMS 0x0000000706d00000, 0x0000000706d00000| Untracked 
|  28|0x0000000706e00000, 0x0000000706e00000, 0x0000000706f00000|  0%| F|  |TAMS 0x0000000706e00000, 0x0000000706e00000| Untracked 
|  29|0x0000000706f00000, 0x0000000706f00000, 0x0000000707000000|  0%| F|  |TAMS 0x0000000706f00000, 0x0000000706f00000| Untracked 
|  30|0x0000000707000000, 0x0000000707000000, 0x0000000707100000|  0%| F|  |TAMS 0x0000000707000000, 0x0000000707000000| Untracked 
|  31|0x0000000707100000, 0x0000000707100000, 0x0000000707200000|  0%| F|  |TAMS 0x0000000707100000, 0x0000000707100000| Untracked 
|  32|0x0000000707200000, 0x0000000707200000, 0x0000000707300000|  0%| F|  |TAMS 0x0000000707200000, 0x0000000707200000| Untracked 
|  33|0x0000000707300000, 0x0000000707300000, 0x0000000707400000|  0%| F|  |TAMS 0x0000000707300000, 0x0000000707300000| Untracked 
|  34|0x0000000707400000, 0x0000000707400000, 0x0000000707500000|  0%| F|  |TAMS 0x0000000707400000, 0x0000000707400000| Untracked 
|  35|0x0000000707500000, 0x0000000707500000, 0x0000000707600000|  0%| F|  |TAMS 0x0000000707500000, 0x0000000707500000| Untracked 
|  36|0x0000000707600000, 0x0000000707600000, 0x0000000707700000|  0%| F|  |TAMS 0x0000000707600000, 0x0000000707600000| Untracked 
|  37|0x0000000707700000, 0x0000000707700000, 0x0000000707800000|  0%| F|  |TAMS 0x0000000707700000, 0x0000000707700000| Untracked 
|  38|0x0000000707800000, 0x0000000707800000, 0x0000000707900000|  0%| F|  |TAMS 0x0000000707800000, 0x0000000707800000| Untracked 
|  39|0x0000000707900000, 0x0000000707900000, 0x0000000707a00000|  0%| F|  |TAMS 0x0000000707900000, 0x0000000707900000| Untracked 
|  40|0x0000000707a00000, 0x0000000707a00000, 0x0000000707b00000|  0%| F|  |TAMS 0x0000000707a00000, 0x0000000707a00000| Untracked 
|  41|0x0000000707b00000, 0x0000000707b00000, 0x0000000707c00000|  0%| F|  |TAMS 0x0000000707b00000, 0x0000000707b00000| Untracked 
|  42|0x0000000707c00000, 0x0000000707c00000, 0x0000000707d00000|  0%| F|  |TAMS 0x0000000707c00000, 0x0000000707c00000| Untracked 
|  43|0x0000000707d00000, 0x0000000707d00000, 0x0000000707e00000|  0%| F|  |TAMS 0x0000000707d00000, 0x0000000707d00000| Untracked 
|  44|0x0000000707e00000, 0x0000000707e00000, 0x0000000707f00000|  0%| F|  |TAMS 0x0000000707e00000, 0x0000000707e00000| Untracked 
|  45|0x0000000707f00000, 0x0000000707f00000, 0x0000000708000000|  0%| F|  |TAMS 0x0000000707f00000, 0x0000000707f00000| Untracked 
|  46|0x0000000708000000, 0x0000000708000000, 0x0000000708100000|  0%| F|  |TAMS 0x0000000708000000, 0x0000000708000000| Untracked 
|  47|0x0000000708100000, 0x0000000708100000, 0x0000000708200000|  0%| F|  |TAMS 0x0000000708100000, 0x0000000708100000| Untracked 
|  48|0x0000000708200000, 0x0000000708200000, 0x0000000708300000|  0%| F|  |TAMS 0x0000000708200000, 0x0000000708200000| Untracked 
|  49|0x0000000708300000, 0x0000000708300000, 0x0000000708400000|  0%| F|  |TAMS 0x0000000708300000, 0x0000000708300000| Untracked 
|  50|0x0000000708400000, 0x0000000708400000, 0x0000000708500000|  0%| F|  |TAMS 0x0000000708400000, 0x0000000708400000| Untracked 
|  51|0x0000000708500000, 0x0000000708500000, 0x0000000708600000|  0%| F|  |TAMS 0x0000000708500000, 0x0000000708500000| Untracked 
|  52|0x0000000708600000, 0x0000000708600000, 0x0000000708700000|  0%| F|  |TAMS 0x0000000708600000, 0x0000000708600000| Untracked 
|  53|0x0000000708700000, 0x0000000708700000, 0x0000000708800000|  0%| F|  |TAMS 0x0000000708700000, 0x0000000708700000| Untracked 
|  54|0x0000000708800000, 0x0000000708800000, 0x0000000708900000|  0%| F|  |TAMS 0x0000000708800000, 0x0000000708800000| Untracked 
|  55|0x0000000708900000, 0x0000000708900000, 0x0000000708a00000|  0%| F|  |TAMS 0x0000000708900000, 0x0000000708900000| Untracked 
|  56|0x0000000708a00000, 0x0000000708a00000, 0x0000000708b00000|  0%| F|  |TAMS 0x0000000708a00000, 0x0000000708a00000| Untracked 
|  57|0x0000000708b00000, 0x0000000708b00000, 0x0000000708c00000|  0%| F|  |TAMS 0x0000000708b00000, 0x0000000708b00000| Untracked 
|  58|0x0000000708c00000, 0x0000000708c00000, 0x0000000708d00000|  0%| F|  |TAMS 0x0000000708c00000, 0x0000000708c00000| Untracked 
|  59|0x0000000708d00000, 0x0000000708d00000, 0x0000000708e00000|  0%| F|  |TAMS 0x0000000708d00000, 0x0000000708d00000| Untracked 
|  60|0x0000000708e00000, 0x0000000708e00000, 0x0000000708f00000|  0%| F|  |TAMS 0x0000000708e00000, 0x0000000708e00000| Untracked 
|  61|0x0000000708f00000, 0x0000000708f00000, 0x0000000709000000|  0%| F|  |TAMS 0x0000000708f00000, 0x0000000708f00000| Untracked 
|  62|0x0000000709000000, 0x0000000709000000, 0x0000000709100000|  0%| F|  |TAMS 0x0000000709000000, 0x0000000709000000| Untracked 
|  63|0x0000000709100000, 0x0000000709100000, 0x0000000709200000|  0%| F|  |TAMS 0x0000000709100000, 0x0000000709100000| Untracked 
|  64|0x0000000709200000, 0x0000000709200000, 0x0000000709300000|  0%| F|  |TAMS 0x0000000709200000, 0x0000000709200000| Untracked 
|  65|0x0000000709300000, 0x0000000709300000, 0x0000000709400000|  0%| F|  |TAMS 0x0000000709300000, 0x0000000709300000| Untracked 
|  66|0x0000000709400000, 0x0000000709400000, 0x0000000709500000|  0%| F|  |TAMS 0x0000000709400000, 0x0000000709400000| Untracked 
|  67|0x0000000709500000, 0x0000000709500000, 0x0000000709600000|  0%| F|  |TAMS 0x0000000709500000, 0x0000000709500000| Untracked 
|  68|0x0000000709600000, 0x0000000709600000, 0x0000000709700000|  0%| F|  |TAMS 0x0000000709600000, 0x0000000709600000| Untracked 
|  69|0x0000000709700000, 0x0000000709700000, 0x0000000709800000|  0%| F|  |TAMS 0x0000000709700000, 0x0000000709700000| Untracked 
|  70|0x0000000709800000, 0x0000000709800000, 0x0000000709900000|  0%| F|  |TAMS 0x0000000709800000, 0x0000000709800000| Untracked 
|  71|0x0000000709900000, 0x0000000709900000, 0x0000000709a00000|  0%| F|  |TAMS 0x0000000709900000, 0x0000000709900000| Untracked 
|  72|0x0000000709a00000, 0x0000000709a00000, 0x0000000709b00000|  0%| F|  |TAMS 0x0000000709a00000, 0x0000000709a00000| Untracked 
|  73|0x0000000709b00000, 0x0000000709b00000, 0x0000000709c00000|  0%| F|  |TAMS 0x0000000709b00000, 0x0000000709b00000| Untracked 
|  74|0x0000000709c00000, 0x0000000709c00000, 0x0000000709d00000|  0%| F|  |TAMS 0x0000000709c00000, 0x0000000709c00000| Untracked 
|  75|0x0000000709d00000, 0x0000000709d00000, 0x0000000709e00000|  0%| F|  |TAMS 0x0000000709d00000, 0x0000000709d00000| Untracked 
|  76|0x0000000709e00000, 0x0000000709e00000, 0x0000000709f00000|  0%| F|  |TAMS 0x0000000709e00000, 0x0000000709e00000| Untracked 
|  77|0x0000000709f00000, 0x0000000709f00000, 0x000000070a000000|  0%| F|  |TAMS 0x0000000709f00000, 0x0000000709f00000| Untracked 
|  78|0x000000070a000000, 0x000000070a000000, 0x000000070a100000|  0%| F|  |TAMS 0x000000070a000000, 0x000000070a000000| Untracked 
|  79|0x000000070a100000, 0x000000070a100000, 0x000000070a200000|  0%| F|  |TAMS 0x000000070a100000, 0x000000070a100000| Untracked 
|  80|0x000000070a200000, 0x000000070a200000, 0x000000070a300000|  0%| F|  |TAMS 0x000000070a200000, 0x000000070a200000| Untracked 
|  81|0x000000070a300000, 0x000000070a300000, 0x000000070a400000|  0%| F|  |TAMS 0x000000070a300000, 0x000000070a300000| Untracked 
|  82|0x000000070a400000, 0x000000070a400000, 0x000000070a500000|  0%| F|  |TAMS 0x000000070a400000, 0x000000070a400000| Untracked 
|  83|0x000000070a500000, 0x000000070a500000, 0x000000070a600000|  0%| F|  |TAMS 0x000000070a500000, 0x000000070a500000| Untracked 
|  84|0x000000070a600000, 0x000000070a600000, 0x000000070a700000|  0%| F|  |TAMS 0x000000070a600000, 0x000000070a600000| Untracked 
|  85|0x000000070a700000, 0x000000070a700000, 0x000000070a800000|  0%| F|  |TAMS 0x000000070a700000, 0x000000070a700000| Untracked 
|  86|0x000000070a800000, 0x000000070a800000, 0x000000070a900000|  0%| F|  |TAMS 0x000000070a800000, 0x000000070a800000| Untracked 
|  87|0x000000070a900000, 0x000000070a900000, 0x000000070aa00000|  0%| F|  |TAMS 0x000000070a900000, 0x000000070a900000| Untracked 
|  88|0x000000070aa00000, 0x000000070aa00000, 0x000000070ab00000|  0%| F|  |TAMS 0x000000070aa00000, 0x000000070aa00000| Untracked 
|  89|0x000000070ab00000, 0x000000070ab00000, 0x000000070ac00000|  0%| F|  |TAMS 0x000000070ab00000, 0x000000070ab00000| Untracked 
|  90|0x000000070ac00000, 0x000000070ac00000, 0x000000070ad00000|  0%| F|  |TAMS 0x000000070ac00000, 0x000000070ac00000| Untracked 
|  91|0x000000070ad00000, 0x000000070ad00000, 0x000000070ae00000|  0%| F|  |TAMS 0x000000070ad00000, 0x000000070ad00000| Untracked 
|  92|0x000000070ae00000, 0x000000070ae00000, 0x000000070af00000|  0%| F|  |TAMS 0x000000070ae00000, 0x000000070ae00000| Untracked 
|  93|0x000000070af00000, 0x000000070af00000, 0x000000070b000000|  0%| F|  |TAMS 0x000000070af00000, 0x000000070af00000| Untracked 
|  94|0x000000070b000000, 0x000000070b000000, 0x000000070b100000|  0%| F|  |TAMS 0x000000070b000000, 0x000000070b000000| Untracked 
|  95|0x000000070b100000, 0x000000070b100000, 0x000000070b200000|  0%| F|  |TAMS 0x000000070b100000, 0x000000070b100000| Untracked 
|  96|0x000000070b200000, 0x000000070b200000, 0x000000070b300000|  0%| F|  |TAMS 0x000000070b200000, 0x000000070b200000| Untracked 
|  97|0x000000070b300000, 0x000000070b300000, 0x000000070b400000|  0%| F|  |TAMS 0x000000070b300000, 0x000000070b300000| Untracked 
|  98|0x000000070b400000, 0x000000070b400000, 0x000000070b500000|  0%| F|  |TAMS 0x000000070b400000, 0x000000070b400000| Untracked 
|  99|0x000000070b500000, 0x000000070b500000, 0x000000070b600000|  0%| F|  |TAMS 0x000000070b500000, 0x000000070b500000| Untracked 
| 100|0x000000070b600000, 0x000000070b600000, 0x000000070b700000|  0%| F|  |TAMS 0x000000070b600000, 0x000000070b600000| Untracked 
| 101|0x000000070b700000, 0x000000070b700000, 0x000000070b800000|  0%| F|  |TAMS 0x000000070b700000, 0x000000070b700000| Untracked 
| 102|0x000000070b800000, 0x000000070b800000, 0x000000070b900000|  0%| F|  |TAMS 0x000000070b800000, 0x000000070b800000| Untracked 
| 103|0x000000070b900000, 0x000000070b900000, 0x000000070ba00000|  0%| F|  |TAMS 0x000000070b900000, 0x000000070b900000| Untracked 
| 104|0x000000070ba00000, 0x000000070ba00000, 0x000000070bb00000|  0%| F|  |TAMS 0x000000070ba00000, 0x000000070ba00000| Untracked 
| 105|0x000000070bb00000, 0x000000070bb00000, 0x000000070bc00000|  0%| F|  |TAMS 0x000000070bb00000, 0x000000070bb00000| Untracked 
| 106|0x000000070bc00000, 0x000000070bc00000, 0x000000070bd00000|  0%| F|  |TAMS 0x000000070bc00000, 0x000000070bc00000| Untracked 
| 107|0x000000070bd00000, 0x000000070bd00000, 0x000000070be00000|  0%| F|  |TAMS 0x000000070bd00000, 0x000000070bd00000| Untracked 
| 108|0x000000070be00000, 0x000000070be00000, 0x000000070bf00000|  0%| F|  |TAMS 0x000000070be00000, 0x000000070be00000| Untracked 
| 109|0x000000070bf00000, 0x000000070bf00000, 0x000000070c000000|  0%| F|  |TAMS 0x000000070bf00000, 0x000000070bf00000| Untracked 
| 110|0x000000070c000000, 0x000000070c000000, 0x000000070c100000|  0%| F|  |TAMS 0x000000070c000000, 0x000000070c000000| Untracked 
| 111|0x000000070c100000, 0x000000070c100000, 0x000000070c200000|  0%| F|  |TAMS 0x000000070c100000, 0x000000070c100000| Untracked 
| 112|0x000000070c200000, 0x000000070c200000, 0x000000070c300000|  0%| F|  |TAMS 0x000000070c200000, 0x000000070c200000| Untracked 
| 113|0x000000070c300000, 0x000000070c300000, 0x000000070c400000|  0%| F|  |TAMS 0x000000070c300000, 0x000000070c300000| Untracked 
| 114|0x000000070c400000, 0x000000070c400000, 0x000000070c500000|  0%| F|  |TAMS 0x000000070c400000, 0x000000070c400000| Untracked 
| 115|0x000000070c500000, 0x000000070c500000, 0x000000070c600000|  0%| F|  |TAMS 0x000000070c500000, 0x000000070c500000| Untracked 
| 116|0x000000070c600000, 0x000000070c600000, 0x000000070c700000|  0%| F|  |TAMS 0x000000070c600000, 0x000000070c600000| Untracked 
| 117|0x000000070c700000, 0x000000070c700000, 0x000000070c800000|  0%| F|  |TAMS 0x000000070c700000, 0x000000070c700000| Untracked 
| 118|0x000000070c800000, 0x000000070c800000, 0x000000070c900000|  0%| F|  |TAMS 0x000000070c800000, 0x000000070c800000| Untracked 
| 119|0x000000070c900000, 0x000000070c900000, 0x000000070ca00000|  0%| F|  |TAMS 0x000000070c900000, 0x000000070c900000| Untracked 
| 120|0x000000070ca00000, 0x000000070ca00000, 0x000000070cb00000|  0%| F|  |TAMS 0x000000070ca00000, 0x000000070ca00000| Untracked 
| 121|0x000000070cb00000, 0x000000070cb00000, 0x000000070cc00000|  0%| F|  |TAMS 0x000000070cb00000, 0x000000070cb00000| Untracked 
| 122|0x000000070cc00000, 0x000000070cc00000, 0x000000070cd00000|  0%| F|  |TAMS 0x000000070cc00000, 0x000000070cc00000| Untracked 
| 123|0x000000070cd00000, 0x000000070cd00000, 0x000000070ce00000|  0%| F|  |TAMS 0x000000070cd00000, 0x000000070cd00000| Untracked 
| 124|0x000000070ce00000, 0x000000070ce00000, 0x000000070cf00000|  0%| F|  |TAMS 0x000000070ce00000, 0x000000070ce00000| Untracked 
| 125|0x000000070cf00000, 0x000000070cf00000, 0x000000070d000000|  0%| F|  |TAMS 0x000000070cf00000, 0x000000070cf00000| Untracked 
| 126|0x000000070d000000, 0x000000070d000000, 0x000000070d100000|  0%| F|  |TAMS 0x000000070d000000, 0x000000070d000000| Untracked 
| 127|0x000000070d100000, 0x000000070d100000, 0x000000070d200000|  0%| F|  |TAMS 0x000000070d100000, 0x000000070d100000| Untracked 
| 128|0x000000070d200000, 0x000000070d200000, 0x000000070d300000|  0%| F|  |TAMS 0x000000070d200000, 0x000000070d200000| Untracked 
| 129|0x000000070d300000, 0x000000070d300000, 0x000000070d400000|  0%| F|  |TAMS 0x000000070d300000, 0x000000070d300000| Untracked 
| 130|0x000000070d400000, 0x000000070d400000, 0x000000070d500000|  0%| F|  |TAMS 0x000000070d400000, 0x000000070d400000| Untracked 
| 131|0x000000070d500000, 0x000000070d500000, 0x000000070d600000|  0%| F|  |TAMS 0x000000070d500000, 0x000000070d500000| Untracked 
| 132|0x000000070d600000, 0x000000070d600000, 0x000000070d700000|  0%| F|  |TAMS 0x000000070d600000, 0x000000070d600000| Untracked 
| 133|0x000000070d700000, 0x000000070d700000, 0x000000070d800000|  0%| F|  |TAMS 0x000000070d700000, 0x000000070d700000| Untracked 
| 134|0x000000070d800000, 0x000000070d800000, 0x000000070d900000|  0%| F|  |TAMS 0x000000070d800000, 0x000000070d800000| Untracked 
| 135|0x000000070d900000, 0x000000070d900000, 0x000000070da00000|  0%| F|  |TAMS 0x000000070d900000, 0x000000070d900000| Untracked 
| 136|0x000000070da00000, 0x000000070da00000, 0x000000070db00000|  0%| F|  |TAMS 0x000000070da00000, 0x000000070da00000| Untracked 
| 137|0x000000070db00000, 0x000000070db00000, 0x000000070dc00000|  0%| F|  |TAMS 0x000000070db00000, 0x000000070db00000| Untracked 
| 138|0x000000070dc00000, 0x000000070dc00000, 0x000000070dd00000|  0%| F|  |TAMS 0x000000070dc00000, 0x000000070dc00000| Untracked 
| 139|0x000000070dd00000, 0x000000070dd00000, 0x000000070de00000|  0%| F|  |TAMS 0x000000070dd00000, 0x000000070dd00000| Untracked 
| 140|0x000000070de00000, 0x000000070de00000, 0x000000070df00000|  0%| F|  |TAMS 0x000000070de00000, 0x000000070de00000| Untracked 
| 141|0x000000070df00000, 0x000000070df00000, 0x000000070e000000|  0%| F|  |TAMS 0x000000070df00000, 0x000000070df00000| Untracked 
| 142|0x000000070e000000, 0x000000070e000000, 0x000000070e100000|  0%| F|  |TAMS 0x000000070e000000, 0x000000070e000000| Untracked 
| 143|0x000000070e100000, 0x000000070e100000, 0x000000070e200000|  0%| F|  |TAMS 0x000000070e100000, 0x000000070e100000| Untracked 
| 144|0x000000070e200000, 0x000000070e200000, 0x000000070e300000|  0%| F|  |TAMS 0x000000070e200000, 0x000000070e200000| Untracked 
| 145|0x000000070e300000, 0x000000070e300000, 0x000000070e400000|  0%| F|  |TAMS 0x000000070e300000, 0x000000070e300000| Untracked 
| 146|0x000000070e400000, 0x000000070e400000, 0x000000070e500000|  0%| F|  |TAMS 0x000000070e400000, 0x000000070e400000| Untracked 
| 147|0x000000070e500000, 0x000000070e500000, 0x000000070e600000|  0%| F|  |TAMS 0x000000070e500000, 0x000000070e500000| Untracked 
| 148|0x000000070e600000, 0x000000070e600000, 0x000000070e700000|  0%| F|  |TAMS 0x000000070e600000, 0x000000070e600000| Untracked 
| 149|0x000000070e700000, 0x000000070e700000, 0x000000070e800000|  0%| F|  |TAMS 0x000000070e700000, 0x000000070e700000| Untracked 
| 150|0x000000070e800000, 0x000000070e800000, 0x000000070e900000|  0%| F|  |TAMS 0x000000070e800000, 0x000000070e800000| Untracked 
| 151|0x000000070e900000, 0x000000070e900000, 0x000000070ea00000|  0%| F|  |TAMS 0x000000070e900000, 0x000000070e900000| Untracked 
| 152|0x000000070ea00000, 0x000000070ea00000, 0x000000070eb00000|  0%| F|  |TAMS 0x000000070ea00000, 0x000000070ea00000| Untracked 
| 153|0x000000070eb00000, 0x000000070eb00000, 0x000000070ec00000|  0%| F|  |TAMS 0x000000070eb00000, 0x000000070eb00000| Untracked 
| 154|0x000000070ec00000, 0x000000070ec00000, 0x000000070ed00000|  0%| F|  |TAMS 0x000000070ec00000, 0x000000070ec00000| Untracked 
| 155|0x000000070ed00000, 0x000000070ed00000, 0x000000070ee00000|  0%| F|  |TAMS 0x000000070ed00000, 0x000000070ed00000| Untracked 
| 156|0x000000070ee00000, 0x000000070ee00000, 0x000000070ef00000|  0%| F|  |TAMS 0x000000070ee00000, 0x000000070ee00000| Untracked 
| 157|0x000000070ef00000, 0x000000070ef00000, 0x000000070f000000|  0%| F|  |TAMS 0x000000070ef00000, 0x000000070ef00000| Untracked 
| 158|0x000000070f000000, 0x000000070f000000, 0x000000070f100000|  0%| F|  |TAMS 0x000000070f000000, 0x000000070f000000| Untracked 
| 159|0x000000070f100000, 0x000000070f100000, 0x000000070f200000|  0%| F|  |TAMS 0x000000070f100000, 0x000000070f100000| Untracked 
| 160|0x000000070f200000, 0x000000070f200000, 0x000000070f300000|  0%| F|  |TAMS 0x000000070f200000, 0x000000070f200000| Untracked 
| 161|0x000000070f300000, 0x000000070f300000, 0x000000070f400000|  0%| F|  |TAMS 0x000000070f300000, 0x000000070f300000| Untracked 
| 162|0x000000070f400000, 0x000000070f400000, 0x000000070f500000|  0%| F|  |TAMS 0x000000070f400000, 0x000000070f400000| Untracked 
| 163|0x000000070f500000, 0x000000070f500000, 0x000000070f600000|  0%| F|  |TAMS 0x000000070f500000, 0x000000070f500000| Untracked 
| 164|0x000000070f600000, 0x000000070f600000, 0x000000070f700000|  0%| F|  |TAMS 0x000000070f600000, 0x000000070f600000| Untracked 
| 165|0x000000070f700000, 0x000000070f700000, 0x000000070f800000|  0%| F|  |TAMS 0x000000070f700000, 0x000000070f700000| Untracked 
| 166|0x000000070f800000, 0x000000070f800000, 0x000000070f900000|  0%| F|  |TAMS 0x000000070f800000, 0x000000070f800000| Untracked 
| 167|0x000000070f900000, 0x000000070f900000, 0x000000070fa00000|  0%| F|  |TAMS 0x000000070f900000, 0x000000070f900000| Untracked 
| 168|0x000000070fa00000, 0x000000070fa00000, 0x000000070fb00000|  0%| F|  |TAMS 0x000000070fa00000, 0x000000070fa00000| Untracked 
| 169|0x000000070fb00000, 0x000000070fb00000, 0x000000070fc00000|  0%| F|  |TAMS 0x000000070fb00000, 0x000000070fb00000| Untracked 
| 170|0x000000070fc00000, 0x000000070fc00000, 0x000000070fd00000|  0%| F|  |TAMS 0x000000070fc00000, 0x000000070fc00000| Untracked 
| 171|0x000000070fd00000, 0x000000070fd00000, 0x000000070fe00000|  0%| F|  |TAMS 0x000000070fd00000, 0x000000070fd00000| Untracked 
| 172|0x000000070fe00000, 0x000000070fe00000, 0x000000070ff00000|  0%| F|  |TAMS 0x000000070fe00000, 0x000000070fe00000| Untracked 
| 173|0x000000070ff00000, 0x000000070ff00000, 0x0000000710000000|  0%| F|  |TAMS 0x000000070ff00000, 0x000000070ff00000| Untracked 
| 174|0x0000000710000000, 0x0000000710000000, 0x0000000710100000|  0%| F|  |TAMS 0x0000000710000000, 0x0000000710000000| Untracked 
| 175|0x0000000710100000, 0x0000000710100000, 0x0000000710200000|  0%| F|  |TAMS 0x0000000710100000, 0x0000000710100000| Untracked 
| 176|0x0000000710200000, 0x0000000710200000, 0x0000000710300000|  0%| F|  |TAMS 0x0000000710200000, 0x0000000710200000| Untracked 
| 177|0x0000000710300000, 0x0000000710300000, 0x0000000710400000|  0%| F|  |TAMS 0x0000000710300000, 0x0000000710300000| Untracked 
| 178|0x0000000710400000, 0x0000000710400000, 0x0000000710500000|  0%| F|  |TAMS 0x0000000710400000, 0x0000000710400000| Untracked 
| 179|0x0000000710500000, 0x0000000710500000, 0x0000000710600000|  0%| F|  |TAMS 0x0000000710500000, 0x0000000710500000| Untracked 
| 180|0x0000000710600000, 0x0000000710600000, 0x0000000710700000|  0%| F|  |TAMS 0x0000000710600000, 0x0000000710600000| Untracked 
| 181|0x0000000710700000, 0x0000000710700000, 0x0000000710800000|  0%| F|  |TAMS 0x0000000710700000, 0x0000000710700000| Untracked 
| 182|0x0000000710800000, 0x0000000710800000, 0x0000000710900000|  0%| F|  |TAMS 0x0000000710800000, 0x0000000710800000| Untracked 
| 183|0x0000000710900000, 0x0000000710900000, 0x0000000710a00000|  0%| F|  |TAMS 0x0000000710900000, 0x0000000710900000| Untracked 
| 184|0x0000000710a00000, 0x0000000710a00000, 0x0000000710b00000|  0%| F|  |TAMS 0x0000000710a00000, 0x0000000710a00000| Untracked 
| 185|0x0000000710b00000, 0x0000000710b00000, 0x0000000710c00000|  0%| F|  |TAMS 0x0000000710b00000, 0x0000000710b00000| Untracked 
| 186|0x0000000710c00000, 0x0000000710c00000, 0x0000000710d00000|  0%| F|  |TAMS 0x0000000710c00000, 0x0000000710c00000| Untracked 
| 187|0x0000000710d00000, 0x0000000710d00000, 0x0000000710e00000|  0%| F|  |TAMS 0x0000000710d00000, 0x0000000710d00000| Untracked 
| 188|0x0000000710e00000, 0x0000000710e00000, 0x0000000710f00000|  0%| F|  |TAMS 0x0000000710e00000, 0x0000000710e00000| Untracked 
| 189|0x0000000710f00000, 0x0000000710f00000, 0x0000000711000000|  0%| F|  |TAMS 0x0000000710f00000, 0x0000000710f00000| Untracked 
| 190|0x0000000711000000, 0x0000000711000000, 0x0000000711100000|  0%| F|  |TAMS 0x0000000711000000, 0x0000000711000000| Untracked 
| 191|0x0000000711100000, 0x0000000711100000, 0x0000000711200000|  0%| F|  |TAMS 0x0000000711100000, 0x0000000711100000| Untracked 
| 192|0x0000000711200000, 0x0000000711200000, 0x0000000711300000|  0%| F|  |TAMS 0x0000000711200000, 0x0000000711200000| Untracked 
| 193|0x0000000711300000, 0x0000000711300000, 0x0000000711400000|  0%| F|  |TAMS 0x0000000711300000, 0x0000000711300000| Untracked 
| 194|0x0000000711400000, 0x0000000711400000, 0x0000000711500000|  0%| F|  |TAMS 0x0000000711400000, 0x0000000711400000| Untracked 
| 195|0x0000000711500000, 0x0000000711500000, 0x0000000711600000|  0%| F|  |TAMS 0x0000000711500000, 0x0000000711500000| Untracked 
| 196|0x0000000711600000, 0x0000000711600000, 0x0000000711700000|  0%| F|  |TAMS 0x0000000711600000, 0x0000000711600000| Untracked 
| 197|0x0000000711700000, 0x0000000711700000, 0x0000000711800000|  0%| F|  |TAMS 0x0000000711700000, 0x0000000711700000| Untracked 
| 198|0x0000000711800000, 0x0000000711800000, 0x0000000711900000|  0%| F|  |TAMS 0x0000000711800000, 0x0000000711800000| Untracked 
| 199|0x0000000711900000, 0x0000000711900000, 0x0000000711a00000|  0%| F|  |TAMS 0x0000000711900000, 0x0000000711900000| Untracked 
| 200|0x0000000711a00000, 0x0000000711a00000, 0x0000000711b00000|  0%| F|  |TAMS 0x0000000711a00000, 0x0000000711a00000| Untracked 
| 201|0x0000000711b00000, 0x0000000711b00000, 0x0000000711c00000|  0%| F|  |TAMS 0x0000000711b00000, 0x0000000711b00000| Untracked 
| 202|0x0000000711c00000, 0x0000000711c00000, 0x0000000711d00000|  0%| F|  |TAMS 0x0000000711c00000, 0x0000000711c00000| Untracked 
| 203|0x0000000711d00000, 0x0000000711d00000, 0x0000000711e00000|  0%| F|  |TAMS 0x0000000711d00000, 0x0000000711d00000| Untracked 
| 204|0x0000000711e00000, 0x0000000711e00000, 0x0000000711f00000|  0%| F|  |TAMS 0x0000000711e00000, 0x0000000711e00000| Untracked 
| 205|0x0000000711f00000, 0x0000000711f00000, 0x0000000712000000|  0%| F|  |TAMS 0x0000000711f00000, 0x0000000711f00000| Untracked 
| 206|0x0000000712000000, 0x0000000712000000, 0x0000000712100000|  0%| F|  |TAMS 0x0000000712000000, 0x0000000712000000| Untracked 
| 207|0x0000000712100000, 0x0000000712100000, 0x0000000712200000|  0%| F|  |TAMS 0x0000000712100000, 0x0000000712100000| Untracked 
| 208|0x0000000712200000, 0x0000000712200000, 0x0000000712300000|  0%| F|  |TAMS 0x0000000712200000, 0x0000000712200000| Untracked 
| 209|0x0000000712300000, 0x0000000712300000, 0x0000000712400000|  0%| F|  |TAMS 0x0000000712300000, 0x0000000712300000| Untracked 
| 210|0x0000000712400000, 0x0000000712400000, 0x0000000712500000|  0%| F|  |TAMS 0x0000000712400000, 0x0000000712400000| Untracked 
| 211|0x0000000712500000, 0x0000000712500000, 0x0000000712600000|  0%| F|  |TAMS 0x0000000712500000, 0x0000000712500000| Untracked 
| 212|0x0000000712600000, 0x0000000712600000, 0x0000000712700000|  0%| F|  |TAMS 0x0000000712600000, 0x0000000712600000| Untracked 
| 213|0x0000000712700000, 0x0000000712700000, 0x0000000712800000|  0%| F|  |TAMS 0x0000000712700000, 0x0000000712700000| Untracked 
| 214|0x0000000712800000, 0x0000000712800000, 0x0000000712900000|  0%| F|  |TAMS 0x0000000712800000, 0x0000000712800000| Untracked 
| 215|0x0000000712900000, 0x0000000712900000, 0x0000000712a00000|  0%| F|  |TAMS 0x0000000712900000, 0x0000000712900000| Untracked 
| 216|0x0000000712a00000, 0x0000000712a00000, 0x0000000712b00000|  0%| F|  |TAMS 0x0000000712a00000, 0x0000000712a00000| Untracked 
| 217|0x0000000712b00000, 0x0000000712b00000, 0x0000000712c00000|  0%| F|  |TAMS 0x0000000712b00000, 0x0000000712b00000| Untracked 
| 218|0x0000000712c00000, 0x0000000712c00000, 0x0000000712d00000|  0%| F|  |TAMS 0x0000000712c00000, 0x0000000712c00000| Untracked 
| 219|0x0000000712d00000, 0x0000000712d00000, 0x0000000712e00000|  0%| F|  |TAMS 0x0000000712d00000, 0x0000000712d00000| Untracked 
| 220|0x0000000712e00000, 0x0000000712e00000, 0x0000000712f00000|  0%| F|  |TAMS 0x0000000712e00000, 0x0000000712e00000| Untracked 
| 221|0x0000000712f00000, 0x0000000712f00000, 0x0000000713000000|  0%| F|  |TAMS 0x0000000712f00000, 0x0000000712f00000| Untracked 
| 222|0x0000000713000000, 0x0000000713000000, 0x0000000713100000|  0%| F|  |TAMS 0x0000000713000000, 0x0000000713000000| Untracked 
| 223|0x0000000713100000, 0x0000000713100000, 0x0000000713200000|  0%| F|  |TAMS 0x0000000713100000, 0x0000000713100000| Untracked 
| 224|0x0000000713200000, 0x0000000713200000, 0x0000000713300000|  0%| F|  |TAMS 0x0000000713200000, 0x0000000713200000| Untracked 
| 225|0x0000000713300000, 0x0000000713300000, 0x0000000713400000|  0%| F|  |TAMS 0x0000000713300000, 0x0000000713300000| Untracked 
| 226|0x0000000713400000, 0x0000000713400000, 0x0000000713500000|  0%| F|  |TAMS 0x0000000713400000, 0x0000000713400000| Untracked 
| 227|0x0000000713500000, 0x0000000713500000, 0x0000000713600000|  0%| F|  |TAMS 0x0000000713500000, 0x0000000713500000| Untracked 
| 228|0x0000000713600000, 0x0000000713600000, 0x0000000713700000|  0%| F|  |TAMS 0x0000000713600000, 0x0000000713600000| Untracked 
| 229|0x0000000713700000, 0x0000000713700000, 0x0000000713800000|  0%| F|  |TAMS 0x0000000713700000, 0x0000000713700000| Untracked 
| 230|0x0000000713800000, 0x0000000713800000, 0x0000000713900000|  0%| F|  |TAMS 0x0000000713800000, 0x0000000713800000| Untracked 
| 231|0x0000000713900000, 0x0000000713900000, 0x0000000713a00000|  0%| F|  |TAMS 0x0000000713900000, 0x0000000713900000| Untracked 
| 232|0x0000000713a00000, 0x0000000713a00000, 0x0000000713b00000|  0%| F|  |TAMS 0x0000000713a00000, 0x0000000713a00000| Untracked 
| 233|0x0000000713b00000, 0x0000000713b00000, 0x0000000713c00000|  0%| F|  |TAMS 0x0000000713b00000, 0x0000000713b00000| Untracked 
| 234|0x0000000713c00000, 0x0000000713c00000, 0x0000000713d00000|  0%| F|  |TAMS 0x0000000713c00000, 0x0000000713c00000| Untracked 
| 235|0x0000000713d00000, 0x0000000713d00000, 0x0000000713e00000|  0%| F|  |TAMS 0x0000000713d00000, 0x0000000713d00000| Untracked 
| 236|0x0000000713e00000, 0x0000000713e00000, 0x0000000713f00000|  0%| F|  |TAMS 0x0000000713e00000, 0x0000000713e00000| Untracked 
| 237|0x0000000713f00000, 0x0000000713ff6858, 0x0000000714000000| 96%| E|  |TAMS 0x0000000713f00000, 0x0000000713f00000| Complete 
| 238|0x0000000714000000, 0x0000000714100000, 0x0000000714100000|100%| E|CS|TAMS 0x0000000714000000, 0x0000000714000000| Complete 
| 239|0x0000000714100000, 0x0000000714200000, 0x0000000714200000|100%| E|CS|TAMS 0x0000000714100000, 0x0000000714100000| Complete 
| 240|0x0000000714200000, 0x0000000714300000, 0x0000000714300000|100%| E|CS|TAMS 0x0000000714200000, 0x0000000714200000| Complete 
| 241|0x0000000714300000, 0x0000000714400000, 0x0000000714400000|100%| E|CS|TAMS 0x0000000714300000, 0x0000000714300000| Complete 
| 242|0x0000000714400000, 0x0000000714500000, 0x0000000714500000|100%| E|CS|TAMS 0x0000000714400000, 0x0000000714400000| Complete 
| 243|0x0000000714500000, 0x0000000714600000, 0x0000000714600000|100%| E|CS|TAMS 0x0000000714500000, 0x0000000714500000| Complete 
| 244|0x0000000714600000, 0x0000000714700000, 0x0000000714700000|100%| E|CS|TAMS 0x0000000714600000, 0x0000000714600000| Complete 
| 245|0x0000000714700000, 0x0000000714800000, 0x0000000714800000|100%| E|CS|TAMS 0x0000000714700000, 0x0000000714700000| Complete 
| 246|0x0000000714800000, 0x0000000714900000, 0x0000000714900000|100%| E|CS|TAMS 0x0000000714800000, 0x0000000714800000| Complete 
| 247|0x0000000714900000, 0x0000000714a00000, 0x0000000714a00000|100%| E|CS|TAMS 0x0000000714900000, 0x0000000714900000| Complete 
| 248|0x0000000714a00000, 0x0000000714b00000, 0x0000000714b00000|100%| E|CS|TAMS 0x0000000714a00000, 0x0000000714a00000| Complete 
| 249|0x0000000714b00000, 0x0000000714c00000, 0x0000000714c00000|100%| E|CS|TAMS 0x0000000714b00000, 0x0000000714b00000| Complete 
| 250|0x0000000714c00000, 0x0000000714d00000, 0x0000000714d00000|100%| E|CS|TAMS 0x0000000714c00000, 0x0000000714c00000| Complete 
| 251|0x0000000714d00000, 0x0000000714e00000, 0x0000000714e00000|100%| E|CS|TAMS 0x0000000714d00000, 0x0000000714d00000| Complete 

Card table byte_map: [0x00007f0817052000,0x00007f0817829000] _byte_map_base: 0x00007f0813829000

Marking Bits (Prev, Next): (CMBitMap*) 0x00007f083408eb58, (CMBitMap*) 0x00007f083408eb90
 Prev Bits: [0x00007f08129c3000, 0x00007f081687b000)
 Next Bits: [0x00007f080eb0b000, 0x00007f08129c3000)

Polling page: 0x00007f083bd17000

Metaspace:

Usage:
  Non-class:      7,75 MB capacity,     7,71 MB (>99%) used,    37,98 KB ( <1%) free+waste,     6,12 KB ( <1%) overhead. 
      Class:    836,00 KB capacity,   774,94 KB ( 93%) used,    58,50 KB (  7%) free+waste,     2,56 KB ( <1%) overhead. 
       Both:      8,57 MB capacity,     8,46 MB ( 99%) used,    96,48 KB (  1%) free+waste,     8,69 KB ( <1%) overhead. 

Virtual space:
  Non-class space:        8,00 MB reserved,       8,00 MB (100%) committed 
      Class space:        1,00 GB reserved,     896,00 KB ( <1%) committed 
             Both:        1,01 GB reserved,       8,88 MB ( <1%) committed 

Chunk freelists:
   Non-Class:  3,38 KB
       Class:  3,50 KB
        Both:  6,88 KB

CodeHeap 'non-profiled nmethods': size=120032Kb used=187Kb max_used=187Kb free=119844Kb
 bounds [0x00007f082470a000, 0x00007f082497a000, 0x00007f082bc42000]
CodeHeap 'profiled nmethods': size=120028Kb used=1083Kb max_used=1083Kb free=118944Kb
 bounds [0x00007f081d1d3000, 0x00007f081d443000, 0x00007f082470a000]
CodeHeap 'non-nmethods': size=5700Kb used=1063Kb max_used=1078Kb free=4636Kb
 bounds [0x00007f081cc42000, 0x00007f081ceb2000, 0x00007f081d1d3000]
 total_blobs=1117 nmethods=606 adapters=264
 compilation: enabled
              stopped_count=0, restarted_count=0
 full_count=0

Compilation events (10 events):
Event: 0,313 Thread 0x00007f0834299000 nmethod 521 0x00007f081d2a1b90 code [0x00007f081d2a1d60, 0x00007f081d2a1fa8]
Event: 0,313 Thread 0x00007f0834299000  523       3       java.nio.DirectByteBuffer::<init> (35 bytes)
Event: 0,313 Thread 0x00007f0834299000 nmethod 523 0x00007f081d2a2090 code [0x00007f081d2a2280, 0x00007f081d2a26d8]
Event: 0,314 Thread 0x00007f0834299000  525       3       jdk.internal.jimage.ImageLocation::decompress (153 bytes)
Event: 0,314 Thread 0x00007f0834297000 nmethod 516 0x00007f0824730d90 code [0x00007f0824730f60, 0x00007f08247313f0]
Event: 0,314 Thread 0x00007f0834297000  517       4       java.lang.StringLatin1::indexOf (121 bytes)
Event: 0,315 Thread 0x00007f0834299000 nmethod 525 0x00007f081d2a2890 code [0x00007f081d2a2ba0, 0x00007f081d2a3d78]
Event: 0,315 Thread 0x00007f0834299000  526       3       java.util.concurrent.ConcurrentHashMap$ValueIterator::next (34 bytes)
Event: 0,315 Thread 0x00007f0834299000 nmethod 526 0x00007f081d2a4310 code [0x00007f081d2a44e0, 0x00007f081d2a4798]
Event: 0,315 Thread 0x00007f0834299000  528       3       java.lang.String::concat (116 bytes)

GC Heap History (0 events):
No events

Deoptimization events (3 events):
Event: 0,161 Thread 0x00007f0834018800 Uncommon trap: reason=unstable_if action=reinterpret pc=0x00007f082471aea8 method=java.util.HashMap.putVal(ILjava/lang/Object;Ljava/lang/Object;ZZ)Ljava/lang/Object; @ 181 c2
Event: 0,305 Thread 0x00007f0834018800 Uncommon trap: reason=unstable_if action=reinterpret pc=0x00007f082472f098 method=java.io.BufferedReader.read()I @ 19 c2
Event: 0,305 Thread 0x00007f0834018800 Uncommon trap: reason=unstable_if action=reinterpret pc=0x00007f082472ea08 method=java.io.BufferedReader.read()I @ 19 c2

Classes redefined (0 events):
No events

Internal exceptions (6 events):
Event: 0,178 Thread 0x00007f0834018800 Exception <a 'java/security/PrivilegedActionException'{0x0000000714808ec0}> (0x0000000714808ec0) thrown at [/scratch/opt/mach5/mesos/work_dir/slaves/2dd962d0-8988-479b-a804-57ab764ada59-S1222/frameworks/1735e8a2-a1db-478c-8104-60c8b0af87dd-0196/executors/
Event: 0,178 Thread 0x00007f0834018800 Exception <a 'java/security/PrivilegedActionException'{0x0000000714809190}> (0x0000000714809190) thrown at [/scratch/opt/mach5/mesos/work_dir/slaves/2dd962d0-8988-479b-a804-57ab764ada59-S1222/frameworks/1735e8a2-a1db-478c-8104-60c8b0af87dd-0196/executors/
Event: 0,179 Thread 0x00007f0834018800 Exception <a 'java/security/PrivilegedActionException'{0x0000000714854448}> (0x0000000714854448) thrown at [/scratch/opt/mach5/mesos/work_dir/slaves/2dd962d0-8988-479b-a804-57ab764ada59-S1222/frameworks/1735e8a2-a1db-478c-8104-60c8b0af87dd-0196/executors/
Event: 0,179 Thread 0x00007f0834018800 Exception <a 'java/security/PrivilegedActionException'{0x0000000714854718}> (0x0000000714854718) thrown at [/scratch/opt/mach5/mesos/work_dir/slaves/2dd962d0-8988-479b-a804-57ab764ada59-S1222/frameworks/1735e8a2-a1db-478c-8104-60c8b0af87dd-0196/executors/
Event: 0,302 Thread 0x00007f0834018800 Exception <a 'java/lang/ClassNotFoundException'{0x000000071407df90}: javax/smartcardio/CardPermission> (0x000000071407df90) thrown at [/scratch/opt/mach5/mesos/work_dir/slaves/2dd962d0-8988-479b-a804-57ab764ada59-S1222/frameworks/1735e8a2-a1db-478c-8104-6
Event: 0,306 Thread 0x00007f0834018800 Exception <a 'java/io/FileNotFoundException'{0x000000071408b6c8}> (0x000000071408b6c8) thrown at [/scratch/opt/mach5/mesos/work_dir/slaves/2dd962d0-8988-479b-a804-57ab764ada59-S1222/frameworks/1735e8a2-a1db-478c-8104-60c8b0af87dd-0196/executors/1fd16cd3-b

Events (10 events):
Event: 0,315 loading class java/util/ServiceLoader
Event: 0,315 loading class java/util/ServiceLoader done
Event: 0,315 loading class java/util/ServiceLoader$ModuleServicesLookupIterator
Event: 0,315 loading class java/util/ServiceLoader$ModuleServicesLookupIterator done
Event: 0,315 loading class jdk/internal/loader/AbstractClassLoaderValue$Memoizer
Event: 0,315 loading class jdk/internal/loader/AbstractClassLoaderValue$Memoizer done
Event: 0,315 loading class java/util/Spliterators$ArraySpliterator
Event: 0,315 loading class java/util/Spliterators$ArraySpliterator done
Event: 0,315 loading class java/util/Spliterators$1Adapter
Event: 0,315 loading class java/util/Spliterators$1Adapter done


Dynamic libraries:
00400000-00401000 r-xp 00000000 08:17 2501090                            /usr/lib/jvm/java-11-oracle/bin/java
00600000-00601000 r--p 00000000 08:17 2501090                            /usr/lib/jvm/java-11-oracle/bin/java
00601000-00602000 rw-p 00001000 08:17 2501090                            /usr/lib/jvm/java-11-oracle/bin/java
0112a000-0114b000 rw-p 00000000 00:00 0                                  [heap]
705200000-714e00000 rw-p 00000000 00:00 0 
714e00000-800000000 ---p 00000000 00:00 0 
800000000-8000e0000 rw-p 00000000 00:00 0 
8000e0000-840000000 ---p 00000000 00:00 0 
7f07c4000000-7f07c4021000 rw-p 00000000 00:00 0 
7f07c4021000-7f07c8000000 ---p 00000000 00:00 0 
7f07cc000000-7f07cc021000 rw-p 00000000 00:00 0 
7f07cc021000-7f07d0000000 ---p 00000000 00:00 0 
7f07d0000000-7f07d0021000 rw-p 00000000 00:00 0 
7f07d0021000-7f07d4000000 ---p 00000000 00:00 0 
7f07d4000000-7f07d4021000 rw-p 00000000 00:00 0 
7f07d4021000-7f07d8000000 ---p 00000000 00:00 0 
7f07d8000000-7f07d8110000 rw-p 00000000 00:00 0 
7f07d8110000-7f07dc000000 ---p 00000000 00:00 0 
7f07dc000000-7f07dc391000 rw-p 00000000 00:00 0 
7f07dc391000-7f07e0000000 ---p 00000000 00:00 0 
7f07e0000000-7f07e0021000 rw-p 00000000 00:00 0 
7f07e0021000-7f07e4000000 ---p 00000000 00:00 0 
7f07e4000000-7f07e4021000 rw-p 00000000 00:00 0 
7f07e4021000-7f07e8000000 ---p 00000000 00:00 0 
7f07e8000000-7f07e845b000 rw-p 00000000 00:00 0 
7f07e845b000-7f07ec000000 ---p 00000000 00:00 0 
7f07ec000000-7f07ec021000 rw-p 00000000 00:00 0 
7f07ec021000-7f07f0000000 ---p 00000000 00:00 0 
7f07f0000000-7f07f0021000 rw-p 00000000 00:00 0 
7f07f0021000-7f07f4000000 ---p 00000000 00:00 0 
7f07f4000000-7f07f4021000 rw-p 00000000 00:00 0 
7f07f4021000-7f07f8000000 ---p 00000000 00:00 0 
7f07f8000000-7f07f8021000 rw-p 00000000 00:00 0 
7f07f8021000-7f07fc000000 ---p 00000000 00:00 0 
7f07fc000000-7f07fc021000 rw-p 00000000 00:00 0 
7f07fc021000-7f0800000000 ---p 00000000 00:00 0 
7f0800000000-7f0800021000 rw-p 00000000 00:00 0 
7f0800021000-7f0804000000 ---p 00000000 00:00 0 
7f080536f000-7f08056f0000 rw-p 00000000 00:00 0 
7f08056f0000-7f08056f2000 r-xp 00000000 08:17 2635664                    /usr/lib/jvm/java-11-oracle/lib/libextnet.so
7f08056f2000-7f08058f1000 ---p 00002000 08:17 2635664                    /usr/lib/jvm/java-11-oracle/lib/libextnet.so
7f08058f1000-7f08058f2000 r--p 00001000 08:17 2635664                    /usr/lib/jvm/java-11-oracle/lib/libextnet.so
7f08058f2000-7f08058f3000 rw-p 00002000 08:17 2635664                    /usr/lib/jvm/java-11-oracle/lib/libextnet.so
7f08058f3000-7f08058f4000 ---p 00000000 00:00 0 
7f08058f4000-7f08059f5000 rw-p 00000000 00:00 0 
7f08059f5000-7f08059f9000 ---p 00000000 00:00 0 
7f08059f9000-7f0805af6000 rw-p 00000000 00:00 0 
7f0805af6000-7f0805afa000 ---p 00000000 00:00 0 
7f0805afa000-7f0805bf7000 rw-p 00000000 00:00 0 
7f0805bf7000-7f0805bfb000 ---p 00000000 00:00 0 
7f0805bfb000-7f0805cf8000 rw-p 00000000 00:00 0 
7f0805cf8000-7f0805d0e000 r-xp 00000000 08:17 2635683                    /usr/lib/jvm/java-11-oracle/lib/libnet.so
7f0805d0e000-7f0805f0e000 ---p 00016000 08:17 2635683                    /usr/lib/jvm/java-11-oracle/lib/libnet.so
7f0805f0e000-7f0805f0f000 r--p 00016000 08:17 2635683                    /usr/lib/jvm/java-11-oracle/lib/libnet.so
7f0805f0f000-7f0805f10000 rw-p 00017000 08:17 2635683                    /usr/lib/jvm/java-11-oracle/lib/libnet.so
7f0805f10000-7f0805f20000 r-xp 00000000 08:17 2635684                    /usr/lib/jvm/java-11-oracle/lib/libnio.so
7f0805f20000-7f080611f000 ---p 00010000 08:17 2635684                    /usr/lib/jvm/java-11-oracle/lib/libnio.so
7f080611f000-7f0806120000 r--p 0000f000 08:17 2635684                    /usr/lib/jvm/java-11-oracle/lib/libnio.so
7f0806120000-7f0806121000 rw-p 00010000 08:17 2635684                    /usr/lib/jvm/java-11-oracle/lib/libnio.so
7f0806121000-7f0806125000 ---p 00000000 00:00 0 
7f0806125000-7f0806222000 rw-p 00000000 00:00 0 
7f0806222000-7f0806226000 ---p 00000000 00:00 0 
7f0806226000-7f0806323000 rw-p 00000000 00:00 0 
7f0806323000-7f0806327000 ---p 00000000 00:00 0 
7f0806327000-7f0806424000 rw-p 00000000 00:00 0 
7f0806424000-7f0806428000 ---p 00000000 00:00 0 
7f0806428000-7f0806525000 rw-p 00000000 00:00 0 
7f0806525000-7f0806529000 ---p 00000000 00:00 0 
7f0806529000-7f0806626000 rw-p 00000000 00:00 0 
7f0806626000-7f0806ff5000 r--p 00000000 08:17 2497264                    /usr/lib/locale/locale-archive
7f0806ff5000-7f0806ff9000 ---p 00000000 00:00 0 
7f0806ff9000-7f08070f6000 rw-p 00000000 00:00 0 
7f08070f6000-7f08070fa000 ---p 00000000 00:00 0 
7f08070fa000-7f08071f7000 rw-p 00000000 00:00 0 
7f08071f7000-7f08071f8000 ---p 00000000 00:00 0 
7f08071f8000-7f0807af9000 rw-p 00000000 00:00 0 
7f0807af9000-7f0807afa000 ---p 00000000 00:00 0 
7f0807afa000-7f0807bfb000 rw-p 00000000 00:00 0 
7f0807bfb000-7f0807bfc000 ---p 00000000 00:00 0 
7f0807bfc000-7f0808000000 rw-p 00000000 00:00 0 
7f0808000000-7f0808021000 rw-p 00000000 00:00 0 
7f0808021000-7f080c000000 ---p 00000000 00:00 0 
7f080c0fd000-7f080e804000 rw-p 00000000 00:00 0 
7f080e804000-7f080e805000 ---p 00000000 00:00 0 
7f080e805000-7f080e906000 rw-p 00000000 00:00 0 
7f080e906000-7f080e907000 ---p 00000000 00:00 0 
7f080e907000-7f080eefb000 rw-p 00000000 00:00 0 
7f080eefb000-7f08129c3000 ---p 00000000 00:00 0 
7f08129c3000-7f0812db3000 rw-p 00000000 00:00 0 
7f0812db3000-7f081687b000 ---p 00000000 00:00 0 
7f081687b000-7f08168f9000 rw-p 00000000 00:00 0 
7f08168f9000-7f0817052000 ---p 00000000 00:00 0 
7f0817052000-7f08170d0000 rw-p 00000000 00:00 0 
7f08170d0000-7f0817829000 ---p 00000000 00:00 0 
7f0817829000-7f08178a7000 rw-p 00000000 00:00 0 
7f08178a7000-7f0818000000 ---p 00000000 00:00 0 
7f0818000000-7f0818021000 rw-p 00000000 00:00 0 
7f0818021000-7f081c000000 ---p 00000000 00:00 0 
7f081c04b000-7f081ca55000 rw-p 00000000 00:00 0 
7f081ca55000-7f081ca56000 ---p 00000000 00:00 0 
7f081ca56000-7f081cb5c000 rw-p 00000000 00:00 0 
7f081cb5c000-7f081cc42000 ---p 00000000 00:00 0 
7f081cc42000-7f081ceb2000 rwxp 00000000 00:00 0 
7f081ceb2000-7f081d1d3000 ---p 00000000 00:00 0 
7f081d1d3000-7f081d443000 rwxp 00000000 00:00 0 
7f081d443000-7f082470a000 ---p 00000000 00:00 0 
7f082470a000-7f082497a000 rwxp 00000000 00:00 0 
7f082497a000-7f082bc42000 ---p 00000000 00:00 0 
7f082bc42000-7f0834000000 r--s 00000000 08:17 2635694                    /usr/lib/jvm/java-11-oracle/lib/modules
7f0834000000-7f0834d30000 rw-p 00000000 00:00 0 
7f0834d30000-7f0838000000 ---p 00000000 00:00 0 
7f08380bf000-7f08380e5000 r--p 00000000 08:17 2890895                    /usr/share/locale-langpack/de/LC_MESSAGES/libc.mo
7f08380e5000-7f08380ea000 rw-p 00000000 00:00 0 
7f08380ea000-7f08381d0000 ---p 00000000 00:00 0 
7f08381d0000-7f08381eb000 r-xp 00000000 08:17 2635675                    /usr/lib/jvm/java-11-oracle/lib/libjimage.so
7f08381eb000-7f08383ea000 ---p 0001b000 08:17 2635675                    /usr/lib/jvm/java-11-oracle/lib/libjimage.so
7f08383ea000-7f08383ec000 r--p 0001a000 08:17 2635675                    /usr/lib/jvm/java-11-oracle/lib/libjimage.so
7f08383ec000-7f08383ed000 rw-p 0001c000 08:17 2635675                    /usr/lib/jvm/java-11-oracle/lib/libjimage.so
7f08383ed000-7f08383f4000 r-xp 00000000 08:17 2635693                    /usr/lib/jvm/java-11-oracle/lib/libzip.so
7f08383f4000-7f08385f3000 ---p 00007000 08:17 2635693                    /usr/lib/jvm/java-11-oracle/lib/libzip.so
7f08385f3000-7f08385f4000 r--p 00006000 08:17 2635693                    /usr/lib/jvm/java-11-oracle/lib/libzip.so
7f08385f4000-7f08385f5000 rw-p 00007000 08:17 2635693                    /usr/lib/jvm/java-11-oracle/lib/libzip.so
7f08385f5000-7f0838600000 r-xp 00000000 08:17 2102764                    /lib/x86_64-linux-gnu/libnss_files-2.27.so
7f0838600000-7f08387ff000 ---p 0000b000 08:17 2102764                    /lib/x86_64-linux-gnu/libnss_files-2.27.so
7f08387ff000-7f0838800000 r--p 0000a000 08:17 2102764                    /lib/x86_64-linux-gnu/libnss_files-2.27.so
7f0838800000-7f0838801000 rw-p 0000b000 08:17 2102764                    /lib/x86_64-linux-gnu/libnss_files-2.27.so
7f0838801000-7f0838807000 rw-p 00000000 00:00 0 
7f0838807000-7f083881e000 r-xp 00000000 08:17 2102758                    /lib/x86_64-linux-gnu/libnsl-2.27.so
7f083881e000-7f0838a1d000 ---p 00017000 08:17 2102758                    /lib/x86_64-linux-gnu/libnsl-2.27.so
7f0838a1d000-7f0838a1e000 r--p 00016000 08:17 2102758                    /lib/x86_64-linux-gnu/libnsl-2.27.so
7f0838a1e000-7f0838a1f000 rw-p 00017000 08:17 2102758                    /lib/x86_64-linux-gnu/libnsl-2.27.so
7f0838a1f000-7f0838a21000 rw-p 00000000 00:00 0 
7f0838a21000-7f0838a2c000 r-xp 00000000 08:17 2102775                    /lib/x86_64-linux-gnu/libnss_nis-2.27.so
7f0838a2c000-7f0838c2b000 ---p 0000b000 08:17 2102775                    /lib/x86_64-linux-gnu/libnss_nis-2.27.so
7f0838c2b000-7f0838c2c000 r--p 0000a000 08:17 2102775                    /lib/x86_64-linux-gnu/libnss_nis-2.27.so
7f0838c2c000-7f0838c2d000 rw-p 0000b000 08:17 2102775                    /lib/x86_64-linux-gnu/libnss_nis-2.27.so
7f0838c2d000-7f0838c35000 r-xp 00000000 08:17 2102760                    /lib/x86_64-linux-gnu/libnss_compat-2.27.so
7f0838c35000-7f0838e35000 ---p 00008000 08:17 2102760                    /lib/x86_64-linux-gnu/libnss_compat-2.27.so
7f0838e35000-7f0838e36000 r--p 00008000 08:17 2102760                    /lib/x86_64-linux-gnu/libnss_compat-2.27.so
7f0838e36000-7f0838e37000 rw-p 00009000 08:17 2102760                    /lib/x86_64-linux-gnu/libnss_compat-2.27.so
7f0838e37000-7f0838e41000 r-xp 00000000 08:17 2635666                    /usr/lib/jvm/java-11-oracle/lib/libinstrument.so
7f0838e41000-7f0839040000 ---p 0000a000 08:17 2635666                    /usr/lib/jvm/java-11-oracle/lib/libinstrument.so
7f0839040000-7f0839041000 r--p 00009000 08:17 2635666                    /usr/lib/jvm/java-11-oracle/lib/libinstrument.so
7f0839041000-7f0839042000 rw-p 0000a000 08:17 2635666                    /usr/lib/jvm/java-11-oracle/lib/libinstrument.so
7f0839042000-7f083906b000 r-xp 00000000 08:17 2635671                    /usr/lib/jvm/java-11-oracle/lib/libjava.so
7f083906b000-7f083926b000 ---p 00029000 08:17 2635671                    /usr/lib/jvm/java-11-oracle/lib/libjava.so
7f083926b000-7f083926c000 r--p 00029000 08:17 2635671                    /usr/lib/jvm/java-11-oracle/lib/libjava.so
7f083926c000-7f083926e000 rw-p 0002a000 08:17 2635671                    /usr/lib/jvm/java-11-oracle/lib/libjava.so
7f083926e000-7f083927b000 r-xp 00000000 08:17 2635692                    /usr/lib/jvm/java-11-oracle/lib/libverify.so
7f083927b000-7f083947a000 ---p 0000d000 08:17 2635692                    /usr/lib/jvm/java-11-oracle/lib/libverify.so
7f083947a000-7f083947c000 r--p 0000c000 08:17 2635692                    /usr/lib/jvm/java-11-oracle/lib/libverify.so
7f083947c000-7f083947d000 rw-p 0000e000 08:17 2635692                    /usr/lib/jvm/java-11-oracle/lib/libverify.so
7f083947d000-7f0839484000 r-xp 00000000 08:17 2102815                    /lib/x86_64-linux-gnu/librt-2.27.so
7f0839484000-7f0839683000 ---p 00007000 08:17 2102815                    /lib/x86_64-linux-gnu/librt-2.27.so
7f0839683000-7f0839684000 r--p 00006000 08:17 2102815                    /lib/x86_64-linux-gnu/librt-2.27.so
7f0839684000-7f0839685000 rw-p 00007000 08:17 2102815                    /lib/x86_64-linux-gnu/librt-2.27.so
7f0839685000-7f0839822000 r-xp 00000000 08:17 2102737                    /lib/x86_64-linux-gnu/libm-2.27.so
7f0839822000-7f0839a21000 ---p 0019d000 08:17 2102737                    /lib/x86_64-linux-gnu/libm-2.27.so
7f0839a21000-7f0839a22000 r--p 0019c000 08:17 2102737                    /lib/x86_64-linux-gnu/libm-2.27.so
7f0839a22000-7f0839a23000 rw-p 0019d000 08:17 2102737                    /lib/x86_64-linux-gnu/libm-2.27.so
7f0839a23000-7f083ab62000 r-xp 00000000 08:17 2762028                    /usr/lib/jvm/java-11-oracle/lib/server/libjvm.so
7f083ab62000-7f083ad62000 ---p 0113f000 08:17 2762028                    /usr/lib/jvm/java-11-oracle/lib/server/libjvm.so
7f083ad62000-7f083ae21000 r--p 0113f000 08:17 2762028                    /usr/lib/jvm/java-11-oracle/lib/server/libjvm.so
7f083ae21000-7f083ae5a000 rw-p 011fe000 08:17 2762028                    /usr/lib/jvm/java-11-oracle/lib/server/libjvm.so
7f083ae5a000-7f083aeb0000 rw-p 00000000 00:00 0 
7f083aeb0000-7f083b097000 r-xp 00000000 08:17 2102674                    /lib/x86_64-linux-gnu/libc-2.27.so
7f083b097000-7f083b297000 ---p 001e7000 08:17 2102674                    /lib/x86_64-linux-gnu/libc-2.27.so
7f083b297000-7f083b29b000 r--p 001e7000 08:17 2102674                    /lib/x86_64-linux-gnu/libc-2.27.so
7f083b29b000-7f083b29d000 rw-p 001eb000 08:17 2102674                    /lib/x86_64-linux-gnu/libc-2.27.so
7f083b29d000-7f083b2a1000 rw-p 00000000 00:00 0 
7f083b2a1000-7f083b2a4000 r-xp 00000000 08:17 2102697                    /lib/x86_64-linux-gnu/libdl-2.27.so
7f083b2a4000-7f083b4a3000 ---p 00003000 08:17 2102697                    /lib/x86_64-linux-gnu/libdl-2.27.so
7f083b4a3000-7f083b4a4000 r--p 00002000 08:17 2102697                    /lib/x86_64-linux-gnu/libdl-2.27.so
7f083b4a4000-7f083b4a5000 rw-p 00003000 08:17 2102697                    /lib/x86_64-linux-gnu/libdl-2.27.so
7f083b4a5000-7f083b4b5000 r-xp 00000000 08:17 2635656                    /usr/lib/jvm/java-11-oracle/lib/jli/libjli.so
7f083b4b5000-7f083b6b4000 ---p 00010000 08:17 2635656                    /usr/lib/jvm/java-11-oracle/lib/jli/libjli.so
7f083b6b4000-7f083b6b5000 r--p 0000f000 08:17 2635656                    /usr/lib/jvm/java-11-oracle/lib/jli/libjli.so
7f083b6b5000-7f083b6b6000 rw-p 00010000 08:17 2635656                    /usr/lib/jvm/java-11-oracle/lib/jli/libjli.so
7f083b6b6000-7f083b6d0000 r-xp 00000000 08:17 2102807                    /lib/x86_64-linux-gnu/libpthread-2.27.so
7f083b6d0000-7f083b8cf000 ---p 0001a000 08:17 2102807                    /lib/x86_64-linux-gnu/libpthread-2.27.so
7f083b8cf000-7f083b8d0000 r--p 00019000 08:17 2102807                    /lib/x86_64-linux-gnu/libpthread-2.27.so
7f083b8d0000-7f083b8d1000 rw-p 0001a000 08:17 2102807                    /lib/x86_64-linux-gnu/libpthread-2.27.so
7f083b8d1000-7f083b8d5000 rw-p 00000000 00:00 0 
7f083b8d5000-7f083b8f1000 r-xp 00000000 08:17 2102846                    /lib/x86_64-linux-gnu/libz.so.1.2.11
7f083b8f1000-7f083baf0000 ---p 0001c000 08:17 2102846                    /lib/x86_64-linux-gnu/libz.so.1.2.11
7f083baf0000-7f083baf1000 r--p 0001b000 08:17 2102846                    /lib/x86_64-linux-gnu/libz.so.1.2.11
7f083baf1000-7f083baf2000 rw-p 0001c000 08:17 2102846                    /lib/x86_64-linux-gnu/libz.so.1.2.11
7f083baf2000-7f083bb19000 r-xp 00000000 08:17 2102646                    /lib/x86_64-linux-gnu/ld-2.27.so
7f083bb1a000-7f083bb21000 r--s 00000000 08:17 2756236                    /usr/lib/x86_64-linux-gnu/gconv/gconv-modules.cache
7f083bb21000-7f083bbfd000 rw-p 00000000 00:00 0 
7f083bbfd000-7f083bc01000 ---p 00000000 00:00 0 
7f083bc01000-7f083bd02000 rw-p 00000000 00:00 0 
7f083bd03000-7f083bd08000 rw-p 00000000 00:00 0 
7f083bd08000-7f083bd0f000 ---p 00000000 00:00 0 
7f083bd0f000-7f083bd17000 rw-s 00000000 08:17 2360570                    /tmp/hsperfdata_tobiasbe/20171
7f083bd17000-7f083bd18000 ---p 00000000 00:00 0 
7f083bd18000-7f083bd19000 r--p 00000000 00:00 0 
7f083bd19000-7f083bd1a000 r--p 00027000 08:17 2102646                    /lib/x86_64-linux-gnu/ld-2.27.so
7f083bd1a000-7f083bd1b000 rw-p 00028000 08:17 2102646                    /lib/x86_64-linux-gnu/ld-2.27.so
7f083bd1b000-7f083bd1c000 rw-p 00000000 00:00 0 
7fffb75e3000-7fffb7609000 rw-p 00000000 00:00 0                          [stack]
7fffb77b3000-7fffb77b6000 r--p 00000000 00:00 0                          [vvar]
7fffb77b6000-7fffb77b8000 r-xp 00000000 00:00 0                          [vdso]
ffffffffff600000-ffffffffff601000 r-xp 00000000 00:00 0                  [vsyscall]


VM Arguments:
jvm_args: -javaagent:/snap/intellij-idea-community/156/lib/idea_rt.jar=35409:/snap/intellij-idea-community/156/bin -Dfile.encoding=UTF-8 
java_command: de.tobiasbecode.spring5shop.Spring5ShopApplication
java_class_path (initial): /home/tobiasbe/Dokumente/Programmierung/Projekte/spring5-shop/products/target/classes:/home/tobiasbe/.m2/repository/org/springframework/boot/spring-boot-starter-actuator/2.1.3.RELEASE/spring-boot-starter-actuator-2.1.3.RELEASE.jar:/home/tobiasbe/.m2/repository/org/springframework/boot/spring-boot-starter/2.1.3.RELEASE/spring-boot-starter-2.1.3.RELEASE.jar:/home/tobiasbe/.m2/repository/org/springframework/boot/spring-boot-starter-logging/2.1.3.RELEASE/spring-boot-starter-logging-2.1.3.RELEASE.jar:/home/tobiasbe/.m2/repository/ch/qos/logback/logback-classic/1.2.3/logback-classic-1.2.3.jar:/home/tobiasbe/.m2/repository/ch/qos/logback/logback-core/1.2.3/logback-core-1.2.3.jar:/home/tobiasbe/.m2/repository/org/apache/logging/log4j/log4j-to-slf4j/2.11.2/log4j-to-slf4j-2.11.2.jar:/home/tobiasbe/.m2/repository/org/apache/logging/log4j/log4j-api/2.11.2/log4j-api-2.11.2.jar:/home/tobiasbe/.m2/repository/org/slf4j/jul-to-slf4j/1.7.25/jul-to-slf4j-1.7.25.jar:/home/tobiasbe/.m2/repository/javax/annotation/javax.annotation-api/1.3.2/javax.annotation-api-1.3.2.jar:/home/tobiasbe/.m2/repository/org/yaml/snakeyaml/1.23/snakeyaml-1.23.jar:/home/tobiasbe/.m2/repository/org/springframework/boot/spring-boot-actuator-autoconfigure/2.1.3.RELEASE/spring-boot-actuator-autoconfigure-2.1.3.RELEASE.jar:/home/tobiasbe/.m2/repository/org/springframework/boot/spring-boot-actuator/2.1.3.RELEASE/spring-boot-actuator-2.1.3.RELEASE.jar:/home/tobiasbe/.m2/repository/org/springframework/spring-context/5.1.5.RELEASE/spring-context-5.1.5.RELEASE.jar:/home/tobiasbe/.m2/repository/com/fasterxml/jackson/datatype/jackson-datatype-jsr310/2.9.8/jackson-datatype-jsr310-2.9.8.jar:/home/tobiasbe/.m2/repository/io/micrometer/micrometer-core/1.1.3/micrometer-core-1.1.3.jar:/home/tobiasbe/.m2/repository/org/hdrhistogram/HdrHistogram/2.1.9/HdrHistogram-2.1.9.jar:/home/tobiasbe/.m2/repository/org/latencyutils/LatencyUtils/2.0.3/LatencyUtils-2.0.3.jar:/home/tobiasbe/.m2/repository/org/sprin
Launcher Type: SUN_STANDARD

[Global flags]
     intx CICompilerCount                          = 4                                         {product} {ergonomic}
     uint ConcGCThreads                            = 3                                         {product} {ergonomic}
     uint G1ConcRefinementThreads                  = 10                                        {product} {ergonomic}
   size_t G1HeapRegionSize                         = 1048576                                   {product} {ergonomic}
    uintx GCDrainStackTargetSize                   = 64                                        {product} {ergonomic}
   size_t InitialHeapSize                          = 264241152                                 {product} {ergonomic}
   size_t MarkStackSize                            = 4194304                                   {product} {ergonomic}
   size_t MaxHeapSize                              = 4208984064                                {product} {ergonomic}
   size_t MaxNewSize                               = 2524971008                                {product} {ergonomic}
   size_t MinHeapDeltaBytes                        = 1048576                                   {product} {ergonomic}
    uintx NonNMethodCodeHeapSize                   = 5835340                                {pd product} {ergonomic}
    uintx NonProfiledCodeHeapSize                  = 122911450                              {pd product} {ergonomic}
    uintx ProfiledCodeHeapSize                     = 122911450                              {pd product} {ergonomic}
    uintx ReservedCodeCacheSize                    = 251658240                              {pd product} {ergonomic}
     bool SegmentedCodeCache                       = true                                      {product} {ergonomic}
     bool UseCompressedClassPointers               = true                                 {lp64_product} {ergonomic}
     bool UseCompressedOops                        = true                                 {lp64_product} {ergonomic}
     bool UseG1GC                                  = true                                      {product} {ergonomic}

Logging:
Log output configuration:
 #0: stdout all=warning uptime,level,tags
 #1: stderr all=off uptime,level,tags

Environment Variables:
JAVA_HOME=/usr/lib/jvm/java-11-oracle
PATH=/usr/local/sbin:/usr/local/bin:/usr/sbin:/usr/bin:/sbin:/bin:/usr/games:/usr/local/games:/snap/bin:/usr/lib/jvm/java-11-oracle/bin:/usr/lib/jvm/java-11-oracle/db/bin
USERNAME=tobiasbe
SHELL=/bin/bash
DISPLAY=:0

Signal Handlers:
SIGSEGV: [libjvm.so+0xe2adf0], sa_mask[0]=11111111011111111101111111111110, sa_flags=SA_RESTART|SA_SIGINFO
SIGBUS: [libjvm.so+0xe2adf0], sa_mask[0]=11111111011111111101111111111110, sa_flags=SA_RESTART|SA_SIGINFO
SIGFPE: [libjvm.so+0xe2adf0], sa_mask[0]=11111111011111111101111111111110, sa_flags=SA_RESTART|SA_SIGINFO
SIGPIPE: [libjvm.so+0xbff5b0], sa_mask[0]=11111111011111111101111111111110, sa_flags=SA_RESTART|SA_SIGINFO
SIGXFSZ: [libjvm.so+0xbff5b0], sa_mask[0]=11111111011111111101111111111110, sa_flags=SA_RESTART|SA_SIGINFO
SIGILL: [libjvm.so+0xe2adf0], sa_mask[0]=11111111011111111101111111111110, sa_flags=SA_RESTART|SA_SIGINFO
SIGUSR2: [libjvm.so+0xbff450], sa_mask[0]=00100000000000000000000000000000, sa_flags=SA_RESTART|SA_SIGINFO
SIGHUP: [libjvm.so+0xbff7b0], sa_mask[0]=11111111011111111101111111111110, sa_flags=SA_RESTART|SA_SIGINFO
SIGINT: [libjvm.so+0xbff7b0], sa_mask[0]=11111111011111111101111111111110, sa_flags=SA_RESTART|SA_SIGINFO
SIGTERM: [libjvm.so+0xbff7b0], sa_mask[0]=11111111011111111101111111111110, sa_flags=SA_RESTART|SA_SIGINFO
SIGQUIT: [libjvm.so+0xbff7b0], sa_mask[0]=11111111011111111101111111111110, sa_flags=SA_RESTART|SA_SIGINFO


---------------  S Y S T E M  ---------------

OS:DISTRIB_ID=Ubuntu
DISTRIB_RELEASE=18.04
DISTRIB_CODENAME=bionic
DISTRIB_DESCRIPTION="Ubuntu 18.04.2 LTS"
uname:Linux 4.18.0-22-generic #23~18.04.1-Ubuntu SMP Thu Jun 6 08:37:25 UTC 2019 x86_64
libc:glibc 2.27 NPTL 2.27 
rlimit: STACK 8192k, CORE 0k, NPROC 63789, NOFILE 1048576, AS infinity, DATA infinity, FSIZE infinity
load average:1,76 1,33 1,11

/proc/meminfo:
MemTotal:       16441292 kB
MemFree:         4320420 kB
MemAvailable:    8958012 kB
Buffers:          630800 kB
Cached:          4088660 kB
SwapCached:            0 kB
Active:          8455276 kB
Inactive:        2740396 kB
Active(anon):    6448088 kB
Inactive(anon):   101032 kB
Active(file):    2007188 kB
Inactive(file):  2639364 kB
Unevictable:          80 kB
Mlocked:              80 kB
SwapTotal:       2097148 kB
SwapFree:        2097148 kB
Dirty:              1084 kB
Writeback:             0 kB
AnonPages:       6476044 kB
Mapped:          1060084 kB
Shmem:            105796 kB
Slab:             619720 kB
SReclaimable:     325532 kB
SUnreclaim:       294188 kB
KernelStack:       27496 kB
PageTables:        68792 kB
NFS_Unstable:          0 kB
Bounce:                0 kB
WritebackTmp:          0 kB
CommitLimit:    10317792 kB
Committed_AS:   14907008 kB
VmallocTotal:   34359738367 kB
VmallocUsed:           0 kB
VmallocChunk:          0 kB
HardwareCorrupted:     0 kB
AnonHugePages:      4096 kB
ShmemHugePages:        0 kB
ShmemPmdMapped:        0 kB
CmaTotal:              0 kB
CmaFree:               0 kB
HugePages_Total:       0
HugePages_Free:        0
HugePages_Rsvd:        0
HugePages_Surp:        0
Hugepagesize:       2048 kB
Hugetlb:               0 kB
DirectMap4k:      533332 kB
DirectMap2M:    12001280 kB
DirectMap1G:     5242880 kB


/proc/sys/kernel/threads-max (system-wide limit on the number of threads):
127578


/proc/sys/vm/max_map_count (maximum number of memory map areas a process may have):
65530


/proc/sys/kernel/pid_max (system-wide limit on number of process identifiers):
32768



container (cgroup) information:
container_type: cgroupv1
cpu_cpuset_cpus: 0-11
cpu_memory_nodes: 0
active_processor_count: 12
cpu_quota: -1
cpu_period: 100000
cpu_shares: -1
memory_limit_in_bytes: -1
memory_and_swap_limit_in_bytes: -2
memory_soft_limit_in_bytes: -1
memory_usage_in_bytes: 7605227520
memory_max_usage_in_bytes: 7881285632


CPU:total 12 (initial active 12) (12 cores per cpu, 2 threads per core) family 23 model 1 stepping 1, cmov, cx8, fxsr, mmx, sse, sse2, sse3, ssse3, sse4.1, sse4.2, popcnt, avx, avx2, aes, clmul, mmxext, 3dnowpref, lzcnt, sse4a, ht, tsc, tscinvbit, tscinv, bmi1, bmi2, adx, sha, fma
CPU Model and flags from /proc/cpuinfo:
model name	: AMD Ryzen 5 1600 Six-Core Processor
flags		: fpu vme de pse tsc msr pae mce cx8 apic sep mtrr pge mca cmov pat pse36 clflush mmx fxsr sse sse2 ht syscall nx mmxext fxsr_opt pdpe1gb rdtscp lm constant_tsc rep_good nopl nonstop_tsc cpuid extd_apicid aperfmperf pni pclmulqdq monitor ssse3 fma cx16 sse4_1 sse4_2 movbe popcnt aes xsave avx f16c rdrand lahf_lm cmp_legacy svm extapic cr8_legacy abm sse4a misalignsse 3dnowprefetch osvw skinit wdt tce topoext perfctr_core perfctr_nb bpext perfctr_llc mwaitx cpb hw_pstate sme ssbd sev vmmcall fsgsbase bmi1 avx2 smep bmi2 rdseed adx smap clflushopt sha_ni xsaveopt xsavec xgetbv1 xsaves clzero irperf xsaveerptr arat npt lbrv svm_lock nrip_save tsc_scale vmcb_clean flushbyasid decodeassists pausefilter pfthreshold avic v_vmsave_vmload vgif overflow_recov succor smca

Memory: 4k page, physical 16441292k(4320048k free), swap 2097148k(2097148k free)

vm_info: Java HotSpot(TM) 64-Bit Server VM (11.0.2+9-LTS) for linux-amd64 JRE (11.0.2+9-LTS), built on Jan 17 2019 21:22:50 by "mach5one" with gcc 7.3.0

END.
