#
# A fatal error has been detected by the Java Runtime Environment:
#
#  SIGSEGV (0xb) at pc=0x00007f646b7eb9f0, pid=9586, tid=9640
#
# JRE version: Java(TM) SE Runtime Environment (11.0.2+9) (build 11.0.2+9-LTS)
# Java VM: Java HotSpot(TM) 64-Bit Server VM (11.0.2+9-LTS, mixed mode, tiered, compressed oops, g1 gc, linux-amd64)
# Problematic frame:
# C  [ld-linux-x86-64.so.2+0x199f0]  __tls_get_addr+0x0
#
# Core dump will be written. Default location: Core dumps may be processed with "/usr/share/apport/apport %p %s %c %d %P" (or dumping to /home/tobiasbe/Dokumente/Programmierung/Projekte/spring5-shop/apigateway/core.9586)
#
# If you would like to submit a bug report, please visit:
#   http://bugreport.java.com/bugreport/crash.jsp
#

---------------  S U M M A R Y ------------

Command Line: -javaagent:/snap/intellij-idea-community/157/lib/idea_rt.jar=37675:/snap/intellij-idea-community/157/bin -Dfile.encoding=UTF-8 de.tobiasbecode.sfshop.apigateway.ApiGateway

Host: AMD Ryzen 5 1600 Six-Core Processor, 12 cores, 15G, Ubuntu 18.04.2 LTS
Time: Sat Jun 29 23:24:12 2019 CEST elapsed time: 1 seconds (0d 0h 0m 1s)

---------------  T H R E A D  ---------------

Current thread (0x00007f640c5f3000):  JavaThread "C2 CompilerThread2" daemon [_thread_in_native, id=9640, stack(0x00007f63dacf0000,0x00007f63dadf1000)]


Current CompileTask:
C2:   1867 2362       4       jdk.internal.loader.ClassLoaders$AppClassLoader::loadClass (40 bytes)

Stack: [0x00007f63dacf0000,0x00007f63dadf1000],  sp=0x00007f63dadec368,  free space=1008k
Native frames: (J=compiled Java code, A=aot compiled Java code, j=interpreted, Vv=VM code, C=native code)
C  [ld-linux-x86-64.so.2+0x199f0]  __tls_get_addr+0x0
V  [libjvm.so+0x845f94]  PhaseIFG::init(unsigned int)+0x114
V  [libjvm.so+0x7ef142]  PhaseCFG::global_code_motion()+0xb42
V  [libjvm.so+0x7ef25a]  PhaseCFG::do_global_code_motion()+0x4a
V  [libjvm.so+0x6390c5]  Compile::Code_Gen()+0x1d5
V  [libjvm.so+0x63c6f0]  Compile::Compile(ciEnv*, C2Compiler*, ciMethod*, int, bool, bool, bool, DirectiveSet*)+0xc80
V  [libjvm.so+0x548061]  C2Compiler::compile_method(ciEnv*, ciMethod*, int, DirectiveSet*)+0xb1
V  [libjvm.so+0x64664c]  CompileBroker::invoke_compiler_on_method(CompileTask*)+0x4fc
V  [libjvm.so+0x6481c8]  CompileBroker::compiler_thread_loop()+0x598
V  [libjvm.so+0xdc4bbd]  JavaThread::thread_main_inner()+0x21d
V  [libjvm.so+0xdc4f67]  JavaThread::run()+0x377
V  [libjvm.so+0xc09750]  thread_native_entry(Thread*)+0xf0


siginfo: si_signo: 11 (SIGSEGV), si_code: 1 (SEGV_MAPERR), si_addr: 0x00007f646c977d50

Register to memory mapping:

RAX=0x00007f63d0f4e750 points into unknown readable memory: 00 00 00 00 00 00 00 00
RBX=0x00007f63d0cfd170 points into unknown readable memory: 00 00 00 00 00 00 00 00
RCX=0x000000000000003b is an unknown value
RDX=0x000000000000003c is an unknown value
RSP=0x00007f63dadec368 is pointing into the stack for thread: 0x00007f640c5f3000
RBP=0x00007f63dadec390 is pointing into the stack for thread: 0x00007f640c5f3000
RSI=0x0000000000003b57 is an unknown value
RDI=0x00007f646ab00fd0: <offset 0x00000000013fdfd0> in /usr/lib/jvm/java-11-oracle/lib/server/libjvm.so at 0x00007f6469703000
R8 =0x0 is NULL
R9 =0x0000000000251dd1 is an unknown value
R10=0xfffffffffffff000 is an unknown value
R11=0x0000000000e64000 is an unknown value
R12=0x000000000000003c is an unknown value
R13=0x0000000000003b57 is an unknown value
R14=0x0000000000251660 is an unknown value
R15=0x00007f63dadec4a0 is pointing into the stack for thread: 0x00007f640c5f3000


Registers:
RAX=0x00007f63d0f4e750, RBX=0x00007f63d0cfd170, RCX=0x000000000000003b, RDX=0x000000000000003c
RSP=0x00007f63dadec368, RBP=0x00007f63dadec390, RSI=0x0000000000003b57, RDI=0x00007f646ab00fd0
R8 =0x0000000000000000, R9 =0x0000000000251dd1, R10=0xfffffffffffff000, R11=0x0000000000e64000
R12=0x000000000000003c, R13=0x0000000000003b57, R14=0x0000000000251660, R15=0x00007f63dadec4a0
RIP=0x00007f646b7eb9f0, EFLAGS=0x0000000000010202, CSGSFS=0x002b000000000033, ERR=0x0000000000000004
  TRAPNO=0x000000000000000e

Top of Stack: (sp=0x00007f63dadec368)
0x00007f63dadec368:   00007f6469f55f40 00007f63dadec4d0
0x00007f63dadec378:   00000000000eb5a0 00007f63dadec4d0
0x00007f63dadec388:   0000000000003b57 00007f63dadec3e0
0x00007f63dadec398:   00007f6469f48f94 ffffffffffffffff 

Instructions: (pc=0x00007f646b7eb9f0)
0x00007f646b7eb9d0:   30 48 8b 54 24 38 48 8b 4c 24 40 48 83 c4 48 ff
0x00007f646b7eb9e0:   20 66 2e 0f 1f 84 00 00 00 00 00 0f 1f 44 00 00
0x00007f646b7eb9f0:   64 48 8b 14 25 08 00 00 00 48 8b 05 b8 f5 20 00
0x00007f646b7eba00:   48 39 02 75 16 48 8b 07 48 c1 e0 04 48 8b 04 02 

Stack slot to memory mapping:
stack at sp + 0 slots: 0x00007f6469f55f40: <offset 0x0000000000852f40> in /usr/lib/jvm/java-11-oracle/lib/server/libjvm.so at 0x00007f6469703000
stack at sp + 1 slots: 0x00007f63dadec4d0 is pointing into the stack for thread: 0x00007f640c5f3000
stack at sp + 2 slots: 0x00000000000eb5a0 is an unknown value
stack at sp + 3 slots: 0x00007f63dadec4d0 is pointing into the stack for thread: 0x00007f640c5f3000
stack at sp + 4 slots: 0x0000000000003b57 is an unknown value
stack at sp + 5 slots: 0x00007f63dadec3e0 is pointing into the stack for thread: 0x00007f640c5f3000
stack at sp + 6 slots: 0x00007f6469f48f94: <offset 0x0000000000845f94> in /usr/lib/jvm/java-11-oracle/lib/server/libjvm.so at 0x00007f6469703000
stack at sp + 7 slots: 0xffffffffffffffff is an unknown value


---------------  P R O C E S S  ---------------

Threads class SMR info:
_java_thread_list=0x00007f64651e8e50, length=14, elements={
0x00007f6464016800, 0x00007f646427d000, 0x00007f6464281000, 0x00007f6464293800,
0x00007f6464295800, 0x00007f6464297800, 0x00007f6464299800, 0x00007f646434f000,
0x00007f64649ac000, 0x00007f646499c000, 0x00007f64180a6800, 0x00007f6414001000,
0x00007f640c5f3000, 0x00007f64651e7000
}

Java Threads: ( => current thread )
  0x00007f6464016800 JavaThread "main" [_thread_in_Java, id=9587, stack(0x00007f646b8dd000,0x00007f646b9de000)]
  0x00007f646427d000 JavaThread "Reference Handler" daemon [_thread_blocked, id=9594, stack(0x00007f6436df3000,0x00007f6436ef4000)]
  0x00007f6464281000 JavaThread "Finalizer" daemon [_thread_blocked, id=9595, stack(0x00007f6436cf2000,0x00007f6436df3000)]
  0x00007f6464293800 JavaThread "Signal Dispatcher" daemon [_thread_blocked, id=9597, stack(0x00007f6436222000,0x00007f6436323000)]
  0x00007f6464295800 JavaThread "C2 CompilerThread0" daemon [_thread_blocked, id=9598, stack(0x00007f6436121000,0x00007f6436222000)]
  0x00007f6464297800 JavaThread "C1 CompilerThread0" daemon [_thread_blocked, id=9599, stack(0x00007f6436020000,0x00007f6436121000)]
  0x00007f6464299800 JavaThread "Sweeper thread" daemon [_thread_blocked, id=9600, stack(0x00007f6435f1f000,0x00007f6436020000)]
  0x00007f646434f000 JavaThread "Common-Cleaner" daemon [_thread_blocked, id=9601, stack(0x00007f6435e1e000,0x00007f6435f1f000)]
  0x00007f64649ac000 JavaThread "Monitor Ctrl-Break" daemon [_thread_in_native, id=9610, stack(0x00007f64358f4000,0x00007f64359f5000)]
  0x00007f646499c000 JavaThread "Service Thread" daemon [_thread_blocked, id=9611, stack(0x00007f64357f3000,0x00007f64358f4000)]
  0x00007f64180a6800 JavaThread "C2 CompilerThread1" daemon [_thread_in_native, id=9613, stack(0x00007f64353ed000,0x00007f64354ee000)]
  0x00007f6414001000 JavaThread "Attach Listener" daemon [_thread_blocked, id=9635, stack(0x00007f64346e1000,0x00007f64347e2000)]
=>0x00007f640c5f3000 JavaThread "C2 CompilerThread2" daemon [_thread_in_native, id=9640, stack(0x00007f63dacf0000,0x00007f63dadf1000)]
  0x00007f64651e7000 JavaThread "Thread-2" [_thread_blocked, id=9655, stack(0x00007f6434eec000,0x00007f6434fed000)]

Other Threads:
  0x00007f6464274800 VMThread "VM Thread" [stack: 0x00007f6436ef6000,0x00007f6436ff6000] [id=9593] _threads_hazard_ptr=0x00007f64651e8e50
  0x00007f64649b0000 WatcherThread [stack: 0x00007f64356f3000,0x00007f64357f3000] [id=9612]
  0x00007f646403f000 GCTaskThread "GC Thread#0" [stack: 0x00007f644c74f000,0x00007f644c84f000] [id=9588]
  0x00007f6428001000 GCTaskThread "GC Thread#1" [stack: 0x00007f6434dec000,0x00007f6434eec000] [id=9618]
  0x00007f6428002800 GCTaskThread "GC Thread#2" [stack: 0x00007f6434cea000,0x00007f6434dea000] [id=9619]
  0x00007f6428004000 GCTaskThread "GC Thread#3" [stack: 0x00007f6434be8000,0x00007f6434ce8000] [id=9620]
  0x00007f6428005800 GCTaskThread "GC Thread#4" [stack: 0x00007f6434ae6000,0x00007f6434be6000] [id=9621]
  0x00007f6428007000 GCTaskThread "GC Thread#5" [stack: 0x00007f64349e4000,0x00007f6434ae4000] [id=9622]
  0x00007f646409d800 ConcurrentGCThread "G1 Main Marker" [stack: 0x00007f643e605000,0x00007f643e705000] [id=9589]
  0x00007f646409f800 ConcurrentGCThread "G1 Conc#0" [stack: 0x00007f643e503000,0x00007f643e603000] [id=9590]
  0x00007f6438001000 ConcurrentGCThread "G1 Conc#1" [stack: 0x00007f63db4f5000,0x00007f63db5f5000] [id=9634]
  0x00007f6438002000 ConcurrentGCThread "G1 Conc#2" [stack: 0x00007f63db3f3000,0x00007f63db4f3000] [id=9636]
  0x00007f64641a9000 ConcurrentGCThread "G1 Refine#0" [stack: 0x00007f64378fa000,0x00007f64379fa000] [id=9591]
  0x00007f64641ab000 ConcurrentGCThread "G1 Young RemSet Sampling" [stack: 0x00007f64377f8000,0x00007f64378f8000] [id=9592]

Threads with active compile tasks:
C2 CompilerThread02625 %     4       java.util.Properties::loadConvert @ 39 (505 bytes)
C2 CompilerThread11870   !   4       jdk.internal.loader.BuiltinClassLoader::loadClassOrNull (143 bytes)
C2 CompilerThread22362       4       jdk.internal.loader.ClassLoaders$AppClassLoader::loadClass (40 bytes)

VM state:synchronizing (normal execution)

VM Mutex/Monitor currently owned by a thread:  ([mutex/lock_event])
[0x00007f6464012b00] Safepoint_lock - owner thread: 0x00007f6464274800
[0x00007f6464012b90] Threads_lock - owner thread: 0x00007f6464274800

Heap address: 0x0000000705200000, size: 4014 MB, Compressed Oops mode: Zero based, Oop shift amount: 3
Narrow klass base: 0x0000000800000000, Narrow klass shift: 0
Compressed class space size: 1073741824 Address: 0x0000000800000000

Heap:
 garbage-first heap   total 258048K, used 65187K [0x0000000705200000, 0x0000000800000000)
  region size 1024K, 56 young (57344K), 1 survivors (1024K)
 Metaspace       used 32048K, capacity 32829K, committed 33148K, reserved 1079296K
  class space    used 3747K, capacity 4081K, committed 4220K, reserved 1048576K
Heap Regions: E=young(eden), S=young(survivor), O=old, HS=humongous(starts), HC=humongous(continues), CS=collection set, F=free, A=archive, TAMS=top-at-mark-start (previous, next)
|   0|0x0000000705200000, 0x0000000705300000, 0x0000000705300000|100%| O|  |TAMS 0x0000000705300000, 0x0000000705200000| Untracked 
|   1|0x0000000705300000, 0x0000000705400000, 0x0000000705400000|100%| O|  |TAMS 0x0000000705400000, 0x0000000705300000| Untracked 
|   2|0x0000000705400000, 0x0000000705500000, 0x0000000705500000|100%| O|  |TAMS 0x0000000705500000, 0x0000000705400000| Untracked 
|   3|0x0000000705500000, 0x0000000705600000, 0x0000000705600000|100%| O|  |TAMS 0x0000000705600000, 0x0000000705500000| Untracked 
|   4|0x0000000705600000, 0x0000000705700000, 0x0000000705700000|100%| O|  |TAMS 0x0000000705700000, 0x0000000705600000| Untracked 
|   5|0x0000000705700000, 0x0000000705800000, 0x0000000705800000|100%| O|  |TAMS 0x0000000705800000, 0x0000000705700000| Untracked 
|   6|0x0000000705800000, 0x0000000705900000, 0x0000000705900000|100%| O|  |TAMS 0x0000000705900000, 0x0000000705800000| Untracked 
|   7|0x0000000705900000, 0x0000000705a00000, 0x0000000705a00000|100%| O|  |TAMS 0x0000000705a00000, 0x0000000705900000| Untracked 
|   8|0x0000000705a00000, 0x0000000705ab4c00, 0x0000000705b00000| 70%| O|  |TAMS 0x0000000705ab4c00, 0x0000000705a00000| Untracked 
|   9|0x0000000705b00000, 0x0000000705b00000, 0x0000000705c00000|  0%| F|  |TAMS 0x0000000705b00000, 0x0000000705b00000| Untracked 
|  10|0x0000000705c00000, 0x0000000705c00000, 0x0000000705d00000|  0%| F|  |TAMS 0x0000000705c00000, 0x0000000705c00000| Untracked 
|  11|0x0000000705d00000, 0x0000000705d00000, 0x0000000705e00000|  0%| F|  |TAMS 0x0000000705d00000, 0x0000000705d00000| Untracked 
|  12|0x0000000705e00000, 0x0000000705e00000, 0x0000000705f00000|  0%| F|  |TAMS 0x0000000705e00000, 0x0000000705e00000| Untracked 
|  13|0x0000000705f00000, 0x0000000705f00000, 0x0000000706000000|  0%| F|  |TAMS 0x0000000705f00000, 0x0000000705f00000| Untracked 
|  14|0x0000000706000000, 0x0000000706000000, 0x0000000706100000|  0%| F|  |TAMS 0x0000000706000000, 0x0000000706000000| Untracked 
|  15|0x0000000706100000, 0x0000000706100000, 0x0000000706200000|  0%| F|  |TAMS 0x0000000706100000, 0x0000000706100000| Untracked 
|  16|0x0000000706200000, 0x0000000706200000, 0x0000000706300000|  0%| F|  |TAMS 0x0000000706200000, 0x0000000706200000| Untracked 
|  17|0x0000000706300000, 0x0000000706300000, 0x0000000706400000|  0%| F|  |TAMS 0x0000000706300000, 0x0000000706300000| Untracked 
|  18|0x0000000706400000, 0x0000000706400000, 0x0000000706500000|  0%| F|  |TAMS 0x0000000706400000, 0x0000000706400000| Untracked 
|  19|0x0000000706500000, 0x0000000706500000, 0x0000000706600000|  0%| F|  |TAMS 0x0000000706500000, 0x0000000706500000| Untracked 
|  20|0x0000000706600000, 0x0000000706600000, 0x0000000706700000|  0%| F|  |TAMS 0x0000000706600000, 0x0000000706600000| Untracked 
|  21|0x0000000706700000, 0x0000000706700000, 0x0000000706800000|  0%| F|  |TAMS 0x0000000706700000, 0x0000000706700000| Untracked 
|  22|0x0000000706800000, 0x0000000706800000, 0x0000000706900000|  0%| F|  |TAMS 0x0000000706800000, 0x0000000706800000| Untracked 
|  23|0x0000000706900000, 0x0000000706900000, 0x0000000706a00000|  0%| F|  |TAMS 0x0000000706900000, 0x0000000706900000| Untracked 
|  24|0x0000000706a00000, 0x0000000706a00000, 0x0000000706b00000|  0%| F|  |TAMS 0x0000000706a00000, 0x0000000706a00000| Untracked 
|  25|0x0000000706b00000, 0x0000000706b00000, 0x0000000706c00000|  0%| F|  |TAMS 0x0000000706b00000, 0x0000000706b00000| Untracked 
|  26|0x0000000706c00000, 0x0000000706c00000, 0x0000000706d00000|  0%| F|  |TAMS 0x0000000706c00000, 0x0000000706c00000| Untracked 
|  27|0x0000000706d00000, 0x0000000706d00000, 0x0000000706e00000|  0%| F|  |TAMS 0x0000000706d00000, 0x0000000706d00000| Untracked 
|  28|0x0000000706e00000, 0x0000000706e00000, 0x0000000706f00000|  0%| F|  |TAMS 0x0000000706e00000, 0x0000000706e00000| Untracked 
|  29|0x0000000706f00000, 0x0000000706f00000, 0x0000000707000000|  0%| F|  |TAMS 0x0000000706f00000, 0x0000000706f00000| Untracked 
|  30|0x0000000707000000, 0x0000000707000000, 0x0000000707100000|  0%| F|  |TAMS 0x0000000707000000, 0x0000000707000000| Untracked 
|  31|0x0000000707100000, 0x0000000707100000, 0x0000000707200000|  0%| F|  |TAMS 0x0000000707100000, 0x0000000707100000| Untracked 
|  32|0x0000000707200000, 0x0000000707200000, 0x0000000707300000|  0%| F|  |TAMS 0x0000000707200000, 0x0000000707200000| Untracked 
|  33|0x0000000707300000, 0x0000000707300000, 0x0000000707400000|  0%| F|  |TAMS 0x0000000707300000, 0x0000000707300000| Untracked 
|  34|0x0000000707400000, 0x0000000707400000, 0x0000000707500000|  0%| F|  |TAMS 0x0000000707400000, 0x0000000707400000| Untracked 
|  35|0x0000000707500000, 0x0000000707500000, 0x0000000707600000|  0%| F|  |TAMS 0x0000000707500000, 0x0000000707500000| Untracked 
|  36|0x0000000707600000, 0x0000000707600000, 0x0000000707700000|  0%| F|  |TAMS 0x0000000707600000, 0x0000000707600000| Untracked 
|  37|0x0000000707700000, 0x0000000707700000, 0x0000000707800000|  0%| F|  |TAMS 0x0000000707700000, 0x0000000707700000| Untracked 
|  38|0x0000000707800000, 0x0000000707800000, 0x0000000707900000|  0%| F|  |TAMS 0x0000000707800000, 0x0000000707800000| Untracked 
|  39|0x0000000707900000, 0x0000000707900000, 0x0000000707a00000|  0%| F|  |TAMS 0x0000000707900000, 0x0000000707900000| Untracked 
|  40|0x0000000707a00000, 0x0000000707a00000, 0x0000000707b00000|  0%| F|  |TAMS 0x0000000707a00000, 0x0000000707a00000| Untracked 
|  41|0x0000000707b00000, 0x0000000707b00000, 0x0000000707c00000|  0%| F|  |TAMS 0x0000000707b00000, 0x0000000707b00000| Untracked 
|  42|0x0000000707c00000, 0x0000000707c00000, 0x0000000707d00000|  0%| F|  |TAMS 0x0000000707c00000, 0x0000000707c00000| Untracked 
|  43|0x0000000707d00000, 0x0000000707d00000, 0x0000000707e00000|  0%| F|  |TAMS 0x0000000707d00000, 0x0000000707d00000| Untracked 
|  44|0x0000000707e00000, 0x0000000707e00000, 0x0000000707f00000|  0%| F|  |TAMS 0x0000000707e00000, 0x0000000707e00000| Untracked 
|  45|0x0000000707f00000, 0x0000000707f00000, 0x0000000708000000|  0%| F|  |TAMS 0x0000000707f00000, 0x0000000707f00000| Untracked 
|  46|0x0000000708000000, 0x0000000708000000, 0x0000000708100000|  0%| F|  |TAMS 0x0000000708000000, 0x0000000708000000| Untracked 
|  47|0x0000000708100000, 0x0000000708100000, 0x0000000708200000|  0%| F|  |TAMS 0x0000000708100000, 0x0000000708100000| Untracked 
|  48|0x0000000708200000, 0x0000000708200000, 0x0000000708300000|  0%| F|  |TAMS 0x0000000708200000, 0x0000000708200000| Untracked 
|  49|0x0000000708300000, 0x0000000708300000, 0x0000000708400000|  0%| F|  |TAMS 0x0000000708300000, 0x0000000708300000| Untracked 
|  50|0x0000000708400000, 0x0000000708400000, 0x0000000708500000|  0%| F|  |TAMS 0x0000000708400000, 0x0000000708400000| Untracked 
|  51|0x0000000708500000, 0x0000000708500000, 0x0000000708600000|  0%| F|  |TAMS 0x0000000708500000, 0x0000000708500000| Untracked 
|  52|0x0000000708600000, 0x0000000708600000, 0x0000000708700000|  0%| F|  |TAMS 0x0000000708600000, 0x0000000708600000| Untracked 
|  53|0x0000000708700000, 0x0000000708700000, 0x0000000708800000|  0%| F|  |TAMS 0x0000000708700000, 0x0000000708700000| Untracked 
|  54|0x0000000708800000, 0x0000000708800000, 0x0000000708900000|  0%| F|  |TAMS 0x0000000708800000, 0x0000000708800000| Untracked 
|  55|0x0000000708900000, 0x0000000708900000, 0x0000000708a00000|  0%| F|  |TAMS 0x0000000708900000, 0x0000000708900000| Untracked 
|  56|0x0000000708a00000, 0x0000000708a00000, 0x0000000708b00000|  0%| F|  |TAMS 0x0000000708a00000, 0x0000000708a00000| Untracked 
|  57|0x0000000708b00000, 0x0000000708b00000, 0x0000000708c00000|  0%| F|  |TAMS 0x0000000708b00000, 0x0000000708b00000| Untracked 
|  58|0x0000000708c00000, 0x0000000708c00000, 0x0000000708d00000|  0%| F|  |TAMS 0x0000000708c00000, 0x0000000708c00000| Untracked 
|  59|0x0000000708d00000, 0x0000000708d00000, 0x0000000708e00000|  0%| F|  |TAMS 0x0000000708d00000, 0x0000000708d00000| Untracked 
|  60|0x0000000708e00000, 0x0000000708e00000, 0x0000000708f00000|  0%| F|  |TAMS 0x0000000708e00000, 0x0000000708e00000| Untracked 
|  61|0x0000000708f00000, 0x0000000708f00000, 0x0000000709000000|  0%| F|  |TAMS 0x0000000708f00000, 0x0000000708f00000| Untracked 
|  62|0x0000000709000000, 0x0000000709000000, 0x0000000709100000|  0%| F|  |TAMS 0x0000000709000000, 0x0000000709000000| Untracked 
|  63|0x0000000709100000, 0x0000000709100000, 0x0000000709200000|  0%| F|  |TAMS 0x0000000709100000, 0x0000000709100000| Untracked 
|  64|0x0000000709200000, 0x0000000709200000, 0x0000000709300000|  0%| F|  |TAMS 0x0000000709200000, 0x0000000709200000| Untracked 
|  65|0x0000000709300000, 0x0000000709300000, 0x0000000709400000|  0%| F|  |TAMS 0x0000000709300000, 0x0000000709300000| Untracked 
|  66|0x0000000709400000, 0x0000000709400000, 0x0000000709500000|  0%| F|  |TAMS 0x0000000709400000, 0x0000000709400000| Untracked 
|  67|0x0000000709500000, 0x0000000709500000, 0x0000000709600000|  0%| F|  |TAMS 0x0000000709500000, 0x0000000709500000| Untracked 
|  68|0x0000000709600000, 0x0000000709600000, 0x0000000709700000|  0%| F|  |TAMS 0x0000000709600000, 0x0000000709600000| Untracked 
|  69|0x0000000709700000, 0x0000000709700000, 0x0000000709800000|  0%| F|  |TAMS 0x0000000709700000, 0x0000000709700000| Untracked 
|  70|0x0000000709800000, 0x0000000709800000, 0x0000000709900000|  0%| F|  |TAMS 0x0000000709800000, 0x0000000709800000| Untracked 
|  71|0x0000000709900000, 0x0000000709900000, 0x0000000709a00000|  0%| F|  |TAMS 0x0000000709900000, 0x0000000709900000| Untracked 
|  72|0x0000000709a00000, 0x0000000709a00000, 0x0000000709b00000|  0%| F|  |TAMS 0x0000000709a00000, 0x0000000709a00000| Untracked 
|  73|0x0000000709b00000, 0x0000000709b00000, 0x0000000709c00000|  0%| F|  |TAMS 0x0000000709b00000, 0x0000000709b00000| Untracked 
|  74|0x0000000709c00000, 0x0000000709c00000, 0x0000000709d00000|  0%| F|  |TAMS 0x0000000709c00000, 0x0000000709c00000| Untracked 
|  75|0x0000000709d00000, 0x0000000709d00000, 0x0000000709e00000|  0%| F|  |TAMS 0x0000000709d00000, 0x0000000709d00000| Untracked 
|  76|0x0000000709e00000, 0x0000000709e00000, 0x0000000709f00000|  0%| F|  |TAMS 0x0000000709e00000, 0x0000000709e00000| Untracked 
|  77|0x0000000709f00000, 0x0000000709f00000, 0x000000070a000000|  0%| F|  |TAMS 0x0000000709f00000, 0x0000000709f00000| Untracked 
|  78|0x000000070a000000, 0x000000070a000000, 0x000000070a100000|  0%| F|  |TAMS 0x000000070a000000, 0x000000070a000000| Untracked 
|  79|0x000000070a100000, 0x000000070a100000, 0x000000070a200000|  0%| F|  |TAMS 0x000000070a100000, 0x000000070a100000| Untracked 
|  80|0x000000070a200000, 0x000000070a200000, 0x000000070a300000|  0%| F|  |TAMS 0x000000070a200000, 0x000000070a200000| Untracked 
|  81|0x000000070a300000, 0x000000070a300000, 0x000000070a400000|  0%| F|  |TAMS 0x000000070a300000, 0x000000070a300000| Untracked 
|  82|0x000000070a400000, 0x000000070a400000, 0x000000070a500000|  0%| F|  |TAMS 0x000000070a400000, 0x000000070a400000| Untracked 
|  83|0x000000070a500000, 0x000000070a500000, 0x000000070a600000|  0%| F|  |TAMS 0x000000070a500000, 0x000000070a500000| Untracked 
|  84|0x000000070a600000, 0x000000070a600000, 0x000000070a700000|  0%| F|  |TAMS 0x000000070a600000, 0x000000070a600000| Untracked 
|  85|0x000000070a700000, 0x000000070a700000, 0x000000070a800000|  0%| F|  |TAMS 0x000000070a700000, 0x000000070a700000| Untracked 
|  86|0x000000070a800000, 0x000000070a800000, 0x000000070a900000|  0%| F|  |TAMS 0x000000070a800000, 0x000000070a800000| Untracked 
|  87|0x000000070a900000, 0x000000070a900000, 0x000000070aa00000|  0%| F|  |TAMS 0x000000070a900000, 0x000000070a900000| Untracked 
|  88|0x000000070aa00000, 0x000000070aa00000, 0x000000070ab00000|  0%| F|  |TAMS 0x000000070aa00000, 0x000000070aa00000| Untracked 
|  89|0x000000070ab00000, 0x000000070ab00000, 0x000000070ac00000|  0%| F|  |TAMS 0x000000070ab00000, 0x000000070ab00000| Untracked 
|  90|0x000000070ac00000, 0x000000070ac00000, 0x000000070ad00000|  0%| F|  |TAMS 0x000000070ac00000, 0x000000070ac00000| Untracked 
|  91|0x000000070ad00000, 0x000000070ad00000, 0x000000070ae00000|  0%| F|  |TAMS 0x000000070ad00000, 0x000000070ad00000| Untracked 
|  92|0x000000070ae00000, 0x000000070ae00000, 0x000000070af00000|  0%| F|  |TAMS 0x000000070ae00000, 0x000000070ae00000| Untracked 
|  93|0x000000070af00000, 0x000000070af00000, 0x000000070b000000|  0%| F|  |TAMS 0x000000070af00000, 0x000000070af00000| Untracked 
|  94|0x000000070b000000, 0x000000070b000000, 0x000000070b100000|  0%| F|  |TAMS 0x000000070b000000, 0x000000070b000000| Untracked 
|  95|0x000000070b100000, 0x000000070b100000, 0x000000070b200000|  0%| F|  |TAMS 0x000000070b100000, 0x000000070b100000| Untracked 
|  96|0x000000070b200000, 0x000000070b200000, 0x000000070b300000|  0%| F|  |TAMS 0x000000070b200000, 0x000000070b200000| Untracked 
|  97|0x000000070b300000, 0x000000070b300000, 0x000000070b400000|  0%| F|  |TAMS 0x000000070b300000, 0x000000070b300000| Untracked 
|  98|0x000000070b400000, 0x000000070b400000, 0x000000070b500000|  0%| F|  |TAMS 0x000000070b400000, 0x000000070b400000| Untracked 
|  99|0x000000070b500000, 0x000000070b500000, 0x000000070b600000|  0%| F|  |TAMS 0x000000070b500000, 0x000000070b500000| Untracked 
| 100|0x000000070b600000, 0x000000070b600000, 0x000000070b700000|  0%| F|  |TAMS 0x000000070b600000, 0x000000070b600000| Untracked 
| 101|0x000000070b700000, 0x000000070b700000, 0x000000070b800000|  0%| F|  |TAMS 0x000000070b700000, 0x000000070b700000| Untracked 
| 102|0x000000070b800000, 0x000000070b800000, 0x000000070b900000|  0%| F|  |TAMS 0x000000070b800000, 0x000000070b800000| Untracked 
| 103|0x000000070b900000, 0x000000070b900000, 0x000000070ba00000|  0%| F|  |TAMS 0x000000070b900000, 0x000000070b900000| Untracked 
| 104|0x000000070ba00000, 0x000000070ba00000, 0x000000070bb00000|  0%| F|  |TAMS 0x000000070ba00000, 0x000000070ba00000| Untracked 
| 105|0x000000070bb00000, 0x000000070bb00000, 0x000000070bc00000|  0%| F|  |TAMS 0x000000070bb00000, 0x000000070bb00000| Untracked 
| 106|0x000000070bc00000, 0x000000070bc00000, 0x000000070bd00000|  0%| F|  |TAMS 0x000000070bc00000, 0x000000070bc00000| Untracked 
| 107|0x000000070bd00000, 0x000000070bd00000, 0x000000070be00000|  0%| F|  |TAMS 0x000000070bd00000, 0x000000070bd00000| Untracked 
| 108|0x000000070be00000, 0x000000070be00000, 0x000000070bf00000|  0%| F|  |TAMS 0x000000070be00000, 0x000000070be00000| Untracked 
| 109|0x000000070bf00000, 0x000000070bf00000, 0x000000070c000000|  0%| F|  |TAMS 0x000000070bf00000, 0x000000070bf00000| Untracked 
| 110|0x000000070c000000, 0x000000070c000000, 0x000000070c100000|  0%| F|  |TAMS 0x000000070c000000, 0x000000070c000000| Untracked 
| 111|0x000000070c100000, 0x000000070c100000, 0x000000070c200000|  0%| F|  |TAMS 0x000000070c100000, 0x000000070c100000| Untracked 
| 112|0x000000070c200000, 0x000000070c200000, 0x000000070c300000|  0%| F|  |TAMS 0x000000070c200000, 0x000000070c200000| Untracked 
| 113|0x000000070c300000, 0x000000070c300000, 0x000000070c400000|  0%| F|  |TAMS 0x000000070c300000, 0x000000070c300000| Untracked 
| 114|0x000000070c400000, 0x000000070c400000, 0x000000070c500000|  0%| F|  |TAMS 0x000000070c400000, 0x000000070c400000| Untracked 
| 115|0x000000070c500000, 0x000000070c500000, 0x000000070c600000|  0%| F|  |TAMS 0x000000070c500000, 0x000000070c500000| Untracked 
| 116|0x000000070c600000, 0x000000070c600000, 0x000000070c700000|  0%| F|  |TAMS 0x000000070c600000, 0x000000070c600000| Untracked 
| 117|0x000000070c700000, 0x000000070c700000, 0x000000070c800000|  0%| F|  |TAMS 0x000000070c700000, 0x000000070c700000| Untracked 
| 118|0x000000070c800000, 0x000000070c800000, 0x000000070c900000|  0%| F|  |TAMS 0x000000070c800000, 0x000000070c800000| Untracked 
| 119|0x000000070c900000, 0x000000070c900000, 0x000000070ca00000|  0%| F|  |TAMS 0x000000070c900000, 0x000000070c900000| Untracked 
| 120|0x000000070ca00000, 0x000000070ca00000, 0x000000070cb00000|  0%| F|  |TAMS 0x000000070ca00000, 0x000000070ca00000| Untracked 
| 121|0x000000070cb00000, 0x000000070cb00000, 0x000000070cc00000|  0%| F|  |TAMS 0x000000070cb00000, 0x000000070cb00000| Untracked 
| 122|0x000000070cc00000, 0x000000070cc00000, 0x000000070cd00000|  0%| F|  |TAMS 0x000000070cc00000, 0x000000070cc00000| Untracked 
| 123|0x000000070cd00000, 0x000000070cd00000, 0x000000070ce00000|  0%| F|  |TAMS 0x000000070cd00000, 0x000000070cd00000| Untracked 
| 124|0x000000070ce00000, 0x000000070ce00000, 0x000000070cf00000|  0%| F|  |TAMS 0x000000070ce00000, 0x000000070ce00000| Untracked 
| 125|0x000000070cf00000, 0x000000070cf00000, 0x000000070d000000|  0%| F|  |TAMS 0x000000070cf00000, 0x000000070cf00000| Untracked 
| 126|0x000000070d000000, 0x000000070d000000, 0x000000070d100000|  0%| F|  |TAMS 0x000000070d000000, 0x000000070d000000| Untracked 
| 127|0x000000070d100000, 0x000000070d100000, 0x000000070d200000|  0%| F|  |TAMS 0x000000070d100000, 0x000000070d100000| Untracked 
| 128|0x000000070d200000, 0x000000070d200000, 0x000000070d300000|  0%| F|  |TAMS 0x000000070d200000, 0x000000070d200000| Untracked 
| 129|0x000000070d300000, 0x000000070d300000, 0x000000070d400000|  0%| F|  |TAMS 0x000000070d300000, 0x000000070d300000| Untracked 
| 130|0x000000070d400000, 0x000000070d400000, 0x000000070d500000|  0%| F|  |TAMS 0x000000070d400000, 0x000000070d400000| Untracked 
| 131|0x000000070d500000, 0x000000070d500000, 0x000000070d600000|  0%| F|  |TAMS 0x000000070d500000, 0x000000070d500000| Untracked 
| 132|0x000000070d600000, 0x000000070d600000, 0x000000070d700000|  0%| F|  |TAMS 0x000000070d600000, 0x000000070d600000| Untracked 
| 133|0x000000070d700000, 0x000000070d700000, 0x000000070d800000|  0%| F|  |TAMS 0x000000070d700000, 0x000000070d700000| Untracked 
| 134|0x000000070d800000, 0x000000070d800000, 0x000000070d900000|  0%| F|  |TAMS 0x000000070d800000, 0x000000070d800000| Untracked 
| 135|0x000000070d900000, 0x000000070d900000, 0x000000070da00000|  0%| F|  |TAMS 0x000000070d900000, 0x000000070d900000| Untracked 
| 136|0x000000070da00000, 0x000000070da00000, 0x000000070db00000|  0%| F|  |TAMS 0x000000070da00000, 0x000000070da00000| Untracked 
| 137|0x000000070db00000, 0x000000070db00000, 0x000000070dc00000|  0%| F|  |TAMS 0x000000070db00000, 0x000000070db00000| Untracked 
| 138|0x000000070dc00000, 0x000000070dc00000, 0x000000070dd00000|  0%| F|  |TAMS 0x000000070dc00000, 0x000000070dc00000| Untracked 
| 139|0x000000070dd00000, 0x000000070dd00000, 0x000000070de00000|  0%| F|  |TAMS 0x000000070dd00000, 0x000000070dd00000| Untracked 
| 140|0x000000070de00000, 0x000000070de00000, 0x000000070df00000|  0%| F|  |TAMS 0x000000070de00000, 0x000000070de00000| Untracked 
| 141|0x000000070df00000, 0x000000070df00000, 0x000000070e000000|  0%| F|  |TAMS 0x000000070df00000, 0x000000070df00000| Untracked 
| 142|0x000000070e000000, 0x000000070e000000, 0x000000070e100000|  0%| F|  |TAMS 0x000000070e000000, 0x000000070e000000| Untracked 
| 143|0x000000070e100000, 0x000000070e100000, 0x000000070e200000|  0%| F|  |TAMS 0x000000070e100000, 0x000000070e100000| Untracked 
| 144|0x000000070e200000, 0x000000070e200000, 0x000000070e300000|  0%| F|  |TAMS 0x000000070e200000, 0x000000070e200000| Untracked 
| 145|0x000000070e300000, 0x000000070e300000, 0x000000070e400000|  0%| F|  |TAMS 0x000000070e300000, 0x000000070e300000| Untracked 
| 146|0x000000070e400000, 0x000000070e400000, 0x000000070e500000|  0%| F|  |TAMS 0x000000070e400000, 0x000000070e400000| Untracked 
| 147|0x000000070e500000, 0x000000070e500000, 0x000000070e600000|  0%| F|  |TAMS 0x000000070e500000, 0x000000070e500000| Untracked 
| 148|0x000000070e600000, 0x000000070e600000, 0x000000070e700000|  0%| F|  |TAMS 0x000000070e600000, 0x000000070e600000| Untracked 
| 149|0x000000070e700000, 0x000000070e700000, 0x000000070e800000|  0%| F|  |TAMS 0x000000070e700000, 0x000000070e700000| Untracked 
| 150|0x000000070e800000, 0x000000070e800000, 0x000000070e900000|  0%| F|  |TAMS 0x000000070e800000, 0x000000070e800000| Untracked 
| 151|0x000000070e900000, 0x000000070e900000, 0x000000070ea00000|  0%| F|  |TAMS 0x000000070e900000, 0x000000070e900000| Untracked 
| 152|0x000000070ea00000, 0x000000070ea00000, 0x000000070eb00000|  0%| F|  |TAMS 0x000000070ea00000, 0x000000070ea00000| Untracked 
| 153|0x000000070eb00000, 0x000000070eb00000, 0x000000070ec00000|  0%| F|  |TAMS 0x000000070eb00000, 0x000000070eb00000| Untracked 
| 154|0x000000070ec00000, 0x000000070ec00000, 0x000000070ed00000|  0%| F|  |TAMS 0x000000070ec00000, 0x000000070ec00000| Untracked 
| 155|0x000000070ed00000, 0x000000070ed00000, 0x000000070ee00000|  0%| F|  |TAMS 0x000000070ed00000, 0x000000070ed00000| Untracked 
| 156|0x000000070ee00000, 0x000000070ee00000, 0x000000070ef00000|  0%| F|  |TAMS 0x000000070ee00000, 0x000000070ee00000| Untracked 
| 157|0x000000070ef00000, 0x000000070ef00000, 0x000000070f000000|  0%| F|  |TAMS 0x000000070ef00000, 0x000000070ef00000| Untracked 
| 158|0x000000070f000000, 0x000000070f000000, 0x000000070f100000|  0%| F|  |TAMS 0x000000070f000000, 0x000000070f000000| Untracked 
| 159|0x000000070f100000, 0x000000070f100000, 0x000000070f200000|  0%| F|  |TAMS 0x000000070f100000, 0x000000070f100000| Untracked 
| 160|0x000000070f200000, 0x000000070f200000, 0x000000070f300000|  0%| F|  |TAMS 0x000000070f200000, 0x000000070f200000| Untracked 
| 161|0x000000070f300000, 0x000000070f300000, 0x000000070f400000|  0%| F|  |TAMS 0x000000070f300000, 0x000000070f300000| Untracked 
| 162|0x000000070f400000, 0x000000070f400000, 0x000000070f500000|  0%| F|  |TAMS 0x000000070f400000, 0x000000070f400000| Untracked 
| 163|0x000000070f500000, 0x000000070f500000, 0x000000070f600000|  0%| F|  |TAMS 0x000000070f500000, 0x000000070f500000| Untracked 
| 164|0x000000070f600000, 0x000000070f600000, 0x000000070f700000|  0%| F|  |TAMS 0x000000070f600000, 0x000000070f600000| Untracked 
| 165|0x000000070f700000, 0x000000070f700000, 0x000000070f800000|  0%| F|  |TAMS 0x000000070f700000, 0x000000070f700000| Untracked 
| 166|0x000000070f800000, 0x000000070f800000, 0x000000070f900000|  0%| F|  |TAMS 0x000000070f800000, 0x000000070f800000| Untracked 
| 167|0x000000070f900000, 0x000000070f900000, 0x000000070fa00000|  0%| F|  |TAMS 0x000000070f900000, 0x000000070f900000| Untracked 
| 168|0x000000070fa00000, 0x000000070fa00000, 0x000000070fb00000|  0%| F|  |TAMS 0x000000070fa00000, 0x000000070fa00000| Untracked 
| 169|0x000000070fb00000, 0x000000070fb00000, 0x000000070fc00000|  0%| F|  |TAMS 0x000000070fb00000, 0x000000070fb00000| Untracked 
| 170|0x000000070fc00000, 0x000000070fc00000, 0x000000070fd00000|  0%| F|  |TAMS 0x000000070fc00000, 0x000000070fc00000| Untracked 
| 171|0x000000070fd00000, 0x000000070fd00000, 0x000000070fe00000|  0%| F|  |TAMS 0x000000070fd00000, 0x000000070fd00000| Untracked 
| 172|0x000000070fe00000, 0x000000070fe00000, 0x000000070ff00000|  0%| F|  |TAMS 0x000000070fe00000, 0x000000070fe00000| Untracked 
| 173|0x000000070ff00000, 0x000000070ff00000, 0x0000000710000000|  0%| F|  |TAMS 0x000000070ff00000, 0x000000070ff00000| Untracked 
| 174|0x0000000710000000, 0x0000000710000000, 0x0000000710100000|  0%| F|  |TAMS 0x0000000710000000, 0x0000000710000000| Untracked 
| 175|0x0000000710100000, 0x0000000710100000, 0x0000000710200000|  0%| F|  |TAMS 0x0000000710100000, 0x0000000710100000| Untracked 
| 176|0x0000000710200000, 0x0000000710200000, 0x0000000710300000|  0%| F|  |TAMS 0x0000000710200000, 0x0000000710200000| Untracked 
| 177|0x0000000710300000, 0x0000000710300000, 0x0000000710400000|  0%| F|  |TAMS 0x0000000710300000, 0x0000000710300000| Untracked 
| 178|0x0000000710400000, 0x0000000710400000, 0x0000000710500000|  0%| F|  |TAMS 0x0000000710400000, 0x0000000710400000| Untracked 
| 179|0x0000000710500000, 0x0000000710500000, 0x0000000710600000|  0%| F|  |TAMS 0x0000000710500000, 0x0000000710500000| Untracked 
| 180|0x0000000710600000, 0x0000000710600000, 0x0000000710700000|  0%| F|  |TAMS 0x0000000710600000, 0x0000000710600000| Untracked 
| 181|0x0000000710700000, 0x0000000710700000, 0x0000000710800000|  0%| F|  |TAMS 0x0000000710700000, 0x0000000710700000| Untracked 
| 182|0x0000000710800000, 0x0000000710800000, 0x0000000710900000|  0%| F|  |TAMS 0x0000000710800000, 0x0000000710800000| Untracked 
| 183|0x0000000710900000, 0x0000000710900000, 0x0000000710a00000|  0%| F|  |TAMS 0x0000000710900000, 0x0000000710900000| Untracked 
| 184|0x0000000710a00000, 0x0000000710a00000, 0x0000000710b00000|  0%| F|  |TAMS 0x0000000710a00000, 0x0000000710a00000| Untracked 
| 185|0x0000000710b00000, 0x0000000710b00000, 0x0000000710c00000|  0%| F|  |TAMS 0x0000000710b00000, 0x0000000710b00000| Untracked 
| 186|0x0000000710c00000, 0x0000000710c00000, 0x0000000710d00000|  0%| F|  |TAMS 0x0000000710c00000, 0x0000000710c00000| Untracked 
| 187|0x0000000710d00000, 0x0000000710d00000, 0x0000000710e00000|  0%| F|  |TAMS 0x0000000710d00000, 0x0000000710d00000| Untracked 
| 188|0x0000000710e00000, 0x0000000710e00000, 0x0000000710f00000|  0%| F|  |TAMS 0x0000000710e00000, 0x0000000710e00000| Untracked 
| 189|0x0000000710f00000, 0x0000000710f00000, 0x0000000711000000|  0%| F|  |TAMS 0x0000000710f00000, 0x0000000710f00000| Untracked 
| 190|0x0000000711000000, 0x0000000711000000, 0x0000000711100000|  0%| F|  |TAMS 0x0000000711000000, 0x0000000711000000| Untracked 
| 191|0x0000000711100000, 0x0000000711100000, 0x0000000711200000|  0%| F|  |TAMS 0x0000000711100000, 0x0000000711100000| Untracked 
| 192|0x0000000711200000, 0x0000000711200000, 0x0000000711300000|  0%| F|  |TAMS 0x0000000711200000, 0x0000000711200000| Untracked 
| 193|0x0000000711300000, 0x0000000711300000, 0x0000000711400000|  0%| F|  |TAMS 0x0000000711300000, 0x0000000711300000| Untracked 
| 194|0x0000000711400000, 0x0000000711400000, 0x0000000711500000|  0%| F|  |TAMS 0x0000000711400000, 0x0000000711400000| Untracked 
| 195|0x0000000711500000, 0x0000000711500000, 0x0000000711600000|  0%| F|  |TAMS 0x0000000711500000, 0x0000000711500000| Untracked 
| 196|0x0000000711600000, 0x00000007116e45a8, 0x0000000711700000| 89%| E|  |TAMS 0x0000000711600000, 0x0000000711600000| Complete 
| 197|0x0000000711700000, 0x0000000711800000, 0x0000000711800000|100%| E|CS|TAMS 0x0000000711700000, 0x0000000711700000| Complete 
| 198|0x0000000711800000, 0x0000000711900000, 0x0000000711900000|100%| E|CS|TAMS 0x0000000711800000, 0x0000000711800000| Complete 
| 199|0x0000000711900000, 0x0000000711a00000, 0x0000000711a00000|100%| E|CS|TAMS 0x0000000711900000, 0x0000000711900000| Complete 
| 200|0x0000000711a00000, 0x0000000711b00000, 0x0000000711b00000|100%| E|CS|TAMS 0x0000000711a00000, 0x0000000711a00000| Complete 
| 201|0x0000000711b00000, 0x0000000711c00000, 0x0000000711c00000|100%| E|CS|TAMS 0x0000000711b00000, 0x0000000711b00000| Complete 
| 202|0x0000000711c00000, 0x0000000711d00000, 0x0000000711d00000|100%| E|CS|TAMS 0x0000000711c00000, 0x0000000711c00000| Complete 
| 203|0x0000000711d00000, 0x0000000711e00000, 0x0000000711e00000|100%| E|CS|TAMS 0x0000000711d00000, 0x0000000711d00000| Complete 
| 204|0x0000000711e00000, 0x0000000711f00000, 0x0000000711f00000|100%| E|CS|TAMS 0x0000000711e00000, 0x0000000711e00000| Complete 
| 205|0x0000000711f00000, 0x0000000712000000, 0x0000000712000000|100%| E|CS|TAMS 0x0000000711f00000, 0x0000000711f00000| Complete 
| 206|0x0000000712000000, 0x0000000712100000, 0x0000000712100000|100%| E|CS|TAMS 0x0000000712000000, 0x0000000712000000| Complete 
| 207|0x0000000712100000, 0x0000000712200000, 0x0000000712200000|100%| E|CS|TAMS 0x0000000712100000, 0x0000000712100000| Complete 
| 208|0x0000000712200000, 0x0000000712300000, 0x0000000712300000|100%| E|CS|TAMS 0x0000000712200000, 0x0000000712200000| Complete 
| 209|0x0000000712300000, 0x0000000712400000, 0x0000000712400000|100%| E|CS|TAMS 0x0000000712300000, 0x0000000712300000| Complete 
| 210|0x0000000712400000, 0x0000000712500000, 0x0000000712500000|100%| E|CS|TAMS 0x0000000712400000, 0x0000000712400000| Complete 
| 211|0x0000000712500000, 0x0000000712600000, 0x0000000712600000|100%| E|CS|TAMS 0x0000000712500000, 0x0000000712500000| Complete 
| 212|0x0000000712600000, 0x0000000712700000, 0x0000000712700000|100%| E|CS|TAMS 0x0000000712600000, 0x0000000712600000| Complete 
| 213|0x0000000712700000, 0x0000000712800000, 0x0000000712800000|100%| E|CS|TAMS 0x0000000712700000, 0x0000000712700000| Complete 
| 214|0x0000000712800000, 0x0000000712900000, 0x0000000712900000|100%| E|CS|TAMS 0x0000000712800000, 0x0000000712800000| Complete 
| 215|0x0000000712900000, 0x0000000712a00000, 0x0000000712a00000|100%| E|CS|TAMS 0x0000000712900000, 0x0000000712900000| Complete 
| 216|0x0000000712a00000, 0x0000000712b00000, 0x0000000712b00000|100%| E|CS|TAMS 0x0000000712a00000, 0x0000000712a00000| Complete 
| 217|0x0000000712b00000, 0x0000000712c00000, 0x0000000712c00000|100%| E|CS|TAMS 0x0000000712b00000, 0x0000000712b00000| Complete 
| 218|0x0000000712c00000, 0x0000000712d00000, 0x0000000712d00000|100%| E|CS|TAMS 0x0000000712c00000, 0x0000000712c00000| Complete 
| 219|0x0000000712d00000, 0x0000000712e00000, 0x0000000712e00000|100%| E|CS|TAMS 0x0000000712d00000, 0x0000000712d00000| Complete 
| 220|0x0000000712e00000, 0x0000000712f00000, 0x0000000712f00000|100%| E|CS|TAMS 0x0000000712e00000, 0x0000000712e00000| Complete 
| 221|0x0000000712f00000, 0x0000000713000000, 0x0000000713000000|100%| E|CS|TAMS 0x0000000712f00000, 0x0000000712f00000| Complete 
| 222|0x0000000713000000, 0x0000000713100000, 0x0000000713100000|100%| E|CS|TAMS 0x0000000713000000, 0x0000000713000000| Complete 
| 223|0x0000000713100000, 0x0000000713200000, 0x0000000713200000|100%| E|CS|TAMS 0x0000000713100000, 0x0000000713100000| Complete 
| 224|0x0000000713200000, 0x0000000713300000, 0x0000000713300000|100%| E|CS|TAMS 0x0000000713200000, 0x0000000713200000| Complete 
| 225|0x0000000713300000, 0x0000000713400000, 0x0000000713400000|100%| E|CS|TAMS 0x0000000713300000, 0x0000000713300000| Complete 
| 226|0x0000000713400000, 0x0000000713500000, 0x0000000713500000|100%| E|CS|TAMS 0x0000000713400000, 0x0000000713400000| Complete 
| 227|0x0000000713500000, 0x0000000713600000, 0x0000000713600000|100%| E|CS|TAMS 0x0000000713500000, 0x0000000713500000| Complete 
| 228|0x0000000713600000, 0x0000000713700000, 0x0000000713700000|100%| E|CS|TAMS 0x0000000713600000, 0x0000000713600000| Complete 
| 229|0x0000000713700000, 0x00000007137f4010, 0x0000000713800000| 95%| S|CS|TAMS 0x0000000713700000, 0x0000000713700000| Complete 
| 230|0x0000000713800000, 0x0000000713900000, 0x0000000713900000|100%| E|CS|TAMS 0x0000000713800000, 0x0000000713800000| Complete 
| 231|0x0000000713900000, 0x0000000713a00000, 0x0000000713a00000|100%| E|CS|TAMS 0x0000000713900000, 0x0000000713900000| Complete 
| 232|0x0000000713a00000, 0x0000000713b00000, 0x0000000713b00000|100%| E|CS|TAMS 0x0000000713a00000, 0x0000000713a00000| Complete 
| 233|0x0000000713b00000, 0x0000000713c00000, 0x0000000713c00000|100%| E|CS|TAMS 0x0000000713b00000, 0x0000000713b00000| Complete 
| 234|0x0000000713c00000, 0x0000000713d00000, 0x0000000713d00000|100%| E|CS|TAMS 0x0000000713c00000, 0x0000000713c00000| Complete 
| 235|0x0000000713d00000, 0x0000000713e00000, 0x0000000713e00000|100%| E|CS|TAMS 0x0000000713d00000, 0x0000000713d00000| Complete 
| 236|0x0000000713e00000, 0x0000000713f00000, 0x0000000713f00000|100%| E|CS|TAMS 0x0000000713e00000, 0x0000000713e00000| Complete 
| 237|0x0000000713f00000, 0x0000000714000000, 0x0000000714000000|100%| E|CS|TAMS 0x0000000713f00000, 0x0000000713f00000| Complete 
| 238|0x0000000714000000, 0x0000000714100000, 0x0000000714100000|100%| E|CS|TAMS 0x0000000714000000, 0x0000000714000000| Complete 
| 239|0x0000000714100000, 0x0000000714200000, 0x0000000714200000|100%| E|CS|TAMS 0x0000000714100000, 0x0000000714100000| Complete 
| 240|0x0000000714200000, 0x0000000714300000, 0x0000000714300000|100%| E|CS|TAMS 0x0000000714200000, 0x0000000714200000| Complete 
| 241|0x0000000714300000, 0x0000000714400000, 0x0000000714400000|100%| E|CS|TAMS 0x0000000714300000, 0x0000000714300000| Complete 
| 242|0x0000000714400000, 0x0000000714500000, 0x0000000714500000|100%| E|CS|TAMS 0x0000000714400000, 0x0000000714400000| Complete 
| 243|0x0000000714500000, 0x0000000714600000, 0x0000000714600000|100%| E|CS|TAMS 0x0000000714500000, 0x0000000714500000| Complete 
| 244|0x0000000714600000, 0x0000000714700000, 0x0000000714700000|100%| E|CS|TAMS 0x0000000714600000, 0x0000000714600000| Complete 
| 245|0x0000000714700000, 0x0000000714800000, 0x0000000714800000|100%| E|CS|TAMS 0x0000000714700000, 0x0000000714700000| Complete 
| 246|0x0000000714800000, 0x0000000714900000, 0x0000000714900000|100%| E|CS|TAMS 0x0000000714800000, 0x0000000714800000| Complete 
| 247|0x0000000714900000, 0x0000000714a00000, 0x0000000714a00000|100%| E|CS|TAMS 0x0000000714900000, 0x0000000714900000| Complete 
| 248|0x0000000714a00000, 0x0000000714b00000, 0x0000000714b00000|100%| E|CS|TAMS 0x0000000714a00000, 0x0000000714a00000| Complete 
| 249|0x0000000714b00000, 0x0000000714c00000, 0x0000000714c00000|100%| E|CS|TAMS 0x0000000714b00000, 0x0000000714b00000| Complete 
| 250|0x0000000714c00000, 0x0000000714d00000, 0x0000000714d00000|100%| E|CS|TAMS 0x0000000714c00000, 0x0000000714c00000| Complete 
| 251|0x0000000714d00000, 0x0000000714e00000, 0x0000000714e00000|100%| E|CS|TAMS 0x0000000714d00000, 0x0000000714d00000| Complete 

Card table byte_map: [0x00007f6446d4f000,0x00007f6447526000] _byte_map_base: 0x00007f6443526000

Marking Bits (Prev, Next): (CMBitMap*) 0x00007f646408d158, (CMBitMap*) 0x00007f646408d190
 Prev Bits: [0x00007f64426c0000, 0x00007f6446578000)
 Next Bits: [0x00007f643e808000, 0x00007f64426c0000)

Polling page: 0x00007f646b9f7000

Metaspace:

Usage:
  Non-class:     28,07 MB capacity,    27,64 MB ( 98%) used,   362,02 KB (  1%) free+waste,    84,69 KB ( <1%) overhead. 
      Class:      3,99 MB capacity,     3,66 MB ( 92%) used,   293,34 KB (  7%) free+waste,    40,50 KB ( <1%) overhead. 
       Both:     32,06 MB capacity,    31,30 MB ( 98%) used,   655,36 KB (  2%) free+waste,   125,19 KB ( <1%) overhead. 

Virtual space:
  Non-class space:       30,00 MB reserved,      28,25 MB ( 94%) committed 
      Class space:        1,00 GB reserved,       4,12 MB ( <1%) committed 
             Both:        1,03 GB reserved,      32,37 MB (  3%) committed 

Chunk freelists:
   Non-Class:  7,50 KB
       Class:  1,88 KB
        Both:  9,38 KB

CodeHeap 'non-profiled nmethods': size=120032Kb used=1055Kb max_used=1055Kb free=118976Kb
 bounds [0x00007f64544ed000, 0x00007f645475d000, 0x00007f645ba25000]
CodeHeap 'profiled nmethods': size=120028Kb used=5724Kb max_used=5724Kb free=114303Kb
 bounds [0x00007f644cfb6000, 0x00007f644d556000, 0x00007f64544ed000]
CodeHeap 'non-nmethods': size=5700Kb used=1140Kb max_used=1166Kb free=4559Kb
 bounds [0x00007f644ca25000, 0x00007f644cc95000, 0x00007f644cfb6000]
 total_blobs=3683 nmethods=2641 adapters=390
 compilation: enabled
              stopped_count=0, restarted_count=0
 full_count=0

Compilation events (10 events):
Event: 1,839 Thread 0x00007f6464297800 2646       3       java.lang.Throwable::<init> (39 bytes)
Event: 1,839 Thread 0x00007f6464297800 nmethod 2646 0x00007f644d54b290 code [0x00007f644d54b480, 0x00007f644d54b928]
Event: 1,839 Thread 0x00007f6464297800 2647       3       java.lang.ReflectiveOperationException::<init> (7 bytes)
Event: 1,839 Thread 0x00007f6464297800 nmethod 2647 0x00007f644d54ba10 code [0x00007f644d54bbe0, 0x00007f644d54bdc8]
Event: 1,839 Thread 0x00007f6464297800 2648       3       java.lang.ClassNotFoundException::<init> (7 bytes)
Event: 1,839 Thread 0x00007f6464297800 nmethod 2648 0x00007f644d54be90 code [0x00007f644d54c060, 0x00007f644d54c2a8]
Event: 1,842 Thread 0x00007f6464297800 2649       3       java.lang.String::contains (19 bytes)
Event: 1,842 Thread 0x00007f6464297800 nmethod 2649 0x00007f644d54c390 code [0x00007f644d54c560, 0x00007f644d54c818]
Event: 1,843 Thread 0x00007f6464297800 2650       3       java.util.concurrent.ConcurrentHashMap::<init> (73 bytes)
Event: 1,844 Thread 0x00007f6464297800 nmethod 2650 0x00007f644d54c910 code [0x00007f644d54cb40, 0x00007f644d54d118]

GC Heap History (6 events):
Event: 0,585 GC heap before
{Heap before GC invocations=0 (full 0):
 garbage-first heap   total 258048K, used 23552K [0x0000000705200000, 0x0000000800000000)
  region size 1024K, 24 young (24576K), 0 survivors (0K)
 Metaspace       used 11450K, capacity 11610K, committed 12032K, reserved 1060864K
  class space    used 1108K, capacity 1166K, committed 1280K, reserved 1048576K
}
Event: 0,596 GC heap after
{Heap after GC invocations=1 (full 0):
 garbage-first heap   total 258048K, used 6756K [0x0000000705200000, 0x0000000800000000)
  region size 1024K, 3 young (3072K), 3 survivors (3072K)
 Metaspace       used 11450K, capacity 11610K, committed 12032K, reserved 1060864K
  class space    used 1108K, capacity 1166K, committed 1280K, reserved 1048576K
}
Event: 1,094 GC heap before
{Heap before GC invocations=1 (full 0):
 garbage-first heap   total 258048K, used 70244K [0x0000000705200000, 0x0000000800000000)
  region size 1024K, 66 young (67584K), 3 survivors (3072K)
 Metaspace       used 20697K, capacity 21115K, committed 21248K, reserved 1069056K
  class space    used 2376K, capacity 2555K, committed 2560K, reserved 1048576K
}
Event: 1,105 GC heap after
{Heap after GC invocations=2 (full 0):
 garbage-first heap   total 258048K, used 9185K [0x0000000705200000, 0x0000000800000000)
  region size 1024K, 6 young (6144K), 6 survivors (6144K)
 Metaspace       used 20697K, capacity 21115K, committed 21248K, reserved 1069056K
  class space    used 2376K, capacity 2555K, committed 2560K, reserved 1048576K
}
Event: 1,237 GC heap before
{Heap before GC invocations=3 (full 0):
 garbage-first heap   total 258048K, used 31713K [0x0000000705200000, 0x0000000800000000)
  region size 1024K, 28 young (28672K), 6 survivors (6144K)
 Metaspace       used 24370K, capacity 24819K, committed 25084K, reserved 1071104K
  class space    used 2782K, capacity 2958K, committed 3068K, reserved 1048576K
}
Event: 1,245 GC heap after
{Heap after GC invocations=4 (full 0):
 garbage-first heap   total 258048K, used 9891K [0x0000000705200000, 0x0000000800000000)
  region size 1024K, 1 young (1024K), 1 survivors (1024K)
 Metaspace       used 24370K, capacity 24819K, committed 25084K, reserved 1071104K
  class space    used 2782K, capacity 2958K, committed 3068K, reserved 1048576K
}

Deoptimization events (10 events):
Event: 1,224 Thread 0x00007f6464016800 Uncommon trap: reason=bimorphic_or_optimized_type_check action=maybe_recompile pc=0x00007f645457dd4c method=java.util.HashMap.putVal(ILjava/lang/Object;Ljava/lang/Object;ZZ)Ljava/lang/Object; @ 253 c2
Event: 1,297 Thread 0x00007f6464c4a000 Uncommon trap: reason=unstable_if action=reinterpret pc=0x00007f64545639c8 method=jdk.internal.org.objectweb.asm.Type.getArgumentsAndReturnSizes(Ljava/lang/String;)I @ 47 c2
Event: 1,331 Thread 0x00007f6464c4a000 Uncommon trap: reason=unstable_if action=reinterpret pc=0x00007f64545615b8 method=java.nio.Buffer.position(I)Ljava/nio/Buffer; @ 45 c2
Event: 1,463 Thread 0x00007f6464c4a000 Uncommon trap: reason=unstable_if action=reinterpret pc=0x00007f64545b3d18 method=com.sun.org.apache.xerces.internal.impl.XMLEntityScanner.checkBeforeLoad(Lcom/sun/xml/internal/stream/Entity$ScannedEntity;II)I @ 18 c2
Event: 1,492 Thread 0x00007f6464c4a000 Uncommon trap: reason=unstable_if action=reinterpret pc=0x00007f64545b9efc method=com.sun.org.apache.xerces.internal.impl.XMLEntityScanner.skipSpaces()Z @ 125 c2
Event: 1,552 Thread 0x00007f6464016800 Uncommon trap: reason=unstable_if action=reinterpret pc=0x00007f645454b9f8 method=org.springframework.util.ConcurrentReferenceHashMap$Segment.clear()V @ 4 c2
Event: 1,667 Thread 0x00007f6464016800 Uncommon trap: reason=unstable_if action=reinterpret pc=0x00007f645454215c method=java.lang.StringBuilder.toString()Ljava/lang/String; @ 4 c2
Event: 1,687 Thread 0x00007f6464016800 Uncommon trap: reason=unstable_if action=reinterpret pc=0x00007f6454578f88 method=org.springframework.boot.context.properties.source.ConfigurationPropertyName$ElementsParser.updateType(Lorg/springframework/boot/context/properties/source/ConfigurationPrope
Event: 1,721 Thread 0x00007f6464016800 Uncommon trap: reason=unstable_if action=reinterpret pc=0x00007f64545815fc method=java.net.URL.<init>(Ljava/net/URL;Ljava/lang/String;Ljava/net/URLStreamHandler;)V @ 347 c2
Event: 1,771 Thread 0x00007f6464016800 Uncommon trap: reason=unstable_if action=reinterpret pc=0x00007f645450b7ec method=java.util.zip.ZipFile$Source.getEntryPos([BZ)I @ 156 c2

Classes redefined (0 events):
No events

Internal exceptions (10 events):
Event: 1,766 Thread 0x00007f6464016800 Exception <a 'java/lang/ClassNotFoundException'{0x0000000712125aa0}: org/springframework/beans/factory/support/BeanDefinitionRegistryPostProcessorCustomizer> (0x0000000712125aa0) thrown at [/scratch/opt/mach5/mesos/work_dir/slaves/2dd962d0-8988-479b-a804-
Event: 1,767 Thread 0x00007f6464016800 Exception <a 'java/lang/ClassNotFoundException'{0x0000000712138418}: org/springframework/beans/factory/config/BeanFactoryPostProcessorCustomizer> (0x0000000712138418) thrown at [/scratch/opt/mach5/mesos/work_dir/slaves/2dd962d0-8988-479b-a804-57ab764ada59
Event: 1,767 Thread 0x00007f6464016800 Exception <a 'java/lang/ClassNotFoundException'{0x0000000712146ba8}: org/springframework/core/PriorityOrderedCustomizer> (0x0000000712146ba8) thrown at [/scratch/opt/mach5/mesos/work_dir/slaves/2dd962d0-8988-479b-a804-57ab764ada59-S1222/frameworks/1735e8a
Event: 1,767 Thread 0x00007f6464016800 Exception <a 'java/lang/ClassNotFoundException'{0x00000007121534f8}: org/springframework/core/OrderedCustomizer> (0x00000007121534f8) thrown at [/scratch/opt/mach5/mesos/work_dir/slaves/2dd962d0-8988-479b-a804-57ab764ada59-S1222/frameworks/1735e8a2-a1db-4
Event: 1,767 Thread 0x00007f6464016800 Exception <a 'java/lang/ClassNotFoundException'{0x00000007121627b0}: org/springframework/context/ResourceLoaderAwareCustomizer> (0x00000007121627b0) thrown at [/scratch/opt/mach5/mesos/work_dir/slaves/2dd962d0-8988-479b-a804-57ab764ada59-S1222/frameworks/
Event: 1,767 Thread 0x00007f6464016800 Exception <a 'java/lang/ClassNotFoundException'{0x0000000712170990}: org/springframework/beans/factory/AwareCustomizer> (0x0000000712170990) thrown at [/scratch/opt/mach5/mesos/work_dir/slaves/2dd962d0-8988-479b-a804-57ab764ada59-S1222/frameworks/1735e8a2
Event: 1,768 Thread 0x00007f6464016800 Exception <a 'java/lang/ClassNotFoundException'{0x0000000712180290}: org/springframework/beans/factory/BeanClassLoaderAwareCustomizer> (0x0000000712180290) thrown at [/scratch/opt/mach5/mesos/work_dir/slaves/2dd962d0-8988-479b-a804-57ab764ada59-S1222/fram
Event: 1,768 Thread 0x00007f6464016800 Exception <a 'java/lang/ClassNotFoundException'{0x000000071218e740}: org/springframework/beans/factory/AwareCustomizer> (0x000000071218e740) thrown at [/scratch/opt/mach5/mesos/work_dir/slaves/2dd962d0-8988-479b-a804-57ab764ada59-S1222/frameworks/1735e8a2
Event: 1,768 Thread 0x00007f6464016800 Exception <a 'java/lang/ClassNotFoundException'{0x000000071219cd20}: org/springframework/context/EnvironmentAwareCustomizer> (0x000000071219cd20) thrown at [/scratch/opt/mach5/mesos/work_dir/slaves/2dd962d0-8988-479b-a804-57ab764ada59-S1222/frameworks/173
Event: 1,768 Thread 0x00007f6464016800 Exception <a 'java/lang/ClassNotFoundException'{0x00000007121aaed0}: org/springframework/beans/factory/AwareCustomizer> (0x00000007121aaed0) thrown at [/scratch/opt/mach5/mesos/work_dir/slaves/2dd962d0-8988-479b-a804-57ab764ada59-S1222/frameworks/1735e8a2

Events (10 events):
Event: 1,845 loading class org/springframework/web/WebApplicationInitializer
Event: 1,845 loading class org/springframework/web/WebApplicationInitializer done
Event: 1,845 loading class org/eclipse/jetty/server/Server
Event: 1,845 loading class org/eclipse/jetty/server/Server done
Event: 1,845 loading class reactor/core/publisher/Flux
Event: 1,845 loading class reactor/core/publisher/Flux done
Event: 1,845 loading class io/micrometer/core/instrument/binder/tomcat/TomcatMetrics
Event: 1,845 loading class io/micrometer/core/instrument/binder/tomcat/TomcatMetrics done
Event: 1,845 loading class org/springframework/security/authentication/ReactiveAuthenticationManager
Event: 1,845 loading class org/springframework/security/authentication/ReactiveAuthenticationManager done


Dynamic libraries:
00400000-00401000 r-xp 00000000 08:17 2501090                            /usr/lib/jvm/java-11-oracle/bin/java
00600000-00601000 r--p 00000000 08:17 2501090                            /usr/lib/jvm/java-11-oracle/bin/java
00601000-00602000 rw-p 00001000 08:17 2501090                            /usr/lib/jvm/java-11-oracle/bin/java
00c20000-00c41000 rw-p 00000000 00:00 0                                  [heap]
705200000-714e00000 rw-p 00000000 00:00 0 
714e00000-800000000 ---p 00000000 00:00 0 
800000000-80041f000 rw-p 00000000 00:00 0 
80041f000-840000000 ---p 00000000 00:00 0 
7f63cc000000-7f63cc021000 rw-p 00000000 00:00 0 
7f63cc021000-7f63d0000000 ---p 00000000 00:00 0 
7f63d0000000-7f63d1435000 rw-p 00000000 00:00 0 
7f63d1435000-7f63d4000000 ---p 00000000 00:00 0 
7f63d4000000-7f63d4026000 rw-p 00000000 00:00 0 
7f63d4026000-7f63d8000000 ---p 00000000 00:00 0 
7f63da3de000-7f63da41e000 rw-p 00000000 00:00 0 
7f63da41e000-7f63da5de000 ---p 00000000 00:00 0 
7f63da5de000-7f63dacf0000 rw-p 00000000 00:00 0 
7f63dacf0000-7f63dacf4000 ---p 00000000 00:00 0 
7f63dacf4000-7f63daff1000 rw-p 00000000 00:00 0 
7f63daff1000-7f63db1f1000 rw-p 00000000 00:00 0 
7f63db1f1000-7f63db3f1000 rw-p 00000000 00:00 0 
7f63db3f1000-7f63db3f2000 ---p 00000000 00:00 0 
7f63db3f2000-7f63db4f3000 rw-p 00000000 00:00 0 
7f63db4f3000-7f63db4f4000 ---p 00000000 00:00 0 
7f63db4f4000-7f63db7f5000 rw-p 00000000 00:00 0 
7f63db7f5000-7f63db9f5000 rw-p 00000000 00:00 0 
7f63db9f5000-7f63db9fa000 r-xp 00000000 08:17 2635681                    /usr/lib/jvm/java-11-oracle/lib/libmanagement_ext.so
7f63db9fa000-7f63dbbf9000 ---p 00005000 08:17 2635681                    /usr/lib/jvm/java-11-oracle/lib/libmanagement_ext.so
7f63dbbf9000-7f63dbbfa000 r--p 00004000 08:17 2635681                    /usr/lib/jvm/java-11-oracle/lib/libmanagement_ext.so
7f63dbbfa000-7f63dbbfb000 rw-p 00005000 08:17 2635681                    /usr/lib/jvm/java-11-oracle/lib/libmanagement_ext.so
7f63dbbfb000-7f63dbbff000 r-xp 00000000 08:17 2635679                    /usr/lib/jvm/java-11-oracle/lib/libmanagement.so
7f63dbbff000-7f63dbdfe000 ---p 00004000 08:17 2635679                    /usr/lib/jvm/java-11-oracle/lib/libmanagement.so
7f63dbdfe000-7f63dbdff000 r--p 00003000 08:17 2635679                    /usr/lib/jvm/java-11-oracle/lib/libmanagement.so
7f63dbdff000-7f63dbe00000 rw-p 00004000 08:17 2635679                    /usr/lib/jvm/java-11-oracle/lib/libmanagement.so
7f63dbe00000-7f63dc000000 rw-p 00000000 00:00 0 
7f63dc000000-7f63dc021000 rw-p 00000000 00:00 0 
7f63dc021000-7f63e0000000 ---p 00000000 00:00 0 
7f63e0000000-7f63e0021000 rw-p 00000000 00:00 0 
7f63e0021000-7f63e4000000 ---p 00000000 00:00 0 
7f63e4000000-7f63e4021000 rw-p 00000000 00:00 0 
7f63e4021000-7f63e8000000 ---p 00000000 00:00 0 
7f63e8000000-7f63e8021000 rw-p 00000000 00:00 0 
7f63e8021000-7f63ec000000 ---p 00000000 00:00 0 
7f63ec000000-7f63ec021000 rw-p 00000000 00:00 0 
7f63ec021000-7f63f0000000 ---p 00000000 00:00 0 
7f63f0000000-7f63f0021000 rw-p 00000000 00:00 0 
7f63f0021000-7f63f4000000 ---p 00000000 00:00 0 
7f63f4000000-7f63f4fd1000 rw-p 00000000 00:00 0 
7f63f4fd1000-7f63f8000000 ---p 00000000 00:00 0 
7f63f8000000-7f63f8469000 rw-p 00000000 00:00 0 
7f63f8469000-7f63fc000000 ---p 00000000 00:00 0 
7f63fc000000-7f63fc021000 rw-p 00000000 00:00 0 
7f63fc021000-7f6400000000 ---p 00000000 00:00 0 
7f6400000000-7f6400021000 rw-p 00000000 00:00 0 
7f6400021000-7f6404000000 ---p 00000000 00:00 0 
7f6404000000-7f6404021000 rw-p 00000000 00:00 0 
7f6404021000-7f6408000000 ---p 00000000 00:00 0 
7f6408000000-7f6408021000 rw-p 00000000 00:00 0 
7f6408021000-7f640c000000 ---p 00000000 00:00 0 
7f640c000000-7f640cf1a000 rw-p 00000000 00:00 0 
7f640cf1a000-7f6410000000 ---p 00000000 00:00 0 
7f6410000000-7f6410021000 rw-p 00000000 00:00 0 
7f6410021000-7f6414000000 ---p 00000000 00:00 0 
7f6414000000-7f6414021000 rw-p 00000000 00:00 0 
7f6414021000-7f6418000000 ---p 00000000 00:00 0 
7f6418000000-7f6418ed4000 rw-p 00000000 00:00 0 
7f6418ed4000-7f641c000000 ---p 00000000 00:00 0 
7f641c000000-7f641c021000 rw-p 00000000 00:00 0 
7f641c021000-7f6420000000 ---p 00000000 00:00 0 
7f6420000000-7f6420021000 rw-p 00000000 00:00 0 
7f6420021000-7f6424000000 ---p 00000000 00:00 0 
7f6424000000-7f6424021000 rw-p 00000000 00:00 0 
7f6424021000-7f6428000000 ---p 00000000 00:00 0 
7f6428000000-7f6428037000 rw-p 00000000 00:00 0 
7f6428037000-7f642c000000 ---p 00000000 00:00 0 
7f642c000000-7f642c021000 rw-p 00000000 00:00 0 
7f642c021000-7f6430000000 ---p 00000000 00:00 0 
7f6430000000-7f6430021000 rw-p 00000000 00:00 0 
7f6430021000-7f6434000000 ---p 00000000 00:00 0 
7f64340bc000-7f64340d3000 r-xp 00000000 08:17 2102813                    /lib/x86_64-linux-gnu/libresolv-2.27.so
7f64340d3000-7f64342d3000 ---p 00017000 08:17 2102813                    /lib/x86_64-linux-gnu/libresolv-2.27.so
7f64342d3000-7f64342d4000 r--p 00017000 08:17 2102813                    /lib/x86_64-linux-gnu/libresolv-2.27.so
7f64342d4000-7f64342d5000 rw-p 00018000 08:17 2102813                    /lib/x86_64-linux-gnu/libresolv-2.27.so
7f64342d5000-7f64342d7000 rw-p 00000000 00:00 0 
7f64342d7000-7f64342dc000 r-xp 00000000 08:17 2102762                    /lib/x86_64-linux-gnu/libnss_dns-2.27.so
7f64342dc000-7f64344dc000 ---p 00005000 08:17 2102762                    /lib/x86_64-linux-gnu/libnss_dns-2.27.so
7f64344dc000-7f64344dd000 r--p 00005000 08:17 2102762                    /lib/x86_64-linux-gnu/libnss_dns-2.27.so
7f64344dd000-7f64344de000 rw-p 00006000 08:17 2102762                    /lib/x86_64-linux-gnu/libnss_dns-2.27.so
7f64344de000-7f64344e0000 r-xp 00000000 08:17 2102770                    /lib/x86_64-linux-gnu/libnss_mdns4_minimal.so.2
7f64344e0000-7f64346df000 ---p 00002000 08:17 2102770                    /lib/x86_64-linux-gnu/libnss_mdns4_minimal.so.2
7f64346df000-7f64346e0000 r--p 00001000 08:17 2102770                    /lib/x86_64-linux-gnu/libnss_mdns4_minimal.so.2
7f64346e0000-7f64346e1000 rw-p 00002000 08:17 2102770                    /lib/x86_64-linux-gnu/libnss_mdns4_minimal.so.2
7f64346e1000-7f64346e5000 ---p 00000000 00:00 0 
7f64346e5000-7f64349e2000 rw-p 00000000 00:00 0 
7f64349e2000-7f64349e3000 ---p 00000000 00:00 0 
7f64349e3000-7f6434ae4000 rw-p 00000000 00:00 0 
7f6434ae4000-7f6434ae5000 ---p 00000000 00:00 0 
7f6434ae5000-7f6434be6000 rw-p 00000000 00:00 0 
7f6434be6000-7f6434be7000 ---p 00000000 00:00 0 
7f6434be7000-7f6434ce8000 rw-p 00000000 00:00 0 
7f6434ce8000-7f6434ce9000 ---p 00000000 00:00 0 
7f6434ce9000-7f6434dea000 rw-p 00000000 00:00 0 
7f6434dea000-7f6434deb000 ---p 00000000 00:00 0 
7f6434deb000-7f6434eec000 rw-p 00000000 00:00 0 
7f6434eec000-7f6434ef0000 ---p 00000000 00:00 0 
7f6434ef0000-7f64351ed000 rw-p 00000000 00:00 0 
7f64351ed000-7f64353ed000 rw-p 00000000 00:00 0 
7f64353ed000-7f64353f1000 ---p 00000000 00:00 0 
7f64353f1000-7f64354ee000 rw-p 00000000 00:00 0 
7f64354ee000-7f64354f0000 r-xp 00000000 08:17 2635664                    /usr/lib/jvm/java-11-oracle/lib/libextnet.so
7f64354f0000-7f64356ef000 ---p 00002000 08:17 2635664                    /usr/lib/jvm/java-11-oracle/lib/libextnet.so
7f64356ef000-7f64356f0000 r--p 00001000 08:17 2635664                    /usr/lib/jvm/java-11-oracle/lib/libextnet.so
7f64356f0000-7f64356f1000 rw-p 00002000 08:17 2635664                    /usr/lib/jvm/java-11-oracle/lib/libextnet.so
7f64356f1000-7f64356f2000 ---p 00000000 00:00 0 
7f64356f2000-7f64357f3000 rw-p 00000000 00:00 0 
7f64357f3000-7f64357f7000 ---p 00000000 00:00 0 
7f64357f7000-7f64358f4000 rw-p 00000000 00:00 0 
7f64358f4000-7f64358f8000 ---p 00000000 00:00 0 
7f64358f8000-7f64359f5000 rw-p 00000000 00:00 0 
7f64359f5000-7f6435a0b000 r-xp 00000000 08:17 2635683                    /usr/lib/jvm/java-11-oracle/lib/libnet.so
7f6435a0b000-7f6435c0b000 ---p 00016000 08:17 2635683                    /usr/lib/jvm/java-11-oracle/lib/libnet.so
7f6435c0b000-7f6435c0c000 r--p 00016000 08:17 2635683                    /usr/lib/jvm/java-11-oracle/lib/libnet.so
7f6435c0c000-7f6435c0d000 rw-p 00017000 08:17 2635683                    /usr/lib/jvm/java-11-oracle/lib/libnet.so
7f6435c0d000-7f6435c1d000 r-xp 00000000 08:17 2635684                    /usr/lib/jvm/java-11-oracle/lib/libnio.so
7f6435c1d000-7f6435e1c000 ---p 00010000 08:17 2635684                    /usr/lib/jvm/java-11-oracle/lib/libnio.so
7f6435e1c000-7f6435e1d000 r--p 0000f000 08:17 2635684                    /usr/lib/jvm/java-11-oracle/lib/libnio.so
7f6435e1d000-7f6435e1e000 rw-p 00010000 08:17 2635684                    /usr/lib/jvm/java-11-oracle/lib/libnio.so
7f6435e1e000-7f6435e22000 ---p 00000000 00:00 0 
7f6435e22000-7f6435f1f000 rw-p 00000000 00:00 0 
7f6435f1f000-7f6435f23000 ---p 00000000 00:00 0 
7f6435f23000-7f6436020000 rw-p 00000000 00:00 0 
7f6436020000-7f6436024000 ---p 00000000 00:00 0 
7f6436024000-7f6436121000 rw-p 00000000 00:00 0 
7f6436121000-7f6436125000 ---p 00000000 00:00 0 
7f6436125000-7f6436222000 rw-p 00000000 00:00 0 
7f6436222000-7f6436226000 ---p 00000000 00:00 0 
7f6436226000-7f6436323000 rw-p 00000000 00:00 0 
7f6436323000-7f6436cf2000 r--p 00000000 08:17 2497264                    /usr/lib/locale/locale-archive
7f6436cf2000-7f6436cf6000 ---p 00000000 00:00 0 
7f6436cf6000-7f6436df3000 rw-p 00000000 00:00 0 
7f6436df3000-7f6436df7000 ---p 00000000 00:00 0 
7f6436df7000-7f6436ef4000 rw-p 00000000 00:00 0 
7f6436ef4000-7f6436ef5000 ---p 00000000 00:00 0 
7f6436ef5000-7f64377f6000 rw-p 00000000 00:00 0 
7f64377f6000-7f64377f7000 ---p 00000000 00:00 0 
7f64377f7000-7f64378f8000 rw-p 00000000 00:00 0 
7f64378f8000-7f64378f9000 ---p 00000000 00:00 0 
7f64378f9000-7f6438000000 rw-p 00000000 00:00 0 
7f6438000000-7f6438021000 rw-p 00000000 00:00 0 
7f6438021000-7f643c000000 ---p 00000000 00:00 0 
7f643c0fd000-7f643e501000 rw-p 00000000 00:00 0 
7f643e501000-7f643e502000 ---p 00000000 00:00 0 
7f643e502000-7f643e603000 rw-p 00000000 00:00 0 
7f643e603000-7f643e604000 ---p 00000000 00:00 0 
7f643e604000-7f643ebf8000 rw-p 00000000 00:00 0 
7f643ebf8000-7f64426c0000 ---p 00000000 00:00 0 
7f64426c0000-7f6442ab0000 rw-p 00000000 00:00 0 
7f6442ab0000-7f6446578000 ---p 00000000 00:00 0 
7f6446578000-7f64465f6000 rw-p 00000000 00:00 0 
7f64465f6000-7f6446d4f000 ---p 00000000 00:00 0 
7f6446d4f000-7f6446dcd000 rw-p 00000000 00:00 0 
7f6446dcd000-7f6447526000 ---p 00000000 00:00 0 
7f6447526000-7f64475a4000 rw-p 00000000 00:00 0 
7f64475a4000-7f6447cfd000 ---p 00000000 00:00 0 
7f6447cfd000-7f6448000000 rw-p 00000000 00:00 0 
7f6448000000-7f6448021000 rw-p 00000000 00:00 0 
7f6448021000-7f644c000000 ---p 00000000 00:00 0 
7f644c046000-7f644c74d000 rw-p 00000000 00:00 0 
7f644c74d000-7f644c74e000 ---p 00000000 00:00 0 
7f644c74e000-7f644c854000 rw-p 00000000 00:00 0 
7f644c854000-7f644c93a000 ---p 00000000 00:00 0 
7f644c93a000-7f644c946000 rw-p 00000000 00:00 0 
7f644c946000-7f644ca25000 ---p 00000000 00:00 0 
7f644ca25000-7f644cc95000 rwxp 00000000 00:00 0 
7f644cc95000-7f644cfb6000 ---p 00000000 00:00 0 
7f644cfb6000-7f644d556000 rwxp 00000000 00:00 0 
7f644d556000-7f64544ed000 ---p 00000000 00:00 0 
7f64544ed000-7f645475d000 rwxp 00000000 00:00 0 
7f645475d000-7f645ba25000 ---p 00000000 00:00 0 
7f645ba25000-7f6463de3000 r--s 00000000 08:17 2635694                    /usr/lib/jvm/java-11-oracle/lib/modules
7f6463de3000-7f6463dfe000 r-xp 00000000 08:17 2635675                    /usr/lib/jvm/java-11-oracle/lib/libjimage.so
7f6463dfe000-7f6463ffd000 ---p 0001b000 08:17 2635675                    /usr/lib/jvm/java-11-oracle/lib/libjimage.so
7f6463ffd000-7f6463fff000 r--p 0001a000 08:17 2635675                    /usr/lib/jvm/java-11-oracle/lib/libjimage.so
7f6463fff000-7f6464000000 rw-p 0001c000 08:17 2635675                    /usr/lib/jvm/java-11-oracle/lib/libjimage.so
7f6464000000-7f6465208000 rw-p 00000000 00:00 0 
7f6465208000-7f6468000000 ---p 00000000 00:00 0 
7f64680a7000-7f64680cd000 r--p 00000000 08:17 2890895                    /usr/share/locale-langpack/de/LC_MESSAGES/libc.mo
7f64680cd000-7f64680d4000 r-xp 00000000 08:17 2635693                    /usr/lib/jvm/java-11-oracle/lib/libzip.so
7f64680d4000-7f64682d3000 ---p 00007000 08:17 2635693                    /usr/lib/jvm/java-11-oracle/lib/libzip.so
7f64682d3000-7f64682d4000 r--p 00006000 08:17 2635693                    /usr/lib/jvm/java-11-oracle/lib/libzip.so
7f64682d4000-7f64682d5000 rw-p 00007000 08:17 2635693                    /usr/lib/jvm/java-11-oracle/lib/libzip.so
7f64682d5000-7f64682e0000 r-xp 00000000 08:17 2102764                    /lib/x86_64-linux-gnu/libnss_files-2.27.so
7f64682e0000-7f64684df000 ---p 0000b000 08:17 2102764                    /lib/x86_64-linux-gnu/libnss_files-2.27.so
7f64684df000-7f64684e0000 r--p 0000a000 08:17 2102764                    /lib/x86_64-linux-gnu/libnss_files-2.27.so
7f64684e0000-7f64684e1000 rw-p 0000b000 08:17 2102764                    /lib/x86_64-linux-gnu/libnss_files-2.27.so
7f64684e1000-7f64684e7000 rw-p 00000000 00:00 0 
7f64684e7000-7f64684fe000 r-xp 00000000 08:17 2102758                    /lib/x86_64-linux-gnu/libnsl-2.27.so
7f64684fe000-7f64686fd000 ---p 00017000 08:17 2102758                    /lib/x86_64-linux-gnu/libnsl-2.27.so
7f64686fd000-7f64686fe000 r--p 00016000 08:17 2102758                    /lib/x86_64-linux-gnu/libnsl-2.27.so
7f64686fe000-7f64686ff000 rw-p 00017000 08:17 2102758                    /lib/x86_64-linux-gnu/libnsl-2.27.so
7f64686ff000-7f6468701000 rw-p 00000000 00:00 0 
7f6468701000-7f646870c000 r-xp 00000000 08:17 2102775                    /lib/x86_64-linux-gnu/libnss_nis-2.27.so
7f646870c000-7f646890b000 ---p 0000b000 08:17 2102775                    /lib/x86_64-linux-gnu/libnss_nis-2.27.so
7f646890b000-7f646890c000 r--p 0000a000 08:17 2102775                    /lib/x86_64-linux-gnu/libnss_nis-2.27.so
7f646890c000-7f646890d000 rw-p 0000b000 08:17 2102775                    /lib/x86_64-linux-gnu/libnss_nis-2.27.so
7f646890d000-7f6468915000 r-xp 00000000 08:17 2102760                    /lib/x86_64-linux-gnu/libnss_compat-2.27.so
7f6468915000-7f6468b15000 ---p 00008000 08:17 2102760                    /lib/x86_64-linux-gnu/libnss_compat-2.27.so
7f6468b15000-7f6468b16000 r--p 00008000 08:17 2102760                    /lib/x86_64-linux-gnu/libnss_compat-2.27.so
7f6468b16000-7f6468b17000 rw-p 00009000 08:17 2102760                    /lib/x86_64-linux-gnu/libnss_compat-2.27.so
7f6468b17000-7f6468b21000 r-xp 00000000 08:17 2635666                    /usr/lib/jvm/java-11-oracle/lib/libinstrument.so
7f6468b21000-7f6468d20000 ---p 0000a000 08:17 2635666                    /usr/lib/jvm/java-11-oracle/lib/libinstrument.so
7f6468d20000-7f6468d21000 r--p 00009000 08:17 2635666                    /usr/lib/jvm/java-11-oracle/lib/libinstrument.so
7f6468d21000-7f6468d22000 rw-p 0000a000 08:17 2635666                    /usr/lib/jvm/java-11-oracle/lib/libinstrument.so
7f6468d22000-7f6468d4b000 r-xp 00000000 08:17 2635671                    /usr/lib/jvm/java-11-oracle/lib/libjava.so
7f6468d4b000-7f6468f4b000 ---p 00029000 08:17 2635671                    /usr/lib/jvm/java-11-oracle/lib/libjava.so
7f6468f4b000-7f6468f4c000 r--p 00029000 08:17 2635671                    /usr/lib/jvm/java-11-oracle/lib/libjava.so
7f6468f4c000-7f6468f4e000 rw-p 0002a000 08:17 2635671                    /usr/lib/jvm/java-11-oracle/lib/libjava.so
7f6468f4e000-7f6468f5b000 r-xp 00000000 08:17 2635692                    /usr/lib/jvm/java-11-oracle/lib/libverify.so
7f6468f5b000-7f646915a000 ---p 0000d000 08:17 2635692                    /usr/lib/jvm/java-11-oracle/lib/libverify.so
7f646915a000-7f646915c000 r--p 0000c000 08:17 2635692                    /usr/lib/jvm/java-11-oracle/lib/libverify.so
7f646915c000-7f646915d000 rw-p 0000e000 08:17 2635692                    /usr/lib/jvm/java-11-oracle/lib/libverify.so
7f646915d000-7f6469164000 r-xp 00000000 08:17 2102815                    /lib/x86_64-linux-gnu/librt-2.27.so
7f6469164000-7f6469363000 ---p 00007000 08:17 2102815                    /lib/x86_64-linux-gnu/librt-2.27.so
7f6469363000-7f6469364000 r--p 00006000 08:17 2102815                    /lib/x86_64-linux-gnu/librt-2.27.so
7f6469364000-7f6469365000 rw-p 00007000 08:17 2102815                    /lib/x86_64-linux-gnu/librt-2.27.so
7f6469365000-7f6469502000 r-xp 00000000 08:17 2102737                    /lib/x86_64-linux-gnu/libm-2.27.so
7f6469502000-7f6469701000 ---p 0019d000 08:17 2102737                    /lib/x86_64-linux-gnu/libm-2.27.so
7f6469701000-7f6469702000 r--p 0019c000 08:17 2102737                    /lib/x86_64-linux-gnu/libm-2.27.so
7f6469702000-7f6469703000 rw-p 0019d000 08:17 2102737                    /lib/x86_64-linux-gnu/libm-2.27.so
7f6469703000-7f646a842000 r-xp 00000000 08:17 2762028                    /usr/lib/jvm/java-11-oracle/lib/server/libjvm.so
7f646a842000-7f646aa42000 ---p 0113f000 08:17 2762028                    /usr/lib/jvm/java-11-oracle/lib/server/libjvm.so
7f646aa42000-7f646ab01000 r--p 0113f000 08:17 2762028                    /usr/lib/jvm/java-11-oracle/lib/server/libjvm.so
7f646ab01000-7f646ab3a000 rw-p 011fe000 08:17 2762028                    /usr/lib/jvm/java-11-oracle/lib/server/libjvm.so
7f646ab3a000-7f646ab90000 rw-p 00000000 00:00 0 
7f646ab90000-7f646ad77000 r-xp 00000000 08:17 2102674                    /lib/x86_64-linux-gnu/libc-2.27.so
7f646ad77000-7f646af77000 ---p 001e7000 08:17 2102674                    /lib/x86_64-linux-gnu/libc-2.27.so
7f646af77000-7f646af7b000 r--p 001e7000 08:17 2102674                    /lib/x86_64-linux-gnu/libc-2.27.so
7f646af7b000-7f646af7d000 rw-p 001eb000 08:17 2102674                    /lib/x86_64-linux-gnu/libc-2.27.so
7f646af7d000-7f646af81000 rw-p 00000000 00:00 0 
7f646af81000-7f646af84000 r-xp 00000000 08:17 2102697                    /lib/x86_64-linux-gnu/libdl-2.27.so
7f646af84000-7f646b183000 ---p 00003000 08:17 2102697                    /lib/x86_64-linux-gnu/libdl-2.27.so
7f646b183000-7f646b184000 r--p 00002000 08:17 2102697                    /lib/x86_64-linux-gnu/libdl-2.27.so
7f646b184000-7f646b185000 rw-p 00003000 08:17 2102697                    /lib/x86_64-linux-gnu/libdl-2.27.so
7f646b185000-7f646b195000 r-xp 00000000 08:17 2635656                    /usr/lib/jvm/java-11-oracle/lib/jli/libjli.so
7f646b195000-7f646b394000 ---p 00010000 08:17 2635656                    /usr/lib/jvm/java-11-oracle/lib/jli/libjli.so
7f646b394000-7f646b395000 r--p 0000f000 08:17 2635656                    /usr/lib/jvm/java-11-oracle/lib/jli/libjli.so
7f646b395000-7f646b396000 rw-p 00010000 08:17 2635656                    /usr/lib/jvm/java-11-oracle/lib/jli/libjli.so
7f646b396000-7f646b3b0000 r-xp 00000000 08:17 2102807                    /lib/x86_64-linux-gnu/libpthread-2.27.so
7f646b3b0000-7f646b5af000 ---p 0001a000 08:17 2102807                    /lib/x86_64-linux-gnu/libpthread-2.27.so
7f646b5af000-7f646b5b0000 r--p 00019000 08:17 2102807                    /lib/x86_64-linux-gnu/libpthread-2.27.so
7f646b5b0000-7f646b5b1000 rw-p 0001a000 08:17 2102807                    /lib/x86_64-linux-gnu/libpthread-2.27.so
7f646b5b1000-7f646b5b5000 rw-p 00000000 00:00 0 
7f646b5b5000-7f646b5d1000 r-xp 00000000 08:17 2102846                    /lib/x86_64-linux-gnu/libz.so.1.2.11
7f646b5d1000-7f646b7d0000 ---p 0001c000 08:17 2102846                    /lib/x86_64-linux-gnu/libz.so.1.2.11
7f646b7d0000-7f646b7d1000 r--p 0001b000 08:17 2102846                    /lib/x86_64-linux-gnu/libz.so.1.2.11
7f646b7d1000-7f646b7d2000 rw-p 0001c000 08:17 2102846                    /lib/x86_64-linux-gnu/libz.so.1.2.11
7f646b7d2000-7f646b7f9000 r-xp 00000000 08:17 2102646                    /lib/x86_64-linux-gnu/ld-2.27.so
7f646b7fa000-7f646b801000 r--s 00000000 08:17 2756236                    /usr/lib/x86_64-linux-gnu/gconv/gconv-modules.cache
7f646b801000-7f646b8dd000 rw-p 00000000 00:00 0 
7f646b8dd000-7f646b8e1000 ---p 00000000 00:00 0 
7f646b8e1000-7f646b9e2000 rw-p 00000000 00:00 0 
7f646b9e3000-7f646b9e8000 rw-p 00000000 00:00 0 
7f646b9e8000-7f646b9ef000 ---p 00000000 00:00 0 
7f646b9ef000-7f646b9f7000 rw-s 00000000 08:17 2360604                    /tmp/hsperfdata_tobiasbe/9586
7f646b9f7000-7f646b9f8000 ---p 00000000 00:00 0 
7f646b9f8000-7f646b9f9000 r--p 00000000 00:00 0 
7f646b9f9000-7f646b9fa000 r--p 00027000 08:17 2102646                    /lib/x86_64-linux-gnu/ld-2.27.so
7f646b9fa000-7f646b9fb000 rw-p 00028000 08:17 2102646                    /lib/x86_64-linux-gnu/ld-2.27.so
7f646b9fb000-7f646b9fc000 rw-p 00000000 00:00 0 
7ffef3696000-7ffef36bb000 rw-p 00000000 00:00 0                          [stack]
7ffef37c3000-7ffef37c6000 r--p 00000000 00:00 0                          [vvar]
7ffef37c6000-7ffef37c8000 r-xp 00000000 00:00 0                          [vdso]
ffffffffff600000-ffffffffff601000 r-xp 00000000 00:00 0                  [vsyscall]


VM Arguments:
jvm_args: -javaagent:/snap/intellij-idea-community/157/lib/idea_rt.jar=37675:/snap/intellij-idea-community/157/bin -Dfile.encoding=UTF-8 
java_command: de.tobiasbecode.sfshop.apigateway.ApiGateway
java_class_path (initial): /home/tobiasbe/Dokumente/Programmierung/Projekte/spring5-shop/apigateway/target/classes:/home/tobiasbe/.m2/repository/org/springframework/cloud/spring-cloud-starter-netflix-zuul/2.1.0.RELEASE/spring-cloud-starter-netflix-zuul-2.1.0.RELEASE.jar:/home/tobiasbe/.m2/repository/org/springframework/cloud/spring-cloud-netflix-zuul/2.1.0.RELEASE/spring-cloud-netflix-zuul-2.1.0.RELEASE.jar:/home/tobiasbe/.m2/repository/org/apache/httpcomponents/httpclient/4.5.8/httpclient-4.5.8.jar:/home/tobiasbe/.m2/repository/org/apache/httpcomponents/httpcore/4.4.11/httpcore-4.4.11.jar:/home/tobiasbe/.m2/repository/com/netflix/netflix-commons/netflix-commons-util/0.3.0/netflix-commons-util-0.3.0.jar:/home/tobiasbe/.m2/repository/javax/inject/javax.inject/1/javax.inject-1.jar:/home/tobiasbe/.m2/repository/org/springframework/cloud/spring-cloud-starter/2.1.0.RELEASE/spring-cloud-starter-2.1.0.RELEASE.jar:/home/tobiasbe/.m2/repository/org/springframework/cloud/spring-cloud-context/2.1.0.RELEASE/spring-cloud-context-2.1.0.RELEASE.jar:/home/tobiasbe/.m2/repository/org/springframework/security/spring-security-rsa/1.0.7.RELEASE/spring-security-rsa-1.0.7.RELEASE.jar:/home/tobiasbe/.m2/repository/org/bouncycastle/bcpkix-jdk15on/1.60/bcpkix-jdk15on-1.60.jar:/home/tobiasbe/.m2/repository/org/bouncycastle/bcprov-jdk15on/1.60/bcprov-jdk15on-1.60.jar:/home/tobiasbe/.m2/repository/org/springframework/boot/spring-boot-starter-actuator/2.1.5.RELEASE/spring-boot-starter-actuator-2.1.5.RELEASE.jar:/home/tobiasbe/.m2/repository/org/springframework/boot/spring-boot-actuator-autoconfigure/2.1.5.RELEASE/spring-boot-actuator-autoconfigure-2.1.5.RELEASE.jar:/home/tobiasbe/.m2/repository/org/springframework/boot/spring-boot-actuator/2.1.5.RELEASE/spring-boot-actuator-2.1.5.RELEASE.jar:/home/tobiasbe/.m2/repository/io/micrometer/micrometer-core/1.1.4/micrometer-core-1.1.4.jar:/home/tobiasbe/.m2/repository/org/hdrhistogram/HdrHistogram/2.1.9/HdrHistogram-2.1.9.jar:/home/tobiasbe/.m2/repo
Launcher Type: SUN_STANDARD

[Global flags]
     intx CICompilerCount                          = 4                                         {product} {ergonomic}
     uint ConcGCThreads                            = 3                                         {product} {ergonomic}
     uint G1ConcRefinementThreads                  = 10                                        {product} {ergonomic}
   size_t G1HeapRegionSize                         = 1048576                                   {product} {ergonomic}
    uintx GCDrainStackTargetSize                   = 64                                        {product} {ergonomic}
   size_t InitialHeapSize                          = 264241152                                 {product} {ergonomic}
   size_t MarkStackSize                            = 4194304                                   {product} {ergonomic}
   size_t MaxHeapSize                              = 4208984064                                {product} {ergonomic}
   size_t MaxNewSize                               = 2524971008                                {product} {ergonomic}
   size_t MinHeapDeltaBytes                        = 1048576                                   {product} {ergonomic}
    uintx NonNMethodCodeHeapSize                   = 5835340                                {pd product} {ergonomic}
    uintx NonProfiledCodeHeapSize                  = 122911450                              {pd product} {ergonomic}
    uintx ProfiledCodeHeapSize                     = 122911450                              {pd product} {ergonomic}
    uintx ReservedCodeCacheSize                    = 251658240                              {pd product} {ergonomic}
     bool SegmentedCodeCache                       = true                                      {product} {ergonomic}
     bool UseCompressedClassPointers               = true                                 {lp64_product} {ergonomic}
     bool UseCompressedOops                        = true                                 {lp64_product} {ergonomic}
     bool UseG1GC                                  = true                                      {product} {ergonomic}

Logging:
Log output configuration:
 #0: stdout all=warning uptime,level,tags
 #1: stderr all=off uptime,level,tags

Environment Variables:
JAVA_HOME=/usr/lib/jvm/java-11-oracle
PATH=/usr/local/sbin:/usr/local/bin:/usr/sbin:/usr/bin:/sbin:/bin:/usr/games:/usr/local/games:/snap/bin:/usr/lib/jvm/java-11-oracle/bin:/usr/lib/jvm/java-11-oracle/db/bin
USERNAME=tobiasbe
SHELL=/bin/bash
DISPLAY=:0

Signal Handlers:
SIGSEGV: [libjvm.so+0xe2adf0], sa_mask[0]=11111111011111111101111111111110, sa_flags=SA_RESTART|SA_SIGINFO
SIGBUS: [libjvm.so+0xe2adf0], sa_mask[0]=11111111011111111101111111111110, sa_flags=SA_RESTART|SA_SIGINFO
SIGFPE: [libjvm.so+0xe2adf0], sa_mask[0]=11111111011111111101111111111110, sa_flags=SA_RESTART|SA_SIGINFO
SIGPIPE: [libjvm.so+0xbff5b0], sa_mask[0]=11111111011111111101111111111110, sa_flags=SA_RESTART|SA_SIGINFO
SIGXFSZ: [libjvm.so+0xbff5b0], sa_mask[0]=11111111011111111101111111111110, sa_flags=SA_RESTART|SA_SIGINFO
SIGILL: [libjvm.so+0xe2adf0], sa_mask[0]=11111111011111111101111111111110, sa_flags=SA_RESTART|SA_SIGINFO
SIGUSR2: [libjvm.so+0xbff450], sa_mask[0]=00100000000000000000000000000000, sa_flags=SA_RESTART|SA_SIGINFO
SIGHUP: [libjvm.so+0xbff7b0], sa_mask[0]=11111111011111111101111111111110, sa_flags=SA_RESTART|SA_SIGINFO
SIGINT: [libjvm.so+0xbff7b0], sa_mask[0]=11111111011111111101111111111110, sa_flags=SA_RESTART|SA_SIGINFO
SIGTERM: [libjvm.so+0xbff7b0], sa_mask[0]=11111111011111111101111111111110, sa_flags=SA_RESTART|SA_SIGINFO
SIGQUIT: [libjvm.so+0xbff7b0], sa_mask[0]=11111111011111111101111111111110, sa_flags=SA_RESTART|SA_SIGINFO


---------------  S Y S T E M  ---------------

OS:DISTRIB_ID=Ubuntu
DISTRIB_RELEASE=18.04
DISTRIB_CODENAME=bionic
DISTRIB_DESCRIPTION="Ubuntu 18.04.2 LTS"
uname:Linux 4.18.0-24-generic #25~18.04.1-Ubuntu SMP Thu Jun 20 11:13:08 UTC 2019 x86_64
libc:glibc 2.27 NPTL 2.27 
rlimit: STACK 8192k, CORE 0k, NPROC 63789, NOFILE 1048576, AS infinity, DATA infinity, FSIZE infinity
load average:3,06 2,06 1,99

/proc/meminfo:
MemTotal:       16441292 kB
MemFree:          555908 kB
MemAvailable:    4887080 kB
Buffers:          664928 kB
Cached:          3833140 kB
SwapCached:            0 kB
Active:         12545652 kB
Inactive:        2334864 kB
Active(anon):   10330216 kB
Inactive(anon):   212704 kB
Active(file):    2215436 kB
Inactive(file):  2122160 kB
Unevictable:          48 kB
Mlocked:              48 kB
SwapTotal:       2097148 kB
SwapFree:        2097148 kB
Dirty:             14464 kB
Writeback:             0 kB
AnonPages:      10382016 kB
Mapped:          1393392 kB
Shmem:            217924 kB
Slab:             649228 kB
SReclaimable:     327400 kB
SUnreclaim:       321828 kB
KernelStack:       37312 kB
PageTables:       105336 kB
NFS_Unstable:          0 kB
Bounce:                0 kB
WritebackTmp:          0 kB
CommitLimit:    10317792 kB
Committed_AS:   22559992 kB
VmallocTotal:   34359738367 kB
VmallocUsed:           0 kB
VmallocChunk:          0 kB
HardwareCorrupted:     0 kB
AnonHugePages:         0 kB
ShmemHugePages:        0 kB
ShmemPmdMapped:        0 kB
CmaTotal:              0 kB
CmaFree:               0 kB
HugePages_Total:       0
HugePages_Free:        0
HugePages_Rsvd:        0
HugePages_Surp:        0
Hugepagesize:       2048 kB
Hugetlb:               0 kB
DirectMap4k:      562004 kB
DirectMap2M:    14069760 kB
DirectMap1G:     3145728 kB


/proc/sys/kernel/threads-max (system-wide limit on the number of threads):
127578


/proc/sys/vm/max_map_count (maximum number of memory map areas a process may have):
65530


/proc/sys/kernel/pid_max (system-wide limit on number of process identifiers):
32768



container (cgroup) information:
container_type: cgroupv1
cpu_cpuset_cpus: 0-11
cpu_memory_nodes: 0
active_processor_count: 12
cpu_quota: -1
cpu_period: 100000
cpu_shares: -1
memory_limit_in_bytes: -1
memory_and_swap_limit_in_bytes: -2
memory_soft_limit_in_bytes: -1
memory_usage_in_bytes: 11838128128
memory_max_usage_in_bytes: 12213592064


CPU:total 12 (initial active 12) (12 cores per cpu, 2 threads per core) family 23 model 1 stepping 1, cmov, cx8, fxsr, mmx, sse, sse2, sse3, ssse3, sse4.1, sse4.2, popcnt, avx, avx2, aes, clmul, mmxext, 3dnowpref, lzcnt, sse4a, ht, tsc, tscinvbit, tscinv, bmi1, bmi2, adx, sha, fma
CPU Model and flags from /proc/cpuinfo:
model name	: AMD Ryzen 5 1600 Six-Core Processor
flags		: fpu vme de pse tsc msr pae mce cx8 apic sep mtrr pge mca cmov pat pse36 clflush mmx fxsr sse sse2 ht syscall nx mmxext fxsr_opt pdpe1gb rdtscp lm constant_tsc rep_good nopl nonstop_tsc cpuid extd_apicid aperfmperf pni pclmulqdq monitor ssse3 fma cx16 sse4_1 sse4_2 movbe popcnt aes xsave avx f16c rdrand lahf_lm cmp_legacy svm extapic cr8_legacy abm sse4a misalignsse 3dnowprefetch osvw skinit wdt tce topoext perfctr_core perfctr_nb bpext perfctr_llc mwaitx cpb hw_pstate sme ssbd sev vmmcall fsgsbase bmi1 avx2 smep bmi2 rdseed adx smap clflushopt sha_ni xsaveopt xsavec xgetbv1 xsaves clzero irperf xsaveerptr arat npt lbrv svm_lock nrip_save tsc_scale vmcb_clean flushbyasid decodeassists pausefilter pfthreshold avic v_vmsave_vmload vgif overflow_recov succor smca

Memory: 4k page, physical 16441292k(555948k free), swap 2097148k(2097148k free)

vm_info: Java HotSpot(TM) 64-Bit Server VM (11.0.2+9-LTS) for linux-amd64 JRE (11.0.2+9-LTS), built on Jan 17 2019 21:22:50 by "mach5one" with gcc 7.3.0

END.
